2022-11-09 15:13:14,010 - Generate Text Features Begin...
2022-11-09 15:13:30,440 - Generate Text Features Finished...
2022-11-09 15:13:30,440 - Load Video Features Begin...
2022-11-09 15:13:30,933 - Load Video Features Finished...
2022-11-09 15:13:31,339 - Load Audio Features Begin...
2022-11-09 15:13:32,083 - Load Audio Features Finished...
2022-11-09 15:14:14,498 - ***** Test: Confusion Matrix *****
2022-11-09 15:14:14,504 - [[ 0  0  0  0  0  0  0  0  0  0  0  0 57  0  0  0  0  0  0  0]
 [ 0  0  0  0  0  0  0  0  0  0  0  0 43  0  0  0  0  0  0  0]
 [ 0  0  0  0  0  0  0  0  0  0  0  0 27  0  0  0  0  0  0  0]
 [ 0  0  0  0  0  0  0  0  0  0  0  0 25  0  0  0  0  0  0  0]
 [ 0  0  0  0  0  0  0  0  0  0  0  0 23  0  0  0  0  0  0  0]
 [ 0  0  0  0  0  0  0  0  0  0  0  0 12  0  0  0  0  0  0  0]
 [ 0  0  0  0  0  0  0  0  0  0  0  0 12  0  0  0  0  0  0  0]
 [ 0  0  0  0  0  0  0  0  0  0  0  0 10  0  0  0  0  0  0  0]
 [ 0  0  0  0  0  0  0  0  0  0  0  0 10  0  0  0  0  0  0  0]
 [ 0  0  0  0  0  0  0  0  0  0  0  0 10  0  0  0  0  0  0  0]
 [ 0  0  0  0  0  0  0  0  0  0  0  0 18  0  0  0  0  0  0  0]
 [ 0  0  0  0  0  0  0  0  0  0  0  0 19  0  0  0  0  0  0  0]
 [ 0  0  0  0  0  0  0  0  0  0  0  0 57  0  0  0  0  0  0  0]
 [ 0  0  0  0  0  0  0  0  0  0  0  0 25  0  0  0  0  0  0  0]
 [ 0  0  0  0  0  0  0  0  0  0  0  0 22  0  0  0  0  0  0  0]
 [ 0  0  0  0  0  0  0  0  0  0  0  0 21  0  0  0  0  0  0  0]
 [ 0  0  0  0  0  0  0  0  0  0  0  0 17  0  0  0  0  0  0  0]
 [ 0  0  0  0  0  0  0  0  0  0  0  0 15  0  0  0  0  0  0  0]
 [ 0  0  0  0  0  0  0  0  0  0  0  0 12  0  0  0  0  0  0  0]
 [ 0  0  0  0  0  0  0  0  0  0  0  0 10  0  0  0  0  0  0  0]]
2022-11-09 15:14:14,516 - ***** Evaluation results *****
2022-11-09 15:14:14,517 -   acc = 0.1281
2022-11-09 15:14:14,517 -   f1 = 0.0114
2022-11-09 15:14:14,517 -   prec = 0.0064
2022-11-09 15:14:14,517 -   rec = 0.05
2022-11-09 15:14:14,529 - ***** Epoch: 1: Eval results *****
2022-11-09 15:14:14,529 -   best_eval_score = 0.0114
2022-11-09 15:14:14,529 -   eval_score = 0.0114
2022-11-09 15:14:14,529 -   train_loss = 2.9163
2022-11-09 15:14:35,635 - ***** Test: Confusion Matrix *****
2022-11-09 15:14:35,635 - [[57  0  0  0  0  0  0  0  0  0  0  0  0  0  0  0  0  0  0  0]
 [43  0  0  0  0  0  0  0  0  0  0  0  0  0  0  0  0  0  0  0]
 [27  0  0  0  0  0  0  0  0  0  0  0  0  0  0  0  0  0  0  0]
 [25  0  0  0  0  0  0  0  0  0  0  0  0  0  0  0  0  0  0  0]
 [23  0  0  0  0  0  0  0  0  0  0  0  0  0  0  0  0  0  0  0]
 [12  0  0  0  0  0  0  0  0  0  0  0  0  0  0  0  0  0  0  0]
 [12  0  0  0  0  0  0  0  0  0  0  0  0  0  0  0  0  0  0  0]
 [10  0  0  0  0  0  0  0  0  0  0  0  0  0  0  0  0  0  0  0]
 [10  0  0  0  0  0  0  0  0  0  0  0  0  0  0  0  0  0  0  0]
 [10  0  0  0  0  0  0  0  0  0  0  0  0  0  0  0  0  0  0  0]
 [18  0  0  0  0  0  0  0  0  0  0  0  0  0  0  0  0  0  0  0]
 [19  0  0  0  0  0  0  0  0  0  0  0  0  0  0  0  0  0  0  0]
 [57  0  0  0  0  0  0  0  0  0  0  0  0  0  0  0  0  0  0  0]
 [25  0  0  0  0  0  0  0  0  0  0  0  0  0  0  0  0  0  0  0]
 [22  0  0  0  0  0  0  0  0  0  0  0  0  0  0  0  0  0  0  0]
 [21  0  0  0  0  0  0  0  0  0  0  0  0  0  0  0  0  0  0  0]
 [17  0  0  0  0  0  0  0  0  0  0  0  0  0  0  0  0  0  0  0]
 [15  0  0  0  0  0  0  0  0  0  0  0  0  0  0  0  0  0  0  0]
 [12  0  0  0  0  0  0  0  0  0  0  0  0  0  0  0  0  0  0  0]
 [10  0  0  0  0  0  0  0  0  0  0  0  0  0  0  0  0  0  0  0]]
2022-11-09 15:14:35,635 - ***** Evaluation results *****
2022-11-09 15:14:35,635 -   acc = 0.1281
2022-11-09 15:14:35,636 -   f1 = 0.0114
2022-11-09 15:14:35,636 -   prec = 0.0064
2022-11-09 15:14:35,636 -   rec = 0.05
2022-11-09 15:14:35,637 - EarlyStopping counter: 1 out of 4
2022-11-09 15:14:35,637 - ***** Epoch: 2: Eval results *****
2022-11-09 15:14:35,637 -   best_eval_score = 0.0114
2022-11-09 15:14:35,637 -   eval_score = 0.0114
2022-11-09 15:14:35,637 -   train_loss = 2.8789
