2022-11-09 14:27:13,886 - Generate Text Features Begin...
2022-11-09 14:27:31,144 - Generate Text Features Finished...
2022-11-09 14:27:31,145 - Load Video Features Begin...
2022-11-09 14:27:31,576 - Load Video Features Finished...
2022-11-09 14:27:31,981 - Load Audio Features Begin...
2022-11-09 14:27:32,756 - Load Audio Features Finished...
2022-11-09 14:28:20,361 - ***** Test: Confusion Matrix *****
2022-11-09 14:28:20,370 - [[57  0  0  0  0  0  0  0  0  0  0  0  0  0  0  0  0  0  0  0]
 [43  0  0  0  0  0  0  0  0  0  0  0  0  0  0  0  0  0  0  0]
 [27  0  0  0  0  0  0  0  0  0  0  0  0  0  0  0  0  0  0  0]
 [25  0  0  0  0  0  0  0  0  0  0  0  0  0  0  0  0  0  0  0]
 [23  0  0  0  0  0  0  0  0  0  0  0  0  0  0  0  0  0  0  0]
 [12  0  0  0  0  0  0  0  0  0  0  0  0  0  0  0  0  0  0  0]
 [12  0  0  0  0  0  0  0  0  0  0  0  0  0  0  0  0  0  0  0]
 [10  0  0  0  0  0  0  0  0  0  0  0  0  0  0  0  0  0  0  0]
 [10  0  0  0  0  0  0  0  0  0  0  0  0  0  0  0  0  0  0  0]
 [10  0  0  0  0  0  0  0  0  0  0  0  0  0  0  0  0  0  0  0]
 [18  0  0  0  0  0  0  0  0  0  0  0  0  0  0  0  0  0  0  0]
 [19  0  0  0  0  0  0  0  0  0  0  0  0  0  0  0  0  0  0  0]
 [57  0  0  0  0  0  0  0  0  0  0  0  0  0  0  0  0  0  0  0]
 [25  0  0  0  0  0  0  0  0  0  0  0  0  0  0  0  0  0  0  0]
 [22  0  0  0  0  0  0  0  0  0  0  0  0  0  0  0  0  0  0  0]
 [21  0  0  0  0  0  0  0  0  0  0  0  0  0  0  0  0  0  0  0]
 [17  0  0  0  0  0  0  0  0  0  0  0  0  0  0  0  0  0  0  0]
 [15  0  0  0  0  0  0  0  0  0  0  0  0  0  0  0  0  0  0  0]
 [12  0  0  0  0  0  0  0  0  0  0  0  0  0  0  0  0  0  0  0]
 [10  0  0  0  0  0  0  0  0  0  0  0  0  0  0  0  0  0  0  0]]
2022-11-09 14:28:20,382 - ***** Evaluation results *****
2022-11-09 14:28:20,383 -   acc = 0.1281
2022-11-09 14:28:20,383 -   f1 = 0.0114
2022-11-09 14:28:20,383 -   prec = 0.0064
2022-11-09 14:28:20,383 -   rec = 0.05
2022-11-09 14:28:20,393 - ***** Epoch: 1: Eval results *****
2022-11-09 14:28:20,393 -   best_eval_score = 0.0114
2022-11-09 14:28:20,393 -   eval_score = 0.0114
2022-11-09 14:28:20,393 -   train_loss = 2.9192
2022-11-09 14:28:41,132 - ***** Test: Confusion Matrix *****
2022-11-09 14:28:41,133 - [[ 0  0  0  0  0  0  0  0  0  0  0  0 57  0  0  0  0  0  0  0]
 [ 0  0  0  0  0  0  0  0  0  0  0  0 43  0  0  0  0  0  0  0]
 [ 0  0  0  0  0  0  0  0  0  0  0  0 27  0  0  0  0  0  0  0]
 [ 0  0  0  0  0  0  0  0  0  0  0  0 25  0  0  0  0  0  0  0]
 [ 0  0  0  0  0  0  0  0  0  0  0  0 23  0  0  0  0  0  0  0]
 [ 0  0  0  0  0  0  0  0  0  0  0  0 12  0  0  0  0  0  0  0]
 [ 0  0  0  0  0  0  0  0  0  0  0  0 12  0  0  0  0  0  0  0]
 [ 0  0  0  0  0  0  0  0  0  0  0  0 10  0  0  0  0  0  0  0]
 [ 0  0  0  0  0  0  0  0  0  0  0  0 10  0  0  0  0  0  0  0]
 [ 0  0  0  0  0  0  0  0  0  0  0  0 10  0  0  0  0  0  0  0]
 [ 0  0  0  0  0  0  0  0  0  0  0  0 18  0  0  0  0  0  0  0]
 [ 0  0  0  0  0  0  0  0  0  0  0  0 19  0  0  0  0  0  0  0]
 [ 0  0  0  0  0  0  0  0  0  0  0  0 57  0  0  0  0  0  0  0]
 [ 0  0  0  0  0  0  0  0  0  0  0  0 25  0  0  0  0  0  0  0]
 [ 0  0  0  0  0  0  0  0  0  0  0  0 22  0  0  0  0  0  0  0]
 [ 0  0  0  0  0  0  0  0  0  0  0  0 21  0  0  0  0  0  0  0]
 [ 0  0  0  0  0  0  0  0  0  0  0  0 17  0  0  0  0  0  0  0]
 [ 0  0  0  0  0  0  0  0  0  0  0  0 15  0  0  0  0  0  0  0]
 [ 0  0  0  0  0  0  0  0  0  0  0  0 12  0  0  0  0  0  0  0]
 [ 0  0  0  0  0  0  0  0  0  0  0  0 10  0  0  0  0  0  0  0]]
2022-11-09 14:28:41,133 - ***** Evaluation results *****
2022-11-09 14:28:41,133 -   acc = 0.1281
2022-11-09 14:28:41,133 -   f1 = 0.0114
2022-11-09 14:28:41,133 -   prec = 0.0064
2022-11-09 14:28:41,133 -   rec = 0.05
2022-11-09 14:28:41,134 - EarlyStopping counter: 1 out of 4
2022-11-09 14:28:41,134 - ***** Epoch: 2: Eval results *****
2022-11-09 14:28:41,134 -   best_eval_score = 0.0114
2022-11-09 14:28:41,134 -   eval_score = 0.0114
2022-11-09 14:28:41,134 -   train_loss = 2.8708
2022-11-09 14:29:01,785 - ***** Test: Confusion Matrix *****
2022-11-09 14:29:01,785 - [[ 0  0  0  0  0  0  0  0  0  0  0  0 57  0  0  0  0  0  0  0]
 [ 0  0  0  0  0  0  0  0  0  0  0  0 43  0  0  0  0  0  0  0]
 [ 0  0  0  0  0  0  0  0  0  0  0  0 27  0  0  0  0  0  0  0]
 [ 0  0  0  0  0  0  0  0  0  0  0  0 25  0  0  0  0  0  0  0]
 [ 0  0  0  0  0  0  0  0  0  0  0  0 23  0  0  0  0  0  0  0]
 [ 0  0  0  0  0  0  0  0  0  0  0  0 12  0  0  0  0  0  0  0]
 [ 0  0  0  0  0  0  0  0  0  0  0  0 12  0  0  0  0  0  0  0]
 [ 0  0  0  0  0  0  0  0  0  0  0  0 10  0  0  0  0  0  0  0]
 [ 0  0  0  0  0  0  0  0  0  0  0  0 10  0  0  0  0  0  0  0]
 [ 0  0  0  0  0  0  0  0  0  0  0  0 10  0  0  0  0  0  0  0]
 [ 0  0  0  0  0  0  0  0  0  0  0  0 18  0  0  0  0  0  0  0]
 [ 0  0  0  0  0  0  0  0  0  0  0  0 19  0  0  0  0  0  0  0]
 [ 0  0  0  0  0  0  0  0  0  0  0  0 57  0  0  0  0  0  0  0]
 [ 0  0  0  0  0  0  0  0  0  0  0  0 25  0  0  0  0  0  0  0]
 [ 0  0  0  0  0  0  0  0  0  0  0  0 22  0  0  0  0  0  0  0]
 [ 0  0  0  0  0  0  0  0  0  0  0  0 21  0  0  0  0  0  0  0]
 [ 0  0  0  0  0  0  0  0  0  0  0  0 17  0  0  0  0  0  0  0]
 [ 0  0  0  0  0  0  0  0  0  0  0  0 15  0  0  0  0  0  0  0]
 [ 0  0  0  0  0  0  0  0  0  0  0  0 12  0  0  0  0  0  0  0]
 [ 0  0  0  0  0  0  0  0  0  0  0  0 10  0  0  0  0  0  0  0]]
2022-11-09 14:29:01,785 - ***** Evaluation results *****
2022-11-09 14:29:01,785 -   acc = 0.1281
2022-11-09 14:29:01,785 -   f1 = 0.0114
2022-11-09 14:29:01,786 -   prec = 0.0064
2022-11-09 14:29:01,786 -   rec = 0.05
2022-11-09 14:29:01,786 - EarlyStopping counter: 2 out of 4
2022-11-09 14:29:01,786 - ***** Epoch: 3: Eval results *****
2022-11-09 14:29:01,786 -   best_eval_score = 0.0114
2022-11-09 14:29:01,786 -   eval_score = 0.0114
2022-11-09 14:29:01,786 -   train_loss = 2.8501
2022-11-09 14:29:22,330 - ***** Test: Confusion Matrix *****
2022-11-09 14:29:22,330 - [[ 0  0  0  0  0  0  0  0  0  0  0  0 57  0  0  0  0  0  0  0]
 [ 0  0  0  0  0  0  0  0  0  0  0  0 43  0  0  0  0  0  0  0]
 [ 0  0  0  0  0  0  0  0  0  0  0  0 27  0  0  0  0  0  0  0]
 [ 0  0  0  0  0  0  0  0  0  0  0  0 25  0  0  0  0  0  0  0]
 [ 0  0  0  0  0  0  0  0  0  0  0  0 23  0  0  0  0  0  0  0]
 [ 0  0  0  0  0  0  0  0  0  0  0  0 12  0  0  0  0  0  0  0]
 [ 0  0  0  0  0  0  0  0  0  0  0  0 12  0  0  0  0  0  0  0]
 [ 0  0  0  0  0  0  0  0  0  0  0  0 10  0  0  0  0  0  0  0]
 [ 0  0  0  0  0  0  0  0  0  0  0  0 10  0  0  0  0  0  0  0]
 [ 0  0  0  0  0  0  0  0  0  0  0  0 10  0  0  0  0  0  0  0]
 [ 0  0  0  0  0  0  0  0  0  0  0  0 18  0  0  0  0  0  0  0]
 [ 0  0  0  0  0  0  0  0  0  0  0  0 19  0  0  0  0  0  0  0]
 [ 0  0  0  0  0  0  0  0  0  0  0  0 57  0  0  0  0  0  0  0]
 [ 0  0  0  0  0  0  0  0  0  0  0  0 25  0  0  0  0  0  0  0]
 [ 0  0  0  0  0  0  0  0  0  0  0  0 22  0  0  0  0  0  0  0]
 [ 0  0  0  0  0  0  0  0  0  0  0  0 21  0  0  0  0  0  0  0]
 [ 0  0  0  0  0  0  0  0  0  0  0  0 17  0  0  0  0  0  0  0]
 [ 0  0  0  0  0  0  0  0  0  0  0  0 15  0  0  0  0  0  0  0]
 [ 0  0  0  0  0  0  0  0  0  0  0  0 12  0  0  0  0  0  0  0]
 [ 0  0  0  0  0  0  0  0  0  0  0  0 10  0  0  0  0  0  0  0]]
2022-11-09 14:29:22,330 - ***** Evaluation results *****
2022-11-09 14:29:22,330 -   acc = 0.1281
2022-11-09 14:29:22,330 -   f1 = 0.0114
2022-11-09 14:29:22,330 -   prec = 0.0064
2022-11-09 14:29:22,330 -   rec = 0.05
2022-11-09 14:29:22,330 - EarlyStopping counter: 3 out of 4
2022-11-09 14:29:22,330 - ***** Epoch: 4: Eval results *****
2022-11-09 14:29:22,330 -   best_eval_score = 0.0114
2022-11-09 14:29:22,330 -   eval_score = 0.0114
2022-11-09 14:29:22,330 -   train_loss = 2.846
2022-11-09 14:29:42,438 - ***** Test: Confusion Matrix *****
2022-11-09 14:29:42,438 - [[57  0  0  0  0  0  0  0  0  0  0  0  0  0  0  0  0  0  0  0]
 [43  0  0  0  0  0  0  0  0  0  0  0  0  0  0  0  0  0  0  0]
 [27  0  0  0  0  0  0  0  0  0  0  0  0  0  0  0  0  0  0  0]
 [25  0  0  0  0  0  0  0  0  0  0  0  0  0  0  0  0  0  0  0]
 [23  0  0  0  0  0  0  0  0  0  0  0  0  0  0  0  0  0  0  0]
 [12  0  0  0  0  0  0  0  0  0  0  0  0  0  0  0  0  0  0  0]
 [12  0  0  0  0  0  0  0  0  0  0  0  0  0  0  0  0  0  0  0]
 [10  0  0  0  0  0  0  0  0  0  0  0  0  0  0  0  0  0  0  0]
 [10  0  0  0  0  0  0  0  0  0  0  0  0  0  0  0  0  0  0  0]
 [10  0  0  0  0  0  0  0  0  0  0  0  0  0  0  0  0  0  0  0]
 [18  0  0  0  0  0  0  0  0  0  0  0  0  0  0  0  0  0  0  0]
 [19  0  0  0  0  0  0  0  0  0  0  0  0  0  0  0  0  0  0  0]
 [57  0  0  0  0  0  0  0  0  0  0  0  0  0  0  0  0  0  0  0]
 [25  0  0  0  0  0  0  0  0  0  0  0  0  0  0  0  0  0  0  0]
 [22  0  0  0  0  0  0  0  0  0  0  0  0  0  0  0  0  0  0  0]
 [21  0  0  0  0  0  0  0  0  0  0  0  0  0  0  0  0  0  0  0]
 [17  0  0  0  0  0  0  0  0  0  0  0  0  0  0  0  0  0  0  0]
 [15  0  0  0  0  0  0  0  0  0  0  0  0  0  0  0  0  0  0  0]
 [12  0  0  0  0  0  0  0  0  0  0  0  0  0  0  0  0  0  0  0]
 [10  0  0  0  0  0  0  0  0  0  0  0  0  0  0  0  0  0  0  0]]
2022-11-09 14:29:42,438 - ***** Evaluation results *****
2022-11-09 14:29:42,438 -   acc = 0.1281
2022-11-09 14:29:42,438 -   f1 = 0.0114
2022-11-09 14:29:42,438 -   prec = 0.0064
2022-11-09 14:29:42,438 -   rec = 0.05
2022-11-09 14:29:42,438 - EarlyStopping counter: 4 out of 4
2022-11-09 14:29:42,438 - ***** Epoch: 5: Eval results *****
2022-11-09 14:29:42,438 -   best_eval_score = 0.0114
2022-11-09 14:29:42,438 -   eval_score = 0.0114
2022-11-09 14:29:42,438 -   train_loss = 2.8365
2022-11-09 14:29:42,439 - EarlyStopping at epoch 5
