2022-11-09 14:43:28,470 - Generate Text Features Begin...
2022-11-09 14:43:45,579 - Generate Text Features Finished...
2022-11-09 14:43:45,579 - Load Video Features Begin...
2022-11-09 14:43:45,984 - Load Video Features Finished...
2022-11-09 14:43:46,391 - Load Audio Features Begin...
2022-11-09 14:43:47,160 - Load Audio Features Finished...
2022-11-09 14:46:43,509 - ***** Test: Confusion Matrix *****
2022-11-09 14:46:43,514 - [[ 0  0  0  0  0  0  0  0  0  0  0  0 57  0  0  0  0  0  0  0]
 [ 0  0  0  0  0  0  0  0  0  0  0  0 43  0  0  0  0  0  0  0]
 [ 0  0  0  0  0  0  0  0  0  0  0  0 27  0  0  0  0  0  0  0]
 [ 0  0  0  0  0  0  0  0  0  0  0  0 25  0  0  0  0  0  0  0]
 [ 0  0  0  0  0  0  0  0  0  0  0  0 23  0  0  0  0  0  0  0]
 [ 0  0  0  0  0  0  0  0  0  0  0  0 12  0  0  0  0  0  0  0]
 [ 0  0  0  0  0  0  0  0  0  0  0  0 12  0  0  0  0  0  0  0]
 [ 0  0  0  0  0  0  0  0  0  0  0  0 10  0  0  0  0  0  0  0]
 [ 0  0  0  0  0  0  0  0  0  0  0  0 10  0  0  0  0  0  0  0]
 [ 0  0  0  0  0  0  0  0  0  0  0  0 10  0  0  0  0  0  0  0]
 [ 0  0  0  0  0  0  0  0  0  0  0  0 18  0  0  0  0  0  0  0]
 [ 0  0  0  0  0  0  0  0  0  0  0  0 19  0  0  0  0  0  0  0]
 [ 0  0  0  0  0  0  0  0  0  0  0  0 57  0  0  0  0  0  0  0]
 [ 0  0  0  0  0  0  0  0  0  0  0  0 25  0  0  0  0  0  0  0]
 [ 0  0  0  0  0  0  0  0  0  0  0  0 22  0  0  0  0  0  0  0]
 [ 0  0  0  0  0  0  0  0  0  0  0  0 21  0  0  0  0  0  0  0]
 [ 0  0  0  0  0  0  0  0  0  0  0  0 17  0  0  0  0  0  0  0]
 [ 0  0  0  0  0  0  0  0  0  0  0  0 15  0  0  0  0  0  0  0]
 [ 0  0  0  0  0  0  0  0  0  0  0  0 12  0  0  0  0  0  0  0]
 [ 0  0  0  0  0  0  0  0  0  0  0  0 10  0  0  0  0  0  0  0]]
2022-11-09 14:46:43,525 - ***** Evaluation results *****
2022-11-09 14:46:43,526 -   acc = 0.1281
2022-11-09 14:46:43,526 -   f1 = 0.0114
2022-11-09 14:46:43,526 -   prec = 0.0064
2022-11-09 14:46:43,526 -   rec = 0.05
2022-11-09 14:46:43,532 - ***** Epoch: 1: Eval results *****
2022-11-09 14:46:43,532 -   best_eval_score = 0.0114
2022-11-09 14:46:43,532 -   eval_score = 0.0114
2022-11-09 14:46:43,532 -   train_loss = 2.9211
