2022-11-09 15:16:49,383 - Generate Text Features Begin...
2022-11-09 15:17:08,955 - Generate Text Features Finished...
2022-11-09 15:17:08,956 - Load Video Features Begin...
2022-11-09 15:17:09,202 - Load Video Features Finished...
2022-11-09 15:17:09,811 - Load Audio Features Begin...
2022-11-09 15:17:10,859 - Load Audio Features Finished...
2022-11-09 15:18:02,374 - ***** Test: Confusion Matrix *****
2022-11-09 15:18:02,374 - [[57  0  0  0  0  0  0  0  0  0  0  0  0  0  0  0  0  0  0  0]
 [43  0  0  0  0  0  0  0  0  0  0  0  0  0  0  0  0  0  0  0]
 [27  0  0  0  0  0  0  0  0  0  0  0  0  0  0  0  0  0  0  0]
 [25  0  0  0  0  0  0  0  0  0  0  0  0  0  0  0  0  0  0  0]
 [23  0  0  0  0  0  0  0  0  0  0  0  0  0  0  0  0  0  0  0]
 [12  0  0  0  0  0  0  0  0  0  0  0  0  0  0  0  0  0  0  0]
 [12  0  0  0  0  0  0  0  0  0  0  0  0  0  0  0  0  0  0  0]
 [10  0  0  0  0  0  0  0  0  0  0  0  0  0  0  0  0  0  0  0]
 [10  0  0  0  0  0  0  0  0  0  0  0  0  0  0  0  0  0  0  0]
 [10  0  0  0  0  0  0  0  0  0  0  0  0  0  0  0  0  0  0  0]
 [18  0  0  0  0  0  0  0  0  0  0  0  0  0  0  0  0  0  0  0]
 [19  0  0  0  0  0  0  0  0  0  0  0  0  0  0  0  0  0  0  0]
 [57  0  0  0  0  0  0  0  0  0  0  0  0  0  0  0  0  0  0  0]
 [25  0  0  0  0  0  0  0  0  0  0  0  0  0  0  0  0  0  0  0]
 [22  0  0  0  0  0  0  0  0  0  0  0  0  0  0  0  0  0  0  0]
 [21  0  0  0  0  0  0  0  0  0  0  0  0  0  0  0  0  0  0  0]
 [17  0  0  0  0  0  0  0  0  0  0  0  0  0  0  0  0  0  0  0]
 [15  0  0  0  0  0  0  0  0  0  0  0  0  0  0  0  0  0  0  0]
 [12  0  0  0  0  0  0  0  0  0  0  0  0  0  0  0  0  0  0  0]
 [10  0  0  0  0  0  0  0  0  0  0  0  0  0  0  0  0  0  0  0]]
2022-11-09 15:18:02,398 - ***** Evaluation results *****
2022-11-09 15:18:02,399 -   acc = 0.1281
2022-11-09 15:18:02,399 -   f1 = 0.0114
2022-11-09 15:18:02,399 -   prec = 0.0064
2022-11-09 15:18:02,400 -   rec = 0.05
2022-11-09 15:18:02,409 - ***** Epoch: 1: Eval results *****
2022-11-09 15:18:02,410 -   best_eval_score = 0.0114
2022-11-09 15:18:02,410 -   eval_score = 0.0114
2022-11-09 15:18:02,410 -   train_loss = 2.9066
2022-11-09 15:18:25,492 - ***** Test: Confusion Matrix *****
2022-11-09 15:18:25,493 - [[ 0  0  0  0  0  0  0  0  0  0  0  0 57  0  0  0  0  0  0  0]
 [ 0  0  0  0  0  0  0  0  0  0  0  0 43  0  0  0  0  0  0  0]
 [ 0  0  0  0  0  0  0  0  0  0  0  0 27  0  0  0  0  0  0  0]
 [ 0  0  0  0  0  0  0  0  0  0  0  0 25  0  0  0  0  0  0  0]
 [ 0  0  0  0  0  0  0  0  0  0  0  0 23  0  0  0  0  0  0  0]
 [ 0  0  0  0  0  0  0  0  0  0  0  0 12  0  0  0  0  0  0  0]
 [ 0  0  0  0  0  0  0  0  0  0  0  0 12  0  0  0  0  0  0  0]
 [ 0  0  0  0  0  0  0  0  0  0  0  0 10  0  0  0  0  0  0  0]
 [ 0  0  0  0  0  0  0  0  0  0  0  0 10  0  0  0  0  0  0  0]
 [ 0  0  0  0  0  0  0  0  0  0  0  0 10  0  0  0  0  0  0  0]
 [ 0  0  0  0  0  0  0  0  0  0  0  0 18  0  0  0  0  0  0  0]
 [ 0  0  0  0  0  0  0  0  0  0  0  0 19  0  0  0  0  0  0  0]
 [ 0  0  0  0  0  0  0  0  0  0  0  0 57  0  0  0  0  0  0  0]
 [ 0  0  0  0  0  0  0  0  0  0  0  0 25  0  0  0  0  0  0  0]
 [ 0  0  0  0  0  0  0  0  0  0  0  0 22  0  0  0  0  0  0  0]
 [ 0  0  0  0  0  0  0  0  0  0  0  0 21  0  0  0  0  0  0  0]
 [ 0  0  0  0  0  0  0  0  0  0  0  0 17  0  0  0  0  0  0  0]
 [ 0  0  0  0  0  0  0  0  0  0  0  0 15  0  0  0  0  0  0  0]
 [ 0  0  0  0  0  0  0  0  0  0  0  0 12  0  0  0  0  0  0  0]
 [ 0  0  0  0  0  0  0  0  0  0  0  0 10  0  0  0  0  0  0  0]]
2022-11-09 15:18:25,493 - ***** Evaluation results *****
2022-11-09 15:18:25,493 -   acc = 0.1281
2022-11-09 15:18:25,493 -   f1 = 0.0114
2022-11-09 15:18:25,493 -   prec = 0.0064
2022-11-09 15:18:25,493 -   rec = 0.05
2022-11-09 15:18:25,495 - EarlyStopping counter: 1 out of 4
2022-11-09 15:18:25,495 - ***** Epoch: 2: Eval results *****
2022-11-09 15:18:25,495 -   best_eval_score = 0.0114
2022-11-09 15:18:25,495 -   eval_score = 0.0114
2022-11-09 15:18:25,495 -   train_loss = 2.8746
2022-11-09 15:18:46,654 - ***** Test: Confusion Matrix *****
2022-11-09 15:18:46,655 - [[57  0  0  0  0  0  0  0  0  0  0  0  0  0  0  0  0  0  0  0]
 [43  0  0  0  0  0  0  0  0  0  0  0  0  0  0  0  0  0  0  0]
 [27  0  0  0  0  0  0  0  0  0  0  0  0  0  0  0  0  0  0  0]
 [25  0  0  0  0  0  0  0  0  0  0  0  0  0  0  0  0  0  0  0]
 [23  0  0  0  0  0  0  0  0  0  0  0  0  0  0  0  0  0  0  0]
 [12  0  0  0  0  0  0  0  0  0  0  0  0  0  0  0  0  0  0  0]
 [12  0  0  0  0  0  0  0  0  0  0  0  0  0  0  0  0  0  0  0]
 [10  0  0  0  0  0  0  0  0  0  0  0  0  0  0  0  0  0  0  0]
 [10  0  0  0  0  0  0  0  0  0  0  0  0  0  0  0  0  0  0  0]
 [10  0  0  0  0  0  0  0  0  0  0  0  0  0  0  0  0  0  0  0]
 [18  0  0  0  0  0  0  0  0  0  0  0  0  0  0  0  0  0  0  0]
 [19  0  0  0  0  0  0  0  0  0  0  0  0  0  0  0  0  0  0  0]
 [57  0  0  0  0  0  0  0  0  0  0  0  0  0  0  0  0  0  0  0]
 [25  0  0  0  0  0  0  0  0  0  0  0  0  0  0  0  0  0  0  0]
 [22  0  0  0  0  0  0  0  0  0  0  0  0  0  0  0  0  0  0  0]
 [21  0  0  0  0  0  0  0  0  0  0  0  0  0  0  0  0  0  0  0]
 [17  0  0  0  0  0  0  0  0  0  0  0  0  0  0  0  0  0  0  0]
 [15  0  0  0  0  0  0  0  0  0  0  0  0  0  0  0  0  0  0  0]
 [12  0  0  0  0  0  0  0  0  0  0  0  0  0  0  0  0  0  0  0]
 [10  0  0  0  0  0  0  0  0  0  0  0  0  0  0  0  0  0  0  0]]
2022-11-09 15:18:46,655 - ***** Evaluation results *****
2022-11-09 15:18:46,655 -   acc = 0.1281
2022-11-09 15:18:46,655 -   f1 = 0.0114
2022-11-09 15:18:46,655 -   prec = 0.0064
2022-11-09 15:18:46,655 -   rec = 0.05
2022-11-09 15:18:46,655 - EarlyStopping counter: 2 out of 4
2022-11-09 15:18:46,655 - ***** Epoch: 3: Eval results *****
2022-11-09 15:18:46,655 -   best_eval_score = 0.0114
2022-11-09 15:18:46,655 -   eval_score = 0.0114
2022-11-09 15:18:46,655 -   train_loss = 2.85
