2022-11-08 18:45:45,584 - ============================== Params ==============================
2022-11-08 18:45:45,584 - logger_name: baseline_MIntRec_multi-class_2022-11-08-18-45-45
2022-11-08 18:45:45,584 - dataset: MIntRec
2022-11-08 18:45:45,584 - data_mode: multi-class
2022-11-08 18:45:45,584 - method: baseline
2022-11-08 18:45:45,584 - text_backbone: bert-base-uncased
2022-11-08 18:45:45,584 - seed: 0
2022-11-08 18:45:45,584 - num_workers: 0
2022-11-08 18:45:45,584 - gpu_id: 0
2022-11-08 18:45:45,584 - data_path: MIA-datasets
2022-11-08 18:45:45,584 - train: True
2022-11-08 18:45:45,584 - tune: False
2022-11-08 18:45:45,584 - save_model: True
2022-11-08 18:45:45,585 - save_results: True
2022-11-08 18:45:45,585 - log_path: logs
2022-11-08 18:45:45,585 - cache_path: cache
2022-11-08 18:45:45,585 - video_data_path: video_data
2022-11-08 18:45:45,585 - audio_data_path: audio_data
2022-11-08 18:45:45,585 - video_feats_path: video_feats.pkl
2022-11-08 18:45:45,585 - audio_feats_path: audio_feats.pkl
2022-11-08 18:45:45,585 - results_path: results
2022-11-08 18:45:45,585 - output_path: outputs
2022-11-08 18:45:45,585 - model_path: models
2022-11-08 18:45:45,585 - config_file_name: baseline_bert
2022-11-08 18:45:45,585 - results_file_name: baseline_bert.csv
2022-11-08 18:45:45,585 - padding_mode: zero
2022-11-08 18:45:45,585 - padding_loc: end
2022-11-08 18:45:45,585 - need_aligned: False
2022-11-08 18:45:45,585 - eval_monitor: f1
2022-11-08 18:45:45,585 - train_batch_size: 6
2022-11-08 18:45:45,585 - eval_batch_size: 6
2022-11-08 18:45:45,585 - test_batch_size: 4
2022-11-08 18:45:45,585 - wait_patience: 4
2022-11-08 18:45:45,585 - num_train_epochs: 100
2022-11-08 18:45:45,585 - hidden_size: 256
2022-11-08 18:45:45,585 - dropout_rate: 0
2022-11-08 18:45:45,585 - lr: 3e-05
2022-11-08 18:45:45,585 - grad_clip: -1.0
2022-11-08 18:45:45,585 - gamma: 0.5
2022-11-08 18:45:45,585 - common_hyper_param: {'common_param': {'padding_mode': 'zero', 'padding_loc': 'end', 'need_aligned': False, 'eval_monitor': 'f1', 'train_batch_size': 6, 'eval_batch_size': 6, 'test_batch_size': 4, 'wait_patience': 4}, 'hyper_param': {'num_train_epochs': 100, 'hidden_size': 256, 'dropout_rate': 0, 'lr': 3e-05, 'grad_clip': -1.0, 'gamma': 0.5}}
2022-11-08 18:45:45,585 - pred_output_path: outputs\baseline_MIntRec_multi-class_2022-11-08-18-45-45
2022-11-08 18:45:45,585 - model_output_path: outputs\baseline_MIntRec_multi-class_2022-11-08-18-45-45\models
2022-11-08 18:45:45,585 - ============================== End Params ==============================
2022-11-08 18:45:45,597 - Generate Text Features Begin...
