2022-11-08 18:49:21,282 - ============================== Params ==============================
2022-11-08 18:49:21,282 - logger_name: baseline_MIntRec_multi-class_2022-11-08-18-49-21
2022-11-08 18:49:21,282 - dataset: MIntRec
2022-11-08 18:49:21,282 - data_mode: multi-class
2022-11-08 18:49:21,282 - method: baseline
2022-11-08 18:49:21,282 - text_backbone: bert-base-uncased
2022-11-08 18:49:21,282 - seed: 0
2022-11-08 18:49:21,282 - num_workers: 0
2022-11-08 18:49:21,282 - gpu_id: 0
2022-11-08 18:49:21,282 - data_path: MIA-datasets
2022-11-08 18:49:21,282 - train: True
2022-11-08 18:49:21,282 - tune: False
2022-11-08 18:49:21,282 - save_model: True
2022-11-08 18:49:21,282 - save_results: True
2022-11-08 18:49:21,282 - log_path: logs
2022-11-08 18:49:21,282 - cache_path: cache
2022-11-08 18:49:21,282 - video_data_path: video_data
2022-11-08 18:49:21,282 - audio_data_path: audio_data
2022-11-08 18:49:21,282 - video_feats_path: video_feats.pkl
2022-11-08 18:49:21,282 - audio_feats_path: audio_feats.pkl
2022-11-08 18:49:21,282 - results_path: results
2022-11-08 18:49:21,282 - output_path: outputs
2022-11-08 18:49:21,282 - model_path: models
2022-11-08 18:49:21,282 - config_file_name: baseline_bert
2022-11-08 18:49:21,282 - results_file_name: baseline_bert.csv
2022-11-08 18:49:21,282 - padding_mode: zero
2022-11-08 18:49:21,282 - padding_loc: end
2022-11-08 18:49:21,282 - need_aligned: False
2022-11-08 18:49:21,282 - eval_monitor: f1
2022-11-08 18:49:21,282 - train_batch_size: 6
2022-11-08 18:49:21,282 - eval_batch_size: 6
2022-11-08 18:49:21,282 - test_batch_size: 4
2022-11-08 18:49:21,282 - wait_patience: 4
2022-11-08 18:49:21,282 - num_train_epochs: 100
2022-11-08 18:49:21,282 - hidden_size: 256
2022-11-08 18:49:21,282 - dropout_rate: 0
2022-11-08 18:49:21,282 - lr: 3e-05
2022-11-08 18:49:21,282 - grad_clip: -1.0
2022-11-08 18:49:21,282 - gamma: 0.5
2022-11-08 18:49:21,282 - common_hyper_param: {'common_param': {'padding_mode': 'zero', 'padding_loc': 'end', 'need_aligned': False, 'eval_monitor': 'f1', 'train_batch_size': 6, 'eval_batch_size': 6, 'test_batch_size': 4, 'wait_patience': 4}, 'hyper_param': {'num_train_epochs': 100, 'hidden_size': 256, 'dropout_rate': 0, 'lr': 3e-05, 'grad_clip': -1.0, 'gamma': 0.5}}
2022-11-08 18:49:21,282 - pred_output_path: outputs\baseline_MIntRec_multi-class_2022-11-08-18-49-21
2022-11-08 18:49:21,282 - model_output_path: outputs\baseline_MIntRec_multi-class_2022-11-08-18-49-21\models
2022-11-08 18:49:21,282 - ============================== End Params ==============================
2022-11-08 18:49:21,282 - Generate Text Features Begin...
2022-11-08 18:50:07,143 - Generate Text Features Finished...
2022-11-08 18:50:07,143 - Load Video Features Begin...
2022-11-08 18:50:07,491 - Load Video Features Finished...
2022-11-08 18:50:07,947 - Load Audio Features Begin...
2022-11-08 18:50:08,660 - Load Audio Features Finished...
2022-11-08 18:50:29,877 - Multimodal intent recognition begins...
2022-11-08 18:50:29,881 - Training begins...
