2022-11-07 12:48:54,808 - ============================== Params ==============================
2022-11-07 12:48:54,808 - logger_name: baseline_MIntRec_multi-class_2022-11-07-12-48-54
2022-11-07 12:48:54,808 - dataset: MIntRec
2022-11-07 12:48:54,808 - data_mode: multi-class
2022-11-07 12:48:54,808 - method: baseline
2022-11-07 12:48:54,808 - text_backbone: bert-base-uncased
2022-11-07 12:48:54,808 - seed: 0
2022-11-07 12:48:54,808 - num_workers: 0
2022-11-07 12:48:54,808 - gpu_id: 0
2022-11-07 12:48:54,808 - data_path: MIA-datasets
2022-11-07 12:48:54,808 - train: True
2022-11-07 12:48:54,808 - tune: False
2022-11-07 12:48:54,808 - save_model: True
2022-11-07 12:48:54,808 - save_results: True
2022-11-07 12:48:54,808 - log_path: logs
2022-11-07 12:48:54,808 - cache_path: cache
2022-11-07 12:48:54,808 - video_data_path: video_data
2022-11-07 12:48:54,808 - audio_data_path: audio_data
2022-11-07 12:48:54,808 - video_feats_path: video_feats.pkl
2022-11-07 12:48:54,808 - audio_feats_path: audio_feats.pkl
2022-11-07 12:48:54,809 - results_path: results
2022-11-07 12:48:54,809 - output_path: outputs
2022-11-07 12:48:54,809 - model_path: models
2022-11-07 12:48:54,809 - config_file_name: baseline_bert
2022-11-07 12:48:54,809 - results_file_name: baseline_bert.csv
2022-11-07 12:48:54,809 - padding_mode: zero
2022-11-07 12:48:54,809 - padding_loc: end
2022-11-07 12:48:54,809 - need_aligned: False
2022-11-07 12:48:54,809 - eval_monitor: f1
2022-11-07 12:48:54,809 - train_batch_size: 6
2022-11-07 12:48:54,809 - eval_batch_size: 6
2022-11-07 12:48:54,809 - test_batch_size: 4
2022-11-07 12:48:54,809 - wait_patience: 4
2022-11-07 12:48:54,809 - num_train_epochs: 100
2022-11-07 12:48:54,809 - hidden_size: 256
2022-11-07 12:48:54,809 - dropout_rate: 0
2022-11-07 12:48:54,809 - lr: 3e-05
2022-11-07 12:48:54,809 - grad_clip: -1.0
2022-11-07 12:48:54,809 - gamma: 0.5
2022-11-07 12:48:54,809 - common_hyper_param: {'common_param': {'padding_mode': 'zero', 'padding_loc': 'end', 'need_aligned': False, 'eval_monitor': 'f1', 'train_batch_size': 6, 'eval_batch_size': 6, 'test_batch_size': 4, 'wait_patience': 4}, 'hyper_param': {'num_train_epochs': 100, 'hidden_size': 256, 'dropout_rate': 0, 'lr': 3e-05, 'grad_clip': -1.0, 'gamma': 0.5}}
2022-11-07 12:48:54,809 - pred_output_path: outputs\baseline_MIntRec_multi-class_2022-11-07-12-48-54
2022-11-07 12:48:54,809 - model_output_path: outputs\baseline_MIntRec_multi-class_2022-11-07-12-48-54\models
2022-11-07 12:48:54,809 - ============================== End Params ==============================
2022-11-07 12:48:54,813 - Generate Text Features Begin...
2022-11-07 12:49:11,361 - Generate Text Features Finished...
2022-11-07 12:49:11,361 - Load Video Features Begin...
2022-11-07 12:49:11,773 - Load Video Features Finished...
2022-11-07 12:49:12,179 - Load Audio Features Begin...
2022-11-07 12:49:13,337 - Load Audio Features Finished...
2022-11-07 12:49:38,587 - Multimodal intent recognition begins...
2022-11-07 12:49:38,603 - Training begins...
2022-11-07 12:50:09,335 - ***** Epoch: 1: Eval results *****
2022-11-07 12:50:09,350 -   best_eval_score = 0.6115
2022-11-07 12:50:09,350 -   eval_score = 0.6115
2022-11-07 12:50:09,350 -   train_loss = 1.7586
2022-11-07 12:50:35,505 - ***** Epoch: 2: Eval results *****
2022-11-07 12:50:35,505 -   best_eval_score = 0.6485
2022-11-07 12:50:35,505 -   eval_score = 0.6485
2022-11-07 12:50:35,505 -   train_loss = 0.6699
2022-11-07 12:50:59,677 - ***** Epoch: 3: Eval results *****
2022-11-07 12:50:59,677 -   best_eval_score = 0.6925
2022-11-07 12:50:59,677 -   eval_score = 0.6925
2022-11-07 12:50:59,677 -   train_loss = 0.2892
2022-11-07 12:51:22,938 - EarlyStopping counter: 1 out of 4
2022-11-07 12:51:22,938 - ***** Epoch: 4: Eval results *****
2022-11-07 12:51:22,938 -   best_eval_score = 0.6925
2022-11-07 12:51:22,938 -   eval_score = 0.6681
2022-11-07 12:51:22,938 -   train_loss = 0.0788
2022-11-07 12:51:46,185 - EarlyStopping counter: 2 out of 4
2022-11-07 12:51:46,185 - ***** Epoch: 5: Eval results *****
2022-11-07 12:51:46,185 -   best_eval_score = 0.6925
2022-11-07 12:51:46,185 -   eval_score = 0.676
2022-11-07 12:51:46,185 -   train_loss = 0.0372
2022-11-07 12:52:14,732 - EarlyStopping counter: 3 out of 4
2022-11-07 12:52:14,732 - ***** Epoch: 6: Eval results *****
2022-11-07 12:52:14,732 -   best_eval_score = 0.6925
2022-11-07 12:52:14,732 -   eval_score = 0.6783
2022-11-07 12:52:14,732 -   train_loss = 0.0175
2022-11-07 12:52:37,460 - EarlyStopping counter: 4 out of 4
2022-11-07 12:52:37,461 - ***** Epoch: 7: Eval results *****
2022-11-07 12:52:37,461 -   best_eval_score = 0.6925
2022-11-07 12:52:37,461 -   eval_score = 0.6863
2022-11-07 12:52:37,461 -   train_loss = 0.0145
2022-11-07 12:52:37,461 - EarlyStopping at epoch 7
2022-11-07 12:52:37,461 - Trained models are saved in outputs\baseline_MIntRec_multi-class_2022-11-07-12-48-54\models
2022-11-07 12:52:38,375 - Training is finished...
2022-11-07 12:52:38,375 - Testing begins...
2022-11-07 12:52:40,826 - ***** Test: Confusion Matrix *****
2022-11-07 12:52:40,830 - [[34  1  0  0  9  0  4  1  0  4  0  0  2  2  0  0  0  0  0  0]
 [ 0 40  0  0  0  2  1  0  0  0  0  0  0  0  0  0  0  0  0  0]
 [ 1  0 26  0  0  0  0  0  0  0  0  0  0  0  0  0  0  0  0  0]
 [ 0  1  0 24  0  0  0  0  0  0  0  0  0  0  0  0  0  0  0  0]
 [ 2  0  0  0 14  0  5  0  0  1  0  0  0  0  0  0  0  1  0  0]
 [ 0  0  0  0  0 12  0  0  0  0  0  0  0  0  0  0  0  0  0  0]
 [ 0  1  0  0  2  0  4  0  2  1  0  0  1  0  0  0  0  0  0  1]
 [ 3  0  0  0  0  1  0  4  1  0  0  0  0  0  0  0  1  0  0  0]
 [ 1  0  0  0  0  0  1  2  5  0  0  0  0  1  0  0  0  0  0  0]
 [ 1  0  0  0  0  0  1  0  0  4  1  0  0  0  0  2  0  1  0  0]
 [ 1  0  0  0  0  0  1  0  0  3 13  0  0  0  0  0  0  0  0  0]
 [ 0  0  0  0  0  0  1  0  0  0  0 17  0  0  0  0  0  0  0  1]
 [ 3  4  0  1  1  0  1  0  1  1  0  3 29  1  2  4  5  1  0  0]
 [ 1  0  0  0  1  1  1  0  0  0  1  1  0 18  1  0  0  0  0  0]
 [ 0  0  0  0  1  0  1  0  1  0  0  0  0  1 15  0  1  0  0  2]
 [ 0  1  0  0  0  0  0  0  0  0  0  0  1  0  0 18  0  0  0  1]
 [ 2  0  0  0  0  0  0  0  0  0  0  0  0  0  0  0 15  0  0  0]
 [ 0  0  0  0  0  0  0  0  0  1  1  0  1  0  0  0  0 12  0  0]
 [ 0  0  0  0  0  0  0  0  0  0  0  0  1  0  0  1  0  0 10  0]
 [ 0  0  0  0  0  0  0  0  0  0  0  1  0  1  1  0  0  0  0  7]]
2022-11-07 12:52:40,831 - ***** Evaluation results *****
2022-11-07 12:52:40,831 -   acc = 0.7213
2022-11-07 12:52:40,831 -   f1 = 0.6995
2022-11-07 12:52:40,831 -   prec = 0.7002
2022-11-07 12:52:40,831 -   rec = 0.7146
2022-11-07 12:52:40,831 - Testing is finished...
2022-11-07 12:52:40,831 - Multimodal intent recognition is finished...
2022-11-07 12:52:40,831 - Results are saved in results\baseline_bert.csv
