2022-11-09 19:13:11,084 - ============================== Params ==============================
2022-11-09 19:13:11,084 - logger_name: baseline_MIntRec_binary-class_2022-11-09-19-13-11
2022-11-09 19:13:11,084 - dataset: MIntRec
2022-11-09 19:13:11,084 - data_mode: binary-class
2022-11-09 19:13:11,084 - method: baseline
2022-11-09 19:13:11,084 - text_backbone: bert-base-uncased
2022-11-09 19:13:11,084 - seed: 0
2022-11-09 19:13:11,084 - num_workers: 0
2022-11-09 19:13:11,084 - gpu_id: 0
2022-11-09 19:13:11,084 - data_path: MIA-datasets
2022-11-09 19:13:11,084 - train: True
2022-11-09 19:13:11,084 - tune: False
2022-11-09 19:13:11,084 - save_model: True
2022-11-09 19:13:11,084 - save_results: True
2022-11-09 19:13:11,084 - log_path: logs
2022-11-09 19:13:11,084 - cache_path: cache
2022-11-09 19:13:11,084 - video_data_path: video_data
2022-11-09 19:13:11,085 - audio_data_path: audio_data
2022-11-09 19:13:11,085 - video_feats_path: video_feats.pkl
2022-11-09 19:13:11,085 - audio_feats_path: audio_feats.pkl
2022-11-09 19:13:11,085 - results_path: results
2022-11-09 19:13:11,085 - output_path: outputs
2022-11-09 19:13:11,085 - model_path: models
2022-11-09 19:13:11,085 - config_file_name: baseline_bert_bi
2022-11-09 19:13:11,085 - results_file_name: baseline_bert_bi.csv
2022-11-09 19:13:11,085 - padding_mode: zero
2022-11-09 19:13:11,085 - padding_loc: end
2022-11-09 19:13:11,085 - need_aligned: False
2022-11-09 19:13:11,085 - eval_monitor: f1
2022-11-09 19:13:11,085 - train_batch_size: 6
2022-11-09 19:13:11,085 - eval_batch_size: 6
2022-11-09 19:13:11,085 - test_batch_size: 4
2022-11-09 19:13:11,085 - wait_patience: 4
2022-11-09 19:13:11,085 - num_train_epochs: 100
2022-11-09 19:13:11,085 - hidden_size: 256
2022-11-09 19:13:11,085 - dropout_rate: 0
2022-11-09 19:13:11,085 - lr: 3e-05
2022-11-09 19:13:11,085 - grad_clip: -1.0
2022-11-09 19:13:11,086 - gamma: 0.5
2022-11-09 19:13:11,086 - common_hyper_param: {'common_param': {'padding_mode': 'zero', 'padding_loc': 'end', 'need_aligned': False, 'eval_monitor': 'f1', 'train_batch_size': 6, 'eval_batch_size': 6, 'test_batch_size': 4, 'wait_patience': 4}, 'hyper_param': {'num_train_epochs': 100, 'hidden_size': 256, 'dropout_rate': 0, 'lr': 3e-05, 'grad_clip': -1.0, 'gamma': 0.5}}
2022-11-09 19:13:11,086 - pred_output_path: outputs\baseline_MIntRec_binary-class_2022-11-09-19-13-11
2022-11-09 19:13:11,086 - model_output_path: outputs\baseline_MIntRec_binary-class_2022-11-09-19-13-11\models
2022-11-09 19:13:11,086 - ============================== End Params ==============================
2022-11-09 19:13:11,092 - Generate Text Features Begin...
2022-11-09 19:13:28,166 - Generate Text Features Finished...
2022-11-09 19:13:28,166 - Load Video Features Begin...
2022-11-09 19:13:28,579 - Load Video Features Finished...
2022-11-09 19:13:28,988 - Load Audio Features Begin...
2022-11-09 19:13:29,872 - Load Audio Features Finished...
2022-11-09 19:14:00,078 - Multimodal intent recognition begins...
2022-11-09 19:14:00,080 - Training begins...
2022-11-09 19:14:20,314 - ***** Epoch: 1: Eval results *****
2022-11-09 19:14:20,324 -   best_eval_score = 0.4273
2022-11-09 19:14:20,324 -   eval_score = 0.4273
2022-11-09 19:14:20,324 -   train_loss = 0.6911
2022-11-09 19:14:30,593 - ***** Epoch: 2: Eval results *****
2022-11-09 19:14:30,594 -   best_eval_score = 0.4949
2022-11-09 19:14:30,594 -   eval_score = 0.4949
2022-11-09 19:14:30,594 -   train_loss = 0.6749
2022-11-09 19:14:40,369 - ***** Epoch: 3: Eval results *****
2022-11-09 19:14:40,369 -   best_eval_score = 0.5272
2022-11-09 19:14:40,369 -   eval_score = 0.5272
2022-11-09 19:14:40,369 -   train_loss = 0.6625
2022-11-09 19:14:50,137 - ***** Epoch: 4: Eval results *****
2022-11-09 19:14:50,137 -   best_eval_score = 0.5532
2022-11-09 19:14:50,137 -   eval_score = 0.5532
2022-11-09 19:14:50,137 -   train_loss = 0.654
2022-11-09 19:14:59,408 - EarlyStopping counter: 1 out of 4
2022-11-09 19:14:59,409 - ***** Epoch: 5: Eval results *****
2022-11-09 19:14:59,409 -   best_eval_score = 0.5532
2022-11-09 19:14:59,410 -   eval_score = 0.4988
2022-11-09 19:14:59,410 -   train_loss = 0.6488
2022-11-09 19:15:09,963 - EarlyStopping counter: 2 out of 4
2022-11-09 19:15:09,963 - ***** Epoch: 6: Eval results *****
2022-11-09 19:15:09,964 -   best_eval_score = 0.5532
2022-11-09 19:15:09,964 -   eval_score = 0.5432
2022-11-09 19:15:09,964 -   train_loss = 0.627
2022-11-09 19:15:19,707 - EarlyStopping counter: 3 out of 4
2022-11-09 19:15:19,707 - ***** Epoch: 7: Eval results *****
2022-11-09 19:15:19,707 -   best_eval_score = 0.5532
2022-11-09 19:15:19,707 -   eval_score = 0.5294
2022-11-09 19:15:19,707 -   train_loss = 0.6172
2022-11-09 19:15:29,088 - EarlyStopping counter: 4 out of 4
2022-11-09 19:15:29,088 - ***** Epoch: 8: Eval results *****
2022-11-09 19:15:29,088 -   best_eval_score = 0.5532
2022-11-09 19:15:29,088 -   eval_score = 0.5266
2022-11-09 19:15:29,088 -   train_loss = 0.6113
2022-11-09 19:15:29,088 - EarlyStopping at epoch 8
2022-11-09 19:15:29,088 - Trained models are saved in outputs\baseline_MIntRec_binary-class_2022-11-09-19-13-11\models
2022-11-09 19:15:30,043 - Training is finished...
2022-11-09 19:15:30,043 - Testing begins...
2022-11-09 19:15:32,219 - ***** Test: Confusion Matrix *****
2022-11-09 19:15:32,223 - [[125 123]
 [ 88 109]]
2022-11-09 19:15:32,223 - ***** Evaluation results *****
2022-11-09 19:15:32,223 -   acc = 0.5258
2022-11-09 19:15:32,223 -   f1 = 0.5252
2022-11-09 19:15:32,223 -   prec = 0.5283
2022-11-09 19:15:32,223 -   rec = 0.5287
2022-11-09 19:15:32,223 - Testing is finished...
2022-11-09 19:15:32,224 - Multimodal intent recognition is finished...
2022-11-09 19:15:32,224 - Results are saved in results\baseline_bert_bi.csv
