2022-11-07 11:43:47,967 - ============================== Params ==============================
2022-11-07 11:43:47,967 - logger_name: baseline_MIntRec_multi-class_2022-11-07-11-43-47
2022-11-07 11:43:47,967 - dataset: MIntRec
2022-11-07 11:43:47,967 - data_mode: multi-class
2022-11-07 11:43:47,967 - method: baseline
2022-11-07 11:43:47,967 - text_backbone: bert-base-uncased
2022-11-07 11:43:47,967 - seed: 0
2022-11-07 11:43:47,967 - num_workers: 0
2022-11-07 11:43:47,967 - gpu_id: 0
2022-11-07 11:43:47,967 - data_path: MIA-datasets
2022-11-07 11:43:47,967 - train: True
2022-11-07 11:43:47,967 - tune: False
2022-11-07 11:43:47,967 - save_model: True
2022-11-07 11:43:47,967 - save_results: True
2022-11-07 11:43:47,967 - log_path: logs
2022-11-07 11:43:47,967 - cache_path: cache
2022-11-07 11:43:47,967 - video_data_path: video_data
2022-11-07 11:43:47,967 - audio_data_path: audio_data
2022-11-07 11:43:47,967 - video_feats_path: video_feats.pkl
2022-11-07 11:43:47,967 - audio_feats_path: audio_feats.pkl
2022-11-07 11:43:47,967 - results_path: results
2022-11-07 11:43:47,967 - output_path: outputs
2022-11-07 11:43:47,967 - model_path: models
2022-11-07 11:43:47,967 - config_file_name: baseline_bert
2022-11-07 11:43:47,968 - results_file_name: baseline_bert.csv
2022-11-07 11:43:47,968 - padding_mode: zero
2022-11-07 11:43:47,968 - padding_loc: end
2022-11-07 11:43:47,968 - need_aligned: False
2022-11-07 11:43:47,968 - eval_monitor: f1
2022-11-07 11:43:47,968 - train_batch_size: 6
2022-11-07 11:43:47,968 - eval_batch_size: 6
2022-11-07 11:43:47,968 - test_batch_size: 4
2022-11-07 11:43:47,968 - wait_patience: 4
2022-11-07 11:43:47,968 - num_train_epochs: 100
2022-11-07 11:43:47,968 - hidden_size: 256
2022-11-07 11:43:47,968 - dropout_rate: 0
2022-11-07 11:43:47,968 - lr: 3e-05
2022-11-07 11:43:47,968 - grad_clip: -1.0
2022-11-07 11:43:47,968 - gamma: 0.5
2022-11-07 11:43:47,968 - common_hyper_param: {'common_param': {'padding_mode': 'zero', 'padding_loc': 'end', 'need_aligned': False, 'eval_monitor': 'f1', 'train_batch_size': 6, 'eval_batch_size': 6, 'test_batch_size': 4, 'wait_patience': 4}, 'hyper_param': {'num_train_epochs': 100, 'hidden_size': 256, 'dropout_rate': 0, 'lr': 3e-05, 'grad_clip': -1.0, 'gamma': 0.5}}
2022-11-07 11:43:47,968 - pred_output_path: outputs\baseline_MIntRec_multi-class_2022-11-07-11-43-47
2022-11-07 11:43:47,968 - model_output_path: outputs\baseline_MIntRec_multi-class_2022-11-07-11-43-47\models
2022-11-07 11:43:47,968 - ============================== End Params ==============================
2022-11-07 11:43:47,971 - Generate Text Features Begin...
2022-11-07 11:44:04,298 - Generate Text Features Finished...
2022-11-07 11:44:04,298 - Load Video Features Begin...
2022-11-07 11:44:04,704 - Load Video Features Finished...
2022-11-07 11:44:05,049 - Load Audio Features Begin...
2022-11-07 11:44:05,750 - Load Audio Features Finished...
