2022-11-05 22:25:18,946 - ============================== Params ==============================
2022-11-05 22:25:18,946 - logger_name: baseline_MIntRec_multi-class_2022-11-05-22-25-18
2022-11-05 22:25:18,946 - dataset: MIntRec
2022-11-05 22:25:18,946 - data_mode: multi-class
2022-11-05 22:25:18,946 - method: baseline
2022-11-05 22:25:18,946 - text_backbone: bert-base-uncased
2022-11-05 22:25:18,946 - seed: 0
2022-11-05 22:25:18,946 - num_workers: 0
2022-11-05 22:25:18,946 - gpu_id: 0
2022-11-05 22:25:18,946 - data_path: MIA-datasets
2022-11-05 22:25:18,946 - train: True
2022-11-05 22:25:18,946 - tune: False
2022-11-05 22:25:18,946 - save_model: True
2022-11-05 22:25:18,947 - save_results: True
2022-11-05 22:25:18,947 - log_path: logs
2022-11-05 22:25:18,947 - cache_path: cache
2022-11-05 22:25:18,947 - video_data_path: video_data
2022-11-05 22:25:18,947 - audio_data_path: audio_data
2022-11-05 22:25:18,947 - video_feats_path: video_feats.pkl
2022-11-05 22:25:18,947 - audio_feats_path: audio_feats.pkl
2022-11-05 22:25:18,947 - results_path: results
2022-11-05 22:25:18,947 - output_path: outputs
2022-11-05 22:25:18,947 - model_path: models
2022-11-05 22:25:18,947 - config_file_name: baseline_bert
2022-11-05 22:25:18,947 - results_file_name: baseline_bert.csv
2022-11-05 22:25:18,947 - padding_mode: zero
2022-11-05 22:25:18,947 - padding_loc: end
2022-11-05 22:25:18,947 - need_aligned: False
2022-11-05 22:25:18,947 - eval_monitor: f1
2022-11-05 22:25:18,947 - train_batch_size: 6
2022-11-05 22:25:18,947 - eval_batch_size: 6
2022-11-05 22:25:18,947 - test_batch_size: 4
2022-11-05 22:25:18,947 - wait_patience: 4
2022-11-05 22:25:18,947 - num_train_epochs: 100
2022-11-05 22:25:18,947 - hidden_size: 256
2022-11-05 22:25:18,947 - dropout_rate: 0
2022-11-05 22:25:18,947 - lr: 3e-05
2022-11-05 22:25:18,947 - grad_clip: -1.0
2022-11-05 22:25:18,947 - gamma: 0.5
2022-11-05 22:25:18,947 - common_hyper_param: {'common_param': {'padding_mode': 'zero', 'padding_loc': 'end', 'need_aligned': False, 'eval_monitor': 'f1', 'train_batch_size': 6, 'eval_batch_size': 6, 'test_batch_size': 4, 'wait_patience': 4}, 'hyper_param': {'num_train_epochs': 100, 'hidden_size': 256, 'dropout_rate': 0, 'lr': 3e-05, 'grad_clip': -1.0, 'gamma': 0.5}}
2022-11-05 22:25:18,949 - pred_output_path: outputs\baseline_MIntRec_multi-class_2022-11-05-22-25-18
2022-11-05 22:25:18,949 - model_output_path: outputs\baseline_MIntRec_multi-class_2022-11-05-22-25-18\models
2022-11-05 22:25:18,949 - ============================== End Params ==============================
2022-11-05 22:25:18,953 - Generate Text Features Begin...
2022-11-05 22:25:35,763 - Generate Text Features Finished...
2022-11-05 22:25:35,764 - Load Video Features Begin...
2022-11-05 22:25:36,159 - Load Video Features Finished...
2022-11-05 22:25:36,551 - Load Audio Features Begin...
2022-11-05 22:25:37,267 - Load Audio Features Finished...
2022-11-05 22:25:53,784 - Multimodal intent recognition begins...
2022-11-05 22:25:53,797 - Training begins...
2022-11-05 22:26:26,003 - ***** Epoch: 1: Eval results *****
2022-11-05 22:26:26,011 -   best_eval_score = 0.5863
2022-11-05 22:26:26,011 -   eval_score = 0.5863
2022-11-05 22:26:26,011 -   train_loss = 1.7945
2022-11-05 22:26:53,648 - ***** Epoch: 2: Eval results *****
2022-11-05 22:26:53,648 -   best_eval_score = 0.6771
2022-11-05 22:26:53,648 -   eval_score = 0.6771
2022-11-05 22:26:53,648 -   train_loss = 0.6818
2022-11-05 22:27:21,045 - ***** Epoch: 3: Eval results *****
2022-11-05 22:27:21,045 -   best_eval_score = 0.6812
2022-11-05 22:27:21,045 -   eval_score = 0.6812
2022-11-05 22:27:21,045 -   train_loss = 0.2604
2022-11-05 22:27:48,354 - EarlyStopping counter: 1 out of 4
2022-11-05 22:27:48,354 - ***** Epoch: 4: Eval results *****
2022-11-05 22:27:48,355 -   best_eval_score = 0.6812
2022-11-05 22:27:48,355 -   eval_score = 0.6565
2022-11-05 22:27:48,355 -   train_loss = 0.1324
2022-11-05 22:28:15,697 - EarlyStopping counter: 2 out of 4
2022-11-05 22:28:15,697 - ***** Epoch: 5: Eval results *****
2022-11-05 22:28:15,698 -   best_eval_score = 0.6812
2022-11-05 22:28:15,698 -   eval_score = 0.6555
2022-11-05 22:28:15,698 -   train_loss = 0.0416
2022-11-05 22:28:42,932 - EarlyStopping counter: 3 out of 4
2022-11-05 22:28:42,932 - ***** Epoch: 6: Eval results *****
2022-11-05 22:28:42,932 -   best_eval_score = 0.6812
2022-11-05 22:28:42,932 -   eval_score = 0.6739
2022-11-05 22:28:42,932 -   train_loss = 0.0196
2022-11-05 22:29:10,413 - EarlyStopping counter: 4 out of 4
2022-11-05 22:29:10,414 - ***** Epoch: 7: Eval results *****
2022-11-05 22:29:10,414 -   best_eval_score = 0.6812
2022-11-05 22:29:10,414 -   eval_score = 0.6763
2022-11-05 22:29:10,414 -   train_loss = 0.0137
2022-11-05 22:29:10,414 - EarlyStopping at epoch 7
2022-11-05 22:29:10,414 - Trained models are saved in outputs\baseline_MIntRec_multi-class_2022-11-05-22-25-18\models
2022-11-05 22:29:11,411 - Training is finished...
2022-11-05 22:29:11,412 - Testing begins...
2022-11-05 22:29:13,724 - ***** Test: Confusion Matrix *****
2022-11-05 22:29:13,728 - [[31  2  0  0  6  0  4  4  1  3  0  0  3  2  0  1  0  0  0  0]
 [ 0 37  0  1  0  2  2  0  0  0  0  0  0  1  0  0  0  0  0  0]
 [ 1  0 24  0  0  0  0  0  0  0  1  0  1  0  0  0  0  0  0  0]
 [ 1  0  0 24  0  0  0  0  0  0  0  0  0  0  0  0  0  0  0  0]
 [ 7  0  0  0  8  0  6  0  0  0  0  1  0  1  0  0  0  0  0  0]
 [ 0  0  0  0  0 12  0  0  0  0  0  0  0  0  0  0  0  0  0  0]
 [ 2  0  0  0  2  0  4  0  3  0  0  1  0  0  0  0  0  0  0  0]
 [ 1  0  0  0  0  0  3  5  0  1  0  0  0  0  0  0  0  0  0  0]
 [ 0  0  0  0  0  0  2  6  0  0  0  0  0  1  0  1  0  0  0  0]
 [ 1  0  0  0  0  0  1  0  0  4  1  0  0  0  0  2  0  1  0  0]
 [ 1  0  0  0  0  0  1  0  0  2 14  0  0  0  0  0  0  0  0  0]
 [ 0  0  0  0  0  0  1  0  0  0  0 17  0  0  0  0  0  0  0  1]
 [ 3  2  0  0  1  1  1  4  1  0  0  0 34  5  1  1  0  1  0  2]
 [ 0  0  0  0  0  0  2  0  0  0  1  1  0 21  0  0  0  0  0  0]
 [ 0  0  0  0  0  0  1  0  0  0  0  0  2  5 10  0  1  0  0  3]
 [ 0  1  0  0  0  0  0  1  2  0  0  0  1  1  0 15  0  0  0  0]
 [ 0  0  0  0  0  0  0  0  1  0  0  0  2  0  1  0 12  0  0  1]
 [ 0  0  0  0  0  0  0  0  0  1  0  0  1  0  0  0  0 13  0  0]
 [ 0  0  0  0  0  0  0  0  0  0  0  0  3  0  0  0  0  0  9  0]
 [ 0  0  0  0  0  0  0  0  0  0  0  0  0  1  1  0  0  0  0  8]]
2022-11-05 22:29:13,728 - ***** Evaluation results *****
2022-11-05 22:29:13,728 -   acc = 0.6787
2022-11-05 22:29:13,728 -   f1 = 0.6512
2022-11-05 22:29:13,728 -   prec = 0.6653
2022-11-05 22:29:13,728 -   rec = 0.6617
2022-11-05 22:29:13,728 - Testing is finished...
2022-11-05 22:29:13,728 - Multimodal intent recognition is finished...
2022-11-05 22:29:13,728 - Results are saved in results\baseline_bert.csv
