2022-11-10 10:49:02,776 - ============================== Params ==============================
2022-11-10 10:49:02,776 - logger_name: baseline_MIntRec_multi-class_2022-11-10-10-49-02
2022-11-10 10:49:02,776 - dataset: MIntRec
2022-11-10 10:49:02,776 - data_mode: multi-class
2022-11-10 10:49:02,776 - method: baseline
2022-11-10 10:49:02,776 - text_backbone: bert-base-uncased
2022-11-10 10:49:02,776 - seed: 0
2022-11-10 10:49:02,776 - num_workers: 0
2022-11-10 10:49:02,776 - gpu_id: 0
2022-11-10 10:49:02,776 - data_path: MIA-datasets
2022-11-10 10:49:02,776 - train: True
2022-11-10 10:49:02,776 - tune: False
2022-11-10 10:49:02,776 - save_model: True
2022-11-10 10:49:02,776 - save_results: True
2022-11-10 10:49:02,777 - log_path: logs
2022-11-10 10:49:02,777 - cache_path: cache
2022-11-10 10:49:02,777 - video_data_path: video_data
2022-11-10 10:49:02,777 - audio_data_path: audio_data
2022-11-10 10:49:02,777 - video_feats_path: video_feats.pkl
2022-11-10 10:49:02,777 - audio_feats_path: audio_feats.pkl
2022-11-10 10:49:02,777 - results_path: results
2022-11-10 10:49:02,777 - output_path: outputs
2022-11-10 10:49:02,777 - model_path: models
2022-11-10 10:49:02,777 - config_file_name: baseline_bert
2022-11-10 10:49:02,777 - results_file_name: baseline_bert.csv
2022-11-10 10:49:02,777 - padding_mode: zero
2022-11-10 10:49:02,777 - padding_loc: end
2022-11-10 10:49:02,777 - need_aligned: False
2022-11-10 10:49:02,777 - eval_monitor: f1
2022-11-10 10:49:02,777 - train_batch_size: 6
2022-11-10 10:49:02,777 - eval_batch_size: 6
2022-11-10 10:49:02,777 - test_batch_size: 4
2022-11-10 10:49:02,777 - wait_patience: 4
2022-11-10 10:49:02,777 - num_train_epochs: 100
2022-11-10 10:49:02,777 - hidden_size: 256
2022-11-10 10:49:02,777 - dropout_rate: 0
2022-11-10 10:49:02,777 - lr: 3e-05
2022-11-10 10:49:02,777 - grad_clip: -1.0
2022-11-10 10:49:02,777 - gamma: 0.5
2022-11-10 10:49:02,777 - common_hyper_param: {'common_param': {'padding_mode': 'zero', 'padding_loc': 'end', 'need_aligned': False, 'eval_monitor': 'f1', 'train_batch_size': 6, 'eval_batch_size': 6, 'test_batch_size': 4, 'wait_patience': 4}, 'hyper_param': {'num_train_epochs': 100, 'hidden_size': 256, 'dropout_rate': 0, 'lr': 3e-05, 'grad_clip': -1.0, 'gamma': 0.5}}
2022-11-10 10:49:02,777 - pred_output_path: outputs\baseline_MIntRec_multi-class_2022-11-10-10-49-02
2022-11-10 10:49:02,777 - model_output_path: outputs\baseline_MIntRec_multi-class_2022-11-10-10-49-02\models
2022-11-10 10:49:02,777 - ============================== End Params ==============================
2022-11-10 10:49:02,781 - Generate Text Features Begin...
2022-11-10 10:49:21,790 - Generate Text Features Finished...
2022-11-10 10:49:21,791 - Load Video Features Begin...
2022-11-10 10:49:22,190 - Load Video Features Finished...
2022-11-10 10:49:22,632 - Load Audio Features Begin...
2022-11-10 10:49:23,397 - Load Audio Features Finished...
2022-11-10 10:49:43,232 - Multimodal intent recognition begins...
2022-11-10 10:49:43,234 - Training begins...
