2022-11-10 10:57:13,966 - ============================== Params ==============================
2022-11-10 10:57:13,966 - logger_name: baseline_MIntRec_multi-class_2022-11-10-10-57-13
2022-11-10 10:57:13,967 - dataset: MIntRec
2022-11-10 10:57:13,967 - data_mode: multi-class
2022-11-10 10:57:13,967 - method: baseline
2022-11-10 10:57:13,967 - text_backbone: bert-base-uncased
2022-11-10 10:57:13,967 - seed: 0
2022-11-10 10:57:13,967 - num_workers: 0
2022-11-10 10:57:13,967 - gpu_id: 0
2022-11-10 10:57:13,967 - data_path: MIA-datasets
2022-11-10 10:57:13,967 - train: True
2022-11-10 10:57:13,967 - tune: False
2022-11-10 10:57:13,967 - save_model: True
2022-11-10 10:57:13,967 - save_results: True
2022-11-10 10:57:13,967 - log_path: logs
2022-11-10 10:57:13,967 - cache_path: cache
2022-11-10 10:57:13,967 - video_data_path: video_data
2022-11-10 10:57:13,967 - audio_data_path: audio_data
2022-11-10 10:57:13,967 - video_feats_path: video_feats.pkl
2022-11-10 10:57:13,967 - audio_feats_path: audio_feats.pkl
2022-11-10 10:57:13,968 - results_path: results
2022-11-10 10:57:13,968 - output_path: outputs
2022-11-10 10:57:13,968 - model_path: models
2022-11-10 10:57:13,968 - config_file_name: baseline_bert
2022-11-10 10:57:13,968 - results_file_name: baseline_bert.csv
2022-11-10 10:57:13,968 - padding_mode: zero
2022-11-10 10:57:13,968 - padding_loc: end
2022-11-10 10:57:13,968 - need_aligned: False
2022-11-10 10:57:13,968 - eval_monitor: f1
2022-11-10 10:57:13,968 - train_batch_size: 6
2022-11-10 10:57:13,968 - eval_batch_size: 6
2022-11-10 10:57:13,968 - test_batch_size: 4
2022-11-10 10:57:13,968 - wait_patience: 4
2022-11-10 10:57:13,968 - num_train_epochs: 100
2022-11-10 10:57:13,968 - hidden_size: 256
2022-11-10 10:57:13,968 - dropout_rate: 0
2022-11-10 10:57:13,968 - lr: 3e-05
2022-11-10 10:57:13,968 - grad_clip: -1.0
2022-11-10 10:57:13,968 - gamma: 0.5
2022-11-10 10:57:13,968 - common_hyper_param: {'common_param': {'padding_mode': 'zero', 'padding_loc': 'end', 'need_aligned': False, 'eval_monitor': 'f1', 'train_batch_size': 6, 'eval_batch_size': 6, 'test_batch_size': 4, 'wait_patience': 4}, 'hyper_param': {'num_train_epochs': 100, 'hidden_size': 256, 'dropout_rate': 0, 'lr': 3e-05, 'grad_clip': -1.0, 'gamma': 0.5}}
2022-11-10 10:57:13,968 - pred_output_path: outputs\baseline_MIntRec_multi-class_2022-11-10-10-57-13
2022-11-10 10:57:13,968 - model_output_path: outputs\baseline_MIntRec_multi-class_2022-11-10-10-57-13\models
2022-11-10 10:57:13,968 - ============================== End Params ==============================
2022-11-10 10:57:13,972 - Generate Text Features Begin...
2022-11-10 10:57:32,209 - Generate Text Features Finished...
2022-11-10 10:57:32,210 - Load Video Features Begin...
2022-11-10 10:57:32,619 - Load Video Features Finished...
2022-11-10 10:57:33,193 - Load Audio Features Begin...
2022-11-10 10:57:34,025 - Load Audio Features Finished...
2022-11-10 10:58:02,494 - Multimodal intent recognition begins...
2022-11-10 10:58:02,497 - Training begins...
2022-11-10 10:58:39,186 - ***** Epoch: 1: Eval results *****
2022-11-10 10:58:39,203 -   best_eval_score = 0.5888
2022-11-10 10:58:39,203 -   eval_score = 0.5888
2022-11-10 10:58:39,203 -   train_loss = 1.9931
2022-11-10 10:59:09,707 - ***** Epoch: 2: Eval results *****
2022-11-10 10:59:09,707 -   best_eval_score = 0.6469
2022-11-10 10:59:09,707 -   eval_score = 0.6469
2022-11-10 10:59:09,707 -   train_loss = 0.8965
2022-11-10 10:59:42,504 - ***** Epoch: 3: Eval results *****
2022-11-10 10:59:42,504 -   best_eval_score = 0.6775
2022-11-10 10:59:42,504 -   eval_score = 0.6775
2022-11-10 10:59:42,504 -   train_loss = 0.3942
2022-11-10 11:00:15,127 - ***** Epoch: 4: Eval results *****
2022-11-10 11:00:15,127 -   best_eval_score = 0.6795
2022-11-10 11:00:15,127 -   eval_score = 0.6795
2022-11-10 11:00:15,127 -   train_loss = 0.1748
2022-11-10 11:00:44,685 - EarlyStopping counter: 1 out of 4
2022-11-10 11:00:44,685 - ***** Epoch: 5: Eval results *****
2022-11-10 11:00:44,685 -   best_eval_score = 0.6795
2022-11-10 11:00:44,685 -   eval_score = 0.6604
2022-11-10 11:00:44,685 -   train_loss = 0.0924
2022-11-10 11:01:15,363 - ***** Epoch: 6: Eval results *****
2022-11-10 11:01:15,363 -   best_eval_score = 0.6979
2022-11-10 11:01:15,363 -   eval_score = 0.6979
2022-11-10 11:01:15,363 -   train_loss = 0.0408
2022-11-10 11:01:46,026 - ***** Epoch: 7: Eval results *****
2022-11-10 11:01:46,026 -   best_eval_score = 0.6983
2022-11-10 11:01:46,026 -   eval_score = 0.6983
2022-11-10 11:01:46,026 -   train_loss = 0.0264
2022-11-10 11:02:15,931 - EarlyStopping counter: 1 out of 4
2022-11-10 11:02:15,931 - ***** Epoch: 8: Eval results *****
2022-11-10 11:02:15,931 -   best_eval_score = 0.6983
2022-11-10 11:02:15,931 -   eval_score = 0.6909
2022-11-10 11:02:15,931 -   train_loss = 0.0197
2022-11-10 11:02:46,600 - EarlyStopping counter: 2 out of 4
2022-11-10 11:02:46,600 - ***** Epoch: 9: Eval results *****
2022-11-10 11:02:46,600 -   best_eval_score = 0.6983
2022-11-10 11:02:46,600 -   eval_score = 0.6922
2022-11-10 11:02:46,600 -   train_loss = 0.0168
2022-11-10 11:03:15,412 - EarlyStopping counter: 3 out of 4
2022-11-10 11:03:15,412 - ***** Epoch: 10: Eval results *****
2022-11-10 11:03:15,412 -   best_eval_score = 0.6983
2022-11-10 11:03:15,412 -   eval_score = 0.6876
2022-11-10 11:03:15,412 -   train_loss = 0.015
2022-11-10 11:03:44,048 - EarlyStopping counter: 4 out of 4
2022-11-10 11:03:44,048 - ***** Epoch: 11: Eval results *****
2022-11-10 11:03:44,048 -   best_eval_score = 0.6983
2022-11-10 11:03:44,048 -   eval_score = 0.6876
2022-11-10 11:03:44,048 -   train_loss = 0.0142
2022-11-10 11:03:44,048 - EarlyStopping at epoch 11
2022-11-10 11:03:44,048 - Trained models are saved in outputs\baseline_MIntRec_multi-class_2022-11-10-10-57-13\models
2022-11-10 11:03:44,931 - Training is finished...
2022-11-10 11:03:44,931 - Testing begins...
2022-11-10 11:03:47,645 - ***** Test: Confusion Matrix *****
2022-11-10 11:03:47,645 - [[34  1  0  0  8  0  3  0  1  3  0  0  5  1  0  1  0  0  0  0]
 [ 0 35  0  1  0  2  1  0  0  0  0  0  3  1  0  0  0  0  0  0]
 [ 1  0 26  0  0  0  0  0  0  0  0  0  0  0  0  0  0  0  0  0]
 [ 0  0  0 25  0  0  0  0  0  0  0  0  0  0  0  0  0  0  0  0]
 [ 4  0  0  0 13  0  1  0  2  0  0  0  2  1  0  0  0  0  0  0]
 [ 0  0  0  0  0 12  0  0  0  0  0  0  0  0  0  0  0  0  0  0]
 [ 1  1  0  0  2  0  2  0  3  0  0  1  2  0  0  0  0  0  0  0]
 [ 3  0  0  0  0  0  0  5  1  1  0  0  0  0  0  0  0  0  0  0]
 [ 1  0  0  0  1  0  0  2  4  0  0  0  0  1  0  1  0  0  0  0]
 [ 1  0  0  0  0  0  1  0  0  3  1  0  0  0  0  3  0  1  0  0]
 [ 1  0  0  0  0  0  1  0  0  3 13  0  0  0  0  0  0  0  0  0]
 [ 0  0  0  0  0  0  1  0  0  0  0 17  0  0  0  0  0  0  0  1]
 [ 2  1  0  1  1  0  1  2  1  0  0  1 36  4  3  2  1  0  1  0]
 [ 0  0  0  0  0  0  1  0  0  0  1  1  0 21  1  0  0  0  0  0]
 [ 0  0  0  0  1  0  0  0  1  0  0  0  0  4 14  0  1  0  0  1]
 [ 0  1  0  0  0  0  0  0  1  0  0  0  5  1  0 13  0  0  0  0]
 [ 0  0  0  0  0  0  0  0  1  0  0  0  3  0  1  0 12  0  0  0]
 [ 0  0  0  0  0  0  0  0  0  1  1  0  1  1  0  0  0 11  0  0]
 [ 0  0  0  0  0  0  0  0  0  0  0  0  1  0  0  1  0  0 10  0]
 [ 0  0  0  0  0  0  0  0  0  0  0  0  0  1  1  0  0  0  0  8]]
2022-11-10 11:03:47,645 - ***** Evaluation results *****
2022-11-10 11:03:47,645 -   acc = 0.7056
2022-11-10 11:03:47,645 -   f1 = 0.6846
2022-11-10 11:03:47,645 -   prec = 0.6909
2022-11-10 11:03:47,645 -   rec = 0.6861
2022-11-10 11:03:47,645 - Testing is finished...
2022-11-10 11:03:47,645 - Multimodal intent recognition is finished...
2022-11-10 11:03:47,645 - Results are saved in results\baseline_bert.csv
