2022-11-05 22:21:40,568 - ============================== Params ==============================
2022-11-05 22:21:40,568 - logger_name: baseline_MIntRec_multi-class_2022-11-05-22-21-40
2022-11-05 22:21:40,568 - dataset: MIntRec
2022-11-05 22:21:40,568 - data_mode: multi-class
2022-11-05 22:21:40,568 - method: baseline
2022-11-05 22:21:40,568 - text_backbone: bert-base-uncased
2022-11-05 22:21:40,568 - seed: 0
2022-11-05 22:21:40,568 - num_workers: 0
2022-11-05 22:21:40,568 - gpu_id: 0
2022-11-05 22:21:40,568 - data_path: MIA-datasets
2022-11-05 22:21:40,568 - train: True
2022-11-05 22:21:40,568 - tune: False
2022-11-05 22:21:40,568 - save_model: True
2022-11-05 22:21:40,568 - save_results: True
2022-11-05 22:21:40,568 - log_path: logs
2022-11-05 22:21:40,568 - cache_path: cache
2022-11-05 22:21:40,568 - video_data_path: video_data
2022-11-05 22:21:40,568 - audio_data_path: audio_data
2022-11-05 22:21:40,569 - video_feats_path: video_feats.pkl
2022-11-05 22:21:40,569 - audio_feats_path: audio_feats.pkl
2022-11-05 22:21:40,569 - results_path: results
2022-11-05 22:21:40,569 - output_path: outputs
2022-11-05 22:21:40,569 - model_path: models
2022-11-05 22:21:40,569 - config_file_name: baseline_bert
2022-11-05 22:21:40,569 - results_file_name: baseline_bert.csv
2022-11-05 22:21:40,569 - padding_mode: zero
2022-11-05 22:21:40,569 - padding_loc: end
2022-11-05 22:21:40,569 - need_aligned: False
2022-11-05 22:21:40,569 - eval_monitor: f1
2022-11-05 22:21:40,569 - train_batch_size: 6
2022-11-05 22:21:40,569 - eval_batch_size: 6
2022-11-05 22:21:40,569 - test_batch_size: 4
2022-11-05 22:21:40,569 - wait_patience: 4
2022-11-05 22:21:40,569 - num_train_epochs: 100
2022-11-05 22:21:40,569 - hidden_size: 256
2022-11-05 22:21:40,569 - dropout_rate: 0
2022-11-05 22:21:40,569 - lr: 3e-05
2022-11-05 22:21:40,569 - grad_clip: -1.0
2022-11-05 22:21:40,569 - gamma: 0.5
2022-11-05 22:21:40,569 - common_hyper_param: {'common_param': {'padding_mode': 'zero', 'padding_loc': 'end', 'need_aligned': False, 'eval_monitor': 'f1', 'train_batch_size': 6, 'eval_batch_size': 6, 'test_batch_size': 4, 'wait_patience': 4}, 'hyper_param': {'num_train_epochs': 100, 'hidden_size': 256, 'dropout_rate': 0, 'lr': 3e-05, 'grad_clip': -1.0, 'gamma': 0.5}}
2022-11-05 22:21:40,569 - pred_output_path: outputs\baseline_MIntRec_multi-class_2022-11-05-22-21-40
2022-11-05 22:21:40,569 - model_output_path: outputs\baseline_MIntRec_multi-class_2022-11-05-22-21-40\models
2022-11-05 22:21:40,569 - ============================== End Params ==============================
2022-11-05 22:21:40,573 - Generate Text Features Begin...
2022-11-05 22:21:57,495 - Generate Text Features Finished...
2022-11-05 22:21:57,496 - Load Video Features Begin...
2022-11-05 22:21:57,910 - Load Video Features Finished...
2022-11-05 22:21:58,303 - Load Audio Features Begin...
2022-11-05 22:21:59,042 - Load Audio Features Finished...
