2022-11-09 19:02:38,257 - ============================== Params ==============================
2022-11-09 19:02:38,257 - logger_name: baseline_MIntRec_binary-class_2022-11-09-19-02-38
2022-11-09 19:02:38,257 - dataset: MIntRec
2022-11-09 19:02:38,257 - data_mode: binary-class
2022-11-09 19:02:38,257 - method: baseline
2022-11-09 19:02:38,257 - text_backbone: bert-base-uncased
2022-11-09 19:02:38,257 - seed: 0
2022-11-09 19:02:38,257 - num_workers: 0
2022-11-09 19:02:38,257 - gpu_id: 0
2022-11-09 19:02:38,257 - data_path: MIA-datasets
2022-11-09 19:02:38,257 - train: True
2022-11-09 19:02:38,257 - tune: False
2022-11-09 19:02:38,257 - save_model: True
2022-11-09 19:02:38,257 - save_results: True
2022-11-09 19:02:38,257 - log_path: logs
2022-11-09 19:02:38,257 - cache_path: cache
2022-11-09 19:02:38,257 - video_data_path: video_data
2022-11-09 19:02:38,257 - audio_data_path: audio_data
2022-11-09 19:02:38,257 - video_feats_path: video_feats.pkl
2022-11-09 19:02:38,257 - audio_feats_path: audio_feats.pkl
2022-11-09 19:02:38,257 - results_path: results
2022-11-09 19:02:38,257 - output_path: outputs
2022-11-09 19:02:38,257 - model_path: models
2022-11-09 19:02:38,258 - config_file_name: baseline_bert_bi
2022-11-09 19:02:38,258 - results_file_name: baseline_bert_bi.csv
2022-11-09 19:02:38,258 - padding_mode: zero
2022-11-09 19:02:38,258 - padding_loc: end
2022-11-09 19:02:38,258 - need_aligned: False
2022-11-09 19:02:38,258 - eval_monitor: f1
2022-11-09 19:02:38,258 - train_batch_size: 6
2022-11-09 19:02:38,258 - eval_batch_size: 6
2022-11-09 19:02:38,258 - test_batch_size: 4
2022-11-09 19:02:38,258 - wait_patience: 4
2022-11-09 19:02:38,258 - num_train_epochs: 100
2022-11-09 19:02:38,258 - hidden_size: 256
2022-11-09 19:02:38,258 - dropout_rate: 0
2022-11-09 19:02:38,258 - lr: 3e-05
2022-11-09 19:02:38,258 - grad_clip: -1.0
2022-11-09 19:02:38,258 - gamma: 0.5
2022-11-09 19:02:38,258 - common_hyper_param: {'common_param': {'padding_mode': 'zero', 'padding_loc': 'end', 'need_aligned': False, 'eval_monitor': 'f1', 'train_batch_size': 6, 'eval_batch_size': 6, 'test_batch_size': 4, 'wait_patience': 4}, 'hyper_param': {'num_train_epochs': 100, 'hidden_size': 256, 'dropout_rate': 0, 'lr': 3e-05, 'grad_clip': -1.0, 'gamma': 0.5}}
2022-11-09 19:02:38,258 - pred_output_path: outputs\baseline_MIntRec_binary-class_2022-11-09-19-02-38
2022-11-09 19:02:38,258 - model_output_path: outputs\baseline_MIntRec_binary-class_2022-11-09-19-02-38\models
2022-11-09 19:02:38,258 - ============================== End Params ==============================
2022-11-09 19:02:38,262 - Generate Text Features Begin...
2022-11-09 19:02:55,127 - Generate Text Features Finished...
2022-11-09 19:02:55,128 - Load Video Features Begin...
2022-11-09 19:02:55,546 - Load Video Features Finished...
2022-11-09 19:02:55,963 - Load Audio Features Begin...
2022-11-09 19:02:56,737 - Load Audio Features Finished...
2022-11-09 19:03:17,343 - Multimodal intent recognition begins...
2022-11-09 19:03:17,347 - Training begins...
2022-11-09 19:03:43,328 - ***** Epoch: 1: Eval results *****
2022-11-09 19:03:43,339 -   best_eval_score = 0.8721
2022-11-09 19:03:43,339 -   eval_score = 0.8721
2022-11-09 19:03:43,339 -   train_loss = 0.3564
2022-11-09 19:04:03,168 - EarlyStopping counter: 1 out of 4
2022-11-09 19:04:03,169 - ***** Epoch: 2: Eval results *****
2022-11-09 19:04:03,169 -   best_eval_score = 0.8721
2022-11-09 19:04:03,169 -   eval_score = 0.8403
2022-11-09 19:04:03,169 -   train_loss = 0.1103
2022-11-09 19:04:23,063 - ***** Epoch: 3: Eval results *****
2022-11-09 19:04:23,063 -   best_eval_score = 0.9157
2022-11-09 19:04:23,063 -   eval_score = 0.9157
2022-11-09 19:04:23,063 -   train_loss = 0.0385
2022-11-09 19:04:42,697 - EarlyStopping counter: 1 out of 4
2022-11-09 19:04:42,697 - ***** Epoch: 4: Eval results *****
2022-11-09 19:04:42,697 -   best_eval_score = 0.9157
2022-11-09 19:04:42,697 -   eval_score = 0.9013
2022-11-09 19:04:42,697 -   train_loss = 0.0033
2022-11-09 19:05:02,401 - EarlyStopping counter: 2 out of 4
2022-11-09 19:05:02,408 - ***** Epoch: 5: Eval results *****
2022-11-09 19:05:02,408 -   best_eval_score = 0.9157
2022-11-09 19:05:02,408 -   eval_score = 0.9133
2022-11-09 19:05:02,408 -   train_loss = 0.0012
2022-11-09 19:05:22,111 - EarlyStopping counter: 3 out of 4
2022-11-09 19:05:22,111 - ***** Epoch: 6: Eval results *****
2022-11-09 19:05:22,111 -   best_eval_score = 0.9157
2022-11-09 19:05:22,112 -   eval_score = 0.9133
2022-11-09 19:05:22,112 -   train_loss = 0.0009
2022-11-09 19:05:43,018 - EarlyStopping counter: 4 out of 4
2022-11-09 19:05:43,018 - ***** Epoch: 7: Eval results *****
2022-11-09 19:05:43,018 -   best_eval_score = 0.9157
2022-11-09 19:05:43,018 -   eval_score = 0.9133
2022-11-09 19:05:43,018 -   train_loss = 0.0008
2022-11-09 19:05:43,025 - EarlyStopping at epoch 7
2022-11-09 19:05:43,025 - Trained models are saved in outputs\baseline_MIntRec_binary-class_2022-11-09-19-02-38\models
2022-11-09 19:05:44,060 - Training is finished...
2022-11-09 19:05:44,060 - Testing begins...
2022-11-09 19:05:46,586 - ***** Test: Confusion Matrix *****
2022-11-09 19:05:46,589 - [[223  25]
 [ 19 178]]
2022-11-09 19:05:46,590 - ***** Evaluation results *****
2022-11-09 19:05:46,590 -   acc = 0.9011
2022-11-09 19:05:46,590 -   f1 = 0.9001
2022-11-09 19:05:46,590 -   prec = 0.8992
2022-11-09 19:05:46,590 -   rec = 0.9014
2022-11-09 19:05:46,590 - Testing is finished...
2022-11-09 19:05:46,590 - Multimodal intent recognition is finished...
2022-11-09 19:05:46,590 - Results are saved in results\baseline_bert_bi.csv
