2022-11-18 18:52:05,633 - ============================== Params ==============================
2022-11-18 18:52:05,633 - logger_name: mag_bert_MIntRec_multi-class_2022-11-18-18-52-05
2022-11-18 18:52:05,634 - dataset: MIntRec
2022-11-18 18:52:05,634 - data_mode: multi-class
2022-11-18 18:52:05,634 - method: mag_bert
2022-11-18 18:52:05,634 - text_backbone: bert-base-uncased
2022-11-18 18:52:05,634 - seed: 0
2022-11-18 18:52:05,634 - num_workers: 0
2022-11-18 18:52:05,634 - gpu_id: 0
2022-11-18 18:52:05,634 - data_path: MIA-datasets
2022-11-18 18:52:05,634 - train: True
2022-11-18 18:52:05,634 - tune: False
2022-11-18 18:52:05,634 - save_model: True
2022-11-18 18:52:05,634 - save_results: True
2022-11-18 18:52:05,634 - log_path: logs
2022-11-18 18:52:05,634 - cache_path: cache
2022-11-18 18:52:05,634 - video_data_path: video_data
2022-11-18 18:52:05,634 - audio_data_path: audio_data
2022-11-18 18:52:05,634 - video_feats_path: video_feats.pkl
2022-11-18 18:52:05,634 - audio_feats_path: audio_feats.pkl
2022-11-18 18:52:05,634 - results_path: results
2022-11-18 18:52:05,634 - output_path: outputs
2022-11-18 18:52:05,634 - model_path: models
2022-11-18 18:52:05,634 - config_file_name: mag_bert
2022-11-18 18:52:05,634 - results_file_name: mag_bert.csv
2022-11-18 18:52:05,634 - padding_mode: zero
2022-11-18 18:52:05,634 - padding_loc: end
2022-11-18 18:52:05,634 - need_aligned: True
2022-11-18 18:52:05,634 - eval_monitor: f1
2022-11-18 18:52:05,634 - train_batch_size: 6
2022-11-18 18:52:05,634 - eval_batch_size: 6
2022-11-18 18:52:05,634 - test_batch_size: 4
2022-11-18 18:52:05,634 - wait_patience: 4
2022-11-18 18:52:05,634 - num_train_epochs: 100
2022-11-18 18:52:05,634 - beta_shift: 0.005
2022-11-18 18:52:05,634 - dropout_prob: 0.5
2022-11-18 18:52:05,634 - warmup_proportion: 0.1
2022-11-18 18:52:05,634 - lr: 2e-05
2022-11-18 18:52:05,634 - aligned_method: ctc
2022-11-18 18:52:05,634 - weight_decay: 0.03
2022-11-18 18:52:05,635 - common_hyper_param: {'common_param': {'padding_mode': 'zero', 'padding_loc': 'end', 'need_aligned': True, 'eval_monitor': 'f1', 'train_batch_size': 6, 'eval_batch_size': 6, 'test_batch_size': 4, 'wait_patience': 4}, 'hyper_param': {'num_train_epochs': 100, 'beta_shift': 0.005, 'dropout_prob': 0.5, 'warmup_proportion': 0.1, 'lr': 2e-05, 'aligned_method': 'ctc', 'weight_decay': 0.03}}
2022-11-18 18:52:05,635 - pred_output_path: outputs\mag_bert_MIntRec_multi-class_2022-11-18-18-52-05
2022-11-18 18:52:05,635 - model_output_path: outputs\mag_bert_MIntRec_multi-class_2022-11-18-18-52-05\models
2022-11-18 18:52:05,635 - ============================== End Params ==============================
2022-11-18 18:52:05,638 - Generate Text Features Begin...
2022-11-18 18:52:22,046 - Generate Text Features Finished...
2022-11-18 18:52:22,047 - Load Video Features Begin...
2022-11-18 18:52:22,467 - Load Video Features Finished...
2022-11-18 18:52:22,856 - Load Audio Features Begin...
2022-11-18 18:52:23,559 - Load Audio Features Finished...
2022-11-18 18:52:44,641 - Multimodal intent recognition begins...
2022-11-18 18:52:44,641 - Training begins...
2022-11-18 18:53:07,672 - ***** Epoch: 1: Eval results *****
2022-11-18 18:53:07,688 -   train_loss = 2.9084
2022-11-18 18:53:07,688 -   best_eval_score = 0.0
2022-11-18 18:53:07,688 -   eval_score = 0.0132
2022-11-18 18:53:28,547 - ***** Epoch: 2: Eval results *****
2022-11-18 18:53:28,547 -   train_loss = 2.7682
2022-11-18 18:53:28,547 -   best_eval_score = 0.0132
2022-11-18 18:53:28,547 -   eval_score = 0.1899
2022-11-18 18:53:48,828 - ***** Epoch: 3: Eval results *****
2022-11-18 18:53:48,828 -   train_loss = 2.3772
2022-11-18 18:53:48,828 -   best_eval_score = 0.1899
2022-11-18 18:53:48,828 -   eval_score = 0.2839
2022-11-18 18:54:08,801 - ***** Epoch: 4: Eval results *****
2022-11-18 18:54:08,801 -   train_loss = 1.8911
2022-11-18 18:54:08,801 -   best_eval_score = 0.2839
2022-11-18 18:54:08,801 -   eval_score = 0.4239
2022-11-18 18:54:28,890 - ***** Epoch: 5: Eval results *****
2022-11-18 18:54:28,890 -   train_loss = 1.5084
2022-11-18 18:54:28,890 -   best_eval_score = 0.4239
2022-11-18 18:54:28,890 -   eval_score = 0.5453
2022-11-18 18:54:48,039 - ***** Epoch: 6: Eval results *****
2022-11-18 18:54:48,039 -   train_loss = 1.205
2022-11-18 18:54:48,039 -   best_eval_score = 0.5453
2022-11-18 18:54:48,039 -   eval_score = 0.5711
2022-11-18 18:55:08,150 - ***** Epoch: 7: Eval results *****
2022-11-18 18:55:08,150 -   train_loss = 0.9357
2022-11-18 18:55:08,150 -   best_eval_score = 0.5711
2022-11-18 18:55:08,150 -   eval_score = 0.6052
2022-11-18 18:55:29,196 - ***** Epoch: 8: Eval results *****
2022-11-18 18:55:29,196 -   train_loss = 0.7448
2022-11-18 18:55:29,196 -   best_eval_score = 0.6052
2022-11-18 18:55:29,196 -   eval_score = 0.617
2022-11-18 18:55:48,417 - ***** Epoch: 9: Eval results *****
2022-11-18 18:55:48,417 -   train_loss = 0.5264
2022-11-18 18:55:48,417 -   best_eval_score = 0.617
2022-11-18 18:55:48,417 -   eval_score = 0.6633
2022-11-18 18:56:08,051 - ***** Epoch: 10: Eval results *****
2022-11-18 18:56:08,051 -   train_loss = 0.4075
2022-11-18 18:56:08,051 -   best_eval_score = 0.6633
2022-11-18 18:56:08,051 -   eval_score = 0.6698
2022-11-18 18:56:28,333 - ***** Epoch: 11: Eval results *****
2022-11-18 18:56:28,333 -   train_loss = 0.2722
2022-11-18 18:56:28,333 -   best_eval_score = 0.6698
2022-11-18 18:56:28,333 -   eval_score = 0.6559
2022-11-18 18:56:28,333 - EarlyStopping counter: 1 out of 4
2022-11-18 18:56:48,187 - ***** Epoch: 12: Eval results *****
2022-11-18 18:56:48,187 -   train_loss = 0.2153
2022-11-18 18:56:48,187 -   best_eval_score = 0.6698
2022-11-18 18:56:48,187 -   eval_score = 0.6585
2022-11-18 18:56:48,187 - EarlyStopping counter: 2 out of 4
2022-11-18 18:57:05,944 - ***** Epoch: 13: Eval results *****
2022-11-18 18:57:05,944 -   train_loss = 0.1629
2022-11-18 18:57:05,944 -   best_eval_score = 0.6698
2022-11-18 18:57:05,944 -   eval_score = 0.6439
2022-11-18 18:57:05,944 - EarlyStopping counter: 3 out of 4
2022-11-18 18:57:23,554 - ***** Epoch: 14: Eval results *****
2022-11-18 18:57:23,554 -   train_loss = 0.1779
2022-11-18 18:57:23,554 -   best_eval_score = 0.6698
2022-11-18 18:57:23,554 -   eval_score = 0.625
2022-11-18 18:57:23,554 - EarlyStopping counter: 4 out of 4
2022-11-18 18:57:23,554 - EarlyStopping at epoch 14
2022-11-18 18:57:23,554 - Trained models are saved in outputs\mag_bert_MIntRec_multi-class_2022-11-18-18-52-05\models
2022-11-18 18:57:24,212 - Training is finished...
2022-11-18 18:57:24,212 - Testing begins...
2022-11-18 18:57:26,004 - ***** Test: Confusion Matrix *****
2022-11-18 18:57:26,020 - [[30  3  0  0  7  0  1  4  2  4  1  0  3  2  0  0  0  0  0  0]
 [ 0 36  0  2  0  1  0  0  0  0  2  0  2  0  0  0  0  0  0  0]
 [ 0  0 27  0  0  0  0  0  0  0  0  0  0  0  0  0  0  0  0  0]
 [ 0  0  0 25  0  0  0  0  0  0  0  0  0  0  0  0  0  0  0  0]
 [ 5  1  0  0  8  0  2  0  0  1  1  1  1  1  2  0  0  0  0  0]
 [ 0  0  0  0  0 12  0  0  0  0  0  0  0  0  0  0  0  0  0  0]
 [ 1  1  0  0  3  0  1  0  0  0  0  0  1  0  1  3  1  0  0  0]
 [ 2  1  0  0  0  0  0  5  0  1  1  0  0  0  0  0  0  0  0  0]
 [ 0  0  0  0  0  0  1  5  0  0  0  0  0  2  0  1  0  0  0  1]
 [ 1  0  0  0  1  0  0  0  0  3  1  0  0  0  0  3  0  1  0  0]
 [ 0  2  0  0  0  0  0  0  0  1 15  0  0  0  0  0  0  0  0  0]
 [ 0  0  1  0  0  0  0  0  0  0  0 17  0  0  0  0  0  0  0  1]
 [ 1  1  0  1  0  1  0  0  0  1  2  0 38  2  5  3  2  0  0  0]
 [ 0  0  0  0  1  0  0  0  0  0  1  1  2 17  3  0  0  0  0  0]
 [ 0  0  0  0  0  0  0  0  0  0  0  0  1  4 14  0  1  0  0  2]
 [ 0  0  0  1  0  0  0  1  0  0  0  0  3  0  1 15  0  0  0  0]
 [ 0  0  0  0  0  0  0  0  0  0  0  0  1  0  1  0 14  0  0  1]
 [ 0  0  0  0  0  0  0  0  0  1  2  0  1  0  0  0  0 11  0  0]
 [ 0  0  0  0  0  0  0  0  0  0  0  0  2  0  0  1  0  0  9  0]
 [ 0  0  0  0  0  0  0  0  0  0  0  0  0  1  1  0  0  0  0  8]]
2022-11-18 18:57:26,020 - ***** Evaluation results *****
2022-11-18 18:57:26,020 -   acc = 0.6854
2022-11-18 18:57:26,020 -   f1 = 0.634
2022-11-18 18:57:26,020 -   prec = 0.6276
2022-11-18 18:57:26,020 -   rec = 0.6563
2022-11-18 18:57:26,020 - Testing is finished...
2022-11-18 18:57:26,020 - Multimodal intent recognition is finished...
2022-11-18 18:57:26,020 - Results are saved in results\mag_bert.csv
