2022-11-03 14:19:08,234 - ============================== Params ==============================
2022-11-03 14:19:08,234 - logger_name: misa_MIntRec_multi-class_2022-11-03-14-19-08
2022-11-03 14:19:08,234 - dataset: MIntRec
2022-11-03 14:19:08,234 - data_mode: multi-class
2022-11-03 14:19:08,234 - method: misa
2022-11-03 14:19:08,234 - text_backbone: bert-base-uncased
2022-11-03 14:19:08,234 - seed: 0
2022-11-03 14:19:08,234 - num_workers: 0
2022-11-03 14:19:08,234 - gpu_id: 0
2022-11-03 14:19:08,234 - data_path: MIA-datasets
2022-11-03 14:19:08,234 - train: True
2022-11-03 14:19:08,234 - tune: False
2022-11-03 14:19:08,234 - save_model: True
2022-11-03 14:19:08,235 - save_results: True
2022-11-03 14:19:08,235 - log_path: logs
2022-11-03 14:19:08,235 - cache_path: cache
2022-11-03 14:19:08,235 - video_data_path: video_data
2022-11-03 14:19:08,235 - audio_data_path: audio_data
2022-11-03 14:19:08,235 - video_feats_path: video_feats.pkl
2022-11-03 14:19:08,235 - audio_feats_path: audio_feats.pkl
2022-11-03 14:19:08,235 - results_path: results
2022-11-03 14:19:08,235 - output_path: outputs
2022-11-03 14:19:08,235 - model_path: models
2022-11-03 14:19:08,235 - config_file_name: misa_bert
2022-11-03 14:19:08,235 - results_file_name: misa_bert.csv
2022-11-03 14:19:08,235 - padding_mode: zero
2022-11-03 14:19:08,235 - padding_loc: end
2022-11-03 14:19:08,235 - need_aligned: False
2022-11-03 14:19:08,235 - eval_monitor: f1
2022-11-03 14:19:08,235 - train_batch_size: 6
2022-11-03 14:19:08,235 - eval_batch_size: 6
2022-11-03 14:19:08,235 - test_batch_size: 4
2022-11-03 14:19:08,235 - wait_patience: 4
2022-11-03 14:19:08,235 - num_train_epochs: 1
2022-11-03 14:19:08,235 - rnncell: lstm
2022-11-03 14:19:08,235 - use_cmd_sim: False
2022-11-03 14:19:08,235 - reverse_grad_weight: 0.8
2022-11-03 14:19:08,235 - hidden_size: 256
2022-11-03 14:19:08,235 - dropout_rate: 0.1
2022-11-03 14:19:08,235 - diff_weight: 0.7
2022-11-03 14:19:08,235 - sim_weight: 0.7
2022-11-03 14:19:08,235 - recon_weight: 0.6
2022-11-03 14:19:08,235 - lr: 3e-05
2022-11-03 14:19:08,235 - grad_clip: -1.0
2022-11-03 14:19:08,235 - gamma: 0.5
2022-11-03 14:19:08,235 - common_hyper_param: {'common_param': {'padding_mode': 'zero', 'padding_loc': 'end', 'need_aligned': False, 'eval_monitor': 'f1', 'train_batch_size': 6, 'eval_batch_size': 6, 'test_batch_size': 4, 'wait_patience': 4}, 'hyper_param': {'num_train_epochs': 1, 'rnncell': 'lstm', 'use_cmd_sim': False, 'reverse_grad_weight': 0.8, 'hidden_size': 256, 'dropout_rate': 0.1, 'diff_weight': 0.7, 'sim_weight': 0.7, 'recon_weight': 0.6, 'lr': 3e-05, 'grad_clip': -1.0, 'gamma': 0.5}}
2022-11-03 14:19:08,235 - pred_output_path: outputs\misa_MIntRec_multi-class_2022-11-03-14-19-08
2022-11-03 14:19:08,235 - model_output_path: outputs\misa_MIntRec_multi-class_2022-11-03-11-15-03\models
2022-11-03 14:19:08,235 - ============================== End Params ==============================
2022-11-03 14:19:08,239 - Generate Text Features Begin...
2022-11-03 14:19:24,954 - Generate Text Features Finished...
2022-11-03 14:19:24,954 - Load Video Features Begin...
2022-11-03 14:19:25,234 - Load Video Features Finished...
2022-11-03 14:19:25,639 - Load Audio Features Begin...
2022-11-03 14:19:26,420 - Load Audio Features Finished...
2022-11-03 14:19:48,973 - Multimodal intent recognition begins...
2022-11-03 14:19:48,975 - Training begins...
