2022-11-03 14:25:01,483 - ============================== Params ==============================
2022-11-03 14:25:01,484 - logger_name: misa_MIntRec_multi-class_2022-11-03-14-25-01
2022-11-03 14:25:01,484 - dataset: MIntRec
2022-11-03 14:25:01,484 - data_mode: multi-class
2022-11-03 14:25:01,484 - method: misa
2022-11-03 14:25:01,484 - text_backbone: bert-base-uncased
2022-11-03 14:25:01,484 - seed: 0
2022-11-03 14:25:01,484 - num_workers: 0
2022-11-03 14:25:01,484 - gpu_id: 0
2022-11-03 14:25:01,484 - data_path: MIA-datasets
2022-11-03 14:25:01,484 - train: True
2022-11-03 14:25:01,484 - tune: False
2022-11-03 14:25:01,484 - save_model: True
2022-11-03 14:25:01,485 - save_results: True
2022-11-03 14:25:01,485 - log_path: logs
2022-11-03 14:25:01,485 - cache_path: cache
2022-11-03 14:25:01,485 - video_data_path: video_data
2022-11-03 14:25:01,485 - audio_data_path: audio_data
2022-11-03 14:25:01,486 - video_feats_path: video_feats.pkl
2022-11-03 14:25:01,486 - audio_feats_path: audio_feats.pkl
2022-11-03 14:25:01,486 - results_path: results
2022-11-03 14:25:01,486 - output_path: outputs
2022-11-03 14:25:01,486 - model_path: models
2022-11-03 14:25:01,486 - config_file_name: misa_bert
2022-11-03 14:25:01,486 - results_file_name: misa_bert.csv
2022-11-03 14:25:01,486 - padding_mode: zero
2022-11-03 14:25:01,486 - padding_loc: end
2022-11-03 14:25:01,486 - need_aligned: False
2022-11-03 14:25:01,486 - eval_monitor: f1
2022-11-03 14:25:01,486 - train_batch_size: 6
2022-11-03 14:25:01,486 - eval_batch_size: 6
2022-11-03 14:25:01,486 - test_batch_size: 4
2022-11-03 14:25:01,486 - wait_patience: 4
2022-11-03 14:25:01,486 - num_train_epochs: 1
2022-11-03 14:25:01,486 - rnncell: lstm
2022-11-03 14:25:01,486 - use_cmd_sim: False
2022-11-03 14:25:01,486 - reverse_grad_weight: 0.8
2022-11-03 14:25:01,486 - hidden_size: 256
2022-11-03 14:25:01,486 - dropout_rate: 0.1
2022-11-03 14:25:01,486 - diff_weight: 0.7
2022-11-03 14:25:01,486 - sim_weight: 0.7
2022-11-03 14:25:01,486 - recon_weight: 0.6
2022-11-03 14:25:01,486 - lr: 3e-05
2022-11-03 14:25:01,486 - grad_clip: -1.0
2022-11-03 14:25:01,486 - gamma: 0.5
2022-11-03 14:25:01,486 - common_hyper_param: {'common_param': {'padding_mode': 'zero', 'padding_loc': 'end', 'need_aligned': False, 'eval_monitor': 'f1', 'train_batch_size': 6, 'eval_batch_size': 6, 'test_batch_size': 4, 'wait_patience': 4}, 'hyper_param': {'num_train_epochs': 1, 'rnncell': 'lstm', 'use_cmd_sim': False, 'reverse_grad_weight': 0.8, 'hidden_size': 256, 'dropout_rate': 0.1, 'diff_weight': 0.7, 'sim_weight': 0.7, 'recon_weight': 0.6, 'lr': 3e-05, 'grad_clip': -1.0, 'gamma': 0.5}}
2022-11-03 14:25:01,486 - pred_output_path: outputs\misa_MIntRec_multi-class_2022-11-03-14-25-01
2022-11-03 14:25:01,487 - model_output_path: outputs\misa_MIntRec_multi-class_2022-11-03-11-15-03\models
2022-11-03 14:25:01,487 - ============================== End Params ==============================
2022-11-03 14:25:01,493 - Generate Text Features Begin...
2022-11-03 14:25:18,818 - Generate Text Features Finished...
2022-11-03 14:25:18,818 - Load Video Features Begin...
2022-11-03 14:25:19,228 - Load Video Features Finished...
2022-11-03 14:25:19,626 - Load Audio Features Begin...
2022-11-03 14:25:20,368 - Load Audio Features Finished...
2022-11-03 14:25:55,892 - Multimodal intent recognition begins...
2022-11-03 14:25:55,895 - Training begins...
2022-11-03 14:26:40,799 - ***** Epoch: 1: Eval results *****
2022-11-03 14:26:40,806 -   best_eval_score = 0.4166
2022-11-03 14:26:40,806 -   eval_score = 0.4166
2022-11-03 14:26:40,806 -   train_loss = 3.3116
2022-11-03 14:26:40,806 - Trained models are saved in outputs\misa_MIntRec_multi-class_2022-11-03-11-15-03\models
2022-11-03 14:26:41,615 - Training is finished...
2022-11-03 14:26:41,615 - Testing begins...
2022-11-03 14:26:44,042 - ***** Test: Confusion Matrix *****
2022-11-03 14:26:44,046 - [[46  5  0  0  1  0  0  0  0  0  0  0  5  0  0  0  0  0  0  0]
 [ 0 43  0  0  0  0  0  0  0  0  0  0  0  0  0  0  0  0  0  0]
 [ 1  0 26  0  0  0  0  0  0  0  0  0  0  0  0  0  0  0  0  0]
 [ 0  1  0 24  0  0  0  0  0  0  0  0  0  0  0  0  0  0  0  0]
 [10  0  0  0 12  0  0  0  0  0  0  0  1  0  0  0  0  0  0  0]
 [ 1  9  0  0  0  1  0  0  0  0  0  0  1  0  0  0  0  0  0  0]
 [ 4  2  0  0  3  0  0  0  0  0  0  0  3  0  0  0  0  0  0  0]
 [ 5  4  0  0  0  0  0  0  0  0  0  0  1  0  0  0  0  0  0  0]
 [ 4  3  0  0  0  0  0  0  0  0  0  0  2  0  0  1  0  0  0  0]
 [ 4  1  0  0  2  0  0  0  0  0  0  0  3  0  0  0  0  0  0  0]
 [ 3  5  0  0  1  0  0  0  0  0  8  0  1  0  0  0  0  0  0  0]
 [ 0  0  0  0  3  0  0  0  0  0  0 15  1  0  0  0  0  0  0  0]
 [ 5  6  0  1  0  0  0  0  0  0  0  0 45  0  0  0  0  0  0  0]
 [ 2  2  0  0  3  0  0  0  0  0  1  1  6 10  0  0  0  0  0  0]
 [ 0  1  0  0  1  0  0  0  0  0  0  0 17  3  0  0  0  0  0  0]
 [ 0  6  0  1  0  0  0  0  0  0  0  0 10  0  0  4  0  0  0  0]
 [ 1  0  0  0  0  0  0  0  0  0  0  0  6  0  0  0 10  0  0  0]
 [ 3  0  0  0  4  0  0  0  0  0  0  0  2  0  0  0  0  6  0  0]
 [ 0  3  0  0  0  0  0  0  0  0  0  0  2  0  0  0  0  0  7  0]
 [ 1  0  0  0  0  0  0  0  0  0  0  0  7  2  0  0  0  0  0  0]]
2022-11-03 14:26:44,046 - ***** Evaluation results *****
2022-11-03 14:26:44,046 -   acc = 0.5775
2022-11-03 14:26:44,046 -   f1 = 0.4316
2022-11-03 14:26:44,047 -   prec = 0.5499
2022-11-03 14:26:44,047 -   rec = 0.426
2022-11-03 14:26:44,048 - Testing is finished...
2022-11-03 14:26:44,049 - Multimodal intent recognition is finished...
2022-11-03 14:26:44,049 - Results are saved in results\misa_bert.csv
