2022-11-09 16:09:27,110 - ============================== Params ==============================
2022-11-09 16:09:27,110 - logger_name: misa_MIntRec_multi-class_2022-11-09-16-09-27
2022-11-09 16:09:27,110 - dataset: MIntRec
2022-11-09 16:09:27,110 - data_mode: multi-class
2022-11-09 16:09:27,110 - method: misa
2022-11-09 16:09:27,110 - text_backbone: bert-base-uncased
2022-11-09 16:09:27,110 - seed: 0
2022-11-09 16:09:27,110 - num_workers: 0
2022-11-09 16:09:27,110 - gpu_id: 0
2022-11-09 16:09:27,110 - data_path: MIA-datasets
2022-11-09 16:09:27,110 - train: True
2022-11-09 16:09:27,110 - tune: False
2022-11-09 16:09:27,110 - save_model: True
2022-11-09 16:09:27,111 - save_results: True
2022-11-09 16:09:27,111 - log_path: logs
2022-11-09 16:09:27,111 - cache_path: cache
2022-11-09 16:09:27,111 - video_data_path: video_data
2022-11-09 16:09:27,111 - audio_data_path: audio_data
2022-11-09 16:09:27,111 - video_feats_path: video_feats.pkl
2022-11-09 16:09:27,111 - audio_feats_path: audio_feats.pkl
2022-11-09 16:09:27,111 - results_path: results
2022-11-09 16:09:27,111 - output_path: outputs
2022-11-09 16:09:27,111 - model_path: models
2022-11-09 16:09:27,111 - config_file_name: misa_bert
2022-11-09 16:09:27,111 - results_file_name: misa_bert.csv
2022-11-09 16:09:27,111 - padding_mode: zero
2022-11-09 16:09:27,111 - padding_loc: end
2022-11-09 16:09:27,111 - need_aligned: False
2022-11-09 16:09:27,111 - eval_monitor: f1
2022-11-09 16:09:27,111 - train_batch_size: 6
2022-11-09 16:09:27,111 - eval_batch_size: 6
2022-11-09 16:09:27,111 - test_batch_size: 4
2022-11-09 16:09:27,111 - wait_patience: 4
2022-11-09 16:09:27,111 - num_train_epochs: 100
2022-11-09 16:09:27,111 - rnncell: lstm
2022-11-09 16:09:27,111 - use_cmd_sim: False
2022-11-09 16:09:27,111 - reverse_grad_weight: 0.8
2022-11-09 16:09:27,111 - hidden_size: 256
2022-11-09 16:09:27,111 - dropout_rate: 0.1
2022-11-09 16:09:27,111 - diff_weight: 0.7
2022-11-09 16:09:27,111 - sim_weight: 0.7
2022-11-09 16:09:27,111 - recon_weight: 0.6
2022-11-09 16:09:27,111 - lr: 3e-05
2022-11-09 16:09:27,111 - grad_clip: -1.0
2022-11-09 16:09:27,111 - gamma: 0.5
2022-11-09 16:09:27,111 - common_hyper_param: {'common_param': {'padding_mode': 'zero', 'padding_loc': 'end', 'need_aligned': False, 'eval_monitor': 'f1', 'train_batch_size': 6, 'eval_batch_size': 6, 'test_batch_size': 4, 'wait_patience': 4}, 'hyper_param': {'num_train_epochs': 100, 'rnncell': 'lstm', 'use_cmd_sim': False, 'reverse_grad_weight': 0.8, 'hidden_size': 256, 'dropout_rate': 0.1, 'diff_weight': 0.7, 'sim_weight': 0.7, 'recon_weight': 0.6, 'lr': 3e-05, 'grad_clip': -1.0, 'gamma': 0.5}}
2022-11-09 16:09:27,111 - pred_output_path: outputs\misa_MIntRec_multi-class_2022-11-09-16-09-27
2022-11-09 16:09:27,111 - model_output_path: outputs\misa_MIntRec_multi-class_2022-11-09-16-09-27\models
2022-11-09 16:09:27,111 - ============================== End Params ==============================
2022-11-09 16:09:27,115 - Generate Text Features Begin...
2022-11-09 16:09:43,693 - Generate Text Features Finished...
2022-11-09 16:09:43,694 - Load Video Features Begin...
2022-11-09 16:09:44,127 - Load Video Features Finished...
2022-11-09 16:09:44,517 - Load Audio Features Begin...
2022-11-09 16:09:45,229 - Load Audio Features Finished...
2022-11-09 16:10:08,081 - Multimodal intent recognition begins...
2022-11-09 16:10:08,083 - Training begins...
2022-11-09 16:10:39,690 - ***** Epoch: 1: Eval results *****
2022-11-09 16:10:39,699 -   best_eval_score = 0.0
2022-11-09 16:10:39,699 -   eval_score = 0.5217
2022-11-09 16:10:39,699 -   train_loss = 3.3892
2022-11-09 16:11:08,618 - ***** Epoch: 2: Eval results *****
2022-11-09 16:11:08,618 -   best_eval_score = 0.5217
2022-11-09 16:11:08,618 -   eval_score = 0.6556
2022-11-09 16:11:08,618 -   train_loss = 1.8921
2022-11-09 16:11:37,520 - ***** Epoch: 3: Eval results *****
2022-11-09 16:11:37,520 -   best_eval_score = 0.6556
2022-11-09 16:11:37,520 -   eval_score = 0.6412
2022-11-09 16:11:37,520 -   train_loss = 1.2944
2022-11-09 16:11:37,521 - EarlyStopping counter: 1 out of 4
2022-11-09 16:12:06,456 - ***** Epoch: 4: Eval results *****
2022-11-09 16:12:06,456 -   best_eval_score = 0.6556
2022-11-09 16:12:06,456 -   eval_score = 0.6782
2022-11-09 16:12:06,456 -   train_loss = 1.0537
2022-11-09 16:12:35,234 - ***** Epoch: 5: Eval results *****
2022-11-09 16:12:35,234 -   best_eval_score = 0.6782
2022-11-09 16:12:35,234 -   eval_score = 0.6904
2022-11-09 16:12:35,234 -   train_loss = 0.9782
2022-11-09 16:13:03,367 - ***** Epoch: 6: Eval results *****
2022-11-09 16:13:03,367 -   best_eval_score = 0.6904
2022-11-09 16:13:03,367 -   eval_score = 0.6768
2022-11-09 16:13:03,367 -   train_loss = 0.938
2022-11-09 16:13:03,367 - EarlyStopping counter: 1 out of 4
2022-11-09 16:13:32,661 - ***** Epoch: 7: Eval results *****
2022-11-09 16:13:32,661 -   best_eval_score = 0.6904
2022-11-09 16:13:32,661 -   eval_score = 0.6855
2022-11-09 16:13:32,661 -   train_loss = 0.9029
2022-11-09 16:13:32,661 - EarlyStopping counter: 2 out of 4
2022-11-09 16:14:02,382 - ***** Epoch: 8: Eval results *****
2022-11-09 16:14:02,382 -   best_eval_score = 0.6904
2022-11-09 16:14:02,382 -   eval_score = 0.689
2022-11-09 16:14:02,382 -   train_loss = 0.8879
2022-11-09 16:14:02,382 - EarlyStopping counter: 3 out of 4
2022-11-09 16:14:33,072 - ***** Epoch: 9: Eval results *****
2022-11-09 16:14:33,072 -   best_eval_score = 0.6904
2022-11-09 16:14:33,072 -   eval_score = 0.6884
2022-11-09 16:14:33,072 -   train_loss = 0.8791
2022-11-09 16:14:33,072 - EarlyStopping counter: 4 out of 4
2022-11-09 16:14:33,072 - EarlyStopping at epoch 9
2022-11-09 16:14:33,072 - Trained models are saved in outputs\misa_MIntRec_multi-class_2022-11-09-16-09-27\models
2022-11-09 16:14:33,946 - Training is finished...
2022-11-09 16:14:33,946 - Testing begins...
2022-11-09 16:14:37,084 - ***** Test: Confusion Matrix *****
2022-11-09 16:14:37,088 - [[32  2  0  0 10  0  1  1  1  4  0  0  4  0  0  2  0  0  0  0]
 [ 0 39  0  1  0  0  1  0  0  0  0  0  2  0  0  0  0  0  0  0]
 [ 1  0 26  0  0  0  0  0  0  0  0  0  0  0  0  0  0  0  0  0]
 [ 0  0  0 25  0  0  0  0  0  0  0  0  0  0  0  0  0  0  0  0]
 [ 4  0  0  0 12  0  3  0  0  0  0  1  1  1  1  0  0  0  0  0]
 [ 0  0  0  0  0 12  0  0  0  0  0  0  0  0  0  0  0  0  0  0]
 [ 2  1  0  0  2  0  3  0  2  0  0  1  1  0  0  0  0  0  0  0]
 [ 1  1  0  0  0  0  0  5  0  2  0  0  0  0  0  1  0  0  0  0]
 [ 1  0  0  0  0  0  1  3  3  0  0  0  0  1  0  1  0  0  0  0]
 [ 1  1  0  0  1  0  0  0  0  3  0  0  0  0  0  3  0  1  0  0]
 [ 1  1  0  0  0  0  0  0  0  2 13  0  0  0  0  0  1  0  0  0]
 [ 0  0  0  0  0  0  0  0  0  0  0 18  0  0  0  0  0  0  0  1]
 [ 3  1  0  0  1  0  1  1  0  0  0  2 40  3  1  3  0  0  0  1]
 [ 0  0  0  0  0  0  2  0  0  0  1  1  1 18  1  0  1  0  0  0]
 [ 0  0  0  0  2  0  0  0  0  0  0  0  2  2 13  0  1  0  0  2]
 [ 0  1  0  0  0  0  0  0  0  0  0  0  1  0  0 18  0  0  0  1]
 [ 0  0  0  0  0  0  0  0  0  0  0  0  4  0  1  0 12  0  0  0]
 [ 0  0  0  0  0  0  0  0  0  1  1  0  1  0  0  0  0 12  0  0]
 [ 0  0  0  0  0  0  0  0  0  0  0  0  1  0  0  1  0  0 10  0]
 [ 0  0  0  0  0  0  0  0  0  0  0  2  0  1  1  0  0  0  0  6]]
2022-11-09 16:14:37,089 - ***** Evaluation results *****
2022-11-09 16:14:37,089 -   acc = 0.7191
2022-11-09 16:14:37,089 -   f1 = 0.6892
2022-11-09 16:14:37,089 -   prec = 0.6998
2022-11-09 16:14:37,089 -   rec = 0.6891
2022-11-09 16:14:37,090 - Testing is finished...
2022-11-09 16:14:37,090 - Multimodal intent recognition is finished...
2022-11-09 16:14:37,090 - Results are saved in results\misa_bert.csv
