2022-11-03 21:44:54,106 - ============================== Params ==============================
2022-11-03 21:44:54,106 - logger_name: misa_MIntRec_multi-class_2022-11-03-21-44-54
2022-11-03 21:44:54,107 - dataset: MIntRec
2022-11-03 21:44:54,107 - data_mode: multi-class
2022-11-03 21:44:54,107 - method: misa
2022-11-03 21:44:54,107 - text_backbone: bert-base-uncased
2022-11-03 21:44:54,107 - seed: 0
2022-11-03 21:44:54,107 - num_workers: 0
2022-11-03 21:44:54,107 - gpu_id: 0
2022-11-03 21:44:54,107 - data_path: MIA-datasets
2022-11-03 21:44:54,107 - train: True
2022-11-03 21:44:54,107 - tune: False
2022-11-03 21:44:54,107 - save_model: True
2022-11-03 21:44:54,107 - save_results: True
2022-11-03 21:44:54,107 - log_path: logs
2022-11-03 21:44:54,107 - cache_path: cache
2022-11-03 21:44:54,107 - video_data_path: video_data
2022-11-03 21:44:54,107 - audio_data_path: audio_data
2022-11-03 21:44:54,107 - video_feats_path: video_feats.pkl
2022-11-03 21:44:54,107 - audio_feats_path: audio_feats.pkl
2022-11-03 21:44:54,107 - results_path: results
2022-11-03 21:44:54,107 - output_path: outputs
2022-11-03 21:44:54,107 - model_path: models
2022-11-03 21:44:54,107 - config_file_name: misa_bert
2022-11-03 21:44:54,107 - results_file_name: misa_bert.csv
2022-11-03 21:44:54,107 - padding_mode: zero
2022-11-03 21:44:54,107 - padding_loc: end
2022-11-03 21:44:54,107 - need_aligned: False
2022-11-03 21:44:54,107 - eval_monitor: f1
2022-11-03 21:44:54,108 - train_batch_size: 6
2022-11-03 21:44:54,108 - eval_batch_size: 6
2022-11-03 21:44:54,108 - test_batch_size: 4
2022-11-03 21:44:54,108 - wait_patience: 4
2022-11-03 21:44:54,108 - num_train_epochs: 100
2022-11-03 21:44:54,108 - rnncell: lstm
2022-11-03 21:44:54,108 - use_cmd_sim: False
2022-11-03 21:44:54,108 - reverse_grad_weight: 0.8
2022-11-03 21:44:54,108 - hidden_size: 256
2022-11-03 21:44:54,108 - dropout_rate: 0.1
2022-11-03 21:44:54,108 - diff_weight: 0.7
2022-11-03 21:44:54,108 - sim_weight: 0.7
2022-11-03 21:44:54,108 - recon_weight: 0.7
2022-11-03 21:44:54,108 - lr: 3e-05
2022-11-03 21:44:54,108 - grad_clip: -1.0
2022-11-03 21:44:54,108 - gamma: 0.5
2022-11-03 21:44:54,108 - common_hyper_param: {'common_param': {'padding_mode': 'zero', 'padding_loc': 'end', 'need_aligned': False, 'eval_monitor': 'f1', 'train_batch_size': 6, 'eval_batch_size': 6, 'test_batch_size': 4, 'wait_patience': 4}, 'hyper_param': {'num_train_epochs': 100, 'rnncell': 'lstm', 'use_cmd_sim': False, 'reverse_grad_weight': 0.8, 'hidden_size': 256, 'dropout_rate': 0.1, 'diff_weight': 0.7, 'sim_weight': 0.7, 'recon_weight': 0.7, 'lr': 3e-05, 'grad_clip': -1.0, 'gamma': 0.5}}
2022-11-03 21:44:54,108 - pred_output_path: outputs\misa_MIntRec_multi-class_2022-11-03-21-44-54
2022-11-03 21:44:54,108 - model_output_path: outputs\misa_MIntRec_multi-class_2022-11-03-21-44-54\models
2022-11-03 21:44:54,108 - ============================== End Params ==============================
2022-11-03 21:44:54,111 - Generate Text Features Begin...
2022-11-03 21:45:11,075 - Generate Text Features Finished...
2022-11-03 21:45:11,075 - Load Video Features Begin...
2022-11-03 21:45:11,484 - Load Video Features Finished...
2022-11-03 21:45:11,880 - Load Audio Features Begin...
2022-11-03 21:45:12,608 - Load Audio Features Finished...
2022-11-03 21:45:28,885 - Multimodal intent recognition begins...
2022-11-03 21:45:28,887 - Training begins...
