2022-11-03 19:53:48,928 - ============================== Params ==============================
2022-11-03 19:53:48,928 - logger_name: misa_MIntRec_multi-class_2022-11-03-19-53-48
2022-11-03 19:53:48,928 - dataset: MIntRec
2022-11-03 19:53:48,929 - data_mode: multi-class
2022-11-03 19:53:48,929 - method: misa
2022-11-03 19:53:48,929 - text_backbone: bert-base-uncased
2022-11-03 19:53:48,929 - seed: 0
2022-11-03 19:53:48,929 - num_workers: 0
2022-11-03 19:53:48,929 - gpu_id: 0
2022-11-03 19:53:48,929 - data_path: MIA-datasets
2022-11-03 19:53:48,929 - train: True
2022-11-03 19:53:48,929 - tune: False
2022-11-03 19:53:48,929 - save_model: True
2022-11-03 19:53:48,929 - save_results: True
2022-11-03 19:53:48,929 - log_path: logs
2022-11-03 19:53:48,929 - cache_path: cache
2022-11-03 19:53:48,929 - video_data_path: video_data
2022-11-03 19:53:48,929 - audio_data_path: audio_data
2022-11-03 19:53:48,929 - video_feats_path: video_feats.pkl
2022-11-03 19:53:48,929 - audio_feats_path: audio_feats.pkl
2022-11-03 19:53:48,929 - results_path: results
2022-11-03 19:53:48,929 - output_path: outputs
2022-11-03 19:53:48,929 - model_path: models
2022-11-03 19:53:48,929 - config_file_name: misa_bert
2022-11-03 19:53:48,929 - results_file_name: misa_bert.csv
2022-11-03 19:53:48,929 - padding_mode: zero
2022-11-03 19:53:48,929 - padding_loc: end
2022-11-03 19:53:48,929 - need_aligned: False
2022-11-03 19:53:48,929 - eval_monitor: f1
2022-11-03 19:53:48,929 - train_batch_size: 6
2022-11-03 19:53:48,929 - eval_batch_size: 6
2022-11-03 19:53:48,929 - test_batch_size: 4
2022-11-03 19:53:48,929 - wait_patience: 4
2022-11-03 19:53:48,929 - num_train_epochs: 100
2022-11-03 19:53:48,929 - rnncell: lstm
2022-11-03 19:53:48,929 - use_cmd_sim: True
2022-11-03 19:53:48,929 - reverse_grad_weight: 0.8
2022-11-03 19:53:48,929 - hidden_size: 256
2022-11-03 19:53:48,929 - dropout_rate: 0.1
2022-11-03 19:53:48,929 - diff_weight: 0.7
2022-11-03 19:53:48,929 - sim_weight: 0.7
2022-11-03 19:53:48,929 - recon_weight: 0.7
2022-11-03 19:53:48,929 - lr: 3e-05
2022-11-03 19:53:48,929 - grad_clip: -1.0
2022-11-03 19:53:48,929 - gamma: 0.5
2022-11-03 19:53:48,929 - common_hyper_param: {'common_param': {'padding_mode': 'zero', 'padding_loc': 'end', 'need_aligned': False, 'eval_monitor': 'f1', 'train_batch_size': 6, 'eval_batch_size': 6, 'test_batch_size': 4, 'wait_patience': 4}, 'hyper_param': {'num_train_epochs': 100, 'rnncell': 'lstm', 'use_cmd_sim': True, 'reverse_grad_weight': 0.8, 'hidden_size': 256, 'dropout_rate': 0.1, 'diff_weight': 0.7, 'sim_weight': 0.7, 'recon_weight': 0.7, 'lr': 3e-05, 'grad_clip': -1.0, 'gamma': 0.5}}
2022-11-03 19:53:48,929 - pred_output_path: outputs\misa_MIntRec_multi-class_2022-11-03-19-53-48
2022-11-03 19:53:48,929 - model_output_path: outputs\misa_MIntRec_multi-class_2022-11-03-19-53-48\models
2022-11-03 19:53:48,929 - ============================== End Params ==============================
2022-11-03 19:53:48,933 - Generate Text Features Begin...
2022-11-03 19:54:06,601 - Generate Text Features Finished...
2022-11-03 19:54:06,601 - Load Video Features Begin...
2022-11-03 19:54:07,025 - Load Video Features Finished...
2022-11-03 19:54:07,375 - Load Audio Features Begin...
2022-11-03 19:54:08,115 - Load Audio Features Finished...
2022-11-03 19:54:29,308 - Multimodal intent recognition begins...
2022-11-03 19:54:29,311 - Training begins...
2022-11-03 19:55:01,418 - ***** Epoch: 1: Eval results *****
2022-11-03 19:55:01,429 -   best_eval_score = 0.0
2022-11-03 19:55:01,429 -   eval_score = 0.1464
2022-11-03 19:55:01,429 -   train_loss = 3.4754
2022-11-03 19:55:31,777 - ***** Epoch: 2: Eval results *****
2022-11-03 19:55:31,777 -   best_eval_score = 0.1464
2022-11-03 19:55:31,777 -   eval_score = 0.535
2022-11-03 19:55:31,777 -   train_loss = 2.181
2022-11-03 19:56:00,760 - ***** Epoch: 3: Eval results *****
2022-11-03 19:56:00,760 -   best_eval_score = 0.535
2022-11-03 19:56:00,760 -   eval_score = 0.6183
2022-11-03 19:56:00,760 -   train_loss = 1.1409
2022-11-03 19:56:29,766 - ***** Epoch: 4: Eval results *****
2022-11-03 19:56:29,766 -   best_eval_score = 0.6183
2022-11-03 19:56:29,766 -   eval_score = 0.6468
2022-11-03 19:56:29,766 -   train_loss = 0.5734
2022-11-03 19:56:58,226 - ***** Epoch: 5: Eval results *****
2022-11-03 19:56:58,226 -   best_eval_score = 0.6468
2022-11-03 19:56:58,226 -   eval_score = 0.6695
2022-11-03 19:56:58,226 -   train_loss = 0.3164
2022-11-03 19:57:26,971 - ***** Epoch: 6: Eval results *****
2022-11-03 19:57:26,971 -   best_eval_score = 0.6695
2022-11-03 19:57:26,971 -   eval_score = 0.6892
2022-11-03 19:57:26,971 -   train_loss = 0.2042
2022-11-03 19:57:57,014 - ***** Epoch: 7: Eval results *****
2022-11-03 19:57:57,015 -   best_eval_score = 0.6892
2022-11-03 19:57:57,015 -   eval_score = 0.6645
2022-11-03 19:57:57,015 -   train_loss = 0.1841
2022-11-03 19:57:57,015 - EarlyStopping counter: 1 out of 4
2022-11-03 19:58:30,413 - ***** Epoch: 8: Eval results *****
2022-11-03 19:58:30,413 -   best_eval_score = 0.6892
2022-11-03 19:58:30,413 -   eval_score = 0.6561
2022-11-03 19:58:30,413 -   train_loss = 0.1104
2022-11-03 19:58:30,413 - EarlyStopping counter: 2 out of 4
2022-11-03 19:59:04,069 - ***** Epoch: 9: Eval results *****
2022-11-03 19:59:04,070 -   best_eval_score = 0.6892
2022-11-03 19:59:04,070 -   eval_score = 0.6637
2022-11-03 19:59:04,070 -   train_loss = 0.089
2022-11-03 19:59:04,070 - EarlyStopping counter: 3 out of 4
2022-11-03 19:59:36,802 - ***** Epoch: 10: Eval results *****
2022-11-03 19:59:36,803 -   best_eval_score = 0.6892
2022-11-03 19:59:36,803 -   eval_score = 0.6833
2022-11-03 19:59:36,803 -   train_loss = 0.081
2022-11-03 19:59:36,803 - EarlyStopping counter: 4 out of 4
2022-11-03 19:59:36,803 - EarlyStopping at epoch 10
2022-11-03 19:59:36,803 - Trained models are saved in outputs\misa_MIntRec_multi-class_2022-11-03-19-53-48\models
2022-11-03 19:59:37,835 - Training is finished...
2022-11-03 19:59:37,835 - Testing begins...
2022-11-03 19:59:40,686 - ***** Test: Confusion Matrix *****
2022-11-03 19:59:40,691 - [[33  1  0  0 10  0  1  2  0  2  1  0  5  2  0  0  0  0  0  0]
 [ 0 40  0  0  0  0  1  0  0  0  0  0  2  0  0  0  0  0  0  0]
 [ 1  0 26  0  0  0  0  0  0  0  0  0  0  0  0  0  0  0  0  0]
 [ 0  0  0 25  0  0  0  0  0  0  0  0  0  0  0  0  0  0  0  0]
 [ 4  0  0  0 12  0  3  0  1  0  0  1  1  0  0  0  0  1  0  0]
 [ 1  0  0  0  0 10  0  0  0  0  1  0  0  0  0  0  0  0  0  0]
 [ 1  0  0  0  4  0  1  1  2  0  0  0  2  0  1  0  0  0  0  0]
 [ 2  0  0  0  0  0  0  6  1  1  0  0  0  0  0  0  0  0  0  0]
 [ 1  0  0  0  1  0  0  3  1  0  0  0  0  2  0  1  0  0  0  1]
 [ 1  0  0  0  0  0  0  1  0  3  0  0  0  0  0  3  0  2  0  0]
 [ 1  0  0  0  0  0  1  0  0  1 13  0  1  0  0  0  1  0  0  0]
 [ 0  0  0  0  0  0  0  0  0  0  0 18  0  0  0  0  0  0  0  1]
 [ 5  0  0  0  0  0  1  3  0  0  0  0 40  1  2  1  0  1  0  3]
 [ 0  0  0  0  1  0  1  0  0  0  1  1  1 18  1  0  0  0  0  1]
 [ 0  0  0  0  1  0  0  0  0  0  0  0  0  1 16  0  1  0  0  3]
 [ 0  1  0  0  0  0  0  0  0  0  0  0  5  0  0 14  0  0  0  1]
 [ 0  0  0  0  0  0  0  0  0  0  0  0  3  0  2  0 12  0  0  0]
 [ 0  0  0  0  0  0  0  0  0  1  0  0  1  0  0  0  0 13  0  0]
 [ 0  0  0  0  0  0  0  0  0  0  0  0  4  0  0  1  0  0  6  1]
 [ 0  0  0  0  0  0  0  0  0  0  0  1  0  1  1  0  0  0  0  7]]
2022-11-03 19:59:40,691 - ***** Evaluation results *****
2022-11-03 19:59:40,691 -   acc = 0.7056
2022-11-03 19:59:40,691 -   f1 = 0.6561
2022-11-03 19:59:40,691 -   prec = 0.6749
2022-11-03 19:59:40,691 -   rec = 0.6584
2022-11-03 19:59:40,691 - Testing is finished...
2022-11-03 19:59:40,691 - Multimodal intent recognition is finished...
2022-11-03 19:59:40,691 - Results are saved in results\misa_bert.csv
