2022-11-05 17:10:11,882 - ============================== Params ==============================
2022-11-05 17:10:11,882 - logger_name: misa_MIntRec_binary-class_2022-11-05-17-10-11
2022-11-05 17:10:11,882 - dataset: MIntRec
2022-11-05 17:10:11,882 - data_mode: binary-class
2022-11-05 17:10:11,882 - method: misa
2022-11-05 17:10:11,882 - text_backbone: bert-base-uncased
2022-11-05 17:10:11,882 - seed: 0
2022-11-05 17:10:11,882 - num_workers: 0
2022-11-05 17:10:11,882 - gpu_id: 0
2022-11-05 17:10:11,882 - data_path: MIA-datasets
2022-11-05 17:10:11,882 - train: True
2022-11-05 17:10:11,882 - tune: False
2022-11-05 17:10:11,882 - save_model: True
2022-11-05 17:10:11,883 - save_results: True
2022-11-05 17:10:11,883 - log_path: logs
2022-11-05 17:10:11,883 - cache_path: cache
2022-11-05 17:10:11,883 - video_data_path: video_data
2022-11-05 17:10:11,883 - audio_data_path: audio_data
2022-11-05 17:10:11,883 - video_feats_path: video_feats.pkl
2022-11-05 17:10:11,883 - audio_feats_path: audio_feats.pkl
2022-11-05 17:10:11,883 - results_path: results
2022-11-05 17:10:11,883 - output_path: outputs
2022-11-05 17:10:11,883 - model_path: models
2022-11-05 17:10:11,883 - config_file_name: misa_bert_bi
2022-11-05 17:10:11,883 - results_file_name: misa_bert_bi.csv
2022-11-05 17:10:11,883 - padding_mode: zero
2022-11-05 17:10:11,883 - padding_loc: end
2022-11-05 17:10:11,883 - need_aligned: False
2022-11-05 17:10:11,883 - eval_monitor: f1
2022-11-05 17:10:11,883 - train_batch_size: 6
2022-11-05 17:10:11,883 - eval_batch_size: 6
2022-11-05 17:10:11,883 - test_batch_size: 4
2022-11-05 17:10:11,883 - wait_patience: 4
2022-11-05 17:10:11,883 - num_train_epochs: 100
2022-11-05 17:10:11,883 - rnncell: lstm
2022-11-05 17:10:11,883 - use_cmd_sim: False
2022-11-05 17:10:11,883 - reverse_grad_weight: 0.8
2022-11-05 17:10:11,883 - hidden_size: 256
2022-11-05 17:10:11,883 - dropout_rate: 0.0
2022-11-05 17:10:11,883 - diff_weight: 0.6
2022-11-05 17:10:11,883 - sim_weight: 0.6
2022-11-05 17:10:11,883 - recon_weight: 0.7
2022-11-05 17:10:11,883 - lr: 2e-05
2022-11-05 17:10:11,883 - grad_clip: -1
2022-11-05 17:10:11,884 - gamma: 0.3
2022-11-05 17:10:11,884 - common_hyper_param: {'common_param': {'padding_mode': 'zero', 'padding_loc': 'end', 'need_aligned': False, 'eval_monitor': 'f1', 'train_batch_size': 6, 'eval_batch_size': 6, 'test_batch_size': 4, 'wait_patience': 4}, 'hyper_param': {'num_train_epochs': 100, 'rnncell': 'lstm', 'use_cmd_sim': False, 'reverse_grad_weight': 0.8, 'hidden_size': 256, 'dropout_rate': 0.0, 'diff_weight': 0.6, 'sim_weight': 0.6, 'recon_weight': 0.7, 'lr': 2e-05, 'grad_clip': -1, 'gamma': 0.3}}
2022-11-05 17:10:11,884 - pred_output_path: outputs\misa_MIntRec_binary-class_2022-11-05-17-10-11
2022-11-05 17:10:11,884 - model_output_path: outputs\misa_MIntRec_binary-class_2022-11-05-17-10-11\models
2022-11-05 17:10:11,884 - ============================== End Params ==============================
2022-11-05 17:10:11,888 - Generate Text Features Begin...
2022-11-05 17:10:28,138 - Generate Text Features Finished...
2022-11-05 17:10:28,138 - Load Video Features Begin...
2022-11-05 17:10:28,546 - Load Video Features Finished...
2022-11-05 17:10:28,912 - Load Audio Features Begin...
2022-11-05 17:10:29,610 - Load Audio Features Finished...
2022-11-05 17:10:52,489 - Multimodal intent recognition begins...
2022-11-05 17:10:52,491 - Training begins...
2022-11-05 17:11:23,673 - ***** Epoch: 1: Eval results *****
2022-11-05 17:11:23,683 -   best_eval_score = 0.0
2022-11-05 17:11:23,683 -   eval_score = 0.8707
2022-11-05 17:11:23,683 -   train_loss = 1.3593
2022-11-05 17:11:54,674 - ***** Epoch: 2: Eval results *****
2022-11-05 17:11:54,674 -   best_eval_score = 0.8707
2022-11-05 17:11:54,674 -   eval_score = 0.8958
2022-11-05 17:11:54,674 -   train_loss = 0.8495
2022-11-05 17:12:25,135 - ***** Epoch: 3: Eval results *****
2022-11-05 17:12:25,135 -   best_eval_score = 0.8958
2022-11-05 17:12:25,136 -   eval_score = 0.8991
2022-11-05 17:12:25,136 -   train_loss = 0.718
2022-11-05 17:12:54,600 - ***** Epoch: 4: Eval results *****
2022-11-05 17:12:54,600 -   best_eval_score = 0.8991
2022-11-05 17:12:54,600 -   eval_score = 0.8795
2022-11-05 17:12:54,600 -   train_loss = 0.7365
2022-11-05 17:12:54,601 - EarlyStopping counter: 1 out of 4
2022-11-05 17:13:24,034 - ***** Epoch: 5: Eval results *****
2022-11-05 17:13:24,034 -   best_eval_score = 0.8991
2022-11-05 17:13:24,034 -   eval_score = 0.8962
2022-11-05 17:13:24,034 -   train_loss = 0.7169
2022-11-05 17:13:24,034 - EarlyStopping counter: 2 out of 4
2022-11-05 17:13:55,393 - ***** Epoch: 6: Eval results *****
2022-11-05 17:13:55,393 -   best_eval_score = 0.8991
2022-11-05 17:13:55,393 -   eval_score = 0.9058
2022-11-05 17:13:55,393 -   train_loss = 0.7022
2022-11-05 17:14:27,167 - ***** Epoch: 7: Eval results *****
2022-11-05 17:14:27,167 -   best_eval_score = 0.9058
2022-11-05 17:14:27,167 -   eval_score = 0.9058
2022-11-05 17:14:27,167 -   train_loss = 0.7009
2022-11-05 17:14:27,167 - EarlyStopping counter: 1 out of 4
2022-11-05 17:14:58,326 - ***** Epoch: 8: Eval results *****
2022-11-05 17:14:58,326 -   best_eval_score = 0.9058
2022-11-05 17:14:58,326 -   eval_score = 0.9058
2022-11-05 17:14:58,327 -   train_loss = 0.701
2022-11-05 17:14:58,327 - EarlyStopping counter: 2 out of 4
2022-11-05 17:15:28,898 - ***** Epoch: 9: Eval results *****
2022-11-05 17:15:28,898 -   best_eval_score = 0.9058
2022-11-05 17:15:28,899 -   eval_score = 0.9058
2022-11-05 17:15:28,899 -   train_loss = 0.7013
2022-11-05 17:15:28,899 - EarlyStopping counter: 3 out of 4
2022-11-05 17:15:58,739 - ***** Epoch: 10: Eval results *****
2022-11-05 17:15:58,739 -   best_eval_score = 0.9058
2022-11-05 17:15:58,739 -   eval_score = 0.9058
2022-11-05 17:15:58,739 -   train_loss = 0.7018
2022-11-05 17:15:58,739 - EarlyStopping counter: 4 out of 4
2022-11-05 17:15:58,739 - EarlyStopping at epoch 10
2022-11-05 17:15:58,739 - Trained models are saved in outputs\misa_MIntRec_binary-class_2022-11-05-17-10-11\models
2022-11-05 17:15:59,762 - Training is finished...
2022-11-05 17:15:59,762 - Testing begins...
2022-11-05 17:16:02,647 - ***** Test: Confusion Matrix *****
2022-11-05 17:16:02,650 - [[230  18]
 [ 31 166]]
2022-11-05 17:16:02,650 - ***** Evaluation results *****
2022-11-05 17:16:02,650 -   acc = 0.8899
2022-11-05 17:16:02,650 -   f1 = 0.8876
2022-11-05 17:16:02,650 -   prec = 0.8917
2022-11-05 17:16:02,651 -   rec = 0.885
2022-11-05 17:16:02,651 - Testing is finished...
2022-11-05 17:16:02,651 - Multimodal intent recognition is finished...
2022-11-05 17:16:02,651 - Results are saved in results\misa_bert_bi.csv
