2022-11-29 11:02:19,306 - ============================== Params ==============================
2022-11-29 11:02:19,306 - logger_name: misa_MIntRec_multi-class_2022-11-29-11-02-19
2022-11-29 11:02:19,306 - dataset: MIntRec
2022-11-29 11:02:19,306 - data_mode: multi-class
2022-11-29 11:02:19,306 - method: misa
2022-11-29 11:02:19,306 - text_backbone: bert-base-uncased
2022-11-29 11:02:19,306 - seed: 0
2022-11-29 11:02:19,306 - num_workers: 0
2022-11-29 11:02:19,306 - gpu_id: 0
2022-11-29 11:02:19,306 - data_path: MIA-datasets
2022-11-29 11:02:19,306 - train: True
2022-11-29 11:02:19,306 - tune: False
2022-11-29 11:02:19,306 - save_model: True
2022-11-29 11:02:19,306 - save_results: True
2022-11-29 11:02:19,306 - log_path: logs
2022-11-29 11:02:19,306 - cache_path: cache
2022-11-29 11:02:19,306 - video_data_path: video_data
2022-11-29 11:02:19,306 - audio_data_path: audio_data
2022-11-29 11:02:19,306 - video_feats_path: video_feats.pkl
2022-11-29 11:02:19,306 - audio_feats_path: audio_feats.pkl
2022-11-29 11:02:19,306 - results_path: results
2022-11-29 11:02:19,306 - output_path: outputs
2022-11-29 11:02:19,306 - model_path: models
2022-11-29 11:02:19,306 - config_file_name: misa_bert
2022-11-29 11:02:19,307 - results_file_name: misa_bert.csv
2022-11-29 11:02:19,307 - padding_mode: zero
2022-11-29 11:02:19,307 - padding_loc: end
2022-11-29 11:02:19,307 - need_aligned: False
2022-11-29 11:02:19,307 - eval_monitor: f1
2022-11-29 11:02:19,307 - train_batch_size: 6
2022-11-29 11:02:19,307 - eval_batch_size: 6
2022-11-29 11:02:19,307 - test_batch_size: 4
2022-11-29 11:02:19,307 - wait_patience: 4
2022-11-29 11:02:19,307 - num_train_epochs: 100
2022-11-29 11:02:19,307 - rnncell: lstm
2022-11-29 11:02:19,307 - use_cmd_sim: False
2022-11-29 11:02:19,307 - reverse_grad_weight: 0.8
2022-11-29 11:02:19,307 - hidden_size: 256
2022-11-29 11:02:19,307 - dropout_rate: 0.1
2022-11-29 11:02:19,307 - diff_weight: 0.7
2022-11-29 11:02:19,307 - sim_weight: 0.7
2022-11-29 11:02:19,307 - recon_weight: 0.6
2022-11-29 11:02:19,307 - lr: 3e-05
2022-11-29 11:02:19,307 - grad_clip: -1.0
2022-11-29 11:02:19,307 - gamma: 0.5
2022-11-29 11:02:19,307 - common_hyper_param: {'common_param': {'padding_mode': 'zero', 'padding_loc': 'end', 'need_aligned': False, 'eval_monitor': 'f1', 'train_batch_size': 6, 'eval_batch_size': 6, 'test_batch_size': 4, 'wait_patience': 4}, 'hyper_param': {'num_train_epochs': 100, 'rnncell': 'lstm', 'use_cmd_sim': False, 'reverse_grad_weight': 0.8, 'hidden_size': 256, 'dropout_rate': 0.1, 'diff_weight': 0.7, 'sim_weight': 0.7, 'recon_weight': 0.6, 'lr': 3e-05, 'grad_clip': -1.0, 'gamma': 0.5}}
2022-11-29 11:02:19,307 - pred_output_path: outputs\misa_MIntRec_multi-class_2022-11-29-11-02-19
2022-11-29 11:02:19,307 - model_output_path: outputs\misa_MIntRec_multi-class_2022-11-29-11-02-19\models
2022-11-29 11:02:19,307 - ============================== End Params ==============================
2022-11-29 11:02:19,309 - Generate Text Features Begin...
2022-11-29 11:02:36,854 - Generate Text Features Finished...
2022-11-29 11:02:36,855 - Load Video Features Begin...
2022-11-29 11:02:38,141 - Load Video Features Finished...
2022-11-29 11:02:38,806 - Load Audio Features Begin...
2022-11-29 11:02:46,208 - Load Audio Features Finished...
2022-11-29 11:03:13,652 - Multimodal intent recognition begins...
2022-11-29 11:03:13,655 - Training begins...
2022-11-29 11:03:49,740 - ***** Epoch: 1: Eval results *****
2022-11-29 11:03:49,751 -   best_eval_score = 0.0
2022-11-29 11:03:49,751 -   eval_score = 0.4742
2022-11-29 11:03:49,751 -   train_loss = 3.5946
