2022-11-03 23:07:36,929 - ============================== Params ==============================
2022-11-03 23:07:36,929 - logger_name: misa_MIntRec_multi-class_2022-11-03-23-07-36
2022-11-03 23:07:36,929 - dataset: MIntRec
2022-11-03 23:07:36,929 - data_mode: multi-class
2022-11-03 23:07:36,929 - method: misa
2022-11-03 23:07:36,929 - text_backbone: bert-base-uncased
2022-11-03 23:07:36,929 - seed: 0
2022-11-03 23:07:36,929 - num_workers: 0
2022-11-03 23:07:36,929 - gpu_id: 0
2022-11-03 23:07:36,929 - data_path: MIA-datasets
2022-11-03 23:07:36,929 - train: True
2022-11-03 23:07:36,929 - tune: False
2022-11-03 23:07:36,929 - save_model: True
2022-11-03 23:07:36,930 - save_results: True
2022-11-03 23:07:36,930 - log_path: logs
2022-11-03 23:07:36,930 - cache_path: cache
2022-11-03 23:07:36,930 - video_data_path: video_data
2022-11-03 23:07:36,930 - audio_data_path: audio_data
2022-11-03 23:07:36,930 - video_feats_path: video_feats.pkl
2022-11-03 23:07:36,930 - audio_feats_path: audio_feats.pkl
2022-11-03 23:07:36,930 - results_path: results
2022-11-03 23:07:36,930 - output_path: outputs
2022-11-03 23:07:36,930 - model_path: models
2022-11-03 23:07:36,930 - config_file_name: misa_bert
2022-11-03 23:07:36,930 - results_file_name: misa_bert.csv
2022-11-03 23:07:36,930 - padding_mode: zero
2022-11-03 23:07:36,930 - padding_loc: end
2022-11-03 23:07:36,930 - need_aligned: False
2022-11-03 23:07:36,930 - eval_monitor: f1
2022-11-03 23:07:36,930 - train_batch_size: 6
2022-11-03 23:07:36,930 - eval_batch_size: 6
2022-11-03 23:07:36,930 - test_batch_size: 4
2022-11-03 23:07:36,930 - wait_patience: 4
2022-11-03 23:07:36,930 - num_train_epochs: 100
2022-11-03 23:07:36,930 - rnncell: lstm
2022-11-03 23:07:36,930 - use_cmd_sim: True
2022-11-03 23:07:36,930 - reverse_grad_weight: 0.8
2022-11-03 23:07:36,930 - hidden_size: 256
2022-11-03 23:07:36,930 - dropout_rate: 0.1
2022-11-03 23:07:36,930 - diff_weight: 0.7
2022-11-03 23:07:36,930 - sim_weight: 0.7
2022-11-03 23:07:36,930 - recon_weight: 0.6
2022-11-03 23:07:36,930 - lr: 3e-05
2022-11-03 23:07:36,930 - grad_clip: -1.0
2022-11-03 23:07:36,930 - gamma: 0.5
2022-11-03 23:07:36,930 - common_hyper_param: {'common_param': {'padding_mode': 'zero', 'padding_loc': 'end', 'need_aligned': False, 'eval_monitor': 'f1', 'train_batch_size': 6, 'eval_batch_size': 6, 'test_batch_size': 4, 'wait_patience': 4}, 'hyper_param': {'num_train_epochs': 100, 'rnncell': 'lstm', 'use_cmd_sim': True, 'reverse_grad_weight': 0.8, 'hidden_size': 256, 'dropout_rate': 0.1, 'diff_weight': 0.7, 'sim_weight': 0.7, 'recon_weight': 0.6, 'lr': 3e-05, 'grad_clip': -1.0, 'gamma': 0.5}}
2022-11-03 23:07:36,930 - pred_output_path: outputs\misa_MIntRec_multi-class_2022-11-03-23-07-36
2022-11-03 23:07:36,930 - model_output_path: outputs\misa_MIntRec_multi-class_2022-11-03-23-07-36\models
2022-11-03 23:07:36,930 - ============================== End Params ==============================
2022-11-03 23:07:36,934 - Generate Text Features Begin...
2022-11-03 23:07:53,657 - Generate Text Features Finished...
2022-11-03 23:07:53,657 - Load Video Features Begin...
2022-11-03 23:07:54,056 - Load Video Features Finished...
2022-11-03 23:07:54,441 - Load Audio Features Begin...
2022-11-03 23:07:55,163 - Load Audio Features Finished...
2022-11-03 23:08:17,204 - Multimodal intent recognition begins...
2022-11-03 23:08:17,207 - Training begins...
2022-11-03 23:08:49,223 - ***** Epoch: 1: Eval results *****
2022-11-03 23:08:49,232 -   best_eval_score = 0.0
2022-11-03 23:08:49,233 -   eval_score = 0.1421
2022-11-03 23:08:49,233 -   train_loss = 3.4421
2022-11-03 23:09:19,807 - ***** Epoch: 2: Eval results *****
2022-11-03 23:09:19,807 -   best_eval_score = 0.1421
2022-11-03 23:09:19,807 -   eval_score = 0.5122
2022-11-03 23:09:19,807 -   train_loss = 2.192
2022-11-03 23:09:50,340 - ***** Epoch: 3: Eval results *****
2022-11-03 23:09:50,340 -   best_eval_score = 0.5122
2022-11-03 23:09:50,340 -   eval_score = 0.5991
2022-11-03 23:09:50,340 -   train_loss = 1.1102
2022-11-03 23:10:20,619 - ***** Epoch: 4: Eval results *****
2022-11-03 23:10:20,626 -   best_eval_score = 0.5991
2022-11-03 23:10:20,626 -   eval_score = 0.6394
2022-11-03 23:10:20,626 -   train_loss = 0.6071
2022-11-03 23:10:51,627 - ***** Epoch: 5: Eval results *****
2022-11-03 23:10:51,627 -   best_eval_score = 0.6394
2022-11-03 23:10:51,628 -   eval_score = 0.6666
2022-11-03 23:10:51,628 -   train_loss = 0.3237
2022-11-03 23:11:23,828 - ***** Epoch: 6: Eval results *****
2022-11-03 23:11:23,828 -   best_eval_score = 0.6666
2022-11-03 23:11:23,828 -   eval_score = 0.6744
2022-11-03 23:11:23,828 -   train_loss = 0.1901
2022-11-03 23:11:53,462 - ***** Epoch: 7: Eval results *****
2022-11-03 23:11:53,462 -   best_eval_score = 0.6744
2022-11-03 23:11:53,462 -   eval_score = 0.671
2022-11-03 23:11:53,462 -   train_loss = 0.151
2022-11-03 23:11:53,462 - EarlyStopping counter: 1 out of 4
2022-11-03 23:12:22,561 - ***** Epoch: 8: Eval results *****
2022-11-03 23:12:22,561 -   best_eval_score = 0.6744
2022-11-03 23:12:22,561 -   eval_score = 0.6839
2022-11-03 23:12:22,561 -   train_loss = 0.1025
2022-11-03 23:12:51,338 - ***** Epoch: 9: Eval results *****
2022-11-03 23:12:51,338 -   best_eval_score = 0.6839
2022-11-03 23:12:51,338 -   eval_score = 0.688
2022-11-03 23:12:51,338 -   train_loss = 0.0817
2022-11-03 23:13:20,836 - ***** Epoch: 10: Eval results *****
2022-11-03 23:13:20,836 -   best_eval_score = 0.688
2022-11-03 23:13:20,836 -   eval_score = 0.6861
2022-11-03 23:13:20,836 -   train_loss = 0.0735
2022-11-03 23:13:20,836 - EarlyStopping counter: 1 out of 4
2022-11-03 23:13:53,001 - ***** Epoch: 11: Eval results *****
2022-11-03 23:13:53,001 -   best_eval_score = 0.688
2022-11-03 23:13:53,001 -   eval_score = 0.6798
2022-11-03 23:13:53,001 -   train_loss = 0.0639
2022-11-03 23:13:53,001 - EarlyStopping counter: 2 out of 4
2022-11-03 23:14:25,087 - ***** Epoch: 12: Eval results *****
2022-11-03 23:14:25,087 -   best_eval_score = 0.688
2022-11-03 23:14:25,087 -   eval_score = 0.6859
2022-11-03 23:14:25,087 -   train_loss = 0.059
2022-11-03 23:14:25,087 - EarlyStopping counter: 3 out of 4
2022-11-03 23:14:57,360 - ***** Epoch: 13: Eval results *****
2022-11-03 23:14:57,360 -   best_eval_score = 0.688
2022-11-03 23:14:57,360 -   eval_score = 0.6816
2022-11-03 23:14:57,360 -   train_loss = 0.057
2022-11-03 23:14:57,360 - EarlyStopping counter: 4 out of 4
2022-11-03 23:14:57,360 - EarlyStopping at epoch 13
2022-11-03 23:14:57,360 - Trained models are saved in outputs\misa_MIntRec_multi-class_2022-11-03-23-07-36\models
2022-11-03 23:14:58,344 - Training is finished...
2022-11-03 23:14:58,344 - Testing begins...
2022-11-03 23:15:00,948 - ***** Test: Confusion Matrix *****
2022-11-03 23:15:00,949 - [[34  0  0  0  7  0  3  1  0  4  0  0  6  2  0  0  0  0  0  0]
 [ 0 35  0  1  0  1  3  0  0  0  0  0  3  0  0  0  0  0  0  0]
 [ 1  0 26  0  0  0  0  0  0  0  0  0  0  0  0  0  0  0  0  0]
 [ 0  0  0 25  0  0  0  0  0  0  0  0  0  0  0  0  0  0  0  0]
 [ 1  0  0  0 15  0  1  0  1  1  0  1  0  1  0  0  0  1  0  1]
 [ 0  0  0  0  0 12  0  0  0  0  0  0  0  0  0  0  0  0  0  0]
 [ 2  0  0  0  2  0  2  1  2  0  0  0  2  0  0  0  1  0  0  0]
 [ 1  0  0  0  0  0  0  7  1  0  1  0  0  0  0  0  0  0  0  0]
 [ 0  0  0  0  0  0  3  3  3  0  0  0  0  0  0  1  0  0  0  0]
 [ 1  0  0  0  0  0  0  1  0  3  0  0  0  0  0  3  0  2  0  0]
 [ 1  0  0  0  0  0  2  0  0  1 13  0  0  0  0  0  1  0  0  0]
 [ 0  0  0  0  1  0  1  0  0  0  0 16  0  0  0  0  0  0  0  1]
 [ 2  1  0  0  0  0  3  1  0  0  0  0 44  1  1  0  1  1  0  2]
 [ 0  0  0  0  0  0  2  0  0  0  1  1  1 18  1  0  0  0  0  1]
 [ 0  0  0  0  1  0  0  0  0  0  0  0  0  1 15  0  2  0  0  3]
 [ 0  0  0  1  1  0  0  1  1  0  0  0  3  0  0 13  0  0  0  1]
 [ 1  0  0  0  0  0  0  0  0  0  0  0  2  0  0  0 14  0  0  0]
 [ 0  0  0  0  0  0  0  0  0  1  0  0  1  0  0  0  0 13  0  0]
 [ 0  0  0  0  0  0  0  0  0  0  0  0  4  0  0  1  0  0  7  0]
 [ 0  0  0  0  0  0  0  0  0  0  0  0  0  1  1  0  0  0  0  8]]
2022-11-03 23:15:00,950 - ***** Evaluation results *****
2022-11-03 23:15:00,950 -   acc = 0.7258
2022-11-03 23:15:00,950 -   f1 = 0.691
2022-11-03 23:15:00,950 -   prec = 0.7046
2022-11-03 23:15:00,950 -   rec = 0.6961
2022-11-03 23:15:00,951 - Testing is finished...
2022-11-03 23:15:00,951 - Multimodal intent recognition is finished...
2022-11-03 23:15:00,951 - Results are saved in results\misa_bert.csv
