2022-11-02 21:49:24,521 - ============================== Params ==============================
2022-11-02 21:49:24,521 - logger_name: misa_MIntRec_multi-class_2022-11-02-21-49-24
2022-11-02 21:49:24,521 - dataset: MIntRec
2022-11-02 21:49:24,521 - data_mode: multi-class
2022-11-02 21:49:24,521 - method: misa
2022-11-02 21:49:24,521 - text_backbone: bert-base-uncased
2022-11-02 21:49:24,521 - seed: 0
2022-11-02 21:49:24,521 - num_workers: 0
2022-11-02 21:49:24,521 - gpu_id: 0
2022-11-02 21:49:24,521 - data_path: MIA-datasets
2022-11-02 21:49:24,521 - train: True
2022-11-02 21:49:24,521 - tune: False
2022-11-02 21:49:24,521 - save_model: True
2022-11-02 21:49:24,521 - save_results: True
2022-11-02 21:49:24,522 - log_path: logs
2022-11-02 21:49:24,522 - cache_path: cache
2022-11-02 21:49:24,522 - video_data_path: video_data
2022-11-02 21:49:24,522 - audio_data_path: audio_data
2022-11-02 21:49:24,522 - video_feats_path: video_feats.pkl
2022-11-02 21:49:24,522 - audio_feats_path: audio_feats.pkl
2022-11-02 21:49:24,522 - results_path: results
2022-11-02 21:49:24,522 - output_path: outputs
2022-11-02 21:49:24,522 - model_path: models
2022-11-02 21:49:24,522 - config_file_name: misa_bert
2022-11-02 21:49:24,522 - results_file_name: misa_bert.csv
2022-11-02 21:49:24,522 - padding_mode: zero
2022-11-02 21:49:24,522 - padding_loc: end
2022-11-02 21:49:24,522 - need_aligned: False
2022-11-02 21:49:24,522 - eval_monitor: f1
2022-11-02 21:49:24,522 - train_batch_size: 6
2022-11-02 21:49:24,522 - eval_batch_size: 6
2022-11-02 21:49:24,522 - test_batch_size: 4
2022-11-02 21:49:24,522 - wait_patience: 4
2022-11-02 21:49:24,522 - num_train_epochs: 1
2022-11-02 21:49:24,522 - rnncell: lstm
2022-11-02 21:49:24,522 - use_cmd_sim: False
2022-11-02 21:49:24,522 - reverse_grad_weight: 0.8
2022-11-02 21:49:24,522 - hidden_size: 256
2022-11-02 21:49:24,522 - dropout_rate: 0.2
2022-11-02 21:49:24,522 - diff_weight: 0.7
2022-11-02 21:49:24,522 - sim_weight: 0.7
2022-11-02 21:49:24,522 - recon_weight: 0.6
2022-11-02 21:49:24,522 - lr: 3e-05
2022-11-02 21:49:24,522 - grad_clip: -1.0
2022-11-02 21:49:24,522 - gamma: 0.5
2022-11-02 21:49:24,522 - common_hyper_param: {'common_param': {'padding_mode': 'zero', 'padding_loc': 'end', 'need_aligned': False, 'eval_monitor': 'f1', 'train_batch_size': 6, 'eval_batch_size': 6, 'test_batch_size': 4, 'wait_patience': 4}, 'hyper_param': {'num_train_epochs': 1, 'rnncell': 'lstm', 'use_cmd_sim': False, 'reverse_grad_weight': 0.8, 'hidden_size': 256, 'dropout_rate': 0.2, 'diff_weight': 0.7, 'sim_weight': 0.7, 'recon_weight': 0.6, 'lr': 3e-05, 'grad_clip': -1.0, 'gamma': 0.5}}
2022-11-02 21:49:24,522 - pred_output_path: outputs\misa_MIntRec_multi-class_2022-11-02-21-49-24
2022-11-02 21:49:24,522 - model_output_path: outputs\misa_MIntRec_multi-class_2022-11-02-21-49-24\models
2022-11-02 21:49:24,522 - ============================== End Params ==============================
2022-11-02 21:49:24,526 - Generate Text Features Begin...
2022-11-02 21:49:41,187 - Generate Text Features Finished...
2022-11-02 21:49:41,187 - Load Video Features Begin...
2022-11-02 21:49:41,460 - Load Video Features Finished...
2022-11-02 21:49:41,813 - Load Audio Features Begin...
2022-11-02 21:49:42,529 - Load Audio Features Finished...
2022-11-02 21:49:58,593 - Multimodal intent recognition begins...
2022-11-02 21:49:58,594 - Training begins...
2022-11-02 21:50:35,104 - ***** Epoch: 1: Eval results *****
2022-11-02 21:50:35,115 -   best_eval_score = 0.3803
2022-11-02 21:50:35,115 -   eval_score = 0.3803
2022-11-02 21:50:35,115 -   train_loss = 3.3638
2022-11-02 21:50:35,115 - Trained models are saved in outputs\misa_MIntRec_multi-class_2022-11-02-21-49-24\models
2022-11-02 21:50:35,898 - Training is finished...
2022-11-02 21:50:35,898 - Testing begins...
2022-11-02 21:50:38,157 - ***** Test: Confusion Matrix *****
2022-11-02 21:50:38,160 - [[40  5  0  0  5  0  0  0  0  0  0  0  6  1  0  0  0  0  0  0]
 [ 0 42  0  0  0  0  0  0  0  0  0  0  1  0  0  0  0  0  0  0]
 [ 1  0 26  0  0  0  0  0  0  0  0  0  0  0  0  0  0  0  0  0]
 [ 0  1  0 24  0  0  0  0  0  0  0  0  0  0  0  0  0  0  0  0]
 [ 8  0  0  0 13  0  0  0  0  0  0  0  2  0  0  0  0  0  0  0]
 [ 0 12  0  0  0  0  0  0  0  0  0  0  0  0  0  0  0  0  0  0]
 [ 4  3  0  0  1  0  0  0  0  0  0  0  4  0  0  0  0  0  0  0]
 [ 4  5  0  0  0  0  0  0  0  0  0  0  1  0  0  0  0  0  0  0]
 [ 1  5  0  0  0  0  0  0  0  0  0  0  4  0  0  0  0  0  0  0]
 [ 3  2  0  0  1  0  0  0  0  0  0  0  3  0  0  0  0  1  0  0]
 [ 2 11  0  0  1  0  0  0  0  0  3  0  1  0  0  0  0  0  0  0]
 [ 0  1  0  0  3  0  0  0  0  0  0 14  1  0  0  0  0  0  0  0]
 [ 4  6  0  0  0  0  0  0  0  0  0  0 47  0  0  0  0  0  0  0]
 [ 1  3  0  0  2  0  0  0  0  0  1  1  5 12  0  0  0  0  0  0]
 [ 0  1  1  0  1  0  0  0  0  0  0  0 16  3  0  0  0  0  0  0]
 [ 0  5  0  1  0  0  0  0  0  0  0  0 13  0  0  2  0  0  0  0]
 [ 0  0  0  1  0  0  0  0  0  0  0  0 12  0  0  0  4  0  0  0]
 [ 1  0  0  0  3  0  0  0  0  0  0  0  3  0  0  0  0  8  0  0]
 [ 0  3  0  0  0  0  0  0  0  0  0  0  3  0  0  0  0  0  6  0]
 [ 0  0  0  0  0  0  0  0  0  0  0  0  9  1  0  0  0  0  0  0]]
2022-11-02 21:50:38,161 - ***** Evaluation results *****
2022-11-02 21:50:38,161 -   acc = 0.5416
2022-11-02 21:50:38,161 -   f1 = 0.3827
2022-11-02 21:50:38,161 -   prec = 0.4968
2022-11-02 21:50:38,161 -   rec = 0.3869
2022-11-02 21:50:38,163 - Testing is finished...
2022-11-02 21:50:38,163 - Multimodal intent recognition is finished...
2022-11-02 21:50:38,163 - Results are saved in results\misa_bert.csv
