2022-11-03 19:12:38,574 - ============================== Params ==============================
2022-11-03 19:12:38,574 - logger_name: misa_MIntRec_multi-class_2022-11-03-19-12-38
2022-11-03 19:12:38,574 - dataset: MIntRec
2022-11-03 19:12:38,574 - data_mode: multi-class
2022-11-03 19:12:38,574 - method: misa
2022-11-03 19:12:38,574 - text_backbone: bert-base-uncased
2022-11-03 19:12:38,574 - seed: 0
2022-11-03 19:12:38,574 - num_workers: 0
2022-11-03 19:12:38,574 - gpu_id: 0
2022-11-03 19:12:38,574 - data_path: MIA-datasets
2022-11-03 19:12:38,574 - train: True
2022-11-03 19:12:38,574 - tune: False
2022-11-03 19:12:38,574 - save_model: True
2022-11-03 19:12:38,574 - save_results: True
2022-11-03 19:12:38,574 - log_path: logs
2022-11-03 19:12:38,574 - cache_path: cache
2022-11-03 19:12:38,574 - video_data_path: video_data
2022-11-03 19:12:38,574 - audio_data_path: audio_data
2022-11-03 19:12:38,574 - video_feats_path: video_feats.pkl
2022-11-03 19:12:38,574 - audio_feats_path: audio_feats.pkl
2022-11-03 19:12:38,574 - results_path: results
2022-11-03 19:12:38,574 - output_path: outputs
2022-11-03 19:12:38,574 - model_path: models
2022-11-03 19:12:38,574 - config_file_name: misa_bert
2022-11-03 19:12:38,575 - results_file_name: misa_bert.csv
2022-11-03 19:12:38,575 - padding_mode: zero
2022-11-03 19:12:38,575 - padding_loc: end
2022-11-03 19:12:38,575 - need_aligned: False
2022-11-03 19:12:38,575 - eval_monitor: f1
2022-11-03 19:12:38,575 - train_batch_size: 6
2022-11-03 19:12:38,575 - eval_batch_size: 6
2022-11-03 19:12:38,575 - test_batch_size: 4
2022-11-03 19:12:38,575 - wait_patience: 4
2022-11-03 19:12:38,575 - num_train_epochs: 100
2022-11-03 19:12:38,575 - rnncell: lstm
2022-11-03 19:12:38,575 - use_cmd_sim: False
2022-11-03 19:12:38,575 - reverse_grad_weight: 0.8
2022-11-03 19:12:38,575 - hidden_size: 256
2022-11-03 19:12:38,575 - dropout_rate: 0.1
2022-11-03 19:12:38,575 - diff_weight: 0.7
2022-11-03 19:12:38,575 - sim_weight: 0.7
2022-11-03 19:12:38,575 - recon_weight: 0.7
2022-11-03 19:12:38,575 - lr: 3e-05
2022-11-03 19:12:38,575 - grad_clip: -1.0
2022-11-03 19:12:38,575 - gamma: 0.5
2022-11-03 19:12:38,575 - common_hyper_param: {'common_param': {'padding_mode': 'zero', 'padding_loc': 'end', 'need_aligned': False, 'eval_monitor': 'f1', 'train_batch_size': 6, 'eval_batch_size': 6, 'test_batch_size': 4, 'wait_patience': 4}, 'hyper_param': {'num_train_epochs': 100, 'rnncell': 'lstm', 'use_cmd_sim': False, 'reverse_grad_weight': 0.8, 'hidden_size': 256, 'dropout_rate': 0.1, 'diff_weight': 0.7, 'sim_weight': 0.7, 'recon_weight': 0.7, 'lr': 3e-05, 'grad_clip': -1.0, 'gamma': 0.5}}
2022-11-03 19:12:38,575 - pred_output_path: outputs\misa_MIntRec_multi-class_2022-11-03-19-12-38
2022-11-03 19:12:38,575 - model_output_path: outputs\misa_MIntRec_multi-class_2022-11-03-19-12-38\models
2022-11-03 19:12:38,575 - ============================== End Params ==============================
2022-11-03 19:12:38,578 - Generate Text Features Begin...
2022-11-03 19:12:55,305 - Generate Text Features Finished...
2022-11-03 19:12:55,305 - Load Video Features Begin...
2022-11-03 19:12:55,507 - Load Video Features Finished...
2022-11-03 19:12:55,858 - Load Audio Features Begin...
2022-11-03 19:12:56,620 - Load Audio Features Finished...
2022-11-03 19:13:18,302 - Multimodal intent recognition begins...
2022-11-03 19:13:18,305 - Training begins...
2022-11-03 19:13:49,102 - ***** Epoch: 1: Eval results *****
2022-11-03 19:13:49,111 -   best_eval_score = 0.0
2022-11-03 19:13:49,111 -   eval_score = 0.4675
2022-11-03 19:13:49,111 -   train_loss = 3.4306
2022-11-03 19:14:18,595 - ***** Epoch: 2: Eval results *****
2022-11-03 19:14:18,595 -   best_eval_score = 0.4675
2022-11-03 19:14:18,595 -   eval_score = 0.62
2022-11-03 19:14:18,595 -   train_loss = 1.9279
2022-11-03 19:14:48,235 - ***** Epoch: 3: Eval results *****
2022-11-03 19:14:48,235 -   best_eval_score = 0.62
2022-11-03 19:14:48,235 -   eval_score = 0.6363
2022-11-03 19:14:48,235 -   train_loss = 1.2997
2022-11-03 19:15:17,530 - ***** Epoch: 4: Eval results *****
2022-11-03 19:15:17,531 -   best_eval_score = 0.6363
2022-11-03 19:15:17,531 -   eval_score = 0.664
2022-11-03 19:15:17,531 -   train_loss = 1.0684
2022-11-03 19:15:46,868 - ***** Epoch: 5: Eval results *****
2022-11-03 19:15:46,868 -   best_eval_score = 0.664
2022-11-03 19:15:46,868 -   eval_score = 0.6673
2022-11-03 19:15:46,869 -   train_loss = 0.9806
2022-11-03 19:16:15,974 - ***** Epoch: 6: Eval results *****
2022-11-03 19:16:15,974 -   best_eval_score = 0.6673
2022-11-03 19:16:15,974 -   eval_score = 0.6886
2022-11-03 19:16:15,974 -   train_loss = 0.8786
2022-11-03 19:16:43,923 - ***** Epoch: 7: Eval results *****
2022-11-03 19:16:43,923 -   best_eval_score = 0.6886
2022-11-03 19:16:43,923 -   eval_score = 0.6903
2022-11-03 19:16:43,923 -   train_loss = 0.8307
2022-11-03 19:17:12,320 - ***** Epoch: 8: Eval results *****
2022-11-03 19:17:12,320 -   best_eval_score = 0.6903
2022-11-03 19:17:12,320 -   eval_score = 0.6901
2022-11-03 19:17:12,320 -   train_loss = 0.8225
2022-11-03 19:17:12,320 - EarlyStopping counter: 1 out of 4
2022-11-03 19:17:42,260 - ***** Epoch: 9: Eval results *****
2022-11-03 19:17:42,260 -   best_eval_score = 0.6903
2022-11-03 19:17:42,260 -   eval_score = 0.6929
2022-11-03 19:17:42,260 -   train_loss = 0.7996
2022-11-03 19:18:13,268 - ***** Epoch: 10: Eval results *****
2022-11-03 19:18:13,268 -   best_eval_score = 0.6929
2022-11-03 19:18:13,269 -   eval_score = 0.6938
2022-11-03 19:18:13,269 -   train_loss = 0.7974
2022-11-03 19:18:44,446 - ***** Epoch: 11: Eval results *****
2022-11-03 19:18:44,446 -   best_eval_score = 0.6938
2022-11-03 19:18:44,446 -   eval_score = 0.6964
2022-11-03 19:18:44,446 -   train_loss = 0.7997
2022-11-03 19:19:15,595 - ***** Epoch: 12: Eval results *****
2022-11-03 19:19:15,595 -   best_eval_score = 0.6964
2022-11-03 19:19:15,595 -   eval_score = 0.6985
2022-11-03 19:19:15,595 -   train_loss = 0.7978
2022-11-03 19:19:46,227 - ***** Epoch: 13: Eval results *****
2022-11-03 19:19:46,227 -   best_eval_score = 0.6985
2022-11-03 19:19:46,227 -   eval_score = 0.7061
2022-11-03 19:19:46,227 -   train_loss = 0.7918
2022-11-03 19:20:17,768 - ***** Epoch: 14: Eval results *****
2022-11-03 19:20:17,768 -   best_eval_score = 0.7061
2022-11-03 19:20:17,768 -   eval_score = 0.7021
2022-11-03 19:20:17,768 -   train_loss = 0.7876
2022-11-03 19:20:17,768 - EarlyStopping counter: 1 out of 4
2022-11-03 19:20:46,626 - ***** Epoch: 15: Eval results *****
2022-11-03 19:20:46,626 -   best_eval_score = 0.7061
2022-11-03 19:20:46,626 -   eval_score = 0.7012
2022-11-03 19:20:46,626 -   train_loss = 0.7846
2022-11-03 19:20:46,626 - EarlyStopping counter: 2 out of 4
2022-11-03 19:21:15,277 - ***** Epoch: 16: Eval results *****
2022-11-03 19:21:15,277 -   best_eval_score = 0.7061
2022-11-03 19:21:15,277 -   eval_score = 0.7004
2022-11-03 19:21:15,277 -   train_loss = 0.7849
2022-11-03 19:21:15,277 - EarlyStopping counter: 3 out of 4
2022-11-03 19:21:44,388 - ***** Epoch: 17: Eval results *****
2022-11-03 19:21:44,388 -   best_eval_score = 0.7061
2022-11-03 19:21:44,388 -   eval_score = 0.7018
2022-11-03 19:21:44,388 -   train_loss = 0.7848
2022-11-03 19:21:44,388 - EarlyStopping counter: 4 out of 4
2022-11-03 19:21:44,388 - EarlyStopping at epoch 17
2022-11-03 19:21:44,388 - Trained models are saved in outputs\misa_MIntRec_multi-class_2022-11-03-19-12-38\models
2022-11-03 19:21:45,343 - Training is finished...
2022-11-03 19:21:45,343 - Testing begins...
2022-11-03 19:21:48,383 - ***** Test: Confusion Matrix *****
2022-11-03 19:21:48,387 - [[36  2  0  0  6  0  1  0  1  4  0  0  6  0  0  1  0  0  0  0]
 [ 0 37  0  1  0  0  2  0  0  0  1  0  1  1  0  0  0  0  0  0]
 [ 1  0 26  0  0  0  0  0  0  0  0  0  0  0  0  0  0  0  0  0]
 [ 0  0  0 25  0  0  0  0  0  0  0  0  0  0  0  0  0  0  0  0]
 [ 3  0  0  0 11  0  3  0  0  0  0  1  1  2  1  0  0  1  0  0]
 [ 0  0  0  0  0 12  0  0  0  0  0  0  0  0  0  0  0  0  0  0]
 [ 1  1  0  0  0  0  4  0  2  2  0  1  1  0  0  0  0  0  0  0]
 [ 2  0  0  0  0  0  0  5  0  2  0  0  0  0  0  1  0  0  0  0]
 [ 0  0  0  0  0  0  0  2  7  0  0  0  0  1  0  0  0  0  0  0]
 [ 1  0  0  0  0  0  0  0  0  3  1  0  0  0  0  3  0  2  0  0]
 [ 1  1  0  0  0  0  0  0  0  1 15  0  0  0  0  0  0  0  0  0]
 [ 0  0  0  0  0  0  0  0  0  0  0 18  0  0  0  0  0  0  0  1]
 [ 2  0  0  0  1  1  2  0  1  0  0  0 38  5  1  2  2  0  1  1]
 [ 0  0  0  0  0  0  2  0  0  0  1  1  0 20  1  0  0  0  0  0]
 [ 0  0  1  0  1  0  0  0  1  0  0  0  0  2 15  0  1  0  0  1]
 [ 0  0  0  1  0  0  0  0  0  0  0  0  2  0  1 16  0  0  0  1]
 [ 0  0  0  0  0  0  0  0  0  0  0  0  4  0  1  0 12  0  0  0]
 [ 0  0  0  0  0  0  0  0  0  1  1  0  1  0  0  0  0 12  0  0]
 [ 0  0  0  0  0  0  0  0  0  0  0  0  1  0  0  1  0  0 10  0]
 [ 0  0  0  0  0  0  0  0  0  0  0  0  0  1  2  0  0  0  0  7]]
2022-11-03 19:21:48,388 - ***** Evaluation results *****
2022-11-03 19:21:48,388 -   acc = 0.7393
2022-11-03 19:21:48,388 -   f1 = 0.7173
2022-11-03 19:21:48,388 -   prec = 0.7165
2022-11-03 19:21:48,388 -   rec = 0.7248
2022-11-03 19:21:48,388 - Testing is finished...
2022-11-03 19:21:48,388 - Multimodal intent recognition is finished...
2022-11-03 19:21:48,388 - Results are saved in results\misa_bert.csv
