2022-11-03 21:53:20,028 - ============================== Params ==============================
2022-11-03 21:53:20,028 - logger_name: misa_MIntRec_multi-class_2022-11-03-21-53-20
2022-11-03 21:53:20,028 - dataset: MIntRec
2022-11-03 21:53:20,028 - data_mode: multi-class
2022-11-03 21:53:20,028 - method: misa
2022-11-03 21:53:20,028 - text_backbone: bert-base-uncased
2022-11-03 21:53:20,028 - seed: 0
2022-11-03 21:53:20,028 - num_workers: 0
2022-11-03 21:53:20,029 - gpu_id: 0
2022-11-03 21:53:20,029 - data_path: MIA-datasets
2022-11-03 21:53:20,029 - train: True
2022-11-03 21:53:20,029 - tune: False
2022-11-03 21:53:20,029 - save_model: True
2022-11-03 21:53:20,029 - save_results: True
2022-11-03 21:53:20,029 - log_path: logs
2022-11-03 21:53:20,029 - cache_path: cache
2022-11-03 21:53:20,029 - video_data_path: video_data
2022-11-03 21:53:20,029 - audio_data_path: audio_data
2022-11-03 21:53:20,029 - video_feats_path: video_feats.pkl
2022-11-03 21:53:20,029 - audio_feats_path: audio_feats.pkl
2022-11-03 21:53:20,029 - results_path: results
2022-11-03 21:53:20,029 - output_path: outputs
2022-11-03 21:53:20,029 - model_path: models
2022-11-03 21:53:20,029 - config_file_name: misa_bert
2022-11-03 21:53:20,029 - results_file_name: misa_bert.csv
2022-11-03 21:53:20,029 - padding_mode: zero
2022-11-03 21:53:20,029 - padding_loc: end
2022-11-03 21:53:20,029 - need_aligned: False
2022-11-03 21:53:20,029 - eval_monitor: f1
2022-11-03 21:53:20,029 - train_batch_size: 6
2022-11-03 21:53:20,029 - eval_batch_size: 6
2022-11-03 21:53:20,029 - test_batch_size: 4
2022-11-03 21:53:20,029 - wait_patience: 4
2022-11-03 21:53:20,029 - num_train_epochs: 100
2022-11-03 21:53:20,029 - rnncell: lstm
2022-11-03 21:53:20,029 - use_cmd_sim: False
2022-11-03 21:53:20,029 - reverse_grad_weight: 0.8
2022-11-03 21:53:20,029 - hidden_size: 256
2022-11-03 21:53:20,029 - dropout_rate: 0.1
2022-11-03 21:53:20,029 - diff_weight: 0.7
2022-11-03 21:53:20,029 - sim_weight: 0.7
2022-11-03 21:53:20,029 - recon_weight: 0.7
2022-11-03 21:53:20,029 - lr: 3e-05
2022-11-03 21:53:20,029 - grad_clip: -1.0
2022-11-03 21:53:20,029 - gamma: 0.5
2022-11-03 21:53:20,029 - common_hyper_param: {'common_param': {'padding_mode': 'zero', 'padding_loc': 'end', 'need_aligned': False, 'eval_monitor': 'f1', 'train_batch_size': 6, 'eval_batch_size': 6, 'test_batch_size': 4, 'wait_patience': 4}, 'hyper_param': {'num_train_epochs': 100, 'rnncell': 'lstm', 'use_cmd_sim': False, 'reverse_grad_weight': 0.8, 'hidden_size': 256, 'dropout_rate': 0.1, 'diff_weight': 0.7, 'sim_weight': 0.7, 'recon_weight': 0.7, 'lr': 3e-05, 'grad_clip': -1.0, 'gamma': 0.5}}
2022-11-03 21:53:20,029 - pred_output_path: outputs\misa_MIntRec_multi-class_2022-11-03-21-53-20
2022-11-03 21:53:20,029 - model_output_path: outputs\misa_MIntRec_multi-class_2022-11-03-21-53-20\models
2022-11-03 21:53:20,030 - ============================== End Params ==============================
2022-11-03 21:53:20,034 - Generate Text Features Begin...
2022-11-03 21:53:36,776 - Generate Text Features Finished...
2022-11-03 21:53:36,776 - Load Video Features Begin...
2022-11-03 21:53:37,180 - Load Video Features Finished...
2022-11-03 21:53:37,584 - Load Audio Features Begin...
2022-11-03 21:53:38,321 - Load Audio Features Finished...
