2022-11-03 22:05:55,064 - ============================== Params ==============================
2022-11-03 22:05:55,065 - logger_name: misa_MIntRec_multi-class_2022-11-03-22-05-55
2022-11-03 22:05:55,065 - dataset: MIntRec
2022-11-03 22:05:55,065 - data_mode: multi-class
2022-11-03 22:05:55,065 - method: misa
2022-11-03 22:05:55,065 - text_backbone: bert-base-uncased
2022-11-03 22:05:55,065 - seed: 0
2022-11-03 22:05:55,065 - num_workers: 0
2022-11-03 22:05:55,065 - gpu_id: 0
2022-11-03 22:05:55,065 - data_path: MIA-datasets
2022-11-03 22:05:55,065 - train: True
2022-11-03 22:05:55,065 - tune: False
2022-11-03 22:05:55,065 - save_model: True
2022-11-03 22:05:55,065 - save_results: True
2022-11-03 22:05:55,065 - log_path: logs
2022-11-03 22:05:55,065 - cache_path: cache
2022-11-03 22:05:55,065 - video_data_path: video_data
2022-11-03 22:05:55,065 - audio_data_path: audio_data
2022-11-03 22:05:55,066 - video_feats_path: video_feats.pkl
2022-11-03 22:05:55,066 - audio_feats_path: audio_feats.pkl
2022-11-03 22:05:55,066 - results_path: results
2022-11-03 22:05:55,066 - output_path: outputs
2022-11-03 22:05:55,066 - model_path: models
2022-11-03 22:05:55,066 - config_file_name: misa_bert
2022-11-03 22:05:55,066 - results_file_name: misa_bert.csv
2022-11-03 22:05:55,066 - padding_mode: zero
2022-11-03 22:05:55,066 - padding_loc: end
2022-11-03 22:05:55,066 - need_aligned: False
2022-11-03 22:05:55,066 - eval_monitor: f1
2022-11-03 22:05:55,066 - train_batch_size: 6
2022-11-03 22:05:55,066 - eval_batch_size: 6
2022-11-03 22:05:55,066 - test_batch_size: 4
2022-11-03 22:05:55,066 - wait_patience: 4
2022-11-03 22:05:55,066 - num_train_epochs: 100
2022-11-03 22:05:55,066 - rnncell: lstm
2022-11-03 22:05:55,066 - use_cmd_sim: False
2022-11-03 22:05:55,066 - reverse_grad_weight: 0.8
2022-11-03 22:05:55,066 - hidden_size: 256
2022-11-03 22:05:55,066 - dropout_rate: 0.1
2022-11-03 22:05:55,066 - diff_weight: 0.7
2022-11-03 22:05:55,066 - sim_weight: 0.7
2022-11-03 22:05:55,066 - recon_weight: 0.7
2022-11-03 22:05:55,066 - lr: 3e-05
2022-11-03 22:05:55,066 - grad_clip: -1.0
2022-11-03 22:05:55,066 - gamma: 0.5
2022-11-03 22:05:55,066 - common_hyper_param: {'common_param': {'padding_mode': 'zero', 'padding_loc': 'end', 'need_aligned': False, 'eval_monitor': 'f1', 'train_batch_size': 6, 'eval_batch_size': 6, 'test_batch_size': 4, 'wait_patience': 4}, 'hyper_param': {'num_train_epochs': 100, 'rnncell': 'lstm', 'use_cmd_sim': False, 'reverse_grad_weight': 0.8, 'hidden_size': 256, 'dropout_rate': 0.1, 'diff_weight': 0.7, 'sim_weight': 0.7, 'recon_weight': 0.7, 'lr': 3e-05, 'grad_clip': -1.0, 'gamma': 0.5}}
2022-11-03 22:05:55,066 - pred_output_path: outputs\misa_MIntRec_multi-class_2022-11-03-22-05-55
2022-11-03 22:05:55,066 - model_output_path: outputs\misa_MIntRec_multi-class_2022-11-03-22-05-55\models
2022-11-03 22:05:55,066 - ============================== End Params ==============================
2022-11-03 22:05:55,079 - Generate Text Features Begin...
2022-11-03 22:06:12,027 - Generate Text Features Finished...
2022-11-03 22:06:12,028 - Load Video Features Begin...
2022-11-03 22:06:12,554 - Load Video Features Finished...
2022-11-03 22:06:12,952 - Load Audio Features Begin...
2022-11-03 22:06:13,719 - Load Audio Features Finished...
2022-11-03 22:06:31,827 - Multimodal intent recognition begins...
2022-11-03 22:06:31,828 - Training begins...
2022-11-03 22:07:10,103 - ***** Epoch: 1: Eval results *****
2022-11-03 22:07:10,124 -   best_eval_score = 0.4044
2022-11-03 22:07:10,124 -   eval_score = 0.4044
2022-11-03 22:07:10,124 -   train_loss = 3.3521
