2022-11-03 23:00:29,670 - ============================== Params ==============================
2022-11-03 23:00:29,670 - logger_name: misa_MIntRec_multi-class_2022-11-03-23-00-29
2022-11-03 23:00:29,670 - dataset: MIntRec
2022-11-03 23:00:29,670 - data_mode: multi-class
2022-11-03 23:00:29,670 - method: misa
2022-11-03 23:00:29,670 - text_backbone: bert-base-uncased
2022-11-03 23:00:29,670 - seed: 0
2022-11-03 23:00:29,670 - num_workers: 0
2022-11-03 23:00:29,670 - gpu_id: 0
2022-11-03 23:00:29,670 - data_path: MIA-datasets
2022-11-03 23:00:29,670 - train: True
2022-11-03 23:00:29,670 - tune: False
2022-11-03 23:00:29,670 - save_model: True
2022-11-03 23:00:29,670 - save_results: True
2022-11-03 23:00:29,670 - log_path: logs
2022-11-03 23:00:29,670 - cache_path: cache
2022-11-03 23:00:29,670 - video_data_path: video_data
2022-11-03 23:00:29,670 - audio_data_path: audio_data
2022-11-03 23:00:29,670 - video_feats_path: video_feats.pkl
2022-11-03 23:00:29,670 - audio_feats_path: audio_feats.pkl
2022-11-03 23:00:29,671 - results_path: results
2022-11-03 23:00:29,671 - output_path: outputs
2022-11-03 23:00:29,671 - model_path: models
2022-11-03 23:00:29,671 - config_file_name: misa_bert
2022-11-03 23:00:29,671 - results_file_name: misa_bert.csv
2022-11-03 23:00:29,671 - padding_mode: zero
2022-11-03 23:00:29,671 - padding_loc: end
2022-11-03 23:00:29,671 - need_aligned: False
2022-11-03 23:00:29,671 - eval_monitor: f1
2022-11-03 23:00:29,671 - train_batch_size: 6
2022-11-03 23:00:29,671 - eval_batch_size: 6
2022-11-03 23:00:29,671 - test_batch_size: 4
2022-11-03 23:00:29,671 - wait_patience: 4
2022-11-03 23:00:29,671 - num_train_epochs: 100
2022-11-03 23:00:29,671 - rnncell: lstm
2022-11-03 23:00:29,671 - use_cmd_sim: False
2022-11-03 23:00:29,671 - reverse_grad_weight: 0.8
2022-11-03 23:00:29,671 - hidden_size: 256
2022-11-03 23:00:29,671 - dropout_rate: 0.1
2022-11-03 23:00:29,671 - diff_weight: 0.7
2022-11-03 23:00:29,671 - sim_weight: 0.7
2022-11-03 23:00:29,671 - recon_weight: 0.6
2022-11-03 23:00:29,671 - lr: 3e-05
2022-11-03 23:00:29,671 - grad_clip: -1.0
2022-11-03 23:00:29,671 - gamma: 0.5
2022-11-03 23:00:29,671 - common_hyper_param: {'common_param': {'padding_mode': 'zero', 'padding_loc': 'end', 'need_aligned': False, 'eval_monitor': 'f1', 'train_batch_size': 6, 'eval_batch_size': 6, 'test_batch_size': 4, 'wait_patience': 4}, 'hyper_param': {'num_train_epochs': 100, 'rnncell': 'lstm', 'use_cmd_sim': False, 'reverse_grad_weight': 0.8, 'hidden_size': 256, 'dropout_rate': 0.1, 'diff_weight': 0.7, 'sim_weight': 0.7, 'recon_weight': 0.6, 'lr': 3e-05, 'grad_clip': -1.0, 'gamma': 0.5}}
2022-11-03 23:00:29,671 - pred_output_path: outputs\misa_MIntRec_multi-class_2022-11-03-23-00-29
2022-11-03 23:00:29,671 - model_output_path: outputs\misa_MIntRec_multi-class_2022-11-03-23-00-29\models
2022-11-03 23:00:29,671 - ============================== End Params ==============================
2022-11-03 23:00:29,675 - Generate Text Features Begin...
2022-11-03 23:00:46,349 - Generate Text Features Finished...
2022-11-03 23:00:46,349 - Load Video Features Begin...
2022-11-03 23:00:46,744 - Load Video Features Finished...
2022-11-03 23:00:47,136 - Load Audio Features Begin...
2022-11-03 23:00:47,881 - Load Audio Features Finished...
2022-11-03 23:01:10,694 - Multimodal intent recognition begins...
2022-11-03 23:01:10,696 - Training begins...
2022-11-03 23:01:40,510 - ***** Epoch: 1: Eval results *****
2022-11-03 23:01:40,519 -   best_eval_score = 0.0
2022-11-03 23:01:40,519 -   eval_score = 0.5217
2022-11-03 23:01:40,519 -   train_loss = 3.3892
2022-11-03 23:02:09,658 - ***** Epoch: 2: Eval results *****
2022-11-03 23:02:09,658 -   best_eval_score = 0.5217
2022-11-03 23:02:09,658 -   eval_score = 0.6556
2022-11-03 23:02:09,658 -   train_loss = 1.8921
2022-11-03 23:02:38,768 - ***** Epoch: 3: Eval results *****
2022-11-03 23:02:38,768 -   best_eval_score = 0.6556
2022-11-03 23:02:38,768 -   eval_score = 0.6412
2022-11-03 23:02:38,768 -   train_loss = 1.2944
2022-11-03 23:02:38,768 - EarlyStopping counter: 1 out of 4
2022-11-03 23:03:07,647 - ***** Epoch: 4: Eval results *****
2022-11-03 23:03:07,647 -   best_eval_score = 0.6556
2022-11-03 23:03:07,647 -   eval_score = 0.6782
2022-11-03 23:03:07,647 -   train_loss = 1.0537
2022-11-03 23:03:36,296 - ***** Epoch: 5: Eval results *****
2022-11-03 23:03:36,296 -   best_eval_score = 0.6782
2022-11-03 23:03:36,296 -   eval_score = 0.6904
2022-11-03 23:03:36,296 -   train_loss = 0.9782
2022-11-03 23:04:04,417 - ***** Epoch: 6: Eval results *****
2022-11-03 23:04:04,417 -   best_eval_score = 0.6904
2022-11-03 23:04:04,417 -   eval_score = 0.6768
2022-11-03 23:04:04,417 -   train_loss = 0.938
2022-11-03 23:04:04,417 - EarlyStopping counter: 1 out of 4
2022-11-03 23:04:32,445 - ***** Epoch: 7: Eval results *****
2022-11-03 23:04:32,445 -   best_eval_score = 0.6904
2022-11-03 23:04:32,445 -   eval_score = 0.6855
2022-11-03 23:04:32,445 -   train_loss = 0.9029
2022-11-03 23:04:32,445 - EarlyStopping counter: 2 out of 4
2022-11-03 23:04:59,824 - ***** Epoch: 8: Eval results *****
2022-11-03 23:04:59,824 -   best_eval_score = 0.6904
2022-11-03 23:04:59,824 -   eval_score = 0.689
2022-11-03 23:04:59,824 -   train_loss = 0.8879
2022-11-03 23:04:59,824 - EarlyStopping counter: 3 out of 4
2022-11-03 23:05:28,855 - ***** Epoch: 9: Eval results *****
2022-11-03 23:05:28,855 -   best_eval_score = 0.6904
2022-11-03 23:05:28,855 -   eval_score = 0.6884
2022-11-03 23:05:28,855 -   train_loss = 0.8791
2022-11-03 23:05:28,855 - EarlyStopping counter: 4 out of 4
2022-11-03 23:05:28,861 - EarlyStopping at epoch 9
2022-11-03 23:05:28,862 - Trained models are saved in outputs\misa_MIntRec_multi-class_2022-11-03-23-00-29\models
2022-11-03 23:05:29,870 - Training is finished...
2022-11-03 23:05:29,870 - Testing begins...
2022-11-03 23:05:32,532 - ***** Test: Confusion Matrix *****
2022-11-03 23:05:32,536 - [[32  2  0  0 10  0  1  1  1  4  0  0  4  0  0  2  0  0  0  0]
 [ 0 39  0  1  0  0  1  0  0  0  0  0  2  0  0  0  0  0  0  0]
 [ 1  0 26  0  0  0  0  0  0  0  0  0  0  0  0  0  0  0  0  0]
 [ 0  0  0 25  0  0  0  0  0  0  0  0  0  0  0  0  0  0  0  0]
 [ 4  0  0  0 12  0  3  0  0  0  0  1  1  1  1  0  0  0  0  0]
 [ 0  0  0  0  0 12  0  0  0  0  0  0  0  0  0  0  0  0  0  0]
 [ 2  1  0  0  2  0  3  0  2  0  0  1  1  0  0  0  0  0  0  0]
 [ 1  1  0  0  0  0  0  5  0  2  0  0  0  0  0  1  0  0  0  0]
 [ 1  0  0  0  0  0  1  3  3  0  0  0  0  1  0  1  0  0  0  0]
 [ 1  1  0  0  1  0  0  0  0  3  0  0  0  0  0  3  0  1  0  0]
 [ 1  1  0  0  0  0  0  0  0  2 13  0  0  0  0  0  1  0  0  0]
 [ 0  0  0  0  0  0  0  0  0  0  0 18  0  0  0  0  0  0  0  1]
 [ 3  1  0  0  1  0  1  1  0  0  0  2 40  3  1  3  0  0  0  1]
 [ 0  0  0  0  0  0  2  0  0  0  1  1  1 18  1  0  1  0  0  0]
 [ 0  0  0  0  2  0  0  0  0  0  0  0  2  2 13  0  1  0  0  2]
 [ 0  1  0  0  0  0  0  0  0  0  0  0  1  0  0 18  0  0  0  1]
 [ 0  0  0  0  0  0  0  0  0  0  0  0  4  0  1  0 12  0  0  0]
 [ 0  0  0  0  0  0  0  0  0  1  1  0  1  0  0  0  0 12  0  0]
 [ 0  0  0  0  0  0  0  0  0  0  0  0  1  0  0  1  0  0 10  0]
 [ 0  0  0  0  0  0  0  0  0  0  0  2  0  1  1  0  0  0  0  6]]
2022-11-03 23:05:32,536 - ***** Evaluation results *****
2022-11-03 23:05:32,537 -   acc = 0.7191
2022-11-03 23:05:32,537 -   f1 = 0.6892
2022-11-03 23:05:32,537 -   prec = 0.6998
2022-11-03 23:05:32,537 -   rec = 0.6891
2022-11-03 23:05:32,537 - Testing is finished...
2022-11-03 23:05:32,537 - Multimodal intent recognition is finished...
2022-11-03 23:05:32,537 - Results are saved in results\misa_bert.csv
