2022-11-09 19:20:05,644 - ============================== Params ==============================
2022-11-09 19:20:05,644 - logger_name: misa_MIntRec_binary-class_2022-11-09-19-20-05
2022-11-09 19:20:05,644 - dataset: MIntRec
2022-11-09 19:20:05,644 - data_mode: binary-class
2022-11-09 19:20:05,644 - method: misa
2022-11-09 19:20:05,644 - text_backbone: bert-base-uncased
2022-11-09 19:20:05,644 - seed: 0
2022-11-09 19:20:05,644 - num_workers: 0
2022-11-09 19:20:05,644 - gpu_id: 0
2022-11-09 19:20:05,644 - data_path: MIA-datasets
2022-11-09 19:20:05,644 - train: True
2022-11-09 19:20:05,644 - tune: False
2022-11-09 19:20:05,644 - save_model: True
2022-11-09 19:20:05,644 - save_results: True
2022-11-09 19:20:05,645 - log_path: logs
2022-11-09 19:20:05,645 - cache_path: cache
2022-11-09 19:20:05,645 - video_data_path: video_data
2022-11-09 19:20:05,645 - audio_data_path: audio_data
2022-11-09 19:20:05,645 - video_feats_path: video_feats.pkl
2022-11-09 19:20:05,645 - audio_feats_path: audio_feats.pkl
2022-11-09 19:20:05,645 - results_path: results
2022-11-09 19:20:05,645 - output_path: outputs
2022-11-09 19:20:05,645 - model_path: models
2022-11-09 19:20:05,645 - config_file_name: misa_bert_bi
2022-11-09 19:20:05,645 - results_file_name: misa_bert_bi.csv
2022-11-09 19:20:05,645 - padding_mode: zero
2022-11-09 19:20:05,645 - padding_loc: end
2022-11-09 19:20:05,645 - need_aligned: False
2022-11-09 19:20:05,645 - eval_monitor: f1
2022-11-09 19:20:05,645 - train_batch_size: 6
2022-11-09 19:20:05,645 - eval_batch_size: 6
2022-11-09 19:20:05,645 - test_batch_size: 4
2022-11-09 19:20:05,645 - wait_patience: 4
2022-11-09 19:20:05,645 - num_train_epochs: 100
2022-11-09 19:20:05,645 - rnncell: lstm
2022-11-09 19:20:05,645 - use_cmd_sim: False
2022-11-09 19:20:05,645 - reverse_grad_weight: 0.8
2022-11-09 19:20:05,645 - hidden_size: 256
2022-11-09 19:20:05,645 - dropout_rate: 0.1
2022-11-09 19:20:05,645 - diff_weight: 0.7
2022-11-09 19:20:05,645 - sim_weight: 0.7
2022-11-09 19:20:05,645 - recon_weight: 0.6
2022-11-09 19:20:05,645 - lr: 3e-05
2022-11-09 19:20:05,645 - grad_clip: -1
2022-11-09 19:20:05,645 - gamma: 0.5
2022-11-09 19:20:05,645 - common_hyper_param: {'common_param': {'padding_mode': 'zero', 'padding_loc': 'end', 'need_aligned': False, 'eval_monitor': 'f1', 'train_batch_size': 6, 'eval_batch_size': 6, 'test_batch_size': 4, 'wait_patience': 4}, 'hyper_param': {'num_train_epochs': 100, 'rnncell': 'lstm', 'use_cmd_sim': False, 'reverse_grad_weight': 0.8, 'hidden_size': 256, 'dropout_rate': 0.1, 'diff_weight': 0.7, 'sim_weight': 0.7, 'recon_weight': 0.6, 'lr': 3e-05, 'grad_clip': -1, 'gamma': 0.5}}
2022-11-09 19:20:05,645 - pred_output_path: outputs\misa_MIntRec_binary-class_2022-11-09-19-20-05
2022-11-09 19:20:05,645 - model_output_path: outputs\misa_MIntRec_binary-class_2022-11-09-19-20-05\models
2022-11-09 19:20:05,645 - ============================== End Params ==============================
2022-11-09 19:20:05,649 - Generate Text Features Begin...
2022-11-09 19:20:22,460 - Generate Text Features Finished...
2022-11-09 19:20:22,460 - Load Video Features Begin...
2022-11-09 19:20:22,855 - Load Video Features Finished...
2022-11-09 19:20:23,261 - Load Audio Features Begin...
2022-11-09 19:20:24,022 - Load Audio Features Finished...
2022-11-09 19:20:44,512 - Multimodal intent recognition begins...
2022-11-09 19:20:44,514 - Training begins...
2022-11-09 19:21:18,545 - ***** Epoch: 1: Eval results *****
2022-11-09 19:21:18,567 -   best_eval_score = 0.0
2022-11-09 19:21:18,567 -   eval_score = 0.8909
2022-11-09 19:21:18,567 -   train_loss = 1.3949
2022-11-09 19:21:47,940 - ***** Epoch: 2: Eval results *****
2022-11-09 19:21:47,940 -   best_eval_score = 0.8909
2022-11-09 19:21:47,940 -   eval_score = 0.849
2022-11-09 19:21:47,940 -   train_loss = 0.9361
2022-11-09 19:21:47,941 - EarlyStopping counter: 1 out of 4
2022-11-09 19:22:20,096 - ***** Epoch: 3: Eval results *****
2022-11-09 19:22:20,096 -   best_eval_score = 0.8909
2022-11-09 19:22:20,096 -   eval_score = 0.899
2022-11-09 19:22:20,101 -   train_loss = 0.8404
2022-11-09 19:22:54,521 - ***** Epoch: 4: Eval results *****
2022-11-09 19:22:54,521 -   best_eval_score = 0.899
2022-11-09 19:22:54,521 -   eval_score = 0.8913
2022-11-09 19:22:54,522 -   train_loss = 0.8074
2022-11-09 19:22:54,522 - EarlyStopping counter: 1 out of 4
2022-11-09 19:23:35,773 - ***** Epoch: 5: Eval results *****
2022-11-09 19:23:35,773 -   best_eval_score = 0.899
2022-11-09 19:23:35,773 -   eval_score = 0.9038
2022-11-09 19:23:35,773 -   train_loss = 0.8247
2022-11-09 19:24:09,089 - ***** Epoch: 6: Eval results *****
2022-11-09 19:24:09,090 -   best_eval_score = 0.9038
2022-11-09 19:24:09,090 -   eval_score = 0.9038
2022-11-09 19:24:09,090 -   train_loss = 0.8122
2022-11-09 19:24:09,090 - EarlyStopping counter: 1 out of 4
2022-11-09 19:24:39,550 - ***** Epoch: 7: Eval results *****
2022-11-09 19:24:39,550 -   best_eval_score = 0.9038
2022-11-09 19:24:39,550 -   eval_score = 0.9015
2022-11-09 19:24:39,550 -   train_loss = 0.8109
2022-11-09 19:24:39,550 - EarlyStopping counter: 2 out of 4
2022-11-09 19:25:10,461 - ***** Epoch: 8: Eval results *****
2022-11-09 19:25:10,461 -   best_eval_score = 0.9038
2022-11-09 19:25:10,461 -   eval_score = 0.9038
2022-11-09 19:25:10,462 -   train_loss = 0.8111
2022-11-09 19:25:10,462 - EarlyStopping counter: 3 out of 4
2022-11-09 19:25:41,413 - ***** Epoch: 9: Eval results *****
2022-11-09 19:25:41,414 -   best_eval_score = 0.9038
2022-11-09 19:25:41,414 -   eval_score = 0.9038
2022-11-09 19:25:41,414 -   train_loss = 0.8109
2022-11-09 19:25:41,414 - EarlyStopping counter: 4 out of 4
2022-11-09 19:25:41,414 - EarlyStopping at epoch 9
2022-11-09 19:25:41,414 - Trained models are saved in outputs\misa_MIntRec_binary-class_2022-11-09-19-20-05\models
2022-11-09 19:25:42,448 - Training is finished...
2022-11-09 19:25:42,448 - Testing begins...
2022-11-09 19:25:46,791 - ***** Test: Confusion Matrix *****
2022-11-09 19:25:46,791 - [[223  25]
 [ 25 172]]
2022-11-09 19:25:46,791 - ***** Evaluation results *****
2022-11-09 19:25:46,791 -   acc = 0.8876
2022-11-09 19:25:46,791 -   f1 = 0.8861
2022-11-09 19:25:46,791 -   prec = 0.8861
2022-11-09 19:25:46,791 -   rec = 0.8861
2022-11-09 19:25:46,791 - Testing is finished...
2022-11-09 19:25:46,791 - Multimodal intent recognition is finished...
2022-11-09 19:25:46,791 - Results are saved in results\misa_bert_bi.csv
