2022-11-03 22:26:20,845 - ============================== Params ==============================
2022-11-03 22:26:20,845 - logger_name: misa_MIntRec_multi-class_2022-11-03-22-26-20
2022-11-03 22:26:20,845 - dataset: MIntRec
2022-11-03 22:26:20,845 - data_mode: multi-class
2022-11-03 22:26:20,845 - method: misa
2022-11-03 22:26:20,845 - text_backbone: bert-base-uncased
2022-11-03 22:26:20,845 - seed: 0
2022-11-03 22:26:20,845 - num_workers: 0
2022-11-03 22:26:20,845 - gpu_id: 0
2022-11-03 22:26:20,845 - data_path: MIA-datasets
2022-11-03 22:26:20,845 - train: True
2022-11-03 22:26:20,845 - tune: False
2022-11-03 22:26:20,845 - save_model: True
2022-11-03 22:26:20,845 - save_results: True
2022-11-03 22:26:20,845 - log_path: logs
2022-11-03 22:26:20,845 - cache_path: cache
2022-11-03 22:26:20,845 - video_data_path: video_data
2022-11-03 22:26:20,845 - audio_data_path: audio_data
2022-11-03 22:26:20,845 - video_feats_path: video_feats.pkl
2022-11-03 22:26:20,845 - audio_feats_path: audio_feats.pkl
2022-11-03 22:26:20,845 - results_path: results
2022-11-03 22:26:20,845 - output_path: outputs
2022-11-03 22:26:20,845 - model_path: models
2022-11-03 22:26:20,845 - config_file_name: misa_bert
2022-11-03 22:26:20,845 - results_file_name: misa_bert.csv
2022-11-03 22:26:20,845 - padding_mode: zero
2022-11-03 22:26:20,845 - padding_loc: end
2022-11-03 22:26:20,845 - need_aligned: False
2022-11-03 22:26:20,846 - eval_monitor: f1
2022-11-03 22:26:20,846 - train_batch_size: 6
2022-11-03 22:26:20,846 - eval_batch_size: 6
2022-11-03 22:26:20,846 - test_batch_size: 4
2022-11-03 22:26:20,846 - wait_patience: 4
2022-11-03 22:26:20,846 - num_train_epochs: 100
2022-11-03 22:26:20,846 - rnncell: lstm
2022-11-03 22:26:20,846 - use_cmd_sim: False
2022-11-03 22:26:20,846 - reverse_grad_weight: 0.8
2022-11-03 22:26:20,846 - hidden_size: 256
2022-11-03 22:26:20,846 - dropout_rate: 0.1
2022-11-03 22:26:20,846 - diff_weight: 0.7
2022-11-03 22:26:20,846 - sim_weight: 0.7
2022-11-03 22:26:20,846 - recon_weight: 0.7
2022-11-03 22:26:20,846 - lr: 3e-05
2022-11-03 22:26:20,846 - grad_clip: -1.0
2022-11-03 22:26:20,846 - gamma: 0.5
2022-11-03 22:26:20,846 - common_hyper_param: {'common_param': {'padding_mode': 'zero', 'padding_loc': 'end', 'need_aligned': False, 'eval_monitor': 'f1', 'train_batch_size': 6, 'eval_batch_size': 6, 'test_batch_size': 4, 'wait_patience': 4}, 'hyper_param': {'num_train_epochs': 100, 'rnncell': 'lstm', 'use_cmd_sim': False, 'reverse_grad_weight': 0.8, 'hidden_size': 256, 'dropout_rate': 0.1, 'diff_weight': 0.7, 'sim_weight': 0.7, 'recon_weight': 0.7, 'lr': 3e-05, 'grad_clip': -1.0, 'gamma': 0.5}}
2022-11-03 22:26:20,846 - pred_output_path: outputs\misa_MIntRec_multi-class_2022-11-03-22-26-20
2022-11-03 22:26:20,846 - model_output_path: outputs\misa_MIntRec_multi-class_2022-11-03-22-26-20\models
2022-11-03 22:26:20,846 - ============================== End Params ==============================
2022-11-03 22:26:20,857 - Generate Text Features Begin...
2022-11-03 22:26:37,803 - Generate Text Features Finished...
2022-11-03 22:26:37,803 - Load Video Features Begin...
2022-11-03 22:26:38,082 - Load Video Features Finished...
2022-11-03 22:26:38,525 - Load Audio Features Begin...
2022-11-03 22:26:39,368 - Load Audio Features Finished...
2022-11-03 22:26:59,856 - Multimodal intent recognition begins...
2022-11-03 22:26:59,859 - Training begins...
2022-11-03 22:27:36,347 - ***** Epoch: 1: Eval results *****
2022-11-03 22:27:36,354 -   best_eval_score = 0.4044
2022-11-03 22:27:36,354 -   eval_score = 0.4044
2022-11-03 22:27:36,354 -   train_loss = 3.3521
