2022-11-03 22:28:31,984 - ============================== Params ==============================
2022-11-03 22:28:31,984 - logger_name: misa_MIntRec_multi-class_2022-11-03-22-28-31
2022-11-03 22:28:31,984 - dataset: MIntRec
2022-11-03 22:28:31,984 - data_mode: multi-class
2022-11-03 22:28:31,984 - method: misa
2022-11-03 22:28:31,984 - text_backbone: bert-base-uncased
2022-11-03 22:28:31,984 - seed: 0
2022-11-03 22:28:31,984 - num_workers: 0
2022-11-03 22:28:31,984 - gpu_id: 0
2022-11-03 22:28:31,984 - data_path: MIA-datasets
2022-11-03 22:28:31,985 - train: True
2022-11-03 22:28:31,985 - tune: False
2022-11-03 22:28:31,985 - save_model: True
2022-11-03 22:28:31,985 - save_results: True
2022-11-03 22:28:31,985 - log_path: logs
2022-11-03 22:28:31,985 - cache_path: cache
2022-11-03 22:28:31,985 - video_data_path: video_data
2022-11-03 22:28:31,985 - audio_data_path: audio_data
2022-11-03 22:28:31,985 - video_feats_path: video_feats.pkl
2022-11-03 22:28:31,985 - audio_feats_path: audio_feats.pkl
2022-11-03 22:28:31,985 - results_path: results
2022-11-03 22:28:31,985 - output_path: outputs
2022-11-03 22:28:31,985 - model_path: models
2022-11-03 22:28:31,985 - config_file_name: misa_bert
2022-11-03 22:28:31,985 - results_file_name: misa_bert.csv
2022-11-03 22:28:31,985 - padding_mode: zero
2022-11-03 22:28:31,985 - padding_loc: end
2022-11-03 22:28:31,985 - need_aligned: False
2022-11-03 22:28:31,985 - eval_monitor: f1
2022-11-03 22:28:31,985 - train_batch_size: 6
2022-11-03 22:28:31,985 - eval_batch_size: 6
2022-11-03 22:28:31,985 - test_batch_size: 4
2022-11-03 22:28:31,985 - wait_patience: 4
2022-11-03 22:28:31,985 - num_train_epochs: 100
2022-11-03 22:28:31,985 - rnncell: lstm
2022-11-03 22:28:31,985 - use_cmd_sim: False
2022-11-03 22:28:31,985 - reverse_grad_weight: 0.8
2022-11-03 22:28:31,985 - hidden_size: 256
2022-11-03 22:28:31,985 - dropout_rate: 0.1
2022-11-03 22:28:31,985 - diff_weight: 0.7
2022-11-03 22:28:31,985 - sim_weight: 0.7
2022-11-03 22:28:31,985 - recon_weight: 0.6
2022-11-03 22:28:31,985 - lr: 3e-05
2022-11-03 22:28:31,985 - grad_clip: -1.0
2022-11-03 22:28:31,985 - gamma: 0.5
2022-11-03 22:28:31,985 - common_hyper_param: {'common_param': {'padding_mode': 'zero', 'padding_loc': 'end', 'need_aligned': False, 'eval_monitor': 'f1', 'train_batch_size': 6, 'eval_batch_size': 6, 'test_batch_size': 4, 'wait_patience': 4}, 'hyper_param': {'num_train_epochs': 100, 'rnncell': 'lstm', 'use_cmd_sim': False, 'reverse_grad_weight': 0.8, 'hidden_size': 256, 'dropout_rate': 0.1, 'diff_weight': 0.7, 'sim_weight': 0.7, 'recon_weight': 0.6, 'lr': 3e-05, 'grad_clip': -1.0, 'gamma': 0.5}}
2022-11-03 22:28:31,985 - pred_output_path: outputs\misa_MIntRec_multi-class_2022-11-03-22-28-31
2022-11-03 22:28:31,985 - model_output_path: outputs\misa_MIntRec_multi-class_2022-11-03-22-28-31\models
2022-11-03 22:28:31,985 - ============================== End Params ==============================
2022-11-03 22:28:31,989 - Generate Text Features Begin...
2022-11-03 22:28:48,754 - Generate Text Features Finished...
2022-11-03 22:28:48,755 - Load Video Features Begin...
2022-11-03 22:28:48,969 - Load Video Features Finished...
2022-11-03 22:28:49,354 - Load Audio Features Begin...
2022-11-03 22:28:50,074 - Load Audio Features Finished...
2022-11-03 22:29:07,609 - Multimodal intent recognition begins...
2022-11-03 22:29:07,613 - Training begins...
2022-11-03 22:29:43,941 - ***** Epoch: 1: Eval results *****
2022-11-03 22:29:43,952 -   best_eval_score = 0.4166
2022-11-03 22:29:43,952 -   eval_score = 0.4166
2022-11-03 22:29:43,952 -   train_loss = 3.3116
2022-11-03 22:30:15,531 - ***** Epoch: 2: Eval results *****
2022-11-03 22:30:15,531 -   best_eval_score = 0.5806
2022-11-03 22:30:15,531 -   eval_score = 0.5806
2022-11-03 22:30:15,531 -   train_loss = 1.9552
2022-11-03 22:30:47,605 - ***** Epoch: 3: Eval results *****
2022-11-03 22:30:47,605 -   best_eval_score = 0.6338
2022-11-03 22:30:47,606 -   eval_score = 0.6338
2022-11-03 22:30:47,606 -   train_loss = 1.4024
2022-11-03 22:31:19,568 - ***** Epoch: 4: Eval results *****
2022-11-03 22:31:19,569 -   best_eval_score = 0.6524
2022-11-03 22:31:19,569 -   eval_score = 0.6524
2022-11-03 22:31:19,569 -   train_loss = 1.1392
2022-11-03 22:31:51,087 - ***** Epoch: 5: Eval results *****
2022-11-03 22:31:51,087 -   best_eval_score = 0.6637
2022-11-03 22:31:51,087 -   eval_score = 0.6637
2022-11-03 22:31:51,087 -   train_loss = 1.008
2022-11-03 22:32:22,747 - ***** Epoch: 6: Eval results *****
2022-11-03 22:32:22,747 -   best_eval_score = 0.6702
2022-11-03 22:32:22,747 -   eval_score = 0.6702
2022-11-03 22:32:22,747 -   train_loss = 0.8873
2022-11-03 22:32:53,928 - ***** Epoch: 7: Eval results *****
2022-11-03 22:32:53,928 -   best_eval_score = 0.6791
2022-11-03 22:32:53,928 -   eval_score = 0.6791
2022-11-03 22:32:53,928 -   train_loss = 0.8474
2022-11-03 22:33:25,740 - ***** Epoch: 8: Eval results *****
2022-11-03 22:33:25,740 -   best_eval_score = 0.6816
2022-11-03 22:33:25,740 -   eval_score = 0.6816
2022-11-03 22:33:25,741 -   train_loss = 0.8194
2022-11-03 22:34:00,804 - EarlyStopping counter: 1 out of 4
2022-11-03 22:34:00,805 - ***** Epoch: 9: Eval results *****
2022-11-03 22:34:00,805 -   best_eval_score = 0.6816
2022-11-03 22:34:00,805 -   eval_score = 0.6753
2022-11-03 22:34:00,805 -   train_loss = 0.8176
2022-11-03 22:34:34,541 - EarlyStopping counter: 2 out of 4
2022-11-03 22:34:34,541 - ***** Epoch: 10: Eval results *****
2022-11-03 22:34:34,541 -   best_eval_score = 0.6816
2022-11-03 22:34:34,541 -   eval_score = 0.6761
2022-11-03 22:34:34,541 -   train_loss = 0.8007
2022-11-03 22:35:08,219 - EarlyStopping counter: 3 out of 4
2022-11-03 22:35:08,219 - ***** Epoch: 11: Eval results *****
2022-11-03 22:35:08,219 -   best_eval_score = 0.6816
2022-11-03 22:35:08,219 -   eval_score = 0.6731
2022-11-03 22:35:08,219 -   train_loss = 0.7916
2022-11-03 22:35:41,316 - EarlyStopping counter: 4 out of 4
2022-11-03 22:35:41,316 - ***** Epoch: 12: Eval results *****
2022-11-03 22:35:41,316 -   best_eval_score = 0.6816
2022-11-03 22:35:41,316 -   eval_score = 0.6756
2022-11-03 22:35:41,316 -   train_loss = 0.7903
2022-11-03 22:35:41,316 - EarlyStopping at epoch 12
2022-11-03 22:35:41,316 - Trained models are saved in outputs\misa_MIntRec_multi-class_2022-11-03-22-28-31\models
2022-11-03 22:35:42,269 - Training is finished...
2022-11-03 22:35:42,269 - Testing begins...
2022-11-03 22:35:44,865 - ***** Test: Confusion Matrix *****
2022-11-03 22:35:44,870 - [[32  2  0  0  7  0  1  1  2  4  0  0  6  2  0  0  0  0  0  0]
 [ 0 37  0  1  0  0  2  0  0  0  0  0  2  1  0  0  0  0  0  0]
 [ 1  0 26  0  0  0  0  0  0  0  0  0  0  0  0  0  0  0  0  0]
 [ 0  0  0 25  0  0  0  0  0  0  0  0  0  0  0  0  0  0  0  0]
 [ 2  0  0  0 15  0  3  0  1  1  0  1  0  0  0  0  0  0  0  0]
 [ 0  0  0  0  0 12  0  0  0  0  0  0  0  0  0  0  0  0  0  0]
 [ 2  1  0  0  1  0  2  0  4  0  0  0  1  0  1  0  0  0  0  0]
 [ 4  0  0  0  0  1  0  4  1  0  0  0  0  0  0  0  0  0  0  0]
 [ 0  0  0  0  0  0  1  2  6  0  0  0  0  1  0  0  0  0  0  0]
 [ 1  0  0  0  0  0  1  0  0  3  1  0  0  0  0  3  0  1  0  0]
 [ 2  0  0  0  0  0  0  0  0  1 15  0  0  0  0  0  0  0  0  0]
 [ 0  0  0  0  0  0  2  0  0  0  0 17  0  0  0  0  0  0  0  0]
 [ 3  0  0  1  1  0  1  0  4  0  1  0 39  1  4  1  0  1  0  0]
 [ 0  0  0  0  0  0  1  0  0  0  1  1  0 22  0  0  0  0  0  0]
 [ 0  0  1  0  1  0  0  0  1  0  0  0  1  4 12  0  1  0  0  1]
 [ 0  0  0  0  0  0  0  0  3  0  0  0  2  1  1 14  0  0  0  0]
 [ 0  0  0  0  0  0  0  0  0  0  0  0  3  0  1  0 13  0  0  0]
 [ 0  0  0  0  0  0  0  0  0  1  0  0  1  0  0  0  0 13  0  0]
 [ 0  0  0  0  0  0  0  0  0  0  0  0  2  0  0  1  0  0  9  0]
 [ 0  0  0  0  0  0  0  0  0  0  0  0  1  1  1  0  0  0  0  7]]
2022-11-03 22:35:44,870 - ***** Evaluation results *****
2022-11-03 22:35:44,870 -   acc = 0.7258
2022-11-03 22:35:44,870 -   f1 = 0.7046
2022-11-03 22:35:44,870 -   prec = 0.719
2022-11-03 22:35:44,870 -   rec = 0.7045
2022-11-03 22:35:44,872 - Testing is finished...
2022-11-03 22:35:44,873 - Multimodal intent recognition is finished...
2022-11-03 22:35:44,873 - Results are saved in results\misa_bert.csv
