2022-11-03 11:15:03,469 - ============================== Params ==============================
2022-11-03 11:15:03,469 - logger_name: misa_MIntRec_multi-class_2022-11-03-11-15-03
2022-11-03 11:15:03,469 - dataset: MIntRec
2022-11-03 11:15:03,469 - data_mode: multi-class
2022-11-03 11:15:03,469 - method: misa
2022-11-03 11:15:03,469 - text_backbone: bert-base-uncased
2022-11-03 11:15:03,469 - seed: 0
2022-11-03 11:15:03,469 - num_workers: 0
2022-11-03 11:15:03,469 - gpu_id: 0
2022-11-03 11:15:03,469 - data_path: MIA-datasets
2022-11-03 11:15:03,469 - train: True
2022-11-03 11:15:03,469 - tune: False
2022-11-03 11:15:03,469 - save_model: True
2022-11-03 11:15:03,469 - save_results: True
2022-11-03 11:15:03,470 - log_path: logs
2022-11-03 11:15:03,470 - cache_path: cache
2022-11-03 11:15:03,470 - video_data_path: video_data
2022-11-03 11:15:03,470 - audio_data_path: audio_data
2022-11-03 11:15:03,470 - video_feats_path: video_feats.pkl
2022-11-03 11:15:03,470 - audio_feats_path: audio_feats.pkl
2022-11-03 11:15:03,470 - results_path: results
2022-11-03 11:15:03,470 - output_path: outputs
2022-11-03 11:15:03,470 - model_path: models
2022-11-03 11:15:03,470 - config_file_name: misa_bert
2022-11-03 11:15:03,470 - results_file_name: misa_bert.csv
2022-11-03 11:15:03,470 - padding_mode: zero
2022-11-03 11:15:03,470 - padding_loc: end
2022-11-03 11:15:03,470 - need_aligned: False
2022-11-03 11:15:03,470 - eval_monitor: f1
2022-11-03 11:15:03,470 - train_batch_size: 6
2022-11-03 11:15:03,470 - eval_batch_size: 6
2022-11-03 11:15:03,470 - test_batch_size: 4
2022-11-03 11:15:03,470 - wait_patience: 4
2022-11-03 11:15:03,470 - num_train_epochs: 100
2022-11-03 11:15:03,470 - rnncell: lstm
2022-11-03 11:15:03,470 - use_cmd_sim: False
2022-11-03 11:15:03,470 - reverse_grad_weight: 0.8
2022-11-03 11:15:03,470 - hidden_size: 256
2022-11-03 11:15:03,470 - dropout_rate: 0.1
2022-11-03 11:15:03,470 - diff_weight: 0.7
2022-11-03 11:15:03,470 - sim_weight: 0.7
2022-11-03 11:15:03,470 - recon_weight: 0.6
2022-11-03 11:15:03,470 - lr: 3e-05
2022-11-03 11:15:03,470 - grad_clip: -1.0
2022-11-03 11:15:03,470 - gamma: 0.5
2022-11-03 11:15:03,470 - common_hyper_param: {'common_param': {'padding_mode': 'zero', 'padding_loc': 'end', 'need_aligned': False, 'eval_monitor': 'f1', 'train_batch_size': 6, 'eval_batch_size': 6, 'test_batch_size': 4, 'wait_patience': 4}, 'hyper_param': {'num_train_epochs': 100, 'rnncell': 'lstm', 'use_cmd_sim': False, 'reverse_grad_weight': 0.8, 'hidden_size': 256, 'dropout_rate': 0.1, 'diff_weight': 0.7, 'sim_weight': 0.7, 'recon_weight': 0.6, 'lr': 3e-05, 'grad_clip': -1.0, 'gamma': 0.5}}
2022-11-03 11:15:03,470 - pred_output_path: outputs\misa_MIntRec_multi-class_2022-11-03-11-15-03
2022-11-03 11:15:03,470 - model_output_path: outputs\misa_MIntRec_multi-class_2022-11-03-11-15-03\models
2022-11-03 11:15:03,470 - ============================== End Params ==============================
2022-11-03 11:15:03,471 - Generate Text Features Begin...
2022-11-03 11:15:28,571 - Generate Text Features Finished...
2022-11-03 11:15:28,571 - Load Video Features Begin...
2022-11-03 11:15:28,957 - Load Video Features Finished...
2022-11-03 11:15:29,345 - Load Audio Features Begin...
2022-11-03 11:15:30,259 - Load Audio Features Finished...
2022-11-03 11:15:50,650 - Multimodal intent recognition begins...
2022-11-03 11:15:50,652 - Training begins...
2022-11-03 11:16:28,995 - ***** Epoch: 1: Eval results *****
2022-11-03 11:16:29,010 -   best_eval_score = 0.4166
2022-11-03 11:16:29,010 -   eval_score = 0.4166
2022-11-03 11:16:29,010 -   train_loss = 3.3116
2022-11-03 11:16:59,799 - ***** Epoch: 2: Eval results *****
2022-11-03 11:16:59,799 -   best_eval_score = 0.5806
2022-11-03 11:16:59,799 -   eval_score = 0.5806
2022-11-03 11:16:59,799 -   train_loss = 1.9552
2022-11-03 11:17:30,687 - ***** Epoch: 3: Eval results *****
2022-11-03 11:17:30,688 -   best_eval_score = 0.6338
2022-11-03 11:17:30,688 -   eval_score = 0.6338
2022-11-03 11:17:30,688 -   train_loss = 1.4024
2022-11-03 11:18:02,445 - ***** Epoch: 4: Eval results *****
2022-11-03 11:18:02,464 -   best_eval_score = 0.6524
2022-11-03 11:18:02,464 -   eval_score = 0.6524
2022-11-03 11:18:02,464 -   train_loss = 1.1392
2022-11-03 11:18:34,631 - ***** Epoch: 5: Eval results *****
2022-11-03 11:18:34,631 -   best_eval_score = 0.6637
2022-11-03 11:18:34,631 -   eval_score = 0.6637
2022-11-03 11:18:34,631 -   train_loss = 1.008
2022-11-03 11:19:06,475 - ***** Epoch: 6: Eval results *****
2022-11-03 11:19:06,475 -   best_eval_score = 0.6702
2022-11-03 11:19:06,475 -   eval_score = 0.6702
2022-11-03 11:19:06,475 -   train_loss = 0.8873
2022-11-03 11:19:38,237 - ***** Epoch: 7: Eval results *****
2022-11-03 11:19:38,237 -   best_eval_score = 0.6791
2022-11-03 11:19:38,237 -   eval_score = 0.6791
2022-11-03 11:19:38,237 -   train_loss = 0.8474
2022-11-03 11:20:13,728 - ***** Epoch: 8: Eval results *****
2022-11-03 11:20:13,728 -   best_eval_score = 0.6816
2022-11-03 11:20:13,728 -   eval_score = 0.6816
2022-11-03 11:20:13,728 -   train_loss = 0.8194
2022-11-03 11:20:54,500 - EarlyStopping counter: 1 out of 4
2022-11-03 11:20:54,500 - ***** Epoch: 9: Eval results *****
2022-11-03 11:20:54,500 -   best_eval_score = 0.6816
2022-11-03 11:20:54,500 -   eval_score = 0.6753
2022-11-03 11:20:54,500 -   train_loss = 0.8176
2022-11-03 11:21:32,673 - EarlyStopping counter: 2 out of 4
2022-11-03 11:21:32,673 - ***** Epoch: 10: Eval results *****
2022-11-03 11:21:32,674 -   best_eval_score = 0.6816
2022-11-03 11:21:32,674 -   eval_score = 0.6761
2022-11-03 11:21:32,674 -   train_loss = 0.8007
2022-11-03 11:22:11,322 - EarlyStopping counter: 3 out of 4
2022-11-03 11:22:11,322 - ***** Epoch: 11: Eval results *****
2022-11-03 11:22:11,322 -   best_eval_score = 0.6816
2022-11-03 11:22:11,322 -   eval_score = 0.6731
2022-11-03 11:22:11,322 -   train_loss = 0.7916
2022-11-03 11:22:49,903 - EarlyStopping counter: 4 out of 4
2022-11-03 11:22:49,904 - ***** Epoch: 12: Eval results *****
2022-11-03 11:22:49,904 -   best_eval_score = 0.6816
2022-11-03 11:22:49,904 -   eval_score = 0.6756
2022-11-03 11:22:49,904 -   train_loss = 0.7903
2022-11-03 11:22:49,911 - EarlyStopping at epoch 12
2022-11-03 11:22:49,911 - Trained models are saved in outputs\misa_MIntRec_multi-class_2022-11-03-11-15-03\models
2022-11-03 11:22:50,975 - Training is finished...
2022-11-03 11:22:50,975 - Testing begins...
2022-11-03 11:22:55,328 - ***** Test: Confusion Matrix *****
2022-11-03 11:22:55,336 - [[32  2  0  0  7  0  1  1  2  4  0  0  6  2  0  0  0  0  0  0]
 [ 0 37  0  1  0  0  2  0  0  0  0  0  2  1  0  0  0  0  0  0]
 [ 1  0 26  0  0  0  0  0  0  0  0  0  0  0  0  0  0  0  0  0]
 [ 0  0  0 25  0  0  0  0  0  0  0  0  0  0  0  0  0  0  0  0]
 [ 2  0  0  0 15  0  3  0  1  1  0  1  0  0  0  0  0  0  0  0]
 [ 0  0  0  0  0 12  0  0  0  0  0  0  0  0  0  0  0  0  0  0]
 [ 2  1  0  0  1  0  2  0  4  0  0  0  1  0  1  0  0  0  0  0]
 [ 4  0  0  0  0  1  0  4  1  0  0  0  0  0  0  0  0  0  0  0]
 [ 0  0  0  0  0  0  1  2  6  0  0  0  0  1  0  0  0  0  0  0]
 [ 1  0  0  0  0  0  1  0  0  3  1  0  0  0  0  3  0  1  0  0]
 [ 2  0  0  0  0  0  0  0  0  1 15  0  0  0  0  0  0  0  0  0]
 [ 0  0  0  0  0  0  2  0  0  0  0 17  0  0  0  0  0  0  0  0]
 [ 3  0  0  1  1  0  1  0  4  0  1  0 39  1  4  1  0  1  0  0]
 [ 0  0  0  0  0  0  1  0  0  0  1  1  0 22  0  0  0  0  0  0]
 [ 0  0  1  0  1  0  0  0  1  0  0  0  1  4 12  0  1  0  0  1]
 [ 0  0  0  0  0  0  0  0  3  0  0  0  2  1  1 14  0  0  0  0]
 [ 0  0  0  0  0  0  0  0  0  0  0  0  3  0  1  0 13  0  0  0]
 [ 0  0  0  0  0  0  0  0  0  1  0  0  1  0  0  0  0 13  0  0]
 [ 0  0  0  0  0  0  0  0  0  0  0  0  2  0  0  1  0  0  9  0]
 [ 0  0  0  0  0  0  0  0  0  0  0  0  1  1  1  0  0  0  0  7]]
2022-11-03 11:22:55,338 - ***** Evaluation results *****
2022-11-03 11:22:55,338 -   acc = 0.7258
2022-11-03 11:22:55,338 -   f1 = 0.7046
2022-11-03 11:22:55,338 -   prec = 0.719
2022-11-03 11:22:55,338 -   rec = 0.7045
2022-11-03 11:22:55,344 - Testing is finished...
2022-11-03 11:22:55,344 - Multimodal intent recognition is finished...
2022-11-03 11:22:55,344 - Results are saved in results\misa_bert.csv
