2022-11-02 21:45:29,693 - ============================== Params ==============================
2022-11-02 21:45:29,693 - logger_name: misa_MIntRec_multi-class_2022-11-02-21-45-29
2022-11-02 21:45:29,693 - dataset: MIntRec
2022-11-02 21:45:29,693 - data_mode: multi-class
2022-11-02 21:45:29,693 - method: misa
2022-11-02 21:45:29,693 - text_backbone: bert-base-uncased
2022-11-02 21:45:29,693 - seed: 0
2022-11-02 21:45:29,693 - num_workers: 0
2022-11-02 21:45:29,693 - gpu_id: 0
2022-11-02 21:45:29,693 - data_path: MIA-datasets
2022-11-02 21:45:29,693 - train: True
2022-11-02 21:45:29,693 - tune: False
2022-11-02 21:45:29,693 - save_model: True
2022-11-02 21:45:29,693 - save_results: True
2022-11-02 21:45:29,693 - log_path: logs
2022-11-02 21:45:29,693 - cache_path: cache
2022-11-02 21:45:29,693 - video_data_path: video_data
2022-11-02 21:45:29,693 - audio_data_path: audio_data
2022-11-02 21:45:29,693 - video_feats_path: video_feats.pkl
2022-11-02 21:45:29,693 - audio_feats_path: audio_feats.pkl
2022-11-02 21:45:29,693 - results_path: results
2022-11-02 21:45:29,693 - output_path: outputs
2022-11-02 21:45:29,694 - model_path: models
2022-11-02 21:45:29,694 - config_file_name: misa_bert
2022-11-02 21:45:29,694 - results_file_name: misa_bert.csv
2022-11-02 21:45:29,694 - padding_mode: zero
2022-11-02 21:45:29,694 - padding_loc: end
2022-11-02 21:45:29,694 - need_aligned: False
2022-11-02 21:45:29,694 - eval_monitor: f1
2022-11-02 21:45:29,694 - train_batch_size: 6
2022-11-02 21:45:29,694 - eval_batch_size: 6
2022-11-02 21:45:29,694 - test_batch_size: 4
2022-11-02 21:45:29,694 - wait_patience: 4
2022-11-02 21:45:29,694 - num_train_epochs: 1
2022-11-02 21:45:29,694 - rnncell: lstm
2022-11-02 21:45:29,694 - use_cmd_sim: False
2022-11-02 21:45:29,694 - reverse_grad_weight: 0.8
2022-11-02 21:45:29,694 - hidden_size: 256
2022-11-02 21:45:29,694 - dropout_rate: 0.2
2022-11-02 21:45:29,694 - diff_weight: 0.7
2022-11-02 21:45:29,694 - sim_weight: 0.7
2022-11-02 21:45:29,694 - recon_weight: 0.6
2022-11-02 21:45:29,694 - lr: 3e-05
2022-11-02 21:45:29,694 - grad_clip: -1.0
2022-11-02 21:45:29,694 - gamma: 0.5
2022-11-02 21:45:29,694 - common_hyper_param: {'common_param': {'padding_mode': 'zero', 'padding_loc': 'end', 'need_aligned': False, 'eval_monitor': 'f1', 'train_batch_size': 6, 'eval_batch_size': 6, 'test_batch_size': 4, 'wait_patience': 4}, 'hyper_param': {'num_train_epochs': 1, 'rnncell': 'lstm', 'use_cmd_sim': False, 'reverse_grad_weight': 0.8, 'hidden_size': 256, 'dropout_rate': 0.2, 'diff_weight': 0.7, 'sim_weight': 0.7, 'recon_weight': 0.6, 'lr': 3e-05, 'grad_clip': -1.0, 'gamma': 0.5}}
2022-11-02 21:45:29,694 - pred_output_path: outputs\misa_MIntRec_multi-class_2022-11-02-21-45-29
2022-11-02 21:45:29,694 - model_output_path: outputs\misa_MIntRec_multi-class_2022-11-02-21-45-29\models
2022-11-02 21:45:29,694 - ============================== End Params ==============================
2022-11-02 21:45:29,705 - Generate Text Features Begin...
2022-11-02 21:45:51,099 - Generate Text Features Finished...
2022-11-02 21:45:51,099 - Load Video Features Begin...
2022-11-02 21:45:51,426 - Load Video Features Finished...
2022-11-02 21:45:51,789 - Load Audio Features Begin...
2022-11-02 21:45:52,473 - Load Audio Features Finished...
2022-11-02 21:46:13,408 - Multimodal intent recognition begins...
2022-11-02 21:46:13,411 - Training begins...
2022-11-02 21:46:51,719 - ***** Epoch: 1: Eval results *****
2022-11-02 21:46:51,731 -   best_eval_score = 0.3803
2022-11-02 21:46:51,731 -   eval_score = 0.3803
2022-11-02 21:46:51,731 -   train_loss = 3.3638
2022-11-02 21:46:51,731 - Trained models are saved in outputs\misa_MIntRec_multi-class_2022-11-02-21-45-29\models
2022-11-02 21:46:52,601 - Training is finished...
2022-11-02 21:46:52,601 - Testing begins...
2022-11-02 21:46:55,030 - ***** Test: Confusion Matrix *****
2022-11-02 21:46:55,035 - [[40  5  0  0  5  0  0  0  0  0  0  0  6  1  0  0  0  0  0  0]
 [ 0 42  0  0  0  0  0  0  0  0  0  0  1  0  0  0  0  0  0  0]
 [ 1  0 26  0  0  0  0  0  0  0  0  0  0  0  0  0  0  0  0  0]
 [ 0  1  0 24  0  0  0  0  0  0  0  0  0  0  0  0  0  0  0  0]
 [ 8  0  0  0 13  0  0  0  0  0  0  0  2  0  0  0  0  0  0  0]
 [ 0 12  0  0  0  0  0  0  0  0  0  0  0  0  0  0  0  0  0  0]
 [ 4  3  0  0  1  0  0  0  0  0  0  0  4  0  0  0  0  0  0  0]
 [ 4  5  0  0  0  0  0  0  0  0  0  0  1  0  0  0  0  0  0  0]
 [ 1  5  0  0  0  0  0  0  0  0  0  0  4  0  0  0  0  0  0  0]
 [ 3  2  0  0  1  0  0  0  0  0  0  0  3  0  0  0  0  1  0  0]
 [ 2 11  0  0  1  0  0  0  0  0  3  0  1  0  0  0  0  0  0  0]
 [ 0  1  0  0  3  0  0  0  0  0  0 14  1  0  0  0  0  0  0  0]
 [ 4  6  0  0  0  0  0  0  0  0  0  0 47  0  0  0  0  0  0  0]
 [ 1  3  0  0  2  0  0  0  0  0  1  1  5 12  0  0  0  0  0  0]
 [ 0  1  1  0  1  0  0  0  0  0  0  0 16  3  0  0  0  0  0  0]
 [ 0  5  0  1  0  0  0  0  0  0  0  0 13  0  0  2  0  0  0  0]
 [ 0  0  0  1  0  0  0  0  0  0  0  0 12  0  0  0  4  0  0  0]
 [ 1  0  0  0  3  0  0  0  0  0  0  0  3  0  0  0  0  8  0  0]
 [ 0  3  0  0  0  0  0  0  0  0  0  0  3  0  0  0  0  0  6  0]
 [ 0  0  0  0  0  0  0  0  0  0  0  0  9  1  0  0  0  0  0  0]]
2022-11-02 21:46:55,036 - ***** Evaluation results *****
2022-11-02 21:46:55,036 -   acc = 0.5416
2022-11-02 21:46:55,036 -   f1 = 0.3827
2022-11-02 21:46:55,036 -   prec = 0.4968
2022-11-02 21:46:55,036 -   rec = 0.3869
2022-11-02 21:46:55,038 - Testing is finished...
2022-11-02 21:46:55,038 - Multimodal intent recognition is finished...
2022-11-02 21:46:55,038 - Results are saved in results\misa_bert.csv
