2022-11-02 21:36:04,526 - ============================== Params ==============================
2022-11-02 21:36:04,526 - logger_name: misa_MIntRec_multi-class_2022-11-02-21-36-04
2022-11-02 21:36:04,526 - dataset: MIntRec
2022-11-02 21:36:04,526 - data_mode: multi-class
2022-11-02 21:36:04,526 - method: misa
2022-11-02 21:36:04,526 - text_backbone: bert-base-uncased
2022-11-02 21:36:04,526 - seed: 0
2022-11-02 21:36:04,526 - num_workers: 0
2022-11-02 21:36:04,526 - gpu_id: 0
2022-11-02 21:36:04,526 - data_path: MIA-datasets
2022-11-02 21:36:04,526 - train: True
2022-11-02 21:36:04,526 - tune: False
2022-11-02 21:36:04,527 - save_model: True
2022-11-02 21:36:04,527 - save_results: True
2022-11-02 21:36:04,527 - log_path: logs
2022-11-02 21:36:04,527 - cache_path: cache
2022-11-02 21:36:04,527 - video_data_path: video_data
2022-11-02 21:36:04,527 - audio_data_path: audio_data
2022-11-02 21:36:04,527 - video_feats_path: video_feats.pkl
2022-11-02 21:36:04,527 - audio_feats_path: audio_feats.pkl
2022-11-02 21:36:04,527 - results_path: results
2022-11-02 21:36:04,527 - output_path: outputs
2022-11-02 21:36:04,527 - model_path: models
2022-11-02 21:36:04,527 - config_file_name: misa_bert
2022-11-02 21:36:04,527 - results_file_name: misa_bert.csv
2022-11-02 21:36:04,527 - padding_mode: zero
2022-11-02 21:36:04,527 - padding_loc: end
2022-11-02 21:36:04,527 - need_aligned: False
2022-11-02 21:36:04,527 - eval_monitor: f1
2022-11-02 21:36:04,527 - train_batch_size: 6
2022-11-02 21:36:04,527 - eval_batch_size: 6
2022-11-02 21:36:04,527 - test_batch_size: 4
2022-11-02 21:36:04,527 - wait_patience: 4
2022-11-02 21:36:04,527 - num_train_epochs: 1
2022-11-02 21:36:04,527 - rnncell: lstm
2022-11-02 21:36:04,527 - use_cmd_sim: False
2022-11-02 21:36:04,527 - reverse_grad_weight: 0.8
2022-11-02 21:36:04,527 - hidden_size: 256
2022-11-02 21:36:04,527 - dropout_rate: 0.2
2022-11-02 21:36:04,527 - diff_weight: 0.7
2022-11-02 21:36:04,527 - sim_weight: 0.7
2022-11-02 21:36:04,527 - recon_weight: 0.6
2022-11-02 21:36:04,527 - lr: 3e-05
2022-11-02 21:36:04,527 - grad_clip: -1.0
2022-11-02 21:36:04,527 - gamma: 0.5
2022-11-02 21:36:04,527 - common_hyper_param: {'common_param': {'padding_mode': 'zero', 'padding_loc': 'end', 'need_aligned': False, 'eval_monitor': 'f1', 'train_batch_size': 6, 'eval_batch_size': 6, 'test_batch_size': 4, 'wait_patience': 4}, 'hyper_param': {'num_train_epochs': 1, 'rnncell': 'lstm', 'use_cmd_sim': False, 'reverse_grad_weight': 0.8, 'hidden_size': 256, 'dropout_rate': 0.2, 'diff_weight': 0.7, 'sim_weight': 0.7, 'recon_weight': 0.6, 'lr': 3e-05, 'grad_clip': -1.0, 'gamma': 0.5}}
2022-11-02 21:36:04,527 - pred_output_path: outputs\misa_MIntRec_multi-class_2022-11-02-21-36-04
2022-11-02 21:36:04,527 - model_output_path: outputs\misa_MIntRec_multi-class_2022-11-02-21-36-04\models
2022-11-02 21:36:04,527 - ============================== End Params ==============================
2022-11-02 21:36:04,531 - Generate Text Features Begin...
2022-11-02 21:36:21,820 - Generate Text Features Finished...
2022-11-02 21:36:21,820 - Load Video Features Begin...
2022-11-02 21:36:22,078 - Load Video Features Finished...
2022-11-02 21:36:22,432 - Load Audio Features Begin...
2022-11-02 21:36:23,167 - Load Audio Features Finished...
