2022-11-03 13:49:55,965 - ============================== Params ==============================
2022-11-03 13:49:55,966 - logger_name: misa_MIntRec_multi-class_2022-11-03-13-49-55
2022-11-03 13:49:55,966 - dataset: MIntRec
2022-11-03 13:49:55,966 - data_mode: multi-class
2022-11-03 13:49:55,966 - method: misa
2022-11-03 13:49:55,966 - text_backbone: bert-base-uncased
2022-11-03 13:49:55,966 - seed: 0
2022-11-03 13:49:55,966 - num_workers: 0
2022-11-03 13:49:55,966 - gpu_id: 0
2022-11-03 13:49:55,966 - data_path: MIA-datasets
2022-11-03 13:49:55,966 - train: False
2022-11-03 13:49:55,966 - tune: False
2022-11-03 13:49:55,966 - save_model: True
2022-11-03 13:49:55,966 - save_results: True
2022-11-03 13:49:55,966 - log_path: logs
2022-11-03 13:49:55,966 - cache_path: cache
2022-11-03 13:49:55,966 - video_data_path: video_data
2022-11-03 13:49:55,966 - audio_data_path: audio_data
2022-11-03 13:49:55,966 - video_feats_path: video_feats.pkl
2022-11-03 13:49:55,966 - audio_feats_path: audio_feats.pkl
2022-11-03 13:49:55,966 - results_path: results
2022-11-03 13:49:55,966 - output_path: outputs
2022-11-03 13:49:55,966 - model_path: models
2022-11-03 13:49:55,966 - config_file_name: misa_bert
2022-11-03 13:49:55,966 - results_file_name: misa_bert.csv
2022-11-03 13:49:55,966 - padding_mode: zero
2022-11-03 13:49:55,966 - padding_loc: end
2022-11-03 13:49:55,966 - need_aligned: False
2022-11-03 13:49:55,966 - eval_monitor: f1
2022-11-03 13:49:55,966 - train_batch_size: 6
2022-11-03 13:49:55,966 - eval_batch_size: 6
2022-11-03 13:49:55,967 - test_batch_size: 4
2022-11-03 13:49:55,967 - wait_patience: 4
2022-11-03 13:49:55,967 - num_train_epochs: 100
2022-11-03 13:49:55,967 - rnncell: lstm
2022-11-03 13:49:55,967 - use_cmd_sim: False
2022-11-03 13:49:55,967 - reverse_grad_weight: 0.8
2022-11-03 13:49:55,967 - hidden_size: 256
2022-11-03 13:49:55,967 - dropout_rate: 0.1
2022-11-03 13:49:55,967 - diff_weight: 0.7
2022-11-03 13:49:55,967 - sim_weight: 0.7
2022-11-03 13:49:55,967 - recon_weight: 0.6
2022-11-03 13:49:55,967 - lr: 3e-05
2022-11-03 13:49:55,967 - grad_clip: -1.0
2022-11-03 13:49:55,967 - gamma: 0.5
2022-11-03 13:49:55,967 - common_hyper_param: {'common_param': {'padding_mode': 'zero', 'padding_loc': 'end', 'need_aligned': False, 'eval_monitor': 'f1', 'train_batch_size': 6, 'eval_batch_size': 6, 'test_batch_size': 4, 'wait_patience': 4}, 'hyper_param': {'num_train_epochs': 100, 'rnncell': 'lstm', 'use_cmd_sim': False, 'reverse_grad_weight': 0.8, 'hidden_size': 256, 'dropout_rate': 0.1, 'diff_weight': 0.7, 'sim_weight': 0.7, 'recon_weight': 0.6, 'lr': 3e-05, 'grad_clip': -1.0, 'gamma': 0.5}}
2022-11-03 13:49:55,967 - pred_output_path: outputs\misa_MIntRec_multi-class_2022-11-03-13-49-55
2022-11-03 13:49:55,967 - model_output_path: outputs\misa_MIntRec_multi-class_2022-11-03-13-49-55\models
2022-11-03 13:49:55,967 - ============================== End Params ==============================
2022-11-03 13:49:55,971 - Generate Text Features Begin...
2022-11-03 13:50:12,929 - Generate Text Features Finished...
2022-11-03 13:50:12,929 - Load Video Features Begin...
2022-11-03 13:50:13,138 - Load Video Features Finished...
2022-11-03 13:50:13,751 - Load Audio Features Begin...
2022-11-03 13:50:15,028 - Load Audio Features Finished...
