2022-11-03 10:52:13,850 - ============================== Params ==============================
2022-11-03 10:52:13,850 - logger_name: misa_MIntRec_multi-class_2022-11-03-10-52-13
2022-11-03 10:52:13,850 - dataset: MIntRec
2022-11-03 10:52:13,850 - data_mode: multi-class
2022-11-03 10:52:13,850 - method: misa
2022-11-03 10:52:13,850 - text_backbone: bert-base-uncased
2022-11-03 10:52:13,850 - seed: 0
2022-11-03 10:52:13,850 - num_workers: 0
2022-11-03 10:52:13,850 - gpu_id: 0
2022-11-03 10:52:13,850 - data_path: MIA-datasets
2022-11-03 10:52:13,850 - train: True
2022-11-03 10:52:13,850 - tune: False
2022-11-03 10:52:13,850 - save_model: True
2022-11-03 10:52:13,850 - save_results: True
2022-11-03 10:52:13,850 - log_path: logs
2022-11-03 10:52:13,850 - cache_path: cache
2022-11-03 10:52:13,850 - video_data_path: video_data
2022-11-03 10:52:13,850 - audio_data_path: audio_data
2022-11-03 10:52:13,850 - video_feats_path: video_feats.pkl
2022-11-03 10:52:13,850 - audio_feats_path: audio_feats.pkl
2022-11-03 10:52:13,850 - results_path: results
2022-11-03 10:52:13,850 - output_path: outputs
2022-11-03 10:52:13,850 - model_path: models
2022-11-03 10:52:13,850 - config_file_name: misa_bert
2022-11-03 10:52:13,850 - results_file_name: misa_bert.csv
2022-11-03 10:52:13,850 - padding_mode: zero
2022-11-03 10:52:13,850 - padding_loc: end
2022-11-03 10:52:13,850 - need_aligned: False
2022-11-03 10:52:13,850 - eval_monitor: f1
2022-11-03 10:52:13,850 - train_batch_size: 6
2022-11-03 10:52:13,850 - eval_batch_size: 6
2022-11-03 10:52:13,850 - test_batch_size: 4
2022-11-03 10:52:13,850 - wait_patience: 4
2022-11-03 10:52:13,851 - num_train_epochs: 1
2022-11-03 10:52:13,851 - rnncell: lstm
2022-11-03 10:52:13,851 - use_cmd_sim: False
2022-11-03 10:52:13,851 - reverse_grad_weight: 0.8
2022-11-03 10:52:13,851 - hidden_size: 256
2022-11-03 10:52:13,851 - dropout_rate: 0.1
2022-11-03 10:52:13,851 - diff_weight: 0.7
2022-11-03 10:52:13,851 - sim_weight: 0.7
2022-11-03 10:52:13,851 - recon_weight: 0.6
2022-11-03 10:52:13,851 - lr: 3e-05
2022-11-03 10:52:13,851 - grad_clip: -1.0
2022-11-03 10:52:13,851 - gamma: 0.5
2022-11-03 10:52:13,851 - common_hyper_param: {'common_param': {'padding_mode': 'zero', 'padding_loc': 'end', 'need_aligned': False, 'eval_monitor': 'f1', 'train_batch_size': 6, 'eval_batch_size': 6, 'test_batch_size': 4, 'wait_patience': 4}, 'hyper_param': {'num_train_epochs': 1, 'rnncell': 'lstm', 'use_cmd_sim': False, 'reverse_grad_weight': 0.8, 'hidden_size': 256, 'dropout_rate': 0.1, 'diff_weight': 0.7, 'sim_weight': 0.7, 'recon_weight': 0.6, 'lr': 3e-05, 'grad_clip': -1.0, 'gamma': 0.5}}
2022-11-03 10:52:13,851 - pred_output_path: outputs\misa_MIntRec_multi-class_2022-11-03-10-52-13
2022-11-03 10:52:13,851 - model_output_path: outputs\misa_MIntRec_multi-class_2022-11-03-10-52-13\models
2022-11-03 10:52:13,851 - ============================== End Params ==============================
2022-11-03 10:52:13,862 - Generate Text Features Begin...
2022-11-03 10:52:30,876 - Generate Text Features Finished...
2022-11-03 10:52:30,876 - Load Video Features Begin...
2022-11-03 10:52:31,336 - Load Video Features Finished...
2022-11-03 10:52:31,745 - Load Audio Features Begin...
2022-11-03 10:52:32,569 - Load Audio Features Finished...
2022-11-03 10:52:52,978 - Multimodal intent recognition begins...
2022-11-03 10:52:52,981 - Training begins...
2022-11-03 10:53:29,069 - ***** Epoch: 1: Eval results *****
2022-11-03 10:53:29,077 -   best_eval_score = 0.4166
2022-11-03 10:53:29,077 -   eval_score = 0.4166
2022-11-03 10:53:29,077 -   train_loss = 3.3116
2022-11-03 10:53:29,077 - Trained models are saved in outputs\misa_MIntRec_multi-class_2022-11-03-10-52-13\models
2022-11-03 10:53:30,040 - Training is finished...
2022-11-03 10:53:30,041 - Testing begins...
2022-11-03 10:53:32,297 - ***** Test: Confusion Matrix *****
2022-11-03 10:53:32,301 - [[46  5  0  0  1  0  0  0  0  0  0  0  5  0  0  0  0  0  0  0]
 [ 0 43  0  0  0  0  0  0  0  0  0  0  0  0  0  0  0  0  0  0]
 [ 1  0 26  0  0  0  0  0  0  0  0  0  0  0  0  0  0  0  0  0]
 [ 0  1  0 24  0  0  0  0  0  0  0  0  0  0  0  0  0  0  0  0]
 [10  0  0  0 12  0  0  0  0  0  0  0  1  0  0  0  0  0  0  0]
 [ 1  9  0  0  0  1  0  0  0  0  0  0  1  0  0  0  0  0  0  0]
 [ 4  2  0  0  3  0  0  0  0  0  0  0  3  0  0  0  0  0  0  0]
 [ 5  4  0  0  0  0  0  0  0  0  0  0  1  0  0  0  0  0  0  0]
 [ 4  3  0  0  0  0  0  0  0  0  0  0  2  0  0  1  0  0  0  0]
 [ 4  1  0  0  2  0  0  0  0  0  0  0  3  0  0  0  0  0  0  0]
 [ 3  5  0  0  1  0  0  0  0  0  8  0  1  0  0  0  0  0  0  0]
 [ 0  0  0  0  3  0  0  0  0  0  0 15  1  0  0  0  0  0  0  0]
 [ 5  6  0  1  0  0  0  0  0  0  0  0 45  0  0  0  0  0  0  0]
 [ 2  2  0  0  3  0  0  0  0  0  1  1  6 10  0  0  0  0  0  0]
 [ 0  1  0  0  1  0  0  0  0  0  0  0 17  3  0  0  0  0  0  0]
 [ 0  6  0  1  0  0  0  0  0  0  0  0 10  0  0  4  0  0  0  0]
 [ 1  0  0  0  0  0  0  0  0  0  0  0  6  0  0  0 10  0  0  0]
 [ 3  0  0  0  4  0  0  0  0  0  0  0  2  0  0  0  0  6  0  0]
 [ 0  3  0  0  0  0  0  0  0  0  0  0  2  0  0  0  0  0  7  0]
 [ 1  0  0  0  0  0  0  0  0  0  0  0  7  2  0  0  0  0  0  0]]
2022-11-03 10:53:32,301 - ***** Evaluation results *****
2022-11-03 10:53:32,301 -   acc = 0.5775
2022-11-03 10:53:32,301 -   f1 = 0.4316
2022-11-03 10:53:32,301 -   prec = 0.5499
2022-11-03 10:53:32,301 -   rec = 0.426
2022-11-03 10:53:32,303 - Testing is finished...
2022-11-03 10:53:32,303 - Multimodal intent recognition is finished...
2022-11-03 10:53:32,303 - Results are saved in results\misa_bert.csv
