2022-11-02 21:52:07,362 - ============================== Params ==============================
2022-11-02 21:52:07,362 - logger_name: misa_MIntRec_multi-class_2022-11-02-21-52-07
2022-11-02 21:52:07,362 - dataset: MIntRec
2022-11-02 21:52:07,362 - data_mode: multi-class
2022-11-02 21:52:07,362 - method: misa
2022-11-02 21:52:07,362 - text_backbone: bert-base-uncased
2022-11-02 21:52:07,362 - seed: 0
2022-11-02 21:52:07,363 - num_workers: 0
2022-11-02 21:52:07,363 - gpu_id: 0
2022-11-02 21:52:07,363 - data_path: MIA-datasets
2022-11-02 21:52:07,363 - train: True
2022-11-02 21:52:07,363 - tune: False
2022-11-02 21:52:07,363 - save_model: True
2022-11-02 21:52:07,363 - save_results: True
2022-11-02 21:52:07,363 - log_path: logs
2022-11-02 21:52:07,363 - cache_path: cache
2022-11-02 21:52:07,363 - video_data_path: video_data
2022-11-02 21:52:07,363 - audio_data_path: audio_data
2022-11-02 21:52:07,363 - video_feats_path: video_feats.pkl
2022-11-02 21:52:07,363 - audio_feats_path: audio_feats.pkl
2022-11-02 21:52:07,363 - results_path: results
2022-11-02 21:52:07,363 - output_path: outputs
2022-11-02 21:52:07,363 - model_path: models
2022-11-02 21:52:07,363 - config_file_name: misa_bert
2022-11-02 21:52:07,363 - results_file_name: misa_bert.csv
2022-11-02 21:52:07,363 - padding_mode: zero
2022-11-02 21:52:07,363 - padding_loc: end
2022-11-02 21:52:07,363 - need_aligned: False
2022-11-02 21:52:07,363 - eval_monitor: f1
2022-11-02 21:52:07,363 - train_batch_size: 6
2022-11-02 21:52:07,363 - eval_batch_size: 6
2022-11-02 21:52:07,363 - test_batch_size: 4
2022-11-02 21:52:07,363 - wait_patience: 4
2022-11-02 21:52:07,363 - num_train_epochs: 100
2022-11-02 21:52:07,363 - rnncell: lstm
2022-11-02 21:52:07,363 - use_cmd_sim: False
2022-11-02 21:52:07,363 - reverse_grad_weight: 0.8
2022-11-02 21:52:07,363 - hidden_size: 256
2022-11-02 21:52:07,363 - dropout_rate: 0.1
2022-11-02 21:52:07,363 - diff_weight: 0.7
2022-11-02 21:52:07,363 - sim_weight: 0.7
2022-11-02 21:52:07,364 - recon_weight: 0.6
2022-11-02 21:52:07,364 - lr: 3e-05
2022-11-02 21:52:07,364 - grad_clip: -1.0
2022-11-02 21:52:07,364 - gamma: 0.5
2022-11-02 21:52:07,364 - common_hyper_param: {'common_param': {'padding_mode': 'zero', 'padding_loc': 'end', 'need_aligned': False, 'eval_monitor': 'f1', 'train_batch_size': 6, 'eval_batch_size': 6, 'test_batch_size': 4, 'wait_patience': 4}, 'hyper_param': {'num_train_epochs': 100, 'rnncell': 'lstm', 'use_cmd_sim': False, 'reverse_grad_weight': 0.8, 'hidden_size': 256, 'dropout_rate': 0.1, 'diff_weight': 0.7, 'sim_weight': 0.7, 'recon_weight': 0.6, 'lr': 3e-05, 'grad_clip': -1.0, 'gamma': 0.5}}
2022-11-02 21:52:07,364 - pred_output_path: outputs\misa_MIntRec_multi-class_2022-11-02-21-52-07
2022-11-02 21:52:07,364 - model_output_path: outputs\misa_MIntRec_multi-class_2022-11-02-21-52-07\models
2022-11-02 21:52:07,364 - ============================== End Params ==============================
2022-11-02 21:52:07,368 - Generate Text Features Begin...
2022-11-02 21:52:24,833 - Generate Text Features Finished...
2022-11-02 21:52:24,833 - Load Video Features Begin...
2022-11-02 21:52:25,442 - Load Video Features Finished...
2022-11-02 21:52:26,083 - Load Audio Features Begin...
2022-11-02 21:52:27,255 - Load Audio Features Finished...
2022-11-02 21:52:48,159 - Multimodal intent recognition begins...
2022-11-02 21:52:48,159 - Training begins...
2022-11-02 21:53:29,453 - ***** Epoch: 1: Eval results *****
2022-11-02 21:53:29,468 -   best_eval_score = 0.4166
2022-11-02 21:53:29,468 -   eval_score = 0.4166
2022-11-02 21:53:29,468 -   train_loss = 3.3116
2022-11-02 21:54:06,187 - ***** Epoch: 2: Eval results *****
2022-11-02 21:54:06,187 -   best_eval_score = 0.5806
2022-11-02 21:54:06,187 -   eval_score = 0.5806
2022-11-02 21:54:06,187 -   train_loss = 1.9552
2022-11-02 21:54:44,034 - ***** Epoch: 3: Eval results *****
2022-11-02 21:54:44,035 -   best_eval_score = 0.6338
2022-11-02 21:54:44,035 -   eval_score = 0.6338
2022-11-02 21:54:44,035 -   train_loss = 1.4024
2022-11-02 21:55:15,995 - ***** Epoch: 4: Eval results *****
2022-11-02 21:55:15,996 -   best_eval_score = 0.6524
2022-11-02 21:55:15,996 -   eval_score = 0.6524
2022-11-02 21:55:15,996 -   train_loss = 1.1392
2022-11-02 21:55:48,614 - ***** Epoch: 5: Eval results *****
2022-11-02 21:55:48,615 -   best_eval_score = 0.6637
2022-11-02 21:55:48,615 -   eval_score = 0.6637
2022-11-02 21:55:48,615 -   train_loss = 1.008
2022-11-02 21:56:21,425 - ***** Epoch: 6: Eval results *****
2022-11-02 21:56:21,426 -   best_eval_score = 0.6702
2022-11-02 21:56:21,426 -   eval_score = 0.6702
2022-11-02 21:56:21,426 -   train_loss = 0.8873
2022-11-02 21:57:00,937 - ***** Epoch: 7: Eval results *****
2022-11-02 21:57:00,937 -   best_eval_score = 0.6791
2022-11-02 21:57:00,937 -   eval_score = 0.6791
2022-11-02 21:57:00,937 -   train_loss = 0.8474
2022-11-02 21:57:44,189 - ***** Epoch: 8: Eval results *****
2022-11-02 21:57:44,190 -   best_eval_score = 0.6816
2022-11-02 21:57:44,190 -   eval_score = 0.6816
2022-11-02 21:57:44,190 -   train_loss = 0.8194
2022-11-02 21:58:22,652 - EarlyStopping counter: 1 out of 4
2022-11-02 21:58:22,652 - ***** Epoch: 9: Eval results *****
2022-11-02 21:58:22,652 -   best_eval_score = 0.6816
2022-11-02 21:58:22,652 -   eval_score = 0.6753
2022-11-02 21:58:22,652 -   train_loss = 0.8176
2022-11-02 21:59:00,933 - EarlyStopping counter: 2 out of 4
2022-11-02 21:59:00,933 - ***** Epoch: 10: Eval results *****
2022-11-02 21:59:00,933 -   best_eval_score = 0.6816
2022-11-02 21:59:00,933 -   eval_score = 0.6761
2022-11-02 21:59:00,933 -   train_loss = 0.8007
2022-11-02 21:59:40,272 - EarlyStopping counter: 3 out of 4
2022-11-02 21:59:40,272 - ***** Epoch: 11: Eval results *****
2022-11-02 21:59:40,273 -   best_eval_score = 0.6816
2022-11-02 21:59:40,273 -   eval_score = 0.6731
2022-11-02 21:59:40,273 -   train_loss = 0.7916
2022-11-02 22:00:14,200 - EarlyStopping counter: 4 out of 4
2022-11-02 22:00:14,200 - ***** Epoch: 12: Eval results *****
2022-11-02 22:00:14,200 -   best_eval_score = 0.6816
2022-11-02 22:00:14,200 -   eval_score = 0.6756
2022-11-02 22:00:14,200 -   train_loss = 0.7903
2022-11-02 22:00:14,200 - EarlyStopping at epoch 12
2022-11-02 22:00:14,200 - Trained models are saved in outputs\misa_MIntRec_multi-class_2022-11-02-21-52-07\models
2022-11-02 22:00:15,182 - Training is finished...
2022-11-02 22:00:15,182 - Testing begins...
2022-11-02 22:00:18,407 - ***** Test: Confusion Matrix *****
2022-11-02 22:00:18,412 - [[32  2  0  0  7  0  1  1  2  4  0  0  6  2  0  0  0  0  0  0]
 [ 0 37  0  1  0  0  2  0  0  0  0  0  2  1  0  0  0  0  0  0]
 [ 1  0 26  0  0  0  0  0  0  0  0  0  0  0  0  0  0  0  0  0]
 [ 0  0  0 25  0  0  0  0  0  0  0  0  0  0  0  0  0  0  0  0]
 [ 2  0  0  0 15  0  3  0  1  1  0  1  0  0  0  0  0  0  0  0]
 [ 0  0  0  0  0 12  0  0  0  0  0  0  0  0  0  0  0  0  0  0]
 [ 2  1  0  0  1  0  2  0  4  0  0  0  1  0  1  0  0  0  0  0]
 [ 4  0  0  0  0  1  0  4  1  0  0  0  0  0  0  0  0  0  0  0]
 [ 0  0  0  0  0  0  1  2  6  0  0  0  0  1  0  0  0  0  0  0]
 [ 1  0  0  0  0  0  1  0  0  3  1  0  0  0  0  3  0  1  0  0]
 [ 2  0  0  0  0  0  0  0  0  1 15  0  0  0  0  0  0  0  0  0]
 [ 0  0  0  0  0  0  2  0  0  0  0 17  0  0  0  0  0  0  0  0]
 [ 3  0  0  1  1  0  1  0  4  0  1  0 39  1  4  1  0  1  0  0]
 [ 0  0  0  0  0  0  1  0  0  0  1  1  0 22  0  0  0  0  0  0]
 [ 0  0  1  0  1  0  0  0  1  0  0  0  1  4 12  0  1  0  0  1]
 [ 0  0  0  0  0  0  0  0  3  0  0  0  2  1  1 14  0  0  0  0]
 [ 0  0  0  0  0  0  0  0  0  0  0  0  3  0  1  0 13  0  0  0]
 [ 0  0  0  0  0  0  0  0  0  1  0  0  1  0  0  0  0 13  0  0]
 [ 0  0  0  0  0  0  0  0  0  0  0  0  2  0  0  1  0  0  9  0]
 [ 0  0  0  0  0  0  0  0  0  0  0  0  1  1  1  0  0  0  0  7]]
2022-11-02 22:00:18,412 - ***** Evaluation results *****
2022-11-02 22:00:18,412 -   acc = 0.7258
2022-11-02 22:00:18,412 -   f1 = 0.7046
2022-11-02 22:00:18,412 -   prec = 0.719
2022-11-02 22:00:18,412 -   rec = 0.7045
2022-11-02 22:00:18,416 - Testing is finished...
2022-11-02 22:00:18,416 - Multimodal intent recognition is finished...
2022-11-02 22:00:18,416 - Results are saved in results\misa_bert.csv
