2022-11-03 13:59:01,608 - ============================== Params ==============================
2022-11-03 13:59:01,608 - logger_name: misa_MIntRec_multi-class_2022-11-03-13-59-01
2022-11-03 13:59:01,608 - dataset: MIntRec
2022-11-03 13:59:01,608 - data_mode: multi-class
2022-11-03 13:59:01,608 - method: misa
2022-11-03 13:59:01,608 - text_backbone: bert-base-uncased
2022-11-03 13:59:01,608 - seed: 0
2022-11-03 13:59:01,608 - num_workers: 0
2022-11-03 13:59:01,608 - gpu_id: 0
2022-11-03 13:59:01,608 - data_path: MIA-datasets
2022-11-03 13:59:01,608 - train: False
2022-11-03 13:59:01,608 - tune: False
2022-11-03 13:59:01,608 - save_model: True
2022-11-03 13:59:01,609 - save_results: True
2022-11-03 13:59:01,609 - log_path: logs
2022-11-03 13:59:01,609 - cache_path: cache
2022-11-03 13:59:01,609 - video_data_path: video_data
2022-11-03 13:59:01,609 - audio_data_path: audio_data
2022-11-03 13:59:01,609 - video_feats_path: video_feats.pkl
2022-11-03 13:59:01,609 - audio_feats_path: audio_feats.pkl
2022-11-03 13:59:01,609 - results_path: results
2022-11-03 13:59:01,609 - output_path: outputs
2022-11-03 13:59:01,609 - model_path: models
2022-11-03 13:59:01,609 - config_file_name: misa_bert
2022-11-03 13:59:01,609 - results_file_name: misa_bert.csv
2022-11-03 13:59:01,609 - padding_mode: zero
2022-11-03 13:59:01,609 - padding_loc: end
2022-11-03 13:59:01,609 - need_aligned: False
2022-11-03 13:59:01,609 - eval_monitor: f1
2022-11-03 13:59:01,609 - train_batch_size: 6
2022-11-03 13:59:01,609 - eval_batch_size: 6
2022-11-03 13:59:01,609 - test_batch_size: 4
2022-11-03 13:59:01,609 - wait_patience: 4
2022-11-03 13:59:01,609 - num_train_epochs: 100
2022-11-03 13:59:01,609 - rnncell: lstm
2022-11-03 13:59:01,609 - use_cmd_sim: False
2022-11-03 13:59:01,609 - reverse_grad_weight: 0.8
2022-11-03 13:59:01,609 - hidden_size: 256
2022-11-03 13:59:01,609 - dropout_rate: 0.1
2022-11-03 13:59:01,609 - diff_weight: 0.7
2022-11-03 13:59:01,609 - sim_weight: 0.7
2022-11-03 13:59:01,609 - recon_weight: 0.6
2022-11-03 13:59:01,609 - lr: 3e-05
2022-11-03 13:59:01,609 - grad_clip: -1.0
2022-11-03 13:59:01,609 - gamma: 0.5
2022-11-03 13:59:01,609 - common_hyper_param: {'common_param': {'padding_mode': 'zero', 'padding_loc': 'end', 'need_aligned': False, 'eval_monitor': 'f1', 'train_batch_size': 6, 'eval_batch_size': 6, 'test_batch_size': 4, 'wait_patience': 4}, 'hyper_param': {'num_train_epochs': 100, 'rnncell': 'lstm', 'use_cmd_sim': False, 'reverse_grad_weight': 0.8, 'hidden_size': 256, 'dropout_rate': 0.1, 'diff_weight': 0.7, 'sim_weight': 0.7, 'recon_weight': 0.6, 'lr': 3e-05, 'grad_clip': -1.0, 'gamma': 0.5}}
2022-11-03 13:59:01,609 - pred_output_path: outputs\misa_MIntRec_multi-class_2022-11-03-13-59-01
2022-11-03 13:59:01,609 - model_output_path: outputs\misa_MIntRec_multi-class_2022-11-03-11-15-03\models
2022-11-03 13:59:01,610 - ============================== End Params ==============================
2022-11-03 13:59:01,614 - Generate Text Features Begin...
2022-11-03 13:59:22,479 - Generate Text Features Finished...
2022-11-03 13:59:22,479 - Load Video Features Begin...
2022-11-03 13:59:22,893 - Load Video Features Finished...
2022-11-03 13:59:23,326 - Load Audio Features Begin...
2022-11-03 13:59:24,298 - Load Audio Features Finished...
