2022-11-03 20:10:30,768 - ============================== Params ==============================
2022-11-03 20:10:30,768 - logger_name: misa_MIntRec_multi-class_2022-11-03-20-10-30
2022-11-03 20:10:30,768 - dataset: MIntRec
2022-11-03 20:10:30,768 - data_mode: multi-class
2022-11-03 20:10:30,768 - method: misa
2022-11-03 20:10:30,768 - text_backbone: bert-base-uncased
2022-11-03 20:10:30,768 - seed: 0
2022-11-03 20:10:30,768 - num_workers: 0
2022-11-03 20:10:30,768 - gpu_id: 0
2022-11-03 20:10:30,768 - data_path: MIA-datasets
2022-11-03 20:10:30,768 - train: False
2022-11-03 20:10:30,768 - tune: False
2022-11-03 20:10:30,769 - save_model: False
2022-11-03 20:10:30,769 - save_results: False
2022-11-03 20:10:30,769 - log_path: logs
2022-11-03 20:10:30,769 - cache_path: cache
2022-11-03 20:10:30,769 - video_data_path: video_data
2022-11-03 20:10:30,769 - audio_data_path: audio_data
2022-11-03 20:10:30,769 - video_feats_path: video_feats.pkl
2022-11-03 20:10:30,769 - audio_feats_path: audio_feats.pkl
2022-11-03 20:10:30,769 - results_path: results
2022-11-03 20:10:30,769 - output_path: outputs
2022-11-03 20:10:30,769 - model_path: models
2022-11-03 20:10:30,769 - config_file_name: misa_bert
2022-11-03 20:10:30,769 - results_file_name: misa_bert.csv
2022-11-03 20:10:30,769 - padding_mode: zero
2022-11-03 20:10:30,769 - padding_loc: end
2022-11-03 20:10:30,769 - need_aligned: False
2022-11-03 20:10:30,769 - eval_monitor: f1
2022-11-03 20:10:30,769 - train_batch_size: 6
2022-11-03 20:10:30,769 - eval_batch_size: 6
2022-11-03 20:10:30,769 - test_batch_size: 4
2022-11-03 20:10:30,769 - wait_patience: 4
2022-11-03 20:10:30,769 - num_train_epochs: 100
2022-11-03 20:10:30,769 - rnncell: lstm
2022-11-03 20:10:30,769 - use_cmd_sim: False
2022-11-03 20:10:30,769 - reverse_grad_weight: 0.8
2022-11-03 20:10:30,769 - hidden_size: 256
2022-11-03 20:10:30,769 - dropout_rate: 0.1
2022-11-03 20:10:30,769 - diff_weight: 0.7
2022-11-03 20:10:30,769 - sim_weight: 0.7
2022-11-03 20:10:30,769 - recon_weight: 0.7
2022-11-03 20:10:30,769 - lr: 3e-05
2022-11-03 20:10:30,769 - grad_clip: -1.0
2022-11-03 20:10:30,769 - gamma: 0.5
2022-11-03 20:10:30,770 - common_hyper_param: {'common_param': {'padding_mode': 'zero', 'padding_loc': 'end', 'need_aligned': False, 'eval_monitor': 'f1', 'train_batch_size': 6, 'eval_batch_size': 6, 'test_batch_size': 4, 'wait_patience': 4}, 'hyper_param': {'num_train_epochs': 100, 'rnncell': 'lstm', 'use_cmd_sim': False, 'reverse_grad_weight': 0.8, 'hidden_size': 256, 'dropout_rate': 0.1, 'diff_weight': 0.7, 'sim_weight': 0.7, 'recon_weight': 0.7, 'lr': 3e-05, 'grad_clip': -1.0, 'gamma': 0.5}}
2022-11-03 20:10:30,770 - pred_output_path: outputs\misa_MIntRec_multi-class_2022-11-03-20-10-30
2022-11-03 20:10:30,770 - model_output_path: outputs\misa_MIntRec_multi-class_2022-11-03-18-43-25\models
2022-11-03 20:10:30,770 - ============================== End Params ==============================
2022-11-03 20:10:30,774 - Generate Text Features Begin...
2022-11-03 20:10:47,622 - Generate Text Features Finished...
2022-11-03 20:10:47,623 - Load Video Features Begin...
2022-11-03 20:10:48,056 - Load Video Features Finished...
2022-11-03 20:10:48,450 - Load Audio Features Begin...
2022-11-03 20:10:49,195 - Load Audio Features Finished...
2022-11-03 20:11:09,003 - Multimodal intent recognition begins...
2022-11-03 20:11:09,007 - Testing begins...
2022-11-03 20:11:13,297 - ***** Test: Confusion Matrix *****
2022-11-03 20:11:13,300 - [[37  2  0  0  5  0  1  1  2  3  0  0  5  1  0  0  0  0  0  0]
 [ 0 37  0  1  0  0  1  0  0  0  1  0  2  1  0  0  0  0  0  0]
 [ 1  0 26  0  0  0  0  0  0  0  0  0  0  0  0  0  0  0  0  0]
 [ 0  0  0 25  0  0  0  0  0  0  0  0  0  0  0  0  0  0  0  0]
 [ 4  0  0  0 14  0  1  0  0  1  0  1  0  1  1  0  0  0  0  0]
 [ 0  0  0  0  0 12  0  0  0  0  0  0  0  0  0  0  0  0  0  0]
 [ 3  1  0  0  1  0  1  0  4  0  0  1  1  0  0  0  0  0  0  0]
 [ 5  0  0  0  0  0  0  4  1  0  0  0  0  0  0  0  0  0  0  0]
 [ 1  0  0  0  1  0  1  3  1  0  0  0  0  1  0  1  0  0  0  1]
 [ 1  0  0  0  0  0  1  0  0  3  1  0  1  0  0  2  0  1  0  0]
 [ 3  0  0  0  0  0  2  0  0  0 12  0  0  0  0  0  0  1  0  0]
 [ 0  0  0  0  0  0  1  0  0  0  0 17  0  0  0  0  0  0  0  1]
 [ 6  1  0  1  1  0  1  0  1  0  0  0 39  4  2  1  0  0  0  0]
 [ 0  1  0  0  0  0  1  0  0  0  1  1  0 21  0  0  0  0  0  0]
 [ 0  0  0  0  1  0  0  0  0  0  0  0  2  5 12  0  1  0  0  1]
 [ 0  1  0  1  0  0  0  0  3  0  0  0  3  1  0 12  0  0  0  0]
 [ 2  0  0  0  0  0  0  0  0  0  0  0  2  0  1  0 12  0  0  0]
 [ 1  0  0  0  0  0  0  0  0  1  0  0  1  0  0  0  0 12  0  0]
 [ 0  2  0  0  0  0  0  0  0  0  0  0  2  0  0  1  0  0  7  0]
 [ 0  0  0  0  0  0  0  0  0  0  0  0  1  1  2  0  0  0  0  6]]
2022-11-03 20:11:13,309 - ***** Evaluation results *****
2022-11-03 20:11:13,310 -   acc = 0.6966
2022-11-03 20:11:13,310 -   f1 = 0.6564
2022-11-03 20:11:13,310 -   prec = 0.6832
2022-11-03 20:11:13,310 -   rec = 0.6428
2022-11-03 20:11:13,313 - Testing is finished...
2022-11-03 20:11:13,313 - Multimodal intent recognition is finished...
