2022-11-03 14:35:19,276 - ============================== Params ==============================
2022-11-03 14:35:19,276 - logger_name: misa_MIntRec_multi-class_2022-11-03-14-35-19
2022-11-03 14:35:19,276 - dataset: MIntRec
2022-11-03 14:35:19,276 - data_mode: multi-class
2022-11-03 14:35:19,276 - method: misa
2022-11-03 14:35:19,276 - text_backbone: bert-base-uncased
2022-11-03 14:35:19,276 - seed: 0
2022-11-03 14:35:19,276 - num_workers: 0
2022-11-03 14:35:19,276 - gpu_id: 0
2022-11-03 14:35:19,276 - data_path: MIA-datasets
2022-11-03 14:35:19,276 - train: True
2022-11-03 14:35:19,276 - tune: False
2022-11-03 14:35:19,276 - save_model: True
2022-11-03 14:35:19,276 - save_results: True
2022-11-03 14:35:19,276 - log_path: logs
2022-11-03 14:35:19,276 - cache_path: cache
2022-11-03 14:35:19,276 - video_data_path: video_data
2022-11-03 14:35:19,276 - audio_data_path: audio_data
2022-11-03 14:35:19,276 - video_feats_path: video_feats.pkl
2022-11-03 14:35:19,276 - audio_feats_path: audio_feats.pkl
2022-11-03 14:35:19,276 - results_path: results
2022-11-03 14:35:19,276 - output_path: outputs
2022-11-03 14:35:19,276 - model_path: models
2022-11-03 14:35:19,276 - config_file_name: misa_bert
2022-11-03 14:35:19,276 - results_file_name: misa_bert.csv
2022-11-03 14:35:19,276 - padding_mode: zero
2022-11-03 14:35:19,276 - padding_loc: end
2022-11-03 14:35:19,277 - need_aligned: False
2022-11-03 14:35:19,277 - eval_monitor: f1
2022-11-03 14:35:19,277 - train_batch_size: 6
2022-11-03 14:35:19,277 - eval_batch_size: 6
2022-11-03 14:35:19,277 - test_batch_size: 4
2022-11-03 14:35:19,277 - wait_patience: 4
2022-11-03 14:35:19,277 - num_train_epochs: 100
2022-11-03 14:35:19,277 - rnncell: lstm
2022-11-03 14:35:19,277 - use_cmd_sim: False
2022-11-03 14:35:19,277 - reverse_grad_weight: 0.8
2022-11-03 14:35:19,277 - hidden_size: 256
2022-11-03 14:35:19,277 - dropout_rate: 0.1
2022-11-03 14:35:19,277 - diff_weight: 0.7
2022-11-03 14:35:19,277 - sim_weight: 0.7
2022-11-03 14:35:19,277 - recon_weight: 0.6
2022-11-03 14:35:19,277 - lr: 3e-05
2022-11-03 14:35:19,277 - grad_clip: -1.0
2022-11-03 14:35:19,277 - gamma: 0.5
2022-11-03 14:35:19,277 - common_hyper_param: {'common_param': {'padding_mode': 'zero', 'padding_loc': 'end', 'need_aligned': False, 'eval_monitor': 'f1', 'train_batch_size': 6, 'eval_batch_size': 6, 'test_batch_size': 4, 'wait_patience': 4}, 'hyper_param': {'num_train_epochs': 100, 'rnncell': 'lstm', 'use_cmd_sim': False, 'reverse_grad_weight': 0.8, 'hidden_size': 256, 'dropout_rate': 0.1, 'diff_weight': 0.7, 'sim_weight': 0.7, 'recon_weight': 0.6, 'lr': 3e-05, 'grad_clip': -1.0, 'gamma': 0.5}}
2022-11-03 14:35:19,277 - pred_output_path: outputs\misa_MIntRec_multi-class_2022-11-03-14-35-19
2022-11-03 14:35:19,277 - model_output_path: outputs\misa_MIntRec_multi-class_2022-11-03-14-35-19\models
2022-11-03 14:35:19,277 - ============================== End Params ==============================
2022-11-03 14:35:19,281 - Generate Text Features Begin...
2022-11-03 14:35:36,190 - Generate Text Features Finished...
2022-11-03 14:35:36,192 - Load Video Features Begin...
2022-11-03 14:35:36,729 - Load Video Features Finished...
2022-11-03 14:35:37,135 - Load Audio Features Begin...
2022-11-03 14:35:37,898 - Load Audio Features Finished...
2022-11-03 14:35:57,510 - Multimodal intent recognition begins...
2022-11-03 14:35:57,513 - Training begins...
2022-11-03 14:36:35,241 - ***** Epoch: 1: Eval results *****
2022-11-03 14:36:35,248 -   best_eval_score = 0.4166
2022-11-03 14:36:35,248 -   eval_score = 0.4166
2022-11-03 14:36:35,248 -   train_loss = 3.3116
2022-11-03 14:37:06,091 - ***** Epoch: 2: Eval results *****
2022-11-03 14:37:06,091 -   best_eval_score = 0.5806
2022-11-03 14:37:06,091 -   eval_score = 0.5806
2022-11-03 14:37:06,091 -   train_loss = 1.9552
2022-11-03 14:37:37,058 - ***** Epoch: 3: Eval results *****
2022-11-03 14:37:37,058 -   best_eval_score = 0.6338
2022-11-03 14:37:37,058 -   eval_score = 0.6338
2022-11-03 14:37:37,058 -   train_loss = 1.4024
2022-11-03 14:38:08,494 - ***** Epoch: 4: Eval results *****
2022-11-03 14:38:08,496 -   best_eval_score = 0.6524
2022-11-03 14:38:08,496 -   eval_score = 0.6524
2022-11-03 14:38:08,496 -   train_loss = 1.1392
2022-11-03 14:38:40,601 - ***** Epoch: 5: Eval results *****
2022-11-03 14:38:40,601 -   best_eval_score = 0.6637
2022-11-03 14:38:40,601 -   eval_score = 0.6637
2022-11-03 14:38:40,601 -   train_loss = 1.008
2022-11-03 14:39:14,346 - ***** Epoch: 6: Eval results *****
2022-11-03 14:39:14,346 -   best_eval_score = 0.6702
2022-11-03 14:39:14,346 -   eval_score = 0.6702
2022-11-03 14:39:14,346 -   train_loss = 0.8873
2022-11-03 14:39:47,682 - ***** Epoch: 7: Eval results *****
2022-11-03 14:39:47,683 -   best_eval_score = 0.6791
2022-11-03 14:39:47,683 -   eval_score = 0.6791
2022-11-03 14:39:47,683 -   train_loss = 0.8474
2022-11-03 14:40:20,373 - ***** Epoch: 8: Eval results *****
2022-11-03 14:40:20,373 -   best_eval_score = 0.6816
2022-11-03 14:40:20,373 -   eval_score = 0.6816
2022-11-03 14:40:20,373 -   train_loss = 0.8194
2022-11-03 14:40:53,989 - EarlyStopping counter: 1 out of 4
2022-11-03 14:40:53,990 - ***** Epoch: 9: Eval results *****
2022-11-03 14:40:53,990 -   best_eval_score = 0.6816
2022-11-03 14:40:53,990 -   eval_score = 0.6753
2022-11-03 14:40:53,990 -   train_loss = 0.8176
2022-11-03 14:41:27,945 - EarlyStopping counter: 2 out of 4
2022-11-03 14:41:27,945 - ***** Epoch: 10: Eval results *****
2022-11-03 14:41:27,945 -   best_eval_score = 0.6816
2022-11-03 14:41:27,945 -   eval_score = 0.6761
2022-11-03 14:41:27,945 -   train_loss = 0.8007
2022-11-03 14:42:00,738 - EarlyStopping counter: 3 out of 4
2022-11-03 14:42:00,738 - ***** Epoch: 11: Eval results *****
2022-11-03 14:42:00,738 -   best_eval_score = 0.6816
2022-11-03 14:42:00,738 -   eval_score = 0.6731
2022-11-03 14:42:00,738 -   train_loss = 0.7916
2022-11-03 14:42:34,351 - EarlyStopping counter: 4 out of 4
2022-11-03 14:42:34,352 - ***** Epoch: 12: Eval results *****
2022-11-03 14:42:34,352 -   best_eval_score = 0.6816
2022-11-03 14:42:34,352 -   eval_score = 0.6756
2022-11-03 14:42:34,352 -   train_loss = 0.7903
2022-11-03 14:42:34,352 - EarlyStopping at epoch 12
2022-11-03 14:42:34,352 - Trained models are saved in outputs\misa_MIntRec_multi-class_2022-11-03-14-35-19\models
2022-11-03 14:42:35,358 - Training is finished...
2022-11-03 14:42:35,359 - Testing begins...
2022-11-03 14:42:38,648 - ***** Test: Confusion Matrix *****
2022-11-03 14:42:38,653 - [[32  2  0  0  7  0  1  1  2  4  0  0  6  2  0  0  0  0  0  0]
 [ 0 37  0  1  0  0  2  0  0  0  0  0  2  1  0  0  0  0  0  0]
 [ 1  0 26  0  0  0  0  0  0  0  0  0  0  0  0  0  0  0  0  0]
 [ 0  0  0 25  0  0  0  0  0  0  0  0  0  0  0  0  0  0  0  0]
 [ 2  0  0  0 15  0  3  0  1  1  0  1  0  0  0  0  0  0  0  0]
 [ 0  0  0  0  0 12  0  0  0  0  0  0  0  0  0  0  0  0  0  0]
 [ 2  1  0  0  1  0  2  0  4  0  0  0  1  0  1  0  0  0  0  0]
 [ 4  0  0  0  0  1  0  4  1  0  0  0  0  0  0  0  0  0  0  0]
 [ 0  0  0  0  0  0  1  2  6  0  0  0  0  1  0  0  0  0  0  0]
 [ 1  0  0  0  0  0  1  0  0  3  1  0  0  0  0  3  0  1  0  0]
 [ 2  0  0  0  0  0  0  0  0  1 15  0  0  0  0  0  0  0  0  0]
 [ 0  0  0  0  0  0  2  0  0  0  0 17  0  0  0  0  0  0  0  0]
 [ 3  0  0  1  1  0  1  0  4  0  1  0 39  1  4  1  0  1  0  0]
 [ 0  0  0  0  0  0  1  0  0  0  1  1  0 22  0  0  0  0  0  0]
 [ 0  0  1  0  1  0  0  0  1  0  0  0  1  4 12  0  1  0  0  1]
 [ 0  0  0  0  0  0  0  0  3  0  0  0  2  1  1 14  0  0  0  0]
 [ 0  0  0  0  0  0  0  0  0  0  0  0  3  0  1  0 13  0  0  0]
 [ 0  0  0  0  0  0  0  0  0  1  0  0  1  0  0  0  0 13  0  0]
 [ 0  0  0  0  0  0  0  0  0  0  0  0  2  0  0  1  0  0  9  0]
 [ 0  0  0  0  0  0  0  0  0  0  0  0  1  1  1  0  0  0  0  7]]
2022-11-03 14:42:38,653 - ***** Evaluation results *****
2022-11-03 14:42:38,654 -   acc = 0.7258
2022-11-03 14:42:38,654 -   f1 = 0.7046
2022-11-03 14:42:38,654 -   prec = 0.719
2022-11-03 14:42:38,654 -   rec = 0.7045
2022-11-03 14:42:38,658 - Testing is finished...
2022-11-03 14:42:38,658 - Multimodal intent recognition is finished...
2022-11-03 14:42:38,658 - Results are saved in results\misa_bert.csv
