2022-11-29 11:19:57,985 - ============================== Params ==============================
2022-11-29 11:19:57,985 - logger_name: misa_MIntRec_multi-class_2022-11-29-11-19-57
2022-11-29 11:19:57,986 - dataset: MIntRec
2022-11-29 11:19:57,986 - data_mode: multi-class
2022-11-29 11:19:57,986 - method: misa
2022-11-29 11:19:57,986 - text_backbone: bert-base-uncased
2022-11-29 11:19:57,986 - seed: 0
2022-11-29 11:19:57,986 - num_workers: 0
2022-11-29 11:19:57,986 - gpu_id: 0
2022-11-29 11:19:57,986 - data_path: MIA-datasets
2022-11-29 11:19:57,986 - train: True
2022-11-29 11:19:57,986 - tune: False
2022-11-29 11:19:57,986 - save_model: True
2022-11-29 11:19:57,986 - save_results: True
2022-11-29 11:19:57,986 - log_path: logs
2022-11-29 11:19:57,986 - cache_path: cache
2022-11-29 11:19:57,986 - video_data_path: video_data
2022-11-29 11:19:57,986 - audio_data_path: audio_data
2022-11-29 11:19:57,986 - video_feats_path: video_feats.pkl
2022-11-29 11:19:57,986 - audio_feats_path: audio_feats.pkl
2022-11-29 11:19:57,986 - results_path: results
2022-11-29 11:19:57,986 - output_path: outputs
2022-11-29 11:19:57,987 - model_path: models
2022-11-29 11:19:57,987 - config_file_name: misa_bert
2022-11-29 11:19:57,987 - results_file_name: misa_bert.csv
2022-11-29 11:19:57,987 - padding_mode: zero
2022-11-29 11:19:57,987 - padding_loc: end
2022-11-29 11:19:57,987 - need_aligned: False
2022-11-29 11:19:57,987 - eval_monitor: f1
2022-11-29 11:19:57,987 - train_batch_size: 6
2022-11-29 11:19:57,987 - eval_batch_size: 6
2022-11-29 11:19:57,987 - test_batch_size: 4
2022-11-29 11:19:57,987 - wait_patience: 4
2022-11-29 11:19:57,987 - num_train_epochs: 100
2022-11-29 11:19:57,987 - rnncell: lstm
2022-11-29 11:19:57,987 - use_cmd_sim: False
2022-11-29 11:19:57,987 - reverse_grad_weight: 0.8
2022-11-29 11:19:57,987 - hidden_size: 256
2022-11-29 11:19:57,987 - dropout_rate: 0.1
2022-11-29 11:19:57,987 - diff_weight: 0.7
2022-11-29 11:19:57,987 - sim_weight: 0.7
2022-11-29 11:19:57,987 - recon_weight: 0.6
2022-11-29 11:19:57,987 - lr: 3e-05
2022-11-29 11:19:57,987 - grad_clip: -1.0
2022-11-29 11:19:57,987 - gamma: 0.5
2022-11-29 11:19:57,987 - common_hyper_param: {'common_param': {'padding_mode': 'zero', 'padding_loc': 'end', 'need_aligned': False, 'eval_monitor': 'f1', 'train_batch_size': 6, 'eval_batch_size': 6, 'test_batch_size': 4, 'wait_patience': 4}, 'hyper_param': {'num_train_epochs': 100, 'rnncell': 'lstm', 'use_cmd_sim': False, 'reverse_grad_weight': 0.8, 'hidden_size': 256, 'dropout_rate': 0.1, 'diff_weight': 0.7, 'sim_weight': 0.7, 'recon_weight': 0.6, 'lr': 3e-05, 'grad_clip': -1.0, 'gamma': 0.5}}
2022-11-29 11:19:57,987 - pred_output_path: outputs\misa_MIntRec_multi-class_2022-11-29-11-19-57
2022-11-29 11:19:57,987 - model_output_path: outputs\misa_MIntRec_multi-class_2022-11-29-11-19-57\models
2022-11-29 11:19:57,987 - ============================== End Params ==============================
2022-11-29 11:19:57,991 - Generate Text Features Begin...
2022-11-29 11:20:13,735 - Generate Text Features Finished...
2022-11-29 11:20:13,735 - Load Video Features Begin...
2022-11-29 11:20:14,666 - Load Video Features Finished...
2022-11-29 11:20:15,097 - Load Audio Features Begin...
2022-11-29 11:20:19,526 - Load Audio Features Finished...
2022-11-29 11:20:42,642 - Multimodal intent recognition begins...
2022-11-29 11:20:42,646 - Training begins...
2022-11-29 11:21:15,132 - ***** Epoch: 1: Eval results *****
2022-11-29 11:21:15,139 -   best_eval_score = 0.0
2022-11-29 11:21:15,139 -   eval_score = 0.4742
2022-11-29 11:21:15,139 -   train_loss = 3.5946
2022-11-29 11:21:48,069 - ***** Epoch: 2: Eval results *****
2022-11-29 11:21:48,069 -   best_eval_score = 0.4742
2022-11-29 11:21:48,069 -   eval_score = 0.6252
2022-11-29 11:21:48,069 -   train_loss = 1.963
2022-11-29 11:22:19,678 - ***** Epoch: 3: Eval results *****
2022-11-29 11:22:19,678 -   best_eval_score = 0.6252
2022-11-29 11:22:19,678 -   eval_score = 0.6371
2022-11-29 11:22:19,678 -   train_loss = 1.1579
2022-11-29 11:22:51,883 - ***** Epoch: 4: Eval results *****
2022-11-29 11:22:51,883 -   best_eval_score = 0.6371
2022-11-29 11:22:51,883 -   eval_score = 0.6571
2022-11-29 11:22:51,883 -   train_loss = 0.9879
2022-11-29 11:23:24,492 - ***** Epoch: 5: Eval results *****
2022-11-29 11:23:24,492 -   best_eval_score = 0.6571
2022-11-29 11:23:24,492 -   eval_score = 0.6648
2022-11-29 11:23:24,492 -   train_loss = 0.9253
2022-11-29 11:23:56,293 - ***** Epoch: 6: Eval results *****
2022-11-29 11:23:56,293 -   best_eval_score = 0.6648
2022-11-29 11:23:56,293 -   eval_score = 0.6718
2022-11-29 11:23:56,293 -   train_loss = 0.8563
2022-11-29 11:24:25,181 - ***** Epoch: 7: Eval results *****
2022-11-29 11:24:25,181 -   best_eval_score = 0.6718
2022-11-29 11:24:25,181 -   eval_score = 0.688
2022-11-29 11:24:25,181 -   train_loss = 0.8195
2022-11-29 11:24:54,806 - ***** Epoch: 8: Eval results *****
2022-11-29 11:24:54,806 -   best_eval_score = 0.688
2022-11-29 11:24:54,806 -   eval_score = 0.6801
2022-11-29 11:24:54,806 -   train_loss = 0.7995
2022-11-29 11:24:54,806 - EarlyStopping counter: 1 out of 4
2022-11-29 11:25:28,261 - ***** Epoch: 9: Eval results *****
2022-11-29 11:25:28,261 -   best_eval_score = 0.688
2022-11-29 11:25:28,261 -   eval_score = 0.6719
2022-11-29 11:25:28,261 -   train_loss = 0.7939
2022-11-29 11:25:28,261 - EarlyStopping counter: 2 out of 4
2022-11-29 11:26:01,604 - ***** Epoch: 10: Eval results *****
2022-11-29 11:26:01,604 -   best_eval_score = 0.688
2022-11-29 11:26:01,604 -   eval_score = 0.6729
2022-11-29 11:26:01,604 -   train_loss = 0.797
2022-11-29 11:26:01,604 - EarlyStopping counter: 3 out of 4
2022-11-29 11:26:36,122 - ***** Epoch: 11: Eval results *****
2022-11-29 11:26:36,122 -   best_eval_score = 0.688
2022-11-29 11:26:36,122 -   eval_score = 0.6688
2022-11-29 11:26:36,122 -   train_loss = 0.7999
2022-11-29 11:26:36,122 - EarlyStopping counter: 4 out of 4
2022-11-29 11:26:36,122 - EarlyStopping at epoch 11
2022-11-29 11:26:36,122 - Trained models are saved in outputs\misa_MIntRec_multi-class_2022-11-29-11-19-57\models
2022-11-29 11:26:37,231 - Training is finished...
2022-11-29 11:26:37,231 - Testing begins...
2022-11-29 11:26:42,324 - ***** Test: Confusion Matrix *****
2022-11-29 11:26:42,324 - [[37  2  0  0  7  0  0  1  0  3  0  0  5  2  0  0  0  0  0  0]
 [ 0 40  0  1  0  0  0  0  0  0  1  0  1  0  0  0  0  0  0  0]
 [ 1  0 26  0  0  0  0  0  0  0  0  0  0  0  0  0  0  0  0  0]
 [ 0  0  0 25  0  0  0  0  0  0  0  0  0  0  0  0  0  0  0  0]
 [ 5  0  0  0 11  0  1  0  0  0  0  1  2  1  1  0  0  1  0  0]
 [ 0  0  0  0  0 12  0  0  0  0  0  0  0  0  0  0  0  0  0  0]
 [ 3  0  0  0  5  0  1  0  0  0  0  1  1  0  0  1  0  0  0  0]
 [ 2  0  0  0  0  0  0  4  0  1  1  0  1  0  0  1  0  0  0  0]
 [ 1  0  0  0  1  0  1  3  2  0  0  0  0  1  0  1  0  0  0  0]
 [ 1  0  0  0  1  0  0  0  0  3  1  0  1  0  0  2  0  1  0  0]
 [ 1  1  0  0  1  0  0  0  0  1 14  0  0  0  0  0  0  0  0  0]
 [ 0  0  0  0  1  0  0  0  0  0  0 17  0  0  0  0  0  0  0  1]
 [ 3  2  0  0  0  0  0  0  0  0  0  1 43  3  2  1  1  0  1  0]
 [ 1  0  0  0  0  0  1  0  0  0  1  1  0 20  1  0  0  0  0  0]
 [ 0  0  1  0  1  0  0  0  0  0  0  0  2  2 13  0  1  0  0  2]
 [ 0  1  0  0  1  0  0  0  0  0  0  0  3  0  1 14  0  0  0  1]
 [ 0  0  0  0  0  0  0  0  0  0  0  0  5  0  2  0 10  0  0  0]
 [ 0  0  0  0  0  0  0  0  0  1  1  0  1  0  1  0  0 11  0  0]
 [ 0  0  0  0  0  0  0  0  0  0  0  0  1  0  0  1  0  0 10  0]
 [ 0  0  0  0  0  0  0  0  0  0  0  0  0  1  2  0  1  0  0  6]]
2022-11-29 11:26:42,324 - ***** Evaluation results *****
2022-11-29 11:26:42,324 -   acc = 0.7169
2022-11-29 11:26:42,324 -   f1 = 0.6672
2022-11-29 11:26:42,324 -   prec = 0.7075
2022-11-29 11:26:42,324 -   rec = 0.6622
2022-11-29 11:26:42,324 - Testing is finished...
2022-11-29 11:26:42,324 - Multimodal intent recognition is finished...
2022-11-29 11:26:42,324 - Results are saved in results\misa_bert.csv
