2022-11-03 14:14:31,107 - ============================== Params ==============================
2022-11-03 14:14:31,107 - logger_name: misa_MIntRec_multi-class_2022-11-03-14-14-31
2022-11-03 14:14:31,107 - dataset: MIntRec
2022-11-03 14:14:31,107 - data_mode: multi-class
2022-11-03 14:14:31,107 - method: misa
2022-11-03 14:14:31,107 - text_backbone: bert-base-uncased
2022-11-03 14:14:31,107 - seed: 0
2022-11-03 14:14:31,108 - num_workers: 0
2022-11-03 14:14:31,108 - gpu_id: 0
2022-11-03 14:14:31,108 - data_path: MIA-datasets
2022-11-03 14:14:31,108 - train: True
2022-11-03 14:14:31,108 - tune: False
2022-11-03 14:14:31,108 - save_model: True
2022-11-03 14:14:31,108 - save_results: True
2022-11-03 14:14:31,108 - log_path: logs
2022-11-03 14:14:31,108 - cache_path: cache
2022-11-03 14:14:31,108 - video_data_path: video_data
2022-11-03 14:14:31,108 - audio_data_path: audio_data
2022-11-03 14:14:31,108 - video_feats_path: video_feats.pkl
2022-11-03 14:14:31,108 - audio_feats_path: audio_feats.pkl
2022-11-03 14:14:31,108 - results_path: results
2022-11-03 14:14:31,108 - output_path: outputs
2022-11-03 14:14:31,108 - model_path: models
2022-11-03 14:14:31,108 - config_file_name: misa_bert
2022-11-03 14:14:31,108 - results_file_name: misa_bert.csv
2022-11-03 14:14:31,108 - padding_mode: zero
2022-11-03 14:14:31,108 - padding_loc: end
2022-11-03 14:14:31,108 - need_aligned: False
2022-11-03 14:14:31,108 - eval_monitor: f1
2022-11-03 14:14:31,108 - train_batch_size: 6
2022-11-03 14:14:31,108 - eval_batch_size: 6
2022-11-03 14:14:31,108 - test_batch_size: 4
2022-11-03 14:14:31,108 - wait_patience: 4
2022-11-03 14:14:31,108 - num_train_epochs: 1
2022-11-03 14:14:31,108 - rnncell: lstm
2022-11-03 14:14:31,108 - use_cmd_sim: False
2022-11-03 14:14:31,108 - reverse_grad_weight: 0.8
2022-11-03 14:14:31,108 - hidden_size: 256
2022-11-03 14:14:31,108 - dropout_rate: 0.1
2022-11-03 14:14:31,108 - diff_weight: 0.7
2022-11-03 14:14:31,108 - sim_weight: 0.7
2022-11-03 14:14:31,108 - recon_weight: 0.6
2022-11-03 14:14:31,108 - lr: 3e-05
2022-11-03 14:14:31,108 - grad_clip: -1.0
2022-11-03 14:14:31,108 - gamma: 0.5
2022-11-03 14:14:31,108 - common_hyper_param: {'common_param': {'padding_mode': 'zero', 'padding_loc': 'end', 'need_aligned': False, 'eval_monitor': 'f1', 'train_batch_size': 6, 'eval_batch_size': 6, 'test_batch_size': 4, 'wait_patience': 4}, 'hyper_param': {'num_train_epochs': 1, 'rnncell': 'lstm', 'use_cmd_sim': False, 'reverse_grad_weight': 0.8, 'hidden_size': 256, 'dropout_rate': 0.1, 'diff_weight': 0.7, 'sim_weight': 0.7, 'recon_weight': 0.6, 'lr': 3e-05, 'grad_clip': -1.0, 'gamma': 0.5}}
2022-11-03 14:14:31,108 - pred_output_path: outputs\misa_MIntRec_multi-class_2022-11-03-14-14-31
2022-11-03 14:14:31,108 - model_output_path: outputs\misa_MIntRec_multi-class_2022-11-03-11-15-03\models
2022-11-03 14:14:31,108 - ============================== End Params ==============================
2022-11-03 14:14:31,112 - Generate Text Features Begin...
2022-11-03 14:14:47,813 - Generate Text Features Finished...
2022-11-03 14:14:47,814 - Load Video Features Begin...
2022-11-03 14:14:48,236 - Load Video Features Finished...
2022-11-03 14:14:48,588 - Load Audio Features Begin...
2022-11-03 14:14:49,326 - Load Audio Features Finished...
2022-11-03 14:15:11,296 - Multimodal intent recognition begins...
2022-11-03 14:15:11,297 - Training begins...
2022-11-03 14:15:48,667 - ***** Epoch: 1: Eval results *****
2022-11-03 14:15:48,678 -   best_eval_score = 0.4166
2022-11-03 14:15:48,678 -   eval_score = 0.4166
2022-11-03 14:15:48,678 -   train_loss = 3.3116
2022-11-03 14:15:48,678 - Trained models are saved in outputs\misa_MIntRec_multi-class_2022-11-03-11-15-03\models
