2022-11-09 16:21:55,821 - ============================== Params ==============================
2022-11-09 16:21:55,821 - logger_name: mult_MIntRec_multi-class_2022-11-09-16-21-55
2022-11-09 16:21:55,821 - dataset: MIntRec
2022-11-09 16:21:55,821 - data_mode: multi-class
2022-11-09 16:21:55,822 - method: mult
2022-11-09 16:21:55,822 - text_backbone: bert-base-uncased
2022-11-09 16:21:55,822 - seed: 0
2022-11-09 16:21:55,822 - num_workers: 0
2022-11-09 16:21:55,822 - gpu_id: 0
2022-11-09 16:21:55,822 - data_path: MIA-datasets
2022-11-09 16:21:55,822 - train: True
2022-11-09 16:21:55,822 - tune: False
2022-11-09 16:21:55,822 - save_model: True
2022-11-09 16:21:55,822 - save_results: True
2022-11-09 16:21:55,822 - log_path: logs
2022-11-09 16:21:55,822 - cache_path: cache
2022-11-09 16:21:55,822 - video_data_path: video_data
2022-11-09 16:21:55,822 - audio_data_path: audio_data
2022-11-09 16:21:55,822 - video_feats_path: video_feats.pkl
2022-11-09 16:21:55,822 - audio_feats_path: audio_feats.pkl
2022-11-09 16:21:55,822 - results_path: results
2022-11-09 16:21:55,822 - output_path: outputs
2022-11-09 16:21:55,822 - model_path: models
2022-11-09 16:21:55,822 - config_file_name: mult_bert
2022-11-09 16:21:55,822 - results_file_name: mult_bert.csv
2022-11-09 16:21:55,822 - padding_mode: zero
2022-11-09 16:21:55,822 - padding_loc: end
2022-11-09 16:21:55,822 - need_aligned: False
2022-11-09 16:21:55,822 - eval_monitor: f1
2022-11-09 16:21:55,822 - train_batch_size: 6
2022-11-09 16:21:55,822 - eval_batch_size: 6
2022-11-09 16:21:55,822 - test_batch_size: 4
2022-11-09 16:21:55,822 - wait_patience: 4
2022-11-09 16:21:55,822 - num_train_epochs: 100
2022-11-09 16:21:55,822 - dst_feature_dims: 120
2022-11-09 16:21:55,822 - nheads: 4
2022-11-09 16:21:55,822 - n_levels: 4
2022-11-09 16:21:55,822 - attn_dropout: 0.0
2022-11-09 16:21:55,822 - attn_dropout_v: 0.2
2022-11-09 16:21:55,822 - attn_dropout_a: 0.2
2022-11-09 16:21:55,823 - relu_dropout: 0.0
2022-11-09 16:21:55,823 - embed_dropout: 0.1
2022-11-09 16:21:55,823 - res_dropout: 0.0
2022-11-09 16:21:55,823 - output_dropout: 0.2
2022-11-09 16:21:55,823 - text_dropout: 0.4
2022-11-09 16:21:55,823 - grad_clip: 0.5
2022-11-09 16:21:55,823 - attn_mask: True
2022-11-09 16:21:55,823 - conv1d_kernel_size_l: 5
2022-11-09 16:21:55,823 - conv1d_kernel_size_v: 1
2022-11-09 16:21:55,823 - conv1d_kernel_size_a: 1
2022-11-09 16:21:55,823 - lr: 3e-05
2022-11-09 16:21:55,823 - common_hyper_param: {'common_param': {'padding_mode': 'zero', 'padding_loc': 'end', 'need_aligned': False, 'eval_monitor': 'f1', 'train_batch_size': 6, 'eval_batch_size': 6, 'test_batch_size': 4, 'wait_patience': 4}, 'hyper_param': {'num_train_epochs': 100, 'dst_feature_dims': 120, 'nheads': 4, 'n_levels': 4, 'attn_dropout': 0.0, 'attn_dropout_v': 0.2, 'attn_dropout_a': 0.2, 'relu_dropout': 0.0, 'embed_dropout': 0.1, 'res_dropout': 0.0, 'output_dropout': 0.2, 'text_dropout': 0.4, 'grad_clip': 0.5, 'attn_mask': True, 'conv1d_kernel_size_l': 5, 'conv1d_kernel_size_v': 1, 'conv1d_kernel_size_a': 1, 'lr': 3e-05}}
2022-11-09 16:21:55,823 - pred_output_path: outputs\mult_MIntRec_multi-class_2022-11-09-16-21-55
2022-11-09 16:21:55,823 - model_output_path: outputs\mult_MIntRec_multi-class_2022-11-09-16-21-55\models
2022-11-09 16:21:55,823 - ============================== End Params ==============================
2022-11-09 16:21:55,826 - Generate Text Features Begin...
2022-11-09 16:22:16,743 - Generate Text Features Finished...
2022-11-09 16:22:16,743 - Load Video Features Begin...
2022-11-09 16:22:17,153 - Load Video Features Finished...
2022-11-09 16:22:17,496 - Load Audio Features Begin...
2022-11-09 16:22:18,173 - Load Audio Features Finished...
2022-11-09 16:22:37,075 - Multimodal intent recognition begins...
2022-11-09 16:22:37,077 - Training begins...
2022-11-09 16:23:08,980 - ***** Epoch: 1: Eval results *****
2022-11-09 16:23:08,981 -   best_eval_score = 0.0
2022-11-09 16:23:08,981 -   eval_score = 0.5391
2022-11-09 16:23:08,981 -   train_loss = 1.7851
2022-11-09 16:23:31,071 - ***** Epoch: 2: Eval results *****
2022-11-09 16:23:31,071 -   best_eval_score = 0.5391
2022-11-09 16:23:31,071 -   eval_score = 0.6885
2022-11-09 16:23:31,071 -   train_loss = 0.7398
2022-11-09 16:23:52,865 - ***** Epoch: 3: Eval results *****
2022-11-09 16:23:52,865 -   best_eval_score = 0.6885
2022-11-09 16:23:52,865 -   eval_score = 0.6817
2022-11-09 16:23:52,865 -   train_loss = 0.31
2022-11-09 16:23:52,865 - EarlyStopping counter: 1 out of 4
2022-11-09 16:24:14,612 - ***** Epoch: 4: Eval results *****
2022-11-09 16:24:14,612 -   best_eval_score = 0.6885
2022-11-09 16:24:14,612 -   eval_score = 0.6673
2022-11-09 16:24:14,612 -   train_loss = 0.1611
2022-11-09 16:24:14,613 - EarlyStopping counter: 2 out of 4
2022-11-09 16:24:36,359 - ***** Epoch: 5: Eval results *****
2022-11-09 16:24:36,359 -   best_eval_score = 0.6885
2022-11-09 16:24:36,360 -   eval_score = 0.6921
2022-11-09 16:24:36,360 -   train_loss = 0.0794
2022-11-09 16:24:57,847 - ***** Epoch: 6: Eval results *****
2022-11-09 16:24:57,847 -   best_eval_score = 0.6921
2022-11-09 16:24:57,847 -   eval_score = 0.6736
2022-11-09 16:24:57,848 -   train_loss = 0.0523
2022-11-09 16:24:57,848 - EarlyStopping counter: 1 out of 4
