2022-11-09 19:39:00,353 - ============================== Params ==============================
2022-11-09 19:39:00,353 - logger_name: mult_MIntRec_multi-class_2022-11-09-19-39-00
2022-11-09 19:39:00,354 - dataset: MIntRec
2022-11-09 19:39:00,354 - data_mode: multi-class
2022-11-09 19:39:00,354 - method: mult
2022-11-09 19:39:00,354 - text_backbone: bert-base-uncased
2022-11-09 19:39:00,354 - seed: 0
2022-11-09 19:39:00,354 - num_workers: 0
2022-11-09 19:39:00,354 - gpu_id: 0
2022-11-09 19:39:00,354 - data_path: MIA-datasets
2022-11-09 19:39:00,354 - train: True
2022-11-09 19:39:00,354 - tune: False
2022-11-09 19:39:00,354 - save_model: True
2022-11-09 19:39:00,354 - save_results: True
2022-11-09 19:39:00,354 - log_path: logs
2022-11-09 19:39:00,354 - cache_path: cache
2022-11-09 19:39:00,354 - video_data_path: video_data
2022-11-09 19:39:00,354 - audio_data_path: audio_data
2022-11-09 19:39:00,354 - video_feats_path: video_feats.pkl
2022-11-09 19:39:00,354 - audio_feats_path: audio_feats.pkl
2022-11-09 19:39:00,354 - results_path: results
2022-11-09 19:39:00,354 - output_path: outputs
2022-11-09 19:39:00,354 - model_path: models
2022-11-09 19:39:00,354 - config_file_name: mult_bert
2022-11-09 19:39:00,354 - results_file_name: mult_bert.csv
2022-11-09 19:39:00,354 - padding_mode: zero
2022-11-09 19:39:00,354 - padding_loc: end
2022-11-09 19:39:00,354 - need_aligned: False
2022-11-09 19:39:00,354 - eval_monitor: f1
2022-11-09 19:39:00,354 - train_batch_size: 6
2022-11-09 19:39:00,354 - eval_batch_size: 6
2022-11-09 19:39:00,354 - test_batch_size: 4
2022-11-09 19:39:00,354 - wait_patience: 4
2022-11-09 19:39:00,354 - num_train_epochs: 100
2022-11-09 19:39:00,354 - dst_feature_dims: 120
2022-11-09 19:39:00,354 - nheads: 4
2022-11-09 19:39:00,354 - n_levels: 4
2022-11-09 19:39:00,354 - attn_dropout: 0.0
2022-11-09 19:39:00,354 - attn_dropout_v: 0.2
2022-11-09 19:39:00,354 - attn_dropout_a: 0.2
2022-11-09 19:39:00,354 - relu_dropout: 0.0
2022-11-09 19:39:00,354 - embed_dropout: 0.1
2022-11-09 19:39:00,354 - res_dropout: 0.0
2022-11-09 19:39:00,355 - output_dropout: 0.2
2022-11-09 19:39:00,355 - text_dropout: 0.4
2022-11-09 19:39:00,355 - grad_clip: 0.5
2022-11-09 19:39:00,355 - attn_mask: True
2022-11-09 19:39:00,355 - conv1d_kernel_size_l: 5
2022-11-09 19:39:00,355 - conv1d_kernel_size_v: 1
2022-11-09 19:39:00,355 - conv1d_kernel_size_a: 1
2022-11-09 19:39:00,355 - lr: 3e-05
2022-11-09 19:39:00,355 - common_hyper_param: {'common_param': {'padding_mode': 'zero', 'padding_loc': 'end', 'need_aligned': False, 'eval_monitor': 'f1', 'train_batch_size': 6, 'eval_batch_size': 6, 'test_batch_size': 4, 'wait_patience': 4}, 'hyper_param': {'num_train_epochs': 100, 'dst_feature_dims': 120, 'nheads': 4, 'n_levels': 4, 'attn_dropout': 0.0, 'attn_dropout_v': 0.2, 'attn_dropout_a': 0.2, 'relu_dropout': 0.0, 'embed_dropout': 0.1, 'res_dropout': 0.0, 'output_dropout': 0.2, 'text_dropout': 0.4, 'grad_clip': 0.5, 'attn_mask': True, 'conv1d_kernel_size_l': 5, 'conv1d_kernel_size_v': 1, 'conv1d_kernel_size_a': 1, 'lr': 3e-05}}
2022-11-09 19:39:00,355 - pred_output_path: outputs\mult_MIntRec_multi-class_2022-11-09-19-39-00
2022-11-09 19:39:00,355 - model_output_path: outputs\mult_MIntRec_multi-class_2022-11-09-19-39-00\models
2022-11-09 19:39:00,355 - ============================== End Params ==============================
2022-11-09 19:39:00,358 - Generate Text Features Begin...
2022-11-09 19:39:16,806 - Generate Text Features Finished...
2022-11-09 19:39:16,806 - Load Video Features Begin...
2022-11-09 19:39:17,214 - Load Video Features Finished...
2022-11-09 19:39:17,606 - Load Audio Features Begin...
2022-11-09 19:39:18,358 - Load Audio Features Finished...
2022-11-09 19:39:39,337 - Multimodal intent recognition begins...
2022-11-09 19:39:39,339 - Training begins...
