2022-11-09 20:39:44,185 - ============================== Params ==============================
2022-11-09 20:39:44,185 - logger_name: mult_MIntRec_binary-class_2022-11-09-20-39-44
2022-11-09 20:39:44,185 - dataset: MIntRec
2022-11-09 20:39:44,185 - data_mode: binary-class
2022-11-09 20:39:44,185 - method: mult
2022-11-09 20:39:44,185 - text_backbone: bert-base-uncased
2022-11-09 20:39:44,185 - seed: 0
2022-11-09 20:39:44,185 - num_workers: 0
2022-11-09 20:39:44,185 - gpu_id: 0
2022-11-09 20:39:44,185 - data_path: MIA-datasets
2022-11-09 20:39:44,185 - train: True
2022-11-09 20:39:44,185 - tune: False
2022-11-09 20:39:44,185 - save_model: True
2022-11-09 20:39:44,185 - save_results: True
2022-11-09 20:39:44,186 - log_path: logs
2022-11-09 20:39:44,186 - cache_path: cache
2022-11-09 20:39:44,186 - video_data_path: video_data
2022-11-09 20:39:44,186 - audio_data_path: audio_data
2022-11-09 20:39:44,186 - video_feats_path: video_feats.pkl
2022-11-09 20:39:44,186 - audio_feats_path: audio_feats.pkl
2022-11-09 20:39:44,186 - results_path: results
2022-11-09 20:39:44,186 - output_path: outputs
2022-11-09 20:39:44,186 - model_path: models
2022-11-09 20:39:44,186 - config_file_name: mult_bert_bi
2022-11-09 20:39:44,186 - results_file_name: misa_bert_bi.csv
2022-11-09 20:39:44,186 - padding_mode: zero
2022-11-09 20:39:44,186 - padding_loc: end
2022-11-09 20:39:44,186 - need_aligned: False
2022-11-09 20:39:44,186 - eval_monitor: f1
2022-11-09 20:39:44,186 - train_batch_size: 16
2022-11-09 20:39:44,186 - eval_batch_size: 8
2022-11-09 20:39:44,186 - test_batch_size: 8
2022-11-09 20:39:44,186 - wait_patience: 8
2022-11-09 20:39:44,186 - num_train_epochs: 100
2022-11-09 20:39:44,186 - dst_feature_dims: 120
2022-11-09 20:39:44,186 - nheads: 1
2022-11-09 20:39:44,186 - n_levels: 2
2022-11-09 20:39:44,186 - attn_dropout: 0.1
2022-11-09 20:39:44,186 - attn_dropout_v: 0.1
2022-11-09 20:39:44,186 - attn_dropout_a: 0.1
2022-11-09 20:39:44,186 - relu_dropout: 0.1
2022-11-09 20:39:44,186 - embed_dropout: 0.1
2022-11-09 20:39:44,186 - res_dropout: 0.1
2022-11-09 20:39:44,186 - output_dropout: 0.1
2022-11-09 20:39:44,186 - text_dropout: 0.1
2022-11-09 20:39:44,186 - grad_clip: 0.4
2022-11-09 20:39:44,186 - attn_mask: True
2022-11-09 20:39:44,186 - conv1d_kernel_size_l: 5
2022-11-09 20:39:44,186 - conv1d_kernel_size_v: 1
2022-11-09 20:39:44,186 - conv1d_kernel_size_a: 2
2022-11-09 20:39:44,186 - lr: 1e-05
2022-11-09 20:39:44,186 - common_hyper_param: {'common_param': {'padding_mode': 'zero', 'padding_loc': 'end', 'need_aligned': False, 'eval_monitor': 'f1', 'train_batch_size': 16, 'eval_batch_size': 8, 'test_batch_size': 8, 'wait_patience': 8}, 'hyper_param': {'num_train_epochs': 100, 'dst_feature_dims': 120, 'nheads': 1, 'n_levels': 2, 'attn_dropout': 0.1, 'attn_dropout_v': 0.1, 'attn_dropout_a': 0.1, 'relu_dropout': 0.1, 'embed_dropout': 0.1, 'res_dropout': 0.1, 'output_dropout': 0.1, 'text_dropout': 0.1, 'grad_clip': 0.4, 'attn_mask': True, 'conv1d_kernel_size_l': 5, 'conv1d_kernel_size_v': 1, 'conv1d_kernel_size_a': 2, 'lr': 1e-05}}
2022-11-09 20:39:44,186 - pred_output_path: outputs\mult_MIntRec_binary-class_2022-11-09-20-39-44
2022-11-09 20:39:44,186 - model_output_path: outputs\mult_MIntRec_binary-class_2022-11-09-20-39-44\models
2022-11-09 20:39:44,186 - ============================== End Params ==============================
2022-11-09 20:39:44,190 - Generate Text Features Begin...
2022-11-09 20:40:01,921 - Generate Text Features Finished...
2022-11-09 20:40:01,921 - Load Video Features Begin...
2022-11-09 20:40:02,360 - Load Video Features Finished...
2022-11-09 20:40:02,940 - Load Audio Features Begin...
2022-11-09 20:40:04,071 - Load Audio Features Finished...
2022-11-09 20:40:23,399 - Multimodal intent recognition begins...
2022-11-09 20:40:23,399 - Training begins...
2022-11-09 20:41:04,044 - ***** Epoch: 1: Eval results *****
2022-11-09 20:41:04,044 -   best_eval_score = 0.0
2022-11-09 20:41:04,044 -   eval_score = 0.8923
2022-11-09 20:41:04,044 -   train_loss = 0.4882
2022-11-09 20:41:33,930 - ***** Epoch: 2: Eval results *****
2022-11-09 20:41:33,930 -   best_eval_score = 0.8923
2022-11-09 20:41:33,930 -   eval_score = 0.9088
2022-11-09 20:41:33,930 -   train_loss = 0.2091
2022-11-09 20:42:03,883 - ***** Epoch: 3: Eval results *****
2022-11-09 20:42:03,883 -   best_eval_score = 0.9088
2022-11-09 20:42:03,883 -   eval_score = 0.896
2022-11-09 20:42:03,883 -   train_loss = 0.1058
2022-11-09 20:42:03,883 - EarlyStopping counter: 1 out of 8
2022-11-09 20:42:34,878 - ***** Epoch: 4: Eval results *****
2022-11-09 20:42:34,878 -   best_eval_score = 0.9088
2022-11-09 20:42:34,878 -   eval_score = 0.899
2022-11-09 20:42:34,878 -   train_loss = 0.0296
2022-11-09 20:42:34,878 - EarlyStopping counter: 2 out of 8
2022-11-09 20:43:05,673 - ***** Epoch: 5: Eval results *****
2022-11-09 20:43:05,673 -   best_eval_score = 0.9088
2022-11-09 20:43:05,673 -   eval_score = 0.8998
2022-11-09 20:43:05,673 -   train_loss = 0.0199
2022-11-09 20:43:05,673 - EarlyStopping counter: 3 out of 8
2022-11-09 20:43:40,495 - ***** Epoch: 6: Eval results *****
2022-11-09 20:43:40,495 -   best_eval_score = 0.9088
2022-11-09 20:43:40,495 -   eval_score = 0.9012
2022-11-09 20:43:40,495 -   train_loss = 0.017
2022-11-09 20:43:40,495 - EarlyStopping counter: 4 out of 8
2022-11-09 20:44:10,874 - ***** Epoch: 7: Eval results *****
2022-11-09 20:44:10,874 -   best_eval_score = 0.9088
2022-11-09 20:44:10,874 -   eval_score = 0.8972
2022-11-09 20:44:10,874 -   train_loss = 0.0074
2022-11-09 20:44:10,874 - EarlyStopping counter: 5 out of 8
2022-11-09 20:44:38,962 - ***** Epoch: 8: Eval results *****
2022-11-09 20:44:38,962 -   best_eval_score = 0.9088
2022-11-09 20:44:38,962 -   eval_score = 0.909
2022-11-09 20:44:38,963 -   train_loss = 0.0281
2022-11-09 20:45:07,146 - ***** Epoch: 9: Eval results *****
2022-11-09 20:45:07,146 -   best_eval_score = 0.909
2022-11-09 20:45:07,146 -   eval_score = 0.8934
2022-11-09 20:45:07,146 -   train_loss = 0.0064
2022-11-09 20:45:07,146 - EarlyStopping counter: 1 out of 8
