2022-11-09 19:54:48,851 - ============================== Params ==============================
2022-11-09 19:54:48,851 - logger_name: mult_MIntRec_multi-class_2022-11-09-19-54-48
2022-11-09 19:54:48,851 - dataset: MIntRec
2022-11-09 19:54:48,851 - data_mode: multi-class
2022-11-09 19:54:48,851 - method: mult
2022-11-09 19:54:48,851 - text_backbone: bert-base-uncased
2022-11-09 19:54:48,851 - seed: 0
2022-11-09 19:54:48,851 - num_workers: 0
2022-11-09 19:54:48,851 - gpu_id: 0
2022-11-09 19:54:48,851 - data_path: MIA-datasets
2022-11-09 19:54:48,851 - train: True
2022-11-09 19:54:48,851 - tune: False
2022-11-09 19:54:48,851 - save_model: True
2022-11-09 19:54:48,852 - save_results: True
2022-11-09 19:54:48,852 - log_path: logs
2022-11-09 19:54:48,852 - cache_path: cache
2022-11-09 19:54:48,852 - video_data_path: video_data
2022-11-09 19:54:48,852 - audio_data_path: audio_data
2022-11-09 19:54:48,852 - video_feats_path: video_feats.pkl
2022-11-09 19:54:48,852 - audio_feats_path: audio_feats.pkl
2022-11-09 19:54:48,852 - results_path: results
2022-11-09 19:54:48,852 - output_path: outputs
2022-11-09 19:54:48,852 - model_path: models
2022-11-09 19:54:48,852 - config_file_name: mult_bert
2022-11-09 19:54:48,852 - results_file_name: mult_bert.csv
2022-11-09 19:54:48,852 - padding_mode: zero
2022-11-09 19:54:48,852 - padding_loc: end
2022-11-09 19:54:48,852 - need_aligned: False
2022-11-09 19:54:48,852 - eval_monitor: f1
2022-11-09 19:54:48,852 - train_batch_size: 6
2022-11-09 19:54:48,852 - eval_batch_size: 6
2022-11-09 19:54:48,852 - test_batch_size: 4
2022-11-09 19:54:48,852 - wait_patience: 4
2022-11-09 19:54:48,852 - num_train_epochs: 100
2022-11-09 19:54:48,852 - dst_feature_dims: 120
2022-11-09 19:54:48,852 - nheads: 4
2022-11-09 19:54:48,852 - n_levels: 4
2022-11-09 19:54:48,852 - attn_dropout: 0.0
2022-11-09 19:54:48,852 - attn_dropout_v: 0.2
2022-11-09 19:54:48,852 - attn_dropout_a: 0.2
2022-11-09 19:54:48,852 - relu_dropout: 0.0
2022-11-09 19:54:48,852 - embed_dropout: 0.1
2022-11-09 19:54:48,852 - res_dropout: 0.0
2022-11-09 19:54:48,852 - output_dropout: 0.2
2022-11-09 19:54:48,852 - text_dropout: 0.4
2022-11-09 19:54:48,852 - grad_clip: 0.5
2022-11-09 19:54:48,852 - attn_mask: True
2022-11-09 19:54:48,852 - conv1d_kernel_size_l: 5
2022-11-09 19:54:48,852 - conv1d_kernel_size_v: 1
2022-11-09 19:54:48,852 - conv1d_kernel_size_a: 1
2022-11-09 19:54:48,852 - lr: 3e-05
2022-11-09 19:54:48,852 - common_hyper_param: {'common_param': {'padding_mode': 'zero', 'padding_loc': 'end', 'need_aligned': False, 'eval_monitor': 'f1', 'train_batch_size': 6, 'eval_batch_size': 6, 'test_batch_size': 4, 'wait_patience': 4}, 'hyper_param': {'num_train_epochs': 100, 'dst_feature_dims': 120, 'nheads': 4, 'n_levels': 4, 'attn_dropout': 0.0, 'attn_dropout_v': 0.2, 'attn_dropout_a': 0.2, 'relu_dropout': 0.0, 'embed_dropout': 0.1, 'res_dropout': 0.0, 'output_dropout': 0.2, 'text_dropout': 0.4, 'grad_clip': 0.5, 'attn_mask': True, 'conv1d_kernel_size_l': 5, 'conv1d_kernel_size_v': 1, 'conv1d_kernel_size_a': 1, 'lr': 3e-05}}
2022-11-09 19:54:48,852 - pred_output_path: outputs\mult_MIntRec_multi-class_2022-11-09-19-54-48
2022-11-09 19:54:48,852 - model_output_path: outputs\mult_MIntRec_multi-class_2022-11-09-19-54-48\models
2022-11-09 19:54:48,853 - ============================== End Params ==============================
2022-11-09 19:54:48,856 - Generate Text Features Begin...
2022-11-09 19:55:05,364 - Generate Text Features Finished...
2022-11-09 19:55:05,364 - Load Video Features Begin...
2022-11-09 19:55:05,795 - Load Video Features Finished...
2022-11-09 19:55:06,224 - Load Audio Features Begin...
2022-11-09 19:55:07,000 - Load Audio Features Finished...
2022-11-09 19:55:24,983 - Multimodal intent recognition begins...
2022-11-09 19:55:24,983 - Training begins...
2022-11-09 19:56:44,236 - ***** Epoch: 1: Eval results *****
2022-11-09 19:56:44,239 -   best_eval_score = 0.0
2022-11-09 19:56:44,239 -   eval_score = 0.6151
2022-11-09 19:56:44,240 -   train_loss = 1.7435
2022-11-09 19:57:50,285 - ***** Epoch: 2: Eval results *****
2022-11-09 19:57:50,286 -   best_eval_score = 0.6151
2022-11-09 19:57:50,286 -   eval_score = 0.6417
2022-11-09 19:57:50,286 -   train_loss = 0.6377
2022-11-09 19:59:09,927 - ***** Epoch: 3: Eval results *****
2022-11-09 19:59:09,927 -   best_eval_score = 0.6417
2022-11-09 19:59:09,927 -   eval_score = 0.6639
2022-11-09 19:59:09,927 -   train_loss = 0.2288
2022-11-09 20:00:32,051 - ***** Epoch: 4: Eval results *****
2022-11-09 20:00:32,051 -   best_eval_score = 0.6639
2022-11-09 20:00:32,051 -   eval_score = 0.6683
2022-11-09 20:00:32,051 -   train_loss = 0.0965
2022-11-09 20:02:12,001 - ***** Epoch: 5: Eval results *****
2022-11-09 20:02:12,001 -   best_eval_score = 0.6683
2022-11-09 20:02:12,001 -   eval_score = 0.6719
2022-11-09 20:02:12,001 -   train_loss = 0.0554
2022-11-09 20:03:32,062 - ***** Epoch: 6: Eval results *****
2022-11-09 20:03:32,062 -   best_eval_score = 0.6719
2022-11-09 20:03:32,062 -   eval_score = 0.6953
2022-11-09 20:03:32,062 -   train_loss = 0.0219
2022-11-09 20:05:05,492 - ***** Epoch: 7: Eval results *****
2022-11-09 20:05:05,492 -   best_eval_score = 0.6953
2022-11-09 20:05:05,492 -   eval_score = 0.689
2022-11-09 20:05:05,492 -   train_loss = 0.0102
2022-11-09 20:05:05,492 - EarlyStopping counter: 1 out of 4
2022-11-09 20:06:28,602 - ***** Epoch: 8: Eval results *****
2022-11-09 20:06:28,602 -   best_eval_score = 0.6953
2022-11-09 20:06:28,602 -   eval_score = 0.6867
2022-11-09 20:06:28,602 -   train_loss = 0.0079
2022-11-09 20:06:28,602 - EarlyStopping counter: 2 out of 4
2022-11-09 20:08:04,152 - ***** Epoch: 9: Eval results *****
2022-11-09 20:08:04,152 -   best_eval_score = 0.6953
2022-11-09 20:08:04,152 -   eval_score = 0.6941
2022-11-09 20:08:04,152 -   train_loss = 0.0075
2022-11-09 20:08:04,152 - EarlyStopping counter: 3 out of 4
2022-11-09 20:09:36,976 - ***** Epoch: 10: Eval results *****
2022-11-09 20:09:36,976 -   best_eval_score = 0.6953
2022-11-09 20:09:36,976 -   eval_score = 0.6917
2022-11-09 20:09:36,976 -   train_loss = 0.0071
2022-11-09 20:09:36,976 - EarlyStopping counter: 4 out of 4
2022-11-09 20:09:36,976 - EarlyStopping at epoch 10
2022-11-09 20:09:36,976 - Trained models are saved in outputs\mult_MIntRec_multi-class_2022-11-09-19-54-48\models
2022-11-09 20:09:37,998 - Training is finished...
2022-11-09 20:09:37,998 - Testing begins...
2022-11-09 20:09:48,476 - ***** Test: Confusion Matrix *****
2022-11-09 20:09:48,482 - [[35  1  0  0 10  0  1  1  0  4  0  0  3  2  0  0  0  0  0  0]
 [ 0 36  0  0  0  2  0  0  0  0  2  0  2  1  0  0  0  0  0  0]
 [ 1  0 26  0  0  0  0  0  0  0  0  0  0  0  0  0  0  0  0  0]
 [ 0  1  0 24  0  0  0  0  0  0  0  0  0  0  0  0  0  0  0  0]
 [ 2  0  0  0 17  0  1  0  0  0  0  1  1  0  0  0  0  1  0  0]
 [ 0  0  0  0  0 12  0  0  0  0  0  0  0  0  0  0  0  0  0  0]
 [ 1  1  0  0  4  0  2  0  2  0  0  1  1  0  0  0  0  0  0  0]
 [ 3  0  0  0  0  0  0  5  0  0  2  0  0  0  0  0  0  0  0  0]
 [ 1  0  0  0  0  0  0  2  4  0  0  0  0  2  0  1  0  0  0  0]
 [ 1  0  0  0  1  0  0  0  0  4  1  0  0  0  0  2  0  1  0  0]
 [ 1  0  0  0  0  0  1  0  0  1 14  0  0  0  0  0  0  1  0  0]
 [ 0  0  0  0  0  0  0  0  0  0  0 17  0  0  0  0  0  0  1  1]
 [ 3  3  2  0  1  0  0  1  1  0  0  0 38  3  2  3  0  0  0  0]
 [ 0  1  0  0  0  0  2  0  0  0  1  1  0 19  1  0  0  0  0  0]
 [ 0  0  0  0  1  0  0  0  0  0  0  0  2  2 14  0  2  0  0  1]
 [ 0  1  0  0  0  0  0  0  1  0  0  0  2  0  1 15  0  1  0  0]
 [ 1  0  0  0  0  0  0  0  0  0  0  0  2  0  1  0 13  0  0  0]
 [ 0  0  0  0  0  0  0  0  0  1  0  0  1  0  0  0  0 13  0  0]
 [ 0  0  0  0  0  0  0  0  0  0  0  0  1  0  0  1  0  0 10  0]
 [ 0  0  0  0  0  0  0  0  0  0  0  0  0  1  1  0  0  0  0  8]]
2022-11-09 20:09:48,485 - ***** Evaluation results *****
2022-11-09 20:09:48,485 -   acc = 0.7326
2022-11-09 20:09:48,485 -   f1 = 0.7082
2022-11-09 20:09:48,485 -   prec = 0.7091
2022-11-09 20:09:48,485 -   rec = 0.7147
2022-11-09 20:09:48,485 - Testing is finished...
2022-11-09 20:09:48,485 - Multimodal intent recognition is finished...
2022-11-09 20:09:48,485 - Results are saved in results\mult_bert.csv
