2022-11-09 20:51:38,958 - ============================== Params ==============================
2022-11-09 20:51:38,959 - logger_name: mult_MIntRec_binary-class_2022-11-09-20-51-38
2022-11-09 20:51:38,959 - dataset: MIntRec
2022-11-09 20:51:38,959 - data_mode: binary-class
2022-11-09 20:51:38,959 - method: mult
2022-11-09 20:51:38,959 - text_backbone: bert-base-uncased
2022-11-09 20:51:38,959 - seed: 0
2022-11-09 20:51:38,959 - num_workers: 0
2022-11-09 20:51:38,959 - gpu_id: 0
2022-11-09 20:51:38,959 - data_path: MIA-datasets
2022-11-09 20:51:38,959 - train: True
2022-11-09 20:51:38,959 - tune: False
2022-11-09 20:51:38,959 - save_model: True
2022-11-09 20:51:38,960 - save_results: True
2022-11-09 20:51:38,960 - log_path: logs
2022-11-09 20:51:38,960 - cache_path: cache
2022-11-09 20:51:38,960 - video_data_path: video_data
2022-11-09 20:51:38,960 - audio_data_path: audio_data
2022-11-09 20:51:38,960 - video_feats_path: video_feats.pkl
2022-11-09 20:51:38,960 - audio_feats_path: audio_feats.pkl
2022-11-09 20:51:38,960 - results_path: results
2022-11-09 20:51:38,960 - output_path: outputs
2022-11-09 20:51:38,960 - model_path: models
2022-11-09 20:51:38,960 - config_file_name: mult_bert_bi
2022-11-09 20:51:38,960 - results_file_name: mult_bert_bi.csv
2022-11-09 20:51:38,960 - padding_mode: zero
2022-11-09 20:51:38,960 - padding_loc: end
2022-11-09 20:51:38,960 - need_aligned: False
2022-11-09 20:51:38,960 - eval_monitor: f1
2022-11-09 20:51:38,960 - train_batch_size: 16
2022-11-09 20:51:38,960 - eval_batch_size: 8
2022-11-09 20:51:38,960 - test_batch_size: 8
2022-11-09 20:51:38,960 - wait_patience: 4
2022-11-09 20:51:38,960 - num_train_epochs: 100
2022-11-09 20:51:38,960 - dst_feature_dims: 120
2022-11-09 20:51:38,960 - nheads: 1
2022-11-09 20:51:38,960 - n_levels: 2
2022-11-09 20:51:38,960 - attn_dropout: 0.1
2022-11-09 20:51:38,960 - attn_dropout_v: 0.1
2022-11-09 20:51:38,960 - attn_dropout_a: 0.1
2022-11-09 20:51:38,960 - relu_dropout: 0.1
2022-11-09 20:51:38,960 - embed_dropout: 0.1
2022-11-09 20:51:38,960 - res_dropout: 0.1
2022-11-09 20:51:38,960 - output_dropout: 0.1
2022-11-09 20:51:38,960 - text_dropout: 0.1
2022-11-09 20:51:38,960 - grad_clip: 0.4
2022-11-09 20:51:38,960 - attn_mask: True
2022-11-09 20:51:38,960 - conv1d_kernel_size_l: 5
2022-11-09 20:51:38,961 - conv1d_kernel_size_v: 1
2022-11-09 20:51:38,961 - conv1d_kernel_size_a: 2
2022-11-09 20:51:38,961 - lr: 1e-05
2022-11-09 20:51:38,961 - common_hyper_param: {'common_param': {'padding_mode': 'zero', 'padding_loc': 'end', 'need_aligned': False, 'eval_monitor': 'f1', 'train_batch_size': 16, 'eval_batch_size': 8, 'test_batch_size': 8, 'wait_patience': 4}, 'hyper_param': {'num_train_epochs': 100, 'dst_feature_dims': 120, 'nheads': 1, 'n_levels': 2, 'attn_dropout': 0.1, 'attn_dropout_v': 0.1, 'attn_dropout_a': 0.1, 'relu_dropout': 0.1, 'embed_dropout': 0.1, 'res_dropout': 0.1, 'output_dropout': 0.1, 'text_dropout': 0.1, 'grad_clip': 0.4, 'attn_mask': True, 'conv1d_kernel_size_l': 5, 'conv1d_kernel_size_v': 1, 'conv1d_kernel_size_a': 2, 'lr': 1e-05}}
2022-11-09 20:51:38,961 - pred_output_path: outputs\mult_MIntRec_binary-class_2022-11-09-20-51-38
2022-11-09 20:51:38,961 - model_output_path: outputs\mult_MIntRec_binary-class_2022-11-09-20-51-38\models
2022-11-09 20:51:38,961 - ============================== End Params ==============================
2022-11-09 20:51:38,966 - Generate Text Features Begin...
2022-11-09 20:51:56,304 - Generate Text Features Finished...
2022-11-09 20:51:56,304 - Load Video Features Begin...
2022-11-09 20:51:56,718 - Load Video Features Finished...
2022-11-09 20:51:57,103 - Load Audio Features Begin...
2022-11-09 20:51:57,820 - Load Audio Features Finished...
2022-11-09 20:52:13,225 - Multimodal intent recognition begins...
2022-11-09 20:52:13,228 - Training begins...
2022-11-09 20:52:49,051 - ***** Epoch: 1: Eval results *****
2022-11-09 20:52:49,054 -   best_eval_score = 0.0
2022-11-09 20:52:49,055 -   eval_score = 0.8923
2022-11-09 20:52:49,055 -   train_loss = 0.4882
2022-11-09 20:53:18,229 - ***** Epoch: 2: Eval results *****
2022-11-09 20:53:18,229 -   best_eval_score = 0.8923
2022-11-09 20:53:18,229 -   eval_score = 0.9088
2022-11-09 20:53:18,230 -   train_loss = 0.2091
2022-11-09 20:53:46,657 - ***** Epoch: 3: Eval results *****
2022-11-09 20:53:46,657 -   best_eval_score = 0.9088
2022-11-09 20:53:46,657 -   eval_score = 0.896
2022-11-09 20:53:46,657 -   train_loss = 0.1058
2022-11-09 20:53:46,658 - EarlyStopping counter: 1 out of 4
2022-11-09 20:54:14,393 - ***** Epoch: 4: Eval results *****
2022-11-09 20:54:14,393 -   best_eval_score = 0.9088
2022-11-09 20:54:14,393 -   eval_score = 0.899
2022-11-09 20:54:14,393 -   train_loss = 0.0296
2022-11-09 20:54:14,393 - EarlyStopping counter: 2 out of 4
2022-11-09 20:54:43,055 - ***** Epoch: 5: Eval results *****
2022-11-09 20:54:43,055 -   best_eval_score = 0.9088
2022-11-09 20:54:43,055 -   eval_score = 0.8998
2022-11-09 20:54:43,055 -   train_loss = 0.0199
2022-11-09 20:54:43,055 - EarlyStopping counter: 3 out of 4
2022-11-09 20:55:11,222 - ***** Epoch: 6: Eval results *****
2022-11-09 20:55:11,222 -   best_eval_score = 0.9088
2022-11-09 20:55:11,222 -   eval_score = 0.9012
2022-11-09 20:55:11,222 -   train_loss = 0.017
2022-11-09 20:55:11,222 - EarlyStopping counter: 4 out of 4
2022-11-09 20:55:11,223 - EarlyStopping at epoch 6
2022-11-09 20:55:11,223 - Trained models are saved in outputs\mult_MIntRec_binary-class_2022-11-09-20-51-38\models
2022-11-09 20:55:11,986 - Training is finished...
2022-11-09 20:55:11,986 - Testing begins...
2022-11-09 20:55:16,232 - ***** Test: Confusion Matrix *****
2022-11-09 20:55:16,235 - [[222  26]
 [ 29 168]]
2022-11-09 20:55:16,236 - ***** Evaluation results *****
2022-11-09 20:55:16,236 -   acc = 0.8764
2022-11-09 20:55:16,236 -   f1 = 0.8746
2022-11-09 20:55:16,236 -   prec = 0.8752
2022-11-09 20:55:16,236 -   rec = 0.874
2022-11-09 20:55:16,236 - Testing is finished...
2022-11-09 20:55:16,236 - Multimodal intent recognition is finished...
2022-11-09 20:55:16,236 - Results are saved in results\mult_bert_bi.csv
