2022-11-09 16:26:50,562 - ============================== Params ==============================
2022-11-09 16:26:50,563 - logger_name: mult_MIntRec_multi-class_2022-11-09-16-26-50
2022-11-09 16:26:50,563 - dataset: MIntRec
2022-11-09 16:26:50,563 - data_mode: multi-class
2022-11-09 16:26:50,563 - method: mult
2022-11-09 16:26:50,563 - text_backbone: bert-base-uncased
2022-11-09 16:26:50,563 - seed: 0
2022-11-09 16:26:50,563 - num_workers: 0
2022-11-09 16:26:50,563 - gpu_id: 0
2022-11-09 16:26:50,563 - data_path: MIA-datasets
2022-11-09 16:26:50,563 - train: True
2022-11-09 16:26:50,563 - tune: False
2022-11-09 16:26:50,563 - save_model: True
2022-11-09 16:26:50,563 - save_results: True
2022-11-09 16:26:50,563 - log_path: logs
2022-11-09 16:26:50,563 - cache_path: cache
2022-11-09 16:26:50,563 - video_data_path: video_data
2022-11-09 16:26:50,563 - audio_data_path: audio_data
2022-11-09 16:26:50,563 - video_feats_path: video_feats.pkl
2022-11-09 16:26:50,563 - audio_feats_path: audio_feats.pkl
2022-11-09 16:26:50,563 - results_path: results
2022-11-09 16:26:50,563 - output_path: outputs
2022-11-09 16:26:50,563 - model_path: models
2022-11-09 16:26:50,563 - config_file_name: mult_bert
2022-11-09 16:26:50,563 - results_file_name: mult_bert.csv
2022-11-09 16:26:50,563 - padding_mode: zero
2022-11-09 16:26:50,563 - padding_loc: end
2022-11-09 16:26:50,563 - need_aligned: False
2022-11-09 16:26:50,564 - eval_monitor: f1
2022-11-09 16:26:50,564 - train_batch_size: 6
2022-11-09 16:26:50,564 - eval_batch_size: 6
2022-11-09 16:26:50,564 - test_batch_size: 4
2022-11-09 16:26:50,564 - wait_patience: 4
2022-11-09 16:26:50,564 - num_train_epochs: 100
2022-11-09 16:26:50,564 - dst_feature_dims: 120
2022-11-09 16:26:50,564 - nheads: 4
2022-11-09 16:26:50,564 - n_levels: 4
2022-11-09 16:26:50,564 - attn_dropout: 0.0
2022-11-09 16:26:50,564 - attn_dropout_v: 0.2
2022-11-09 16:26:50,564 - attn_dropout_a: 0.2
2022-11-09 16:26:50,564 - relu_dropout: 0.0
2022-11-09 16:26:50,564 - embed_dropout: 0.1
2022-11-09 16:26:50,564 - res_dropout: 0.0
2022-11-09 16:26:50,564 - output_dropout: 0.2
2022-11-09 16:26:50,564 - text_dropout: 0.4
2022-11-09 16:26:50,564 - grad_clip: 0.5
2022-11-09 16:26:50,564 - attn_mask: True
2022-11-09 16:26:50,564 - conv1d_kernel_size_l: 5
2022-11-09 16:26:50,564 - conv1d_kernel_size_v: 1
2022-11-09 16:26:50,564 - conv1d_kernel_size_a: 1
2022-11-09 16:26:50,564 - lr: 3e-05
2022-11-09 16:26:50,564 - common_hyper_param: {'common_param': {'padding_mode': 'zero', 'padding_loc': 'end', 'need_aligned': False, 'eval_monitor': 'f1', 'train_batch_size': 6, 'eval_batch_size': 6, 'test_batch_size': 4, 'wait_patience': 4}, 'hyper_param': {'num_train_epochs': 100, 'dst_feature_dims': 120, 'nheads': 4, 'n_levels': 4, 'attn_dropout': 0.0, 'attn_dropout_v': 0.2, 'attn_dropout_a': 0.2, 'relu_dropout': 0.0, 'embed_dropout': 0.1, 'res_dropout': 0.0, 'output_dropout': 0.2, 'text_dropout': 0.4, 'grad_clip': 0.5, 'attn_mask': True, 'conv1d_kernel_size_l': 5, 'conv1d_kernel_size_v': 1, 'conv1d_kernel_size_a': 1, 'lr': 3e-05}}
2022-11-09 16:26:50,564 - pred_output_path: outputs\mult_MIntRec_multi-class_2022-11-09-16-26-50
2022-11-09 16:26:50,564 - model_output_path: outputs\mult_MIntRec_multi-class_2022-11-09-16-26-50\models
2022-11-09 16:26:50,564 - ============================== End Params ==============================
2022-11-09 16:26:50,568 - Generate Text Features Begin...
2022-11-09 16:27:09,521 - Generate Text Features Finished...
2022-11-09 16:27:09,521 - Load Video Features Begin...
2022-11-09 16:27:09,959 - Load Video Features Finished...
2022-11-09 16:27:10,397 - Load Audio Features Begin...
2022-11-09 16:27:11,317 - Load Audio Features Finished...
2022-11-09 16:27:26,895 - Multimodal intent recognition begins...
2022-11-09 16:27:26,896 - Training begins...
2022-11-09 16:27:56,886 - ***** Epoch: 1: Eval results *****
2022-11-09 16:27:56,888 -   best_eval_score = 0.0
2022-11-09 16:27:56,888 -   eval_score = 0.5391
2022-11-09 16:27:56,888 -   train_loss = 1.7851
2022-11-09 16:28:19,944 - ***** Epoch: 2: Eval results *****
2022-11-09 16:28:19,953 -   best_eval_score = 0.5391
2022-11-09 16:28:19,953 -   eval_score = 0.6885
2022-11-09 16:28:19,953 -   train_loss = 0.7398
2022-11-09 16:28:42,699 - ***** Epoch: 3: Eval results *****
2022-11-09 16:28:42,699 -   best_eval_score = 0.6885
2022-11-09 16:28:42,699 -   eval_score = 0.6817
2022-11-09 16:28:42,699 -   train_loss = 0.31
2022-11-09 16:28:42,699 - EarlyStopping counter: 1 out of 4
2022-11-09 16:29:07,968 - ***** Epoch: 4: Eval results *****
2022-11-09 16:29:07,968 -   best_eval_score = 0.6885
2022-11-09 16:29:07,968 -   eval_score = 0.6673
2022-11-09 16:29:07,968 -   train_loss = 0.1611
2022-11-09 16:29:07,968 - EarlyStopping counter: 2 out of 4
2022-11-09 16:29:31,155 - ***** Epoch: 5: Eval results *****
2022-11-09 16:29:31,156 -   best_eval_score = 0.6885
2022-11-09 16:29:31,156 -   eval_score = 0.6921
2022-11-09 16:29:31,156 -   train_loss = 0.0794
2022-11-09 16:29:56,257 - ***** Epoch: 6: Eval results *****
2022-11-09 16:29:56,257 -   best_eval_score = 0.6921
2022-11-09 16:29:56,257 -   eval_score = 0.6736
2022-11-09 16:29:56,257 -   train_loss = 0.0523
2022-11-09 16:29:56,257 - EarlyStopping counter: 1 out of 4
2022-11-09 16:30:20,897 - ***** Epoch: 7: Eval results *****
2022-11-09 16:30:20,898 -   best_eval_score = 0.6921
2022-11-09 16:30:20,898 -   eval_score = 0.6748
2022-11-09 16:30:20,898 -   train_loss = 0.0359
2022-11-09 16:30:20,898 - EarlyStopping counter: 2 out of 4
2022-11-09 16:30:44,328 - ***** Epoch: 8: Eval results *****
2022-11-09 16:30:44,328 -   best_eval_score = 0.6921
2022-11-09 16:30:44,328 -   eval_score = 0.6707
2022-11-09 16:30:44,328 -   train_loss = 0.0275
2022-11-09 16:30:44,328 - EarlyStopping counter: 3 out of 4
2022-11-09 16:31:08,135 - ***** Epoch: 9: Eval results *****
2022-11-09 16:31:08,136 -   best_eval_score = 0.6921
2022-11-09 16:31:08,136 -   eval_score = 0.6726
2022-11-09 16:31:08,136 -   train_loss = 0.0259
2022-11-09 16:31:08,136 - EarlyStopping counter: 4 out of 4
2022-11-09 16:31:08,136 - EarlyStopping at epoch 9
2022-11-09 16:31:08,136 - Trained models are saved in outputs\mult_MIntRec_multi-class_2022-11-09-16-26-50\models
2022-11-09 16:31:09,078 - Training is finished...
2022-11-09 16:31:09,078 - Testing begins...
2022-11-09 16:31:11,371 - ***** Test: Confusion Matrix *****
2022-11-09 16:31:11,374 - [[32  2  0  0  9  0  1  1  0  3  0  0  7  2  0  0  0  0  0  0]
 [ 0 39  0  0  0  0  2  0  0  0  0  0  2  0  0  0  0  0  0  0]
 [ 0  0 27  0  0  0  0  0  0  0  0  0  0  0  0  0  0  0  0  0]
 [ 0  1  0 24  0  0  0  0  0  0  0  0  0  0  0  0  0  0  0  0]
 [ 4  0  0  0 12  0  2  0  0  0  0  1  2  1  0  0  0  1  0  0]
 [ 0  0  0  0  0 12  0  0  0  0  0  0  0  0  0  0  0  0  0  0]
 [ 2  1  0  0  3  0  1  0  2  0  0  1  1  0  0  1  0  0  0  0]
 [ 3  1  0  0  0  0  0  5  0  1  0  0  0  0  0  0  0  0  0  0]
 [ 1  0  0  0  1  0  0  3  3  0  0  0  0  1  0  1  0  0  0  0]
 [ 1  0  0  0  1  0  0  0  0  3  1  0  0  0  0  3  0  1  0  0]
 [ 1  0  0  0  0  0  1  1  0  1 14  0  0  0  0  0  0  0  0  0]
 [ 0  0  0  0  0  0  0  0  0  0  0 17  0  0  0  0  0  0  1  1]
 [ 4  2  0  0  0  0  0  1  0  0  0  0 43  3  0  1  1  0  2  0]
 [ 0  2  0  0  0  0  1  0  0  0  2  1  2 16  1  0  0  0  0  0]
 [ 0  0  0  0  1  0  0  0  0  0  0  0  1  3 15  0  1  0  0  1]
 [ 0  2  0  0  1  0  0  0  0  0  0  0  5  0  0 13  0  0  0  0]
 [ 0  0  0  0  0  0  0  0  0  0  0  0  4  0  1  0 12  0  0  0]
 [ 0  0  0  0  0  0  0  0  0  1  1  0  2  0  0  0  0 11  0  0]
 [ 0  0  0  0  0  0  0  0  0  0  0  0  2  0  0  1  0  0  9  0]
 [ 0  0  0  0  0  0  0  0  0  0  0  0  2  1  1  0  0  0  0  6]]
2022-11-09 16:31:11,376 - ***** Evaluation results *****
2022-11-09 16:31:11,376 -   acc = 0.7056
2022-11-09 16:31:11,376 -   f1 = 0.6739
2022-11-09 16:31:11,376 -   prec = 0.6942
2022-11-09 16:31:11,376 -   rec = 0.6645
2022-11-09 16:31:11,376 - Testing is finished...
2022-11-09 16:31:11,376 - Multimodal intent recognition is finished...
2022-11-09 16:31:11,376 - Results are saved in results\mult_bert.csv
