2022-11-29 10:09:16,740 - ============================== Params ==============================
2022-11-29 10:09:16,741 - logger_name: mult_MIntRec_multi-class_2022-11-29-10-09-16
2022-11-29 10:09:16,741 - dataset: MIntRec
2022-11-29 10:09:16,741 - data_mode: multi-class
2022-11-29 10:09:16,741 - method: mult
2022-11-29 10:09:16,741 - text_backbone: bert-base-uncased
2022-11-29 10:09:16,741 - seed: 0
2022-11-29 10:09:16,741 - num_workers: 0
2022-11-29 10:09:16,741 - gpu_id: 0
2022-11-29 10:09:16,741 - data_path: MIA-datasets
2022-11-29 10:09:16,741 - train: True
2022-11-29 10:09:16,741 - tune: False
2022-11-29 10:09:16,741 - save_model: True
2022-11-29 10:09:16,741 - save_results: True
2022-11-29 10:09:16,741 - log_path: logs
2022-11-29 10:09:16,741 - cache_path: cache
2022-11-29 10:09:16,741 - video_data_path: video_data
2022-11-29 10:09:16,741 - audio_data_path: audio_data
2022-11-29 10:09:16,741 - video_feats_path: video_feats.pkl
2022-11-29 10:09:16,741 - audio_feats_path: audio_feats.pkl
2022-11-29 10:09:16,741 - results_path: results
2022-11-29 10:09:16,741 - output_path: outputs
2022-11-29 10:09:16,741 - model_path: models
2022-11-29 10:09:16,741 - config_file_name: mult_bert
2022-11-29 10:09:16,741 - results_file_name: mult_bert.csv
2022-11-29 10:09:16,741 - padding_mode: zero
2022-11-29 10:09:16,741 - padding_loc: end
2022-11-29 10:09:16,741 - need_aligned: False
2022-11-29 10:09:16,741 - eval_monitor: f1
2022-11-29 10:09:16,741 - train_batch_size: 6
2022-11-29 10:09:16,741 - eval_batch_size: 6
2022-11-29 10:09:16,741 - test_batch_size: 4
2022-11-29 10:09:16,741 - wait_patience: 4
2022-11-29 10:09:16,741 - num_train_epochs: 100
2022-11-29 10:09:16,741 - dst_feature_dims: 120
2022-11-29 10:09:16,741 - nheads: 1
2022-11-29 10:09:16,741 - n_levels: 2
2022-11-29 10:09:16,741 - attn_dropout: 0.1
2022-11-29 10:09:16,741 - attn_dropout_v: 0.1
2022-11-29 10:09:16,741 - attn_dropout_a: 0.1
2022-11-29 10:09:16,741 - relu_dropout: 0.0
2022-11-29 10:09:16,742 - embed_dropout: 0.1
2022-11-29 10:09:16,742 - res_dropout: 0.1
2022-11-29 10:09:16,742 - output_dropout: 0.1
2022-11-29 10:09:16,742 - text_dropout: 0.1
2022-11-29 10:09:16,742 - grad_clip: 0.5
2022-11-29 10:09:16,742 - attn_mask: True
2022-11-29 10:09:16,742 - conv1d_kernel_size_l: 5
2022-11-29 10:09:16,742 - conv1d_kernel_size_v: 1
2022-11-29 10:09:16,742 - conv1d_kernel_size_a: 1
2022-11-29 10:09:16,742 - lr: 3e-05
2022-11-29 10:09:16,742 - common_hyper_param: {'common_param': {'padding_mode': 'zero', 'padding_loc': 'end', 'need_aligned': False, 'eval_monitor': 'f1', 'train_batch_size': 6, 'eval_batch_size': 6, 'test_batch_size': 4, 'wait_patience': 4}, 'hyper_param': {'num_train_epochs': 100, 'dst_feature_dims': 120, 'nheads': 1, 'n_levels': 2, 'attn_dropout': 0.1, 'attn_dropout_v': 0.1, 'attn_dropout_a': 0.1, 'relu_dropout': 0.0, 'embed_dropout': 0.1, 'res_dropout': 0.1, 'output_dropout': 0.1, 'text_dropout': 0.1, 'grad_clip': 0.5, 'attn_mask': True, 'conv1d_kernel_size_l': 5, 'conv1d_kernel_size_v': 1, 'conv1d_kernel_size_a': 1, 'lr': 3e-05}}
2022-11-29 10:09:16,742 - pred_output_path: outputs\mult_MIntRec_multi-class_2022-11-29-10-09-16
2022-11-29 10:09:16,742 - model_output_path: outputs\mult_MIntRec_multi-class_2022-11-29-10-09-16\models
2022-11-29 10:09:16,742 - ============================== End Params ==============================
2022-11-29 10:09:16,744 - Generate Text Features Begin...
