2022-11-09 20:14:21,694 - ============================== Params ==============================
2022-11-09 20:14:21,694 - logger_name: mult_MIntRec_multi-class_2022-11-09-20-14-21
2022-11-09 20:14:21,695 - dataset: MIntRec
2022-11-09 20:14:21,695 - data_mode: multi-class
2022-11-09 20:14:21,695 - method: mult
2022-11-09 20:14:21,695 - text_backbone: bert-base-uncased
2022-11-09 20:14:21,695 - seed: 0
2022-11-09 20:14:21,695 - num_workers: 0
2022-11-09 20:14:21,695 - gpu_id: 0
2022-11-09 20:14:21,695 - data_path: MIA-datasets
2022-11-09 20:14:21,695 - train: True
2022-11-09 20:14:21,695 - tune: False
2022-11-09 20:14:21,695 - save_model: True
2022-11-09 20:14:21,695 - save_results: True
2022-11-09 20:14:21,695 - log_path: logs
2022-11-09 20:14:21,695 - cache_path: cache
2022-11-09 20:14:21,695 - video_data_path: video_data
2022-11-09 20:14:21,695 - audio_data_path: audio_data
2022-11-09 20:14:21,695 - video_feats_path: video_feats.pkl
2022-11-09 20:14:21,695 - audio_feats_path: audio_feats.pkl
2022-11-09 20:14:21,695 - results_path: results
2022-11-09 20:14:21,695 - output_path: outputs
2022-11-09 20:14:21,695 - model_path: models
2022-11-09 20:14:21,695 - config_file_name: mult_bert
2022-11-09 20:14:21,696 - results_file_name: mult_bert.csv
2022-11-09 20:14:21,696 - padding_mode: zero
2022-11-09 20:14:21,696 - padding_loc: end
2022-11-09 20:14:21,696 - need_aligned: False
2022-11-09 20:14:21,696 - eval_monitor: f1
2022-11-09 20:14:21,696 - train_batch_size: 6
2022-11-09 20:14:21,696 - eval_batch_size: 6
2022-11-09 20:14:21,696 - test_batch_size: 4
2022-11-09 20:14:21,696 - wait_patience: 4
2022-11-09 20:14:21,696 - num_train_epochs: 100
2022-11-09 20:14:21,696 - dst_feature_dims: 120
2022-11-09 20:14:21,696 - nheads: 1
2022-11-09 20:14:21,696 - n_levels: 2
2022-11-09 20:14:21,696 - attn_dropout: 0.1
2022-11-09 20:14:21,696 - attn_dropout_v: 0.1
2022-11-09 20:14:21,696 - attn_dropout_a: 0.1
2022-11-09 20:14:21,696 - relu_dropout: 0.0
2022-11-09 20:14:21,696 - embed_dropout: 0.1
2022-11-09 20:14:21,696 - res_dropout: 0.1
2022-11-09 20:14:21,696 - output_dropout: 0.1
2022-11-09 20:14:21,696 - text_dropout: 0.1
2022-11-09 20:14:21,696 - grad_clip: 0.5
2022-11-09 20:14:21,696 - attn_mask: True
2022-11-09 20:14:21,696 - conv1d_kernel_size_l: 5
2022-11-09 20:14:21,696 - conv1d_kernel_size_v: 1
2022-11-09 20:14:21,696 - conv1d_kernel_size_a: 1
2022-11-09 20:14:21,696 - lr: 3e-05
2022-11-09 20:14:21,696 - common_hyper_param: {'common_param': {'padding_mode': 'zero', 'padding_loc': 'end', 'need_aligned': False, 'eval_monitor': 'f1', 'train_batch_size': 6, 'eval_batch_size': 6, 'test_batch_size': 4, 'wait_patience': 4}, 'hyper_param': {'num_train_epochs': 100, 'dst_feature_dims': 120, 'nheads': 1, 'n_levels': 2, 'attn_dropout': 0.1, 'attn_dropout_v': 0.1, 'attn_dropout_a': 0.1, 'relu_dropout': 0.0, 'embed_dropout': 0.1, 'res_dropout': 0.1, 'output_dropout': 0.1, 'text_dropout': 0.1, 'grad_clip': 0.5, 'attn_mask': True, 'conv1d_kernel_size_l': 5, 'conv1d_kernel_size_v': 1, 'conv1d_kernel_size_a': 1, 'lr': 3e-05}}
2022-11-09 20:14:21,696 - pred_output_path: outputs\mult_MIntRec_multi-class_2022-11-09-20-14-21
2022-11-09 20:14:21,696 - model_output_path: outputs\mult_MIntRec_multi-class_2022-11-09-20-14-21\models
2022-11-09 20:14:21,696 - ============================== End Params ==============================
2022-11-09 20:14:21,700 - Generate Text Features Begin...
2022-11-09 20:14:43,422 - Generate Text Features Finished...
2022-11-09 20:14:43,422 - Load Video Features Begin...
2022-11-09 20:14:43,852 - Load Video Features Finished...
2022-11-09 20:14:44,482 - Load Audio Features Begin...
2022-11-09 20:14:45,602 - Load Audio Features Finished...
2022-11-09 20:15:04,918 - Multimodal intent recognition begins...
2022-11-09 20:15:04,920 - Training begins...
2022-11-09 20:16:30,871 - ***** Epoch: 1: Eval results *****
2022-11-09 20:16:30,878 -   best_eval_score = 0.0
2022-11-09 20:16:30,878 -   eval_score = 0.5682
2022-11-09 20:16:30,878 -   train_loss = 1.7854
2022-11-09 20:17:31,348 - ***** Epoch: 2: Eval results *****
2022-11-09 20:17:31,350 -   best_eval_score = 0.5682
2022-11-09 20:17:31,350 -   eval_score = 0.6252
2022-11-09 20:17:31,350 -   train_loss = 0.6609
2022-11-09 20:18:32,460 - ***** Epoch: 3: Eval results *****
2022-11-09 20:18:32,460 -   best_eval_score = 0.6252
2022-11-09 20:18:32,460 -   eval_score = 0.6602
2022-11-09 20:18:32,460 -   train_loss = 0.2268
2022-11-09 20:19:28,148 - ***** Epoch: 4: Eval results *****
2022-11-09 20:19:28,148 -   best_eval_score = 0.6602
2022-11-09 20:19:28,148 -   eval_score = 0.6543
2022-11-09 20:19:28,148 -   train_loss = 0.0929
2022-11-09 20:19:28,148 - EarlyStopping counter: 1 out of 4
2022-11-09 20:20:11,494 - ***** Epoch: 5: Eval results *****
2022-11-09 20:20:11,494 -   best_eval_score = 0.6602
2022-11-09 20:20:11,494 -   eval_score = 0.6482
2022-11-09 20:20:11,494 -   train_loss = 0.0417
2022-11-09 20:20:11,494 - EarlyStopping counter: 2 out of 4
2022-11-09 20:21:00,924 - ***** Epoch: 6: Eval results *****
2022-11-09 20:21:00,924 -   best_eval_score = 0.6602
2022-11-09 20:21:00,924 -   eval_score = 0.6547
2022-11-09 20:21:00,924 -   train_loss = 0.0369
2022-11-09 20:21:00,924 - EarlyStopping counter: 3 out of 4
2022-11-09 20:21:58,998 - ***** Epoch: 7: Eval results *****
2022-11-09 20:21:58,998 -   best_eval_score = 0.6602
2022-11-09 20:21:58,998 -   eval_score = 0.6749
2022-11-09 20:21:58,998 -   train_loss = 0.0268
2022-11-09 20:23:03,462 - ***** Epoch: 8: Eval results *****
2022-11-09 20:23:03,462 -   best_eval_score = 0.6749
2022-11-09 20:23:03,462 -   eval_score = 0.6741
2022-11-09 20:23:03,472 -   train_loss = 0.0117
2022-11-09 20:23:03,472 - EarlyStopping counter: 1 out of 4
2022-11-09 20:23:54,651 - ***** Epoch: 9: Eval results *****
2022-11-09 20:23:54,652 -   best_eval_score = 0.6749
2022-11-09 20:23:54,652 -   eval_score = 0.6727
2022-11-09 20:23:54,652 -   train_loss = 0.0083
2022-11-09 20:23:54,652 - EarlyStopping counter: 2 out of 4
2022-11-09 20:24:45,087 - ***** Epoch: 10: Eval results *****
2022-11-09 20:24:45,087 -   best_eval_score = 0.6749
2022-11-09 20:24:45,089 -   eval_score = 0.673
2022-11-09 20:24:45,089 -   train_loss = 0.0074
2022-11-09 20:24:45,089 - EarlyStopping counter: 3 out of 4
2022-11-09 20:25:40,930 - ***** Epoch: 11: Eval results *****
2022-11-09 20:25:40,931 -   best_eval_score = 0.6749
2022-11-09 20:25:40,931 -   eval_score = 0.6698
2022-11-09 20:25:40,931 -   train_loss = 0.0062
2022-11-09 20:25:40,931 - EarlyStopping counter: 4 out of 4
2022-11-09 20:25:40,931 - EarlyStopping at epoch 11
2022-11-09 20:25:40,931 - Trained models are saved in outputs\mult_MIntRec_multi-class_2022-11-09-20-14-21\models
2022-11-09 20:25:41,982 - Training is finished...
2022-11-09 20:25:41,982 - Testing begins...
2022-11-09 20:25:49,192 - ***** Test: Confusion Matrix *****
2022-11-09 20:25:49,198 - [[38  1  0  0  8  0  1  1  1  2  1  0  3  1  0  0  0  0  0  0]
 [ 1 38  0  0  0  1  1  0  0  0  1  0  1  0  0  0  0  0  0  0]
 [ 1  0 26  0  0  0  0  0  0  0  0  0  0  0  0  0  0  0  0  0]
 [ 0  1  0 23  0  0  0  0  0  0  0  0  0  0  0  0  0  0  0  1]
 [ 5  0  0  0 12  0  1  0  0  0  0  1  1  1  1  0  0  1  0  0]
 [ 0  0  0  0  0 11  0  0  0  0  0  0  0  0  1  0  0  0  0  0]
 [ 2  0  0  0  4  0  1  1  2  0  0  0  1  0  1  0  0  0  0  0]
 [ 3  0  0  0  0  0  0  4  1  0  1  0  0  0  0  0  1  0  0  0]
 [ 1  0  0  0  0  0  0  2  5  0  0  0  0  1  0  1  0  0  0  0]
 [ 1  0  0  0  1  0  0  0  0  3  1  0  0  0  0  3  0  1  0  0]
 [ 0  1  0  0  0  0  2  0  0  1 12  0  0  1  0  0  1  0  0  0]
 [ 0  0  0  0  0  0  1  0  0  0  0 16  0  0  0  0  0  0  1  1]
 [ 3  1  0  0  1  0  1  2  0  0  0  0 38  1  4  2  3  1  0  0]
 [ 0  1  0  0  0  0  1  0  0  0  1  1  0 18  2  0  1  0  0  0]
 [ 0  0  0  0  0  0  0  0  1  0  0  0  1  1 16  0  1  0  0  2]
 [ 0  1  0  0  1  0  0  2  0  0  0  0  3  0  1 12  0  0  0  1]
 [ 1  0  0  0  0  0  0  0  0  0  0  0  2  0  1  0 13  0  0  0]
 [ 0  0  0  0  0  0  0  0  0  1  0  0  2  0  0  0  0 12  0  0]
 [ 0  0  0  0  0  0  0  0  0  0  0  0  0  0  0  1  0  0 11  0]
 [ 0  0  0  0  0  0  0  0  0  0  0  0  0  1  1  0  0  0  0  8]]
2022-11-09 20:25:49,200 - ***** Evaluation results *****
2022-11-09 20:25:49,201 -   acc = 0.7124
2022-11-09 20:25:49,201 -   f1 = 0.6758
2022-11-09 20:25:49,201 -   prec = 0.6753
2022-11-09 20:25:49,201 -   rec = 0.6815
2022-11-09 20:25:49,201 - Testing is finished...
2022-11-09 20:25:49,201 - Multimodal intent recognition is finished...
2022-11-09 20:25:49,202 - Results are saved in results\mult_bert.csv
