2022-11-18 20:05:24,644 - ============================== Params ==============================
2022-11-18 20:05:24,644 - logger_name: mult_MIntRec_multi-class_2022-11-18-20-05-24
2022-11-18 20:05:24,644 - dataset: MIntRec
2022-11-18 20:05:24,644 - data_mode: multi-class
2022-11-18 20:05:24,644 - method: mult
2022-11-18 20:05:24,644 - text_backbone: bert-base-uncased
2022-11-18 20:05:24,644 - seed: 0
2022-11-18 20:05:24,644 - num_workers: 0
2022-11-18 20:05:24,644 - gpu_id: 0
2022-11-18 20:05:24,644 - data_path: MIA-datasets
2022-11-18 20:05:24,644 - train: True
2022-11-18 20:05:24,644 - tune: False
2022-11-18 20:05:24,644 - save_model: True
2022-11-18 20:05:24,645 - save_results: True
2022-11-18 20:05:24,645 - log_path: logs
2022-11-18 20:05:24,645 - cache_path: cache
2022-11-18 20:05:24,645 - video_data_path: video_data
2022-11-18 20:05:24,645 - audio_data_path: audio_data
2022-11-18 20:05:24,645 - video_feats_path: video_feats.pkl
2022-11-18 20:05:24,645 - audio_feats_path: audio_feats.pkl
2022-11-18 20:05:24,645 - results_path: results
2022-11-18 20:05:24,645 - output_path: outputs
2022-11-18 20:05:24,645 - model_path: models
2022-11-18 20:05:24,645 - config_file_name: mult_bert
2022-11-18 20:05:24,645 - results_file_name: mult_bert.csv
2022-11-18 20:05:24,645 - padding_mode: zero
2022-11-18 20:05:24,645 - padding_loc: end
2022-11-18 20:05:24,645 - need_aligned: False
2022-11-18 20:05:24,645 - eval_monitor: f1
2022-11-18 20:05:24,645 - train_batch_size: 6
2022-11-18 20:05:24,645 - eval_batch_size: 6
2022-11-18 20:05:24,645 - test_batch_size: 4
2022-11-18 20:05:24,645 - wait_patience: 4
2022-11-18 20:05:24,645 - num_train_epochs: 100
2022-11-18 20:05:24,645 - dst_feature_dims: 120
2022-11-18 20:05:24,645 - nheads: 1
2022-11-18 20:05:24,645 - n_levels: 2
2022-11-18 20:05:24,645 - attn_dropout: 0.1
2022-11-18 20:05:24,645 - attn_dropout_v: 0.1
2022-11-18 20:05:24,646 - attn_dropout_a: 0.1
2022-11-18 20:05:24,646 - relu_dropout: 0.0
2022-11-18 20:05:24,646 - embed_dropout: 0.1
2022-11-18 20:05:24,646 - res_dropout: 0.1
2022-11-18 20:05:24,646 - output_dropout: 0.1
2022-11-18 20:05:24,646 - text_dropout: 0.1
2022-11-18 20:05:24,646 - grad_clip: 0.5
2022-11-18 20:05:24,646 - attn_mask: True
2022-11-18 20:05:24,646 - conv1d_kernel_size_l: 5
2022-11-18 20:05:24,646 - conv1d_kernel_size_v: 1
2022-11-18 20:05:24,646 - conv1d_kernel_size_a: 1
2022-11-18 20:05:24,646 - lr: 3e-05
2022-11-18 20:05:24,646 - common_hyper_param: {'common_param': {'padding_mode': 'zero', 'padding_loc': 'end', 'need_aligned': False, 'eval_monitor': 'f1', 'train_batch_size': 6, 'eval_batch_size': 6, 'test_batch_size': 4, 'wait_patience': 4}, 'hyper_param': {'num_train_epochs': 100, 'dst_feature_dims': 120, 'nheads': 1, 'n_levels': 2, 'attn_dropout': 0.1, 'attn_dropout_v': 0.1, 'attn_dropout_a': 0.1, 'relu_dropout': 0.0, 'embed_dropout': 0.1, 'res_dropout': 0.1, 'output_dropout': 0.1, 'text_dropout': 0.1, 'grad_clip': 0.5, 'attn_mask': True, 'conv1d_kernel_size_l': 5, 'conv1d_kernel_size_v': 1, 'conv1d_kernel_size_a': 1, 'lr': 3e-05}}
2022-11-18 20:05:24,646 - pred_output_path: outputs\mult_MIntRec_multi-class_2022-11-18-20-05-24
2022-11-18 20:05:24,646 - model_output_path: outputs\mult_MIntRec_multi-class_2022-11-18-20-05-24\models
2022-11-18 20:05:24,646 - ============================== End Params ==============================
2022-11-18 20:05:24,649 - Generate Text Features Begin...
2022-11-18 20:05:42,969 - Generate Text Features Finished...
2022-11-18 20:05:42,976 - Load Video Features Begin...
2022-11-18 20:05:43,365 - Load Video Features Finished...
2022-11-18 20:05:43,755 - Load Audio Features Begin...
2022-11-18 20:05:44,493 - Load Audio Features Finished...
2022-11-18 20:05:59,776 - Multimodal intent recognition begins...
2022-11-18 20:05:59,778 - Training begins...
2022-11-18 20:06:49,325 - ***** Epoch: 1: Eval results *****
2022-11-18 20:06:49,328 -   best_eval_score = 0.0
2022-11-18 20:06:49,328 -   eval_score = 0.5621
2022-11-18 20:06:49,328 -   train_loss = 2.0638
2022-11-18 20:07:25,921 - ***** Epoch: 2: Eval results *****
2022-11-18 20:07:25,921 -   best_eval_score = 0.5621
2022-11-18 20:07:25,936 -   eval_score = 0.5908
2022-11-18 20:07:25,936 -   train_loss = 0.833
2022-11-18 20:08:01,282 - ***** Epoch: 3: Eval results *****
2022-11-18 20:08:01,283 -   best_eval_score = 0.5908
2022-11-18 20:08:01,283 -   eval_score = 0.6351
2022-11-18 20:08:01,283 -   train_loss = 0.3158
2022-11-18 20:08:37,487 - ***** Epoch: 4: Eval results *****
2022-11-18 20:08:37,487 -   best_eval_score = 0.6351
2022-11-18 20:08:37,487 -   eval_score = 0.6468
2022-11-18 20:08:37,487 -   train_loss = 0.102
2022-11-18 20:09:15,259 - ***** Epoch: 5: Eval results *****
2022-11-18 20:09:15,259 -   best_eval_score = 0.6468
2022-11-18 20:09:15,259 -   eval_score = 0.6656
2022-11-18 20:09:15,259 -   train_loss = 0.0383
2022-11-18 20:09:55,571 - ***** Epoch: 6: Eval results *****
2022-11-18 20:09:55,571 -   best_eval_score = 0.6656
2022-11-18 20:09:55,571 -   eval_score = 0.6533
2022-11-18 20:09:55,571 -   train_loss = 0.0228
2022-11-18 20:09:55,571 - EarlyStopping counter: 1 out of 4
2022-11-18 20:10:32,685 - ***** Epoch: 7: Eval results *****
2022-11-18 20:10:32,685 -   best_eval_score = 0.6656
2022-11-18 20:10:32,685 -   eval_score = 0.6527
2022-11-18 20:10:32,685 -   train_loss = 0.015
2022-11-18 20:10:32,685 - EarlyStopping counter: 2 out of 4
2022-11-18 20:11:07,033 - ***** Epoch: 8: Eval results *****
2022-11-18 20:11:07,033 -   best_eval_score = 0.6656
2022-11-18 20:11:07,033 -   eval_score = 0.6562
2022-11-18 20:11:07,033 -   train_loss = 0.011
2022-11-18 20:11:07,033 - EarlyStopping counter: 3 out of 4
2022-11-18 20:11:47,004 - ***** Epoch: 9: Eval results *****
2022-11-18 20:11:47,004 -   best_eval_score = 0.6656
2022-11-18 20:11:47,004 -   eval_score = 0.6562
2022-11-18 20:11:47,004 -   train_loss = 0.0098
2022-11-18 20:11:47,004 - EarlyStopping counter: 4 out of 4
2022-11-18 20:11:47,004 - EarlyStopping at epoch 9
2022-11-18 20:11:47,004 - Trained models are saved in outputs\mult_MIntRec_multi-class_2022-11-18-20-05-24\models
2022-11-18 20:11:47,801 - Training is finished...
2022-11-18 20:11:47,801 - Testing begins...
2022-11-18 20:11:54,082 - ***** Test: Confusion Matrix *****
2022-11-18 20:11:54,097 - [[38  2  0  0  5  0  1  1  1  2  1  0  5  1  0  0  0  0  0  0]
 [ 0 35  0  1  0  3  1  0  0  0  0  0  2  0  1  0  0  0  0  0]
 [ 1  0 25  0  0  0  0  0  0  0  0  0  1  0  0  0  0  0  0  0]
 [ 0  1  0 24  0  0  0  0  0  0  0  0  0  0  0  0  0  0  0  0]
 [ 3  0  0  0 11  0  4  0  0  0  0  1  3  1  0  0  0  0  0  0]
 [ 0  0  0  0  0 11  0  0  0  0  0  0  1  0  0  0  0  0  0  0]
 [ 1  0  0  0  1  0  4  1  3  0  0  0  1  0  0  0  1  0  0  0]
 [ 3  0  0  0  0  0  1  4  0  2  0  0  0  0  0  0  0  0  0  0]
 [ 1  0  0  0  0  0  0  4  2  0  0  0  0  2  0  1  0  0  0  0]
 [ 1  0  0  0  1  0  0  0  0  3  1  0  0  0  0  3  0  1  0  0]
 [ 2  0  0  0  0  0  1  0  0  2 12  0  0  0  1  0  0  0  0  0]
 [ 0  0  0  0  0  0  1  0  0  0  0 16  0  0  0  0  0  0  0  2]
 [ 3  0  0  0  0  0  1  1  1  0  0  0 46  2  1  1  1  0  0  0]
 [ 0  0  0  0  0  0  1  0  0  0  1  1  1 19  1  0  0  0  0  1]
 [ 0  0  0  0  0  0  0  0  0  0  0  0  2  2 16  0  1  0  0  1]
 [ 0  0  0  0  0  0  0  1  0  0  0  0  5  0  1 14  0  0  0  0]
 [ 1  0  0  0  0  0  0  1  0  0  0  0  1  0  2  0 12  0  0  0]
 [ 0  0  0  0  0  0  0  0  0  1  0  0  4  0  0  0  0 10  0  0]
 [ 0  0  0  0  0  0  0  0  0  0  0  0  3  0  0  1  0  0  8  0]
 [ 0  0  0  0  0  0  0  0  0  0  0  0  0  1  2  0  0  0  0  7]]
2022-11-18 20:11:54,097 - ***** Evaluation results *****
2022-11-18 20:11:54,097 -   acc = 0.7124
2022-11-18 20:11:54,097 -   f1 = 0.6694
2022-11-18 20:11:54,097 -   prec = 0.6904
2022-11-18 20:11:54,097 -   rec = 0.6602
2022-11-18 20:11:54,097 - Testing is finished...
2022-11-18 20:11:54,097 - Multimodal intent recognition is finished...
2022-11-18 20:11:54,097 - Results are saved in results\mult_bert.csv
