2022-11-09 20:45:31,330 - ============================== Params ==============================
2022-11-09 20:45:31,330 - logger_name: mult_MIntRec_binary-class_2022-11-09-20-45-31
2022-11-09 20:45:31,330 - dataset: MIntRec
2022-11-09 20:45:31,330 - data_mode: binary-class
2022-11-09 20:45:31,330 - method: mult
2022-11-09 20:45:31,330 - text_backbone: bert-base-uncased
2022-11-09 20:45:31,330 - seed: 0
2022-11-09 20:45:31,330 - num_workers: 0
2022-11-09 20:45:31,330 - gpu_id: 0
2022-11-09 20:45:31,330 - data_path: MIA-datasets
2022-11-09 20:45:31,330 - train: True
2022-11-09 20:45:31,330 - tune: False
2022-11-09 20:45:31,330 - save_model: True
2022-11-09 20:45:31,331 - save_results: True
2022-11-09 20:45:31,331 - log_path: logs
2022-11-09 20:45:31,331 - cache_path: cache
2022-11-09 20:45:31,331 - video_data_path: video_data
2022-11-09 20:45:31,331 - audio_data_path: audio_data
2022-11-09 20:45:31,331 - video_feats_path: video_feats.pkl
2022-11-09 20:45:31,331 - audio_feats_path: audio_feats.pkl
2022-11-09 20:45:31,331 - results_path: results
2022-11-09 20:45:31,331 - output_path: outputs
2022-11-09 20:45:31,331 - model_path: models
2022-11-09 20:45:31,331 - config_file_name: mult_bert_bi
2022-11-09 20:45:31,331 - results_file_name: misa_bert_bi.csv
2022-11-09 20:45:31,331 - padding_mode: zero
2022-11-09 20:45:31,331 - padding_loc: end
2022-11-09 20:45:31,331 - need_aligned: False
2022-11-09 20:45:31,331 - eval_monitor: f1
2022-11-09 20:45:31,331 - train_batch_size: 16
2022-11-09 20:45:31,331 - eval_batch_size: 8
2022-11-09 20:45:31,331 - test_batch_size: 8
2022-11-09 20:45:31,331 - wait_patience: 4
2022-11-09 20:45:31,331 - num_train_epochs: 100
2022-11-09 20:45:31,331 - dst_feature_dims: 120
2022-11-09 20:45:31,331 - nheads: 1
2022-11-09 20:45:31,331 - n_levels: 2
2022-11-09 20:45:31,331 - attn_dropout: 0.1
2022-11-09 20:45:31,331 - attn_dropout_v: 0.1
2022-11-09 20:45:31,331 - attn_dropout_a: 0.1
2022-11-09 20:45:31,331 - relu_dropout: 0.1
2022-11-09 20:45:31,331 - embed_dropout: 0.1
2022-11-09 20:45:31,331 - res_dropout: 0.1
2022-11-09 20:45:31,331 - output_dropout: 0.1
2022-11-09 20:45:31,331 - text_dropout: 0.1
2022-11-09 20:45:31,331 - grad_clip: 0.4
2022-11-09 20:45:31,331 - attn_mask: True
2022-11-09 20:45:31,331 - conv1d_kernel_size_l: 5
2022-11-09 20:45:31,331 - conv1d_kernel_size_v: 1
2022-11-09 20:45:31,331 - conv1d_kernel_size_a: 2
2022-11-09 20:45:31,331 - lr: 1e-05
2022-11-09 20:45:31,331 - common_hyper_param: {'common_param': {'padding_mode': 'zero', 'padding_loc': 'end', 'need_aligned': False, 'eval_monitor': 'f1', 'train_batch_size': 16, 'eval_batch_size': 8, 'test_batch_size': 8, 'wait_patience': 4}, 'hyper_param': {'num_train_epochs': 100, 'dst_feature_dims': 120, 'nheads': 1, 'n_levels': 2, 'attn_dropout': 0.1, 'attn_dropout_v': 0.1, 'attn_dropout_a': 0.1, 'relu_dropout': 0.1, 'embed_dropout': 0.1, 'res_dropout': 0.1, 'output_dropout': 0.1, 'text_dropout': 0.1, 'grad_clip': 0.4, 'attn_mask': True, 'conv1d_kernel_size_l': 5, 'conv1d_kernel_size_v': 1, 'conv1d_kernel_size_a': 2, 'lr': 1e-05}}
2022-11-09 20:45:31,331 - pred_output_path: outputs\mult_MIntRec_binary-class_2022-11-09-20-45-31
2022-11-09 20:45:31,331 - model_output_path: outputs\mult_MIntRec_binary-class_2022-11-09-20-45-31\models
2022-11-09 20:45:31,331 - ============================== End Params ==============================
2022-11-09 20:45:31,335 - Generate Text Features Begin...
2022-11-09 20:45:49,916 - Generate Text Features Finished...
2022-11-09 20:45:49,916 - Load Video Features Begin...
2022-11-09 20:45:50,314 - Load Video Features Finished...
2022-11-09 20:45:50,698 - Load Audio Features Begin...
2022-11-09 20:45:51,427 - Load Audio Features Finished...
2022-11-09 20:46:09,830 - Multimodal intent recognition begins...
2022-11-09 20:46:09,846 - Training begins...
2022-11-09 20:46:55,365 - ***** Epoch: 1: Eval results *****
2022-11-09 20:46:55,368 -   best_eval_score = 0.0
2022-11-09 20:46:55,368 -   eval_score = 0.8923
2022-11-09 20:46:55,368 -   train_loss = 0.4882
2022-11-09 20:47:25,243 - ***** Epoch: 2: Eval results *****
2022-11-09 20:47:25,243 -   best_eval_score = 0.8923
2022-11-09 20:47:25,243 -   eval_score = 0.9088
2022-11-09 20:47:25,243 -   train_loss = 0.2091
2022-11-09 20:47:53,459 - ***** Epoch: 3: Eval results *****
2022-11-09 20:47:53,460 -   best_eval_score = 0.9088
2022-11-09 20:47:53,460 -   eval_score = 0.896
2022-11-09 20:47:53,460 -   train_loss = 0.1058
2022-11-09 20:47:53,460 - EarlyStopping counter: 1 out of 4
2022-11-09 20:48:22,918 - ***** Epoch: 4: Eval results *****
2022-11-09 20:48:22,919 -   best_eval_score = 0.9088
2022-11-09 20:48:22,919 -   eval_score = 0.899
2022-11-09 20:48:22,919 -   train_loss = 0.0296
2022-11-09 20:48:22,919 - EarlyStopping counter: 2 out of 4
2022-11-09 20:48:50,792 - ***** Epoch: 5: Eval results *****
2022-11-09 20:48:50,792 -   best_eval_score = 0.9088
2022-11-09 20:48:50,792 -   eval_score = 0.8998
2022-11-09 20:48:50,792 -   train_loss = 0.0199
2022-11-09 20:48:50,792 - EarlyStopping counter: 3 out of 4
2022-11-09 20:49:18,757 - ***** Epoch: 6: Eval results *****
2022-11-09 20:49:18,757 -   best_eval_score = 0.9088
2022-11-09 20:49:18,757 -   eval_score = 0.9012
2022-11-09 20:49:18,757 -   train_loss = 0.017
2022-11-09 20:49:18,757 - EarlyStopping counter: 4 out of 4
2022-11-09 20:49:18,757 - EarlyStopping at epoch 6
2022-11-09 20:49:18,757 - Trained models are saved in outputs\mult_MIntRec_binary-class_2022-11-09-20-45-31\models
2022-11-09 20:49:19,566 - Training is finished...
2022-11-09 20:49:19,566 - Testing begins...
2022-11-09 20:49:23,500 - ***** Test: Confusion Matrix *****
2022-11-09 20:49:23,503 - [[222  26]
 [ 29 168]]
2022-11-09 20:49:23,503 - ***** Evaluation results *****
2022-11-09 20:49:23,503 -   acc = 0.8764
2022-11-09 20:49:23,503 -   f1 = 0.8746
2022-11-09 20:49:23,503 -   prec = 0.8752
2022-11-09 20:49:23,503 -   rec = 0.874
2022-11-09 20:49:23,504 - Testing is finished...
2022-11-09 20:49:23,504 - Multimodal intent recognition is finished...
2022-11-09 20:49:23,504 - Results are saved in results\misa_bert_bi.csv
