2022-11-18 20:13:15,581 - ============================== Params ==============================
2022-11-18 20:13:15,581 - logger_name: mult_MIntRec_multi-class_2022-11-18-20-13-15
2022-11-18 20:13:15,582 - dataset: MIntRec
2022-11-18 20:13:15,582 - data_mode: multi-class
2022-11-18 20:13:15,582 - method: mult
2022-11-18 20:13:15,582 - text_backbone: bert-base-uncased
2022-11-18 20:13:15,582 - seed: 0
2022-11-18 20:13:15,582 - num_workers: 0
2022-11-18 20:13:15,582 - gpu_id: 0
2022-11-18 20:13:15,582 - data_path: MIA-datasets
2022-11-18 20:13:15,582 - train: True
2022-11-18 20:13:15,582 - tune: False
2022-11-18 20:13:15,582 - save_model: True
2022-11-18 20:13:15,582 - save_results: True
2022-11-18 20:13:15,582 - log_path: logs
2022-11-18 20:13:15,582 - cache_path: cache
2022-11-18 20:13:15,582 - video_data_path: video_data
2022-11-18 20:13:15,582 - audio_data_path: audio_data
2022-11-18 20:13:15,582 - video_feats_path: video_feats.pkl
2022-11-18 20:13:15,582 - audio_feats_path: audio_feats.pkl
2022-11-18 20:13:15,582 - results_path: results
2022-11-18 20:13:15,582 - output_path: outputs
2022-11-18 20:13:15,582 - model_path: models
2022-11-18 20:13:15,582 - config_file_name: mult_bert
2022-11-18 20:13:15,582 - results_file_name: mult_bert.csv
2022-11-18 20:13:15,582 - padding_mode: zero
2022-11-18 20:13:15,582 - padding_loc: end
2022-11-18 20:13:15,582 - need_aligned: False
2022-11-18 20:13:15,582 - eval_monitor: f1
2022-11-18 20:13:15,582 - train_batch_size: 6
2022-11-18 20:13:15,582 - eval_batch_size: 6
2022-11-18 20:13:15,582 - test_batch_size: 4
2022-11-18 20:13:15,582 - wait_patience: 4
2022-11-18 20:13:15,582 - num_train_epochs: 100
2022-11-18 20:13:15,582 - dst_feature_dims: 120
2022-11-18 20:13:15,582 - nheads: 1
2022-11-18 20:13:15,582 - n_levels: 2
2022-11-18 20:13:15,583 - attn_dropout: 0.1
2022-11-18 20:13:15,583 - attn_dropout_v: 0.1
2022-11-18 20:13:15,583 - attn_dropout_a: 0.1
2022-11-18 20:13:15,583 - relu_dropout: 0.0
2022-11-18 20:13:15,583 - embed_dropout: 0.1
2022-11-18 20:13:15,583 - res_dropout: 0.1
2022-11-18 20:13:15,583 - output_dropout: 0.1
2022-11-18 20:13:15,583 - text_dropout: 0.1
2022-11-18 20:13:15,583 - grad_clip: 0.5
2022-11-18 20:13:15,583 - attn_mask: True
2022-11-18 20:13:15,583 - conv1d_kernel_size_l: 5
2022-11-18 20:13:15,583 - conv1d_kernel_size_v: 1
2022-11-18 20:13:15,583 - conv1d_kernel_size_a: 1
2022-11-18 20:13:15,583 - lr: 3e-05
2022-11-18 20:13:15,583 - common_hyper_param: {'common_param': {'padding_mode': 'zero', 'padding_loc': 'end', 'need_aligned': False, 'eval_monitor': 'f1', 'train_batch_size': 6, 'eval_batch_size': 6, 'test_batch_size': 4, 'wait_patience': 4}, 'hyper_param': {'num_train_epochs': 100, 'dst_feature_dims': 120, 'nheads': 1, 'n_levels': 2, 'attn_dropout': 0.1, 'attn_dropout_v': 0.1, 'attn_dropout_a': 0.1, 'relu_dropout': 0.0, 'embed_dropout': 0.1, 'res_dropout': 0.1, 'output_dropout': 0.1, 'text_dropout': 0.1, 'grad_clip': 0.5, 'attn_mask': True, 'conv1d_kernel_size_l': 5, 'conv1d_kernel_size_v': 1, 'conv1d_kernel_size_a': 1, 'lr': 3e-05}}
2022-11-18 20:13:15,583 - pred_output_path: outputs\mult_MIntRec_multi-class_2022-11-18-20-13-15
2022-11-18 20:13:15,583 - model_output_path: outputs\mult_MIntRec_multi-class_2022-11-18-20-13-15\models
2022-11-18 20:13:15,583 - ============================== End Params ==============================
2022-11-18 20:13:15,586 - Generate Text Features Begin...
2022-11-18 20:13:32,278 - Generate Text Features Finished...
2022-11-18 20:13:32,278 - Load Video Features Begin...
2022-11-18 20:13:32,700 - Load Video Features Finished...
2022-11-18 20:13:33,231 - Load Audio Features Begin...
2022-11-18 20:13:34,278 - Load Audio Features Finished...
2022-11-18 20:13:51,143 - Multimodal intent recognition begins...
2022-11-18 20:13:51,158 - Training begins...
2022-11-18 20:14:43,315 - ***** Epoch: 1: Eval results *****
2022-11-18 20:14:43,315 -   best_eval_score = 0.0
2022-11-18 20:14:43,315 -   eval_score = 0.5709
2022-11-18 20:14:43,315 -   train_loss = 2.0042
2022-11-18 20:15:23,486 - ***** Epoch: 2: Eval results *****
2022-11-18 20:15:23,486 -   best_eval_score = 0.5709
2022-11-18 20:15:23,486 -   eval_score = 0.6235
2022-11-18 20:15:23,486 -   train_loss = 0.7873
2022-11-18 20:16:01,971 - ***** Epoch: 3: Eval results *****
2022-11-18 20:16:01,971 -   best_eval_score = 0.6235
2022-11-18 20:16:01,971 -   eval_score = 0.6499
2022-11-18 20:16:01,971 -   train_loss = 0.3037
2022-11-18 20:16:41,659 - ***** Epoch: 4: Eval results *****
2022-11-18 20:16:41,659 -   best_eval_score = 0.6499
2022-11-18 20:16:41,659 -   eval_score = 0.6747
2022-11-18 20:16:41,659 -   train_loss = 0.1079
2022-11-18 20:17:28,128 - ***** Epoch: 5: Eval results *****
2022-11-18 20:17:28,128 -   best_eval_score = 0.6747
2022-11-18 20:17:28,128 -   eval_score = 0.649
2022-11-18 20:17:28,128 -   train_loss = 0.0449
2022-11-18 20:17:28,128 - EarlyStopping counter: 1 out of 4
2022-11-18 20:18:11,515 - ***** Epoch: 6: Eval results *****
2022-11-18 20:18:11,515 -   best_eval_score = 0.6747
2022-11-18 20:18:11,515 -   eval_score = 0.6634
2022-11-18 20:18:11,515 -   train_loss = 0.0294
2022-11-18 20:18:11,515 - EarlyStopping counter: 2 out of 4
2022-11-18 20:18:55,026 - ***** Epoch: 7: Eval results *****
2022-11-18 20:18:55,026 -   best_eval_score = 0.6747
2022-11-18 20:18:55,026 -   eval_score = 0.657
2022-11-18 20:18:55,026 -   train_loss = 0.0144
2022-11-18 20:18:55,026 - EarlyStopping counter: 3 out of 4
2022-11-18 20:19:29,535 - ***** Epoch: 8: Eval results *****
2022-11-18 20:19:29,535 -   best_eval_score = 0.6747
2022-11-18 20:19:29,535 -   eval_score = 0.657
2022-11-18 20:19:29,535 -   train_loss = 0.0103
2022-11-18 20:19:29,535 - EarlyStopping counter: 4 out of 4
2022-11-18 20:19:29,535 - EarlyStopping at epoch 8
2022-11-18 20:19:29,535 - Trained models are saved in outputs\mult_MIntRec_multi-class_2022-11-18-20-13-15\models
2022-11-18 20:19:30,439 - Training is finished...
2022-11-18 20:19:30,440 - Testing begins...
2022-11-18 20:19:36,296 - ***** Test: Confusion Matrix *****
2022-11-18 20:19:36,300 - [[40  0  0  0  7  0  0  0  1  4  0  0  3  1  0  1  0  0  0  0]
 [ 0 36  0  1  0  2  0  0  0  0  1  0  2  0  1  0  0  0  0  0]
 [ 1  0 26  0  0  0  0  0  0  0  0  0  0  0  0  0  0  0  0  0]
 [ 0  0  0 25  0  0  0  0  0  0  0  0  0  0  0  0  0  0  0  0]
 [ 5  1  0  0 11  0  1  0  0  0  0  1  1  0  1  0  0  2  0  0]
 [ 0  0  0  0  0 12  0  0  0  0  0  0  0  0  0  0  0  0  0  0]
 [ 2  0  0  0  3  0  2  1  1  0  0  0  1  0  0  1  1  0  0  0]
 [ 3  0  0  0  0  0  1  4  0  2  0  0  0  0  0  0  0  0  0  0]
 [ 3  0  0  0  0  0  1  3  2  0  0  0  0  0  0  1  0  0  0  0]
 [ 1  0  0  0  0  0  0  0  0  3  1  0  0  1  0  3  0  1  0  0]
 [ 1  0  0  0  0  0  1  0  0  3 11  0  0  1  1  0  0  0  0  0]
 [ 0  0  0  0  0  0  1  0  0  0  0 16  1  0  0  0  0  0  1  0]
 [ 4  2  0  1  0  1  0  0  0  2  0  0 34  2  7  3  0  0  1  0]
 [ 1  0  0  0  0  1  0  0  0  0  2  1  2 16  1  1  0  0  0  0]
 [ 0  0  0  0  0  0  0  0  0  0  0  0  0  3 17  0  1  0  0  1]
 [ 0  0  0  0  0  0  0  0  0  0  0  0  2  0  2 17  0  0  0  0]
 [ 1  0  0  0  0  0  0  1  0  0  0  0  1  0  1  0 13  0  0  0]
 [ 0  0  0  0  0  0  0  0  0  1  0  0  0  0  0  0  0 14  0  0]
 [ 0  2  0  0  0  0  0  0  0  0  0  0  2  0  0  1  0  0  7  0]
 [ 1  0  0  0  0  0  0  0  0  0  0  1  0  1  2  0  0  0  0  5]]
2022-11-18 20:19:36,301 - ***** Evaluation results *****
2022-11-18 20:19:36,301 -   acc = 0.6989
2022-11-18 20:19:36,301 -   f1 = 0.6531
2022-11-18 20:19:36,301 -   prec = 0.6738
2022-11-18 20:19:36,302 -   rec = 0.655
2022-11-18 20:19:36,302 - Testing is finished...
2022-11-18 20:19:36,302 - Multimodal intent recognition is finished...
2022-11-18 20:19:36,302 - Results are saved in results\mult_bert.csv
