2022-11-09 20:12:28,352 - ============================== Params ==============================
2022-11-09 20:12:28,352 - logger_name: mult_MIntRec_multi-class_2022-11-09-20-12-28
2022-11-09 20:12:28,352 - dataset: MIntRec
2022-11-09 20:12:28,352 - data_mode: multi-class
2022-11-09 20:12:28,353 - method: mult
2022-11-09 20:12:28,353 - text_backbone: bert-base-uncased
2022-11-09 20:12:28,353 - seed: 0
2022-11-09 20:12:28,353 - num_workers: 0
2022-11-09 20:12:28,353 - gpu_id: 0
2022-11-09 20:12:28,353 - data_path: MIA-datasets
2022-11-09 20:12:28,353 - train: True
2022-11-09 20:12:28,353 - tune: False
2022-11-09 20:12:28,353 - save_model: True
2022-11-09 20:12:28,353 - save_results: True
2022-11-09 20:12:28,353 - log_path: logs
2022-11-09 20:12:28,353 - cache_path: cache
2022-11-09 20:12:28,353 - video_data_path: video_data
2022-11-09 20:12:28,353 - audio_data_path: audio_data
2022-11-09 20:12:28,353 - video_feats_path: video_feats.pkl
2022-11-09 20:12:28,353 - audio_feats_path: audio_feats.pkl
2022-11-09 20:12:28,353 - results_path: results
2022-11-09 20:12:28,353 - output_path: outputs
2022-11-09 20:12:28,353 - model_path: models
2022-11-09 20:12:28,353 - config_file_name: mult_bert
2022-11-09 20:12:28,353 - results_file_name: mult_bert.csv
2022-11-09 20:12:28,353 - padding_mode: zero
2022-11-09 20:12:28,353 - padding_loc: end
2022-11-09 20:12:28,353 - need_aligned: False
2022-11-09 20:12:28,353 - eval_monitor: f1
2022-11-09 20:12:28,353 - train_batch_size: 6
2022-11-09 20:12:28,353 - eval_batch_size: 6
2022-11-09 20:12:28,353 - test_batch_size: 4
2022-11-09 20:12:28,353 - wait_patience: 4
2022-11-09 20:12:28,353 - num_train_epochs: 100
2022-11-09 20:12:28,353 - dst_feature_dims: 120
2022-11-09 20:12:28,353 - nheads: 1
2022-11-09 20:12:28,353 - n_levels: 2
2022-11-09 20:12:28,353 - attn_dropout: 0.0
2022-11-09 20:12:28,353 - attn_dropout_v: 0.1
2022-11-09 20:12:28,353 - attn_dropout_a: 0.1
2022-11-09 20:12:28,353 - relu_dropout: 0.0
2022-11-09 20:12:28,353 - embed_dropout: 0.1
2022-11-09 20:12:28,353 - res_dropout: 0.0
2022-11-09 20:12:28,353 - output_dropout: 0.1
2022-11-09 20:12:28,353 - text_dropout: 0.1
2022-11-09 20:12:28,353 - grad_clip: 0.5
2022-11-09 20:12:28,353 - attn_mask: True
2022-11-09 20:12:28,353 - conv1d_kernel_size_l: 5
2022-11-09 20:12:28,353 - conv1d_kernel_size_v: 1
2022-11-09 20:12:28,354 - conv1d_kernel_size_a: 1
2022-11-09 20:12:28,354 - lr: 3e-05
2022-11-09 20:12:28,354 - common_hyper_param: {'common_param': {'padding_mode': 'zero', 'padding_loc': 'end', 'need_aligned': False, 'eval_monitor': 'f1', 'train_batch_size': 6, 'eval_batch_size': 6, 'test_batch_size': 4, 'wait_patience': 4}, 'hyper_param': {'num_train_epochs': 100, 'dst_feature_dims': 120, 'nheads': 1, 'n_levels': 2, 'attn_dropout': 0.0, 'attn_dropout_v': 0.1, 'attn_dropout_a': 0.1, 'relu_dropout': 0.0, 'embed_dropout': 0.1, 'res_dropout': 0.0, 'output_dropout': 0.1, 'text_dropout': 0.1, 'grad_clip': 0.5, 'attn_mask': True, 'conv1d_kernel_size_l': 5, 'conv1d_kernel_size_v': 1, 'conv1d_kernel_size_a': 1, 'lr': 3e-05}}
2022-11-09 20:12:28,354 - pred_output_path: outputs\mult_MIntRec_multi-class_2022-11-09-20-12-28
2022-11-09 20:12:28,354 - model_output_path: outputs\mult_MIntRec_multi-class_2022-11-09-20-12-28\models
2022-11-09 20:12:28,354 - ============================== End Params ==============================
2022-11-09 20:12:28,358 - Generate Text Features Begin...
2022-11-09 20:12:54,916 - Generate Text Features Finished...
2022-11-09 20:12:54,916 - Load Video Features Begin...
2022-11-09 20:12:55,326 - Load Video Features Finished...
2022-11-09 20:12:55,738 - Load Audio Features Begin...
2022-11-09 20:12:56,544 - Load Audio Features Finished...
2022-11-09 20:13:23,916 - Multimodal intent recognition begins...
2022-11-09 20:13:23,919 - Training begins...
