2022-11-18 20:19:51,672 - ============================== Params ==============================
2022-11-18 20:19:51,673 - logger_name: mult_MIntRec_multi-class_2022-11-18-20-19-51
2022-11-18 20:19:51,673 - dataset: MIntRec
2022-11-18 20:19:51,673 - data_mode: multi-class
2022-11-18 20:19:51,673 - method: mult
2022-11-18 20:19:51,673 - text_backbone: bert-base-uncased
2022-11-18 20:19:51,673 - seed: 0
2022-11-18 20:19:51,673 - num_workers: 0
2022-11-18 20:19:51,673 - gpu_id: 0
2022-11-18 20:19:51,673 - data_path: MIA-datasets
2022-11-18 20:19:51,673 - train: True
2022-11-18 20:19:51,673 - tune: False
2022-11-18 20:19:51,673 - save_model: True
2022-11-18 20:19:51,673 - save_results: True
2022-11-18 20:19:51,673 - log_path: logs
2022-11-18 20:19:51,673 - cache_path: cache
2022-11-18 20:19:51,673 - video_data_path: video_data
2022-11-18 20:19:51,673 - audio_data_path: audio_data
2022-11-18 20:19:51,673 - video_feats_path: video_feats.pkl
2022-11-18 20:19:51,673 - audio_feats_path: audio_feats.pkl
2022-11-18 20:19:51,673 - results_path: results
2022-11-18 20:19:51,673 - output_path: outputs
2022-11-18 20:19:51,673 - model_path: models
2022-11-18 20:19:51,673 - config_file_name: mult_bert
2022-11-18 20:19:51,673 - results_file_name: mult_bert.csv
2022-11-18 20:19:51,673 - padding_mode: zero
2022-11-18 20:19:51,673 - padding_loc: end
2022-11-18 20:19:51,673 - need_aligned: False
2022-11-18 20:19:51,674 - eval_monitor: f1
2022-11-18 20:19:51,674 - train_batch_size: 6
2022-11-18 20:19:51,674 - eval_batch_size: 6
2022-11-18 20:19:51,674 - test_batch_size: 4
2022-11-18 20:19:51,674 - wait_patience: 4
2022-11-18 20:19:51,674 - num_train_epochs: 100
2022-11-18 20:19:51,674 - dst_feature_dims: 120
2022-11-18 20:19:51,674 - nheads: 1
2022-11-18 20:19:51,674 - n_levels: 2
2022-11-18 20:19:51,674 - attn_dropout: 0.1
2022-11-18 20:19:51,674 - attn_dropout_v: 0.1
2022-11-18 20:19:51,674 - attn_dropout_a: 0.1
2022-11-18 20:19:51,674 - relu_dropout: 0.0
2022-11-18 20:19:51,674 - embed_dropout: 0.1
2022-11-18 20:19:51,674 - res_dropout: 0.1
2022-11-18 20:19:51,674 - output_dropout: 0.1
2022-11-18 20:19:51,674 - text_dropout: 0.1
2022-11-18 20:19:51,674 - grad_clip: 0.5
2022-11-18 20:19:51,674 - attn_mask: True
2022-11-18 20:19:51,674 - conv1d_kernel_size_l: 5
2022-11-18 20:19:51,674 - conv1d_kernel_size_v: 1
2022-11-18 20:19:51,674 - conv1d_kernel_size_a: 1
2022-11-18 20:19:51,674 - lr: 3e-05
2022-11-18 20:19:51,674 - common_hyper_param: {'common_param': {'padding_mode': 'zero', 'padding_loc': 'end', 'need_aligned': False, 'eval_monitor': 'f1', 'train_batch_size': 6, 'eval_batch_size': 6, 'test_batch_size': 4, 'wait_patience': 4}, 'hyper_param': {'num_train_epochs': 100, 'dst_feature_dims': 120, 'nheads': 1, 'n_levels': 2, 'attn_dropout': 0.1, 'attn_dropout_v': 0.1, 'attn_dropout_a': 0.1, 'relu_dropout': 0.0, 'embed_dropout': 0.1, 'res_dropout': 0.1, 'output_dropout': 0.1, 'text_dropout': 0.1, 'grad_clip': 0.5, 'attn_mask': True, 'conv1d_kernel_size_l': 5, 'conv1d_kernel_size_v': 1, 'conv1d_kernel_size_a': 1, 'lr': 3e-05}}
2022-11-18 20:19:51,674 - pred_output_path: outputs\mult_MIntRec_multi-class_2022-11-18-20-19-51
2022-11-18 20:19:51,674 - model_output_path: outputs\mult_MIntRec_multi-class_2022-11-18-20-19-51\models
2022-11-18 20:19:51,675 - ============================== End Params ==============================
2022-11-18 20:19:51,679 - Generate Text Features Begin...
2022-11-18 20:20:07,712 - Generate Text Features Finished...
2022-11-18 20:20:07,728 - Load Video Features Begin...
2022-11-18 20:20:07,994 - Load Video Features Finished...
2022-11-18 20:20:08,634 - Load Audio Features Begin...
2022-11-18 20:20:09,744 - Load Audio Features Finished...
2022-11-18 20:20:29,047 - Multimodal intent recognition begins...
2022-11-18 20:20:29,047 - Training begins...
2022-11-18 20:21:25,782 - ***** Epoch: 1: Eval results *****
2022-11-18 20:21:25,782 -   best_eval_score = 0.0
2022-11-18 20:21:25,782 -   eval_score = 0.5778
2022-11-18 20:21:25,782 -   train_loss = 1.8468
2022-11-18 20:22:10,310 - ***** Epoch: 2: Eval results *****
2022-11-18 20:22:10,310 -   best_eval_score = 0.5778
2022-11-18 20:22:10,310 -   eval_score = 0.6309
2022-11-18 20:22:10,310 -   train_loss = 0.7045
2022-11-18 20:22:54,348 - ***** Epoch: 3: Eval results *****
2022-11-18 20:22:54,348 -   best_eval_score = 0.6309
2022-11-18 20:22:54,348 -   eval_score = 0.6502
2022-11-18 20:22:54,348 -   train_loss = 0.2744
2022-11-18 20:23:42,176 - ***** Epoch: 4: Eval results *****
2022-11-18 20:23:42,176 -   best_eval_score = 0.6502
2022-11-18 20:23:42,176 -   eval_score = 0.6628
2022-11-18 20:23:42,176 -   train_loss = 0.1009
2022-11-18 20:24:32,785 - ***** Epoch: 5: Eval results *****
2022-11-18 20:24:32,785 -   best_eval_score = 0.6628
2022-11-18 20:24:32,785 -   eval_score = 0.6534
2022-11-18 20:24:32,785 -   train_loss = 0.0424
2022-11-18 20:24:32,785 - EarlyStopping counter: 1 out of 4
2022-11-18 20:25:20,133 - ***** Epoch: 6: Eval results *****
2022-11-18 20:25:20,133 -   best_eval_score = 0.6628
2022-11-18 20:25:20,133 -   eval_score = 0.6597
2022-11-18 20:25:20,133 -   train_loss = 0.0204
2022-11-18 20:25:20,133 - EarlyStopping counter: 2 out of 4
2022-11-18 20:26:03,872 - ***** Epoch: 7: Eval results *****
2022-11-18 20:26:03,872 -   best_eval_score = 0.6628
2022-11-18 20:26:03,872 -   eval_score = 0.6572
2022-11-18 20:26:03,872 -   train_loss = 0.0105
2022-11-18 20:26:03,872 - EarlyStopping counter: 3 out of 4
2022-11-18 20:26:51,747 - ***** Epoch: 8: Eval results *****
2022-11-18 20:26:51,747 -   best_eval_score = 0.6628
2022-11-18 20:26:51,747 -   eval_score = 0.6525
2022-11-18 20:26:51,747 -   train_loss = 0.0082
2022-11-18 20:26:51,747 - EarlyStopping counter: 4 out of 4
2022-11-18 20:26:51,747 - EarlyStopping at epoch 8
2022-11-18 20:26:51,747 - Trained models are saved in outputs\mult_MIntRec_multi-class_2022-11-18-20-19-51\models
2022-11-18 20:26:52,622 - Training is finished...
2022-11-18 20:26:52,622 - Testing begins...
2022-11-18 20:26:59,418 - ***** Test: Confusion Matrix *****
2022-11-18 20:26:59,418 - [[26  1  0  0 12  0  1  2  3  2  1  0  7  2  0  0  0  0  0  0]
 [ 0 36  0  0  0  2  2  1  0  0  0  0  2  0  0  0  0  0  0  0]
 [ 1  0 26  0  0  0  0  0  0  0  0  0  0  0  0  0  0  0  0  0]
 [ 0  0  0 25  0  0  0  0  0  0  0  0  0  0  0  0  0  0  0  0]
 [ 1  0  0  0 15  0  4  0  0  0  0  0  1  2  0  0  0  0  0  0]
 [ 0  0  0  0  0 11  0  0  0  0  0  0  1  0  0  0  0  0  0  0]
 [ 0  1  0  0  4  0  1  0  4  0  0  0  1  0  0  0  1  0  0  0]
 [ 2  0  0  0  0  1  1  5  1  0  0  0  0  0  0  0  0  0  0  0]
 [ 0  0  0  0  0  0  1  2  5  0  0  0  0  1  0  1  0  0  0  0]
 [ 1  0  0  0  0  0  0  0  1  3  1  0  0  0  0  3  0  1  0  0]
 [ 2  0  0  0  0  0  2  0  0  1 13  0  0  0  0  0  0  0  0  0]
 [ 0  0  0  0  0  1  1  0  0  0  0 16  0  0  0  0  0  0  1  0]
 [ 4  2  0  0  1  1  0  0  1  0  0  0 41  2  3  2  0  0  0  0]
 [ 0  0  0  0  0  0  0  0  0  0  1  1  1 20  1  1  0  0  0  0]
 [ 0  0  0  0  0  0  0  0  3  0  0  0  1  3 13  0  1  0  0  1]
 [ 0  0  0  0  0  0  0  1  1  0  0  0  1  1  0 17  0  0  0  0]
 [ 0  0  0  0  0  0  0  0  1  0  0  0  2  0  2  0 12  0  0  0]
 [ 0  0  0  0  1  0  0  0  1  1  1  0  2  0  1  0  0  8  0  0]
 [ 0  0  0  0  0  0  0  0  0  0  0  0  2  0  0  1  0  0  9  0]
 [ 1  0  0  0  0  0  0  0  0  0  0  0  0  1  1  0  0  0  0  7]]
2022-11-18 20:26:59,434 - ***** Evaluation results *****
2022-11-18 20:26:59,434 -   acc = 0.6944
2022-11-18 20:26:59,434 -   f1 = 0.6676
2022-11-18 20:26:59,434 -   prec = 0.6868
2022-11-18 20:26:59,434 -   rec = 0.6691
2022-11-18 20:26:59,434 - Testing is finished...
2022-11-18 20:26:59,434 - Multimodal intent recognition is finished...
2022-11-18 20:26:59,434 - Results are saved in results\mult_bert.csv
