2022-11-18 19:45:39,854 - ============================== Params ==============================
2022-11-18 19:45:39,854 - logger_name: mult_MIntRec_multi-class_2022-11-18-19-45-39
2022-11-18 19:45:39,854 - dataset: MIntRec
2022-11-18 19:45:39,854 - data_mode: multi-class
2022-11-18 19:45:39,854 - method: mult
2022-11-18 19:45:39,854 - text_backbone: bert-base-uncased
2022-11-18 19:45:39,854 - seed: 0
2022-11-18 19:45:39,854 - num_workers: 0
2022-11-18 19:45:39,854 - gpu_id: 0
2022-11-18 19:45:39,854 - data_path: MIA-datasets
2022-11-18 19:45:39,854 - train: True
2022-11-18 19:45:39,854 - tune: False
2022-11-18 19:45:39,854 - save_model: True
2022-11-18 19:45:39,855 - save_results: True
2022-11-18 19:45:39,855 - log_path: logs
2022-11-18 19:45:39,855 - cache_path: cache
2022-11-18 19:45:39,855 - video_data_path: video_data
2022-11-18 19:45:39,855 - audio_data_path: audio_data
2022-11-18 19:45:39,855 - video_feats_path: video_feats.pkl
2022-11-18 19:45:39,855 - audio_feats_path: audio_feats.pkl
2022-11-18 19:45:39,855 - results_path: results
2022-11-18 19:45:39,855 - output_path: outputs
2022-11-18 19:45:39,855 - model_path: models
2022-11-18 19:45:39,855 - config_file_name: mult_bert
2022-11-18 19:45:39,855 - results_file_name: mult_bert.csv
2022-11-18 19:45:39,855 - padding_mode: zero
2022-11-18 19:45:39,855 - padding_loc: end
2022-11-18 19:45:39,855 - need_aligned: False
2022-11-18 19:45:39,855 - eval_monitor: f1
2022-11-18 19:45:39,855 - train_batch_size: 6
2022-11-18 19:45:39,855 - eval_batch_size: 6
2022-11-18 19:45:39,855 - test_batch_size: 4
2022-11-18 19:45:39,855 - wait_patience: 4
2022-11-18 19:45:39,855 - num_train_epochs: 100
2022-11-18 19:45:39,855 - dst_feature_dims: 120
2022-11-18 19:45:39,855 - nheads: 1
2022-11-18 19:45:39,855 - n_levels: 2
2022-11-18 19:45:39,855 - attn_dropout: 0.1
2022-11-18 19:45:39,855 - attn_dropout_v: 0.1
2022-11-18 19:45:39,855 - attn_dropout_a: 0.1
2022-11-18 19:45:39,855 - relu_dropout: 0.0
2022-11-18 19:45:39,855 - embed_dropout: 0.1
2022-11-18 19:45:39,855 - res_dropout: 0.1
2022-11-18 19:45:39,855 - output_dropout: 0.1
2022-11-18 19:45:39,855 - text_dropout: 0.1
2022-11-18 19:45:39,855 - grad_clip: 0.5
2022-11-18 19:45:39,856 - attn_mask: True
2022-11-18 19:45:39,856 - conv1d_kernel_size_l: 5
2022-11-18 19:45:39,856 - conv1d_kernel_size_v: 1
2022-11-18 19:45:39,856 - conv1d_kernel_size_a: 1
2022-11-18 19:45:39,856 - lr: 3e-05
2022-11-18 19:45:39,856 - common_hyper_param: {'common_param': {'padding_mode': 'zero', 'padding_loc': 'end', 'need_aligned': False, 'eval_monitor': 'f1', 'train_batch_size': 6, 'eval_batch_size': 6, 'test_batch_size': 4, 'wait_patience': 4}, 'hyper_param': {'num_train_epochs': 100, 'dst_feature_dims': 120, 'nheads': 1, 'n_levels': 2, 'attn_dropout': 0.1, 'attn_dropout_v': 0.1, 'attn_dropout_a': 0.1, 'relu_dropout': 0.0, 'embed_dropout': 0.1, 'res_dropout': 0.1, 'output_dropout': 0.1, 'text_dropout': 0.1, 'grad_clip': 0.5, 'attn_mask': True, 'conv1d_kernel_size_l': 5, 'conv1d_kernel_size_v': 1, 'conv1d_kernel_size_a': 1, 'lr': 3e-05}}
2022-11-18 19:45:39,856 - pred_output_path: outputs\mult_MIntRec_multi-class_2022-11-18-19-45-39
2022-11-18 19:45:39,856 - model_output_path: outputs\mult_MIntRec_multi-class_2022-11-18-19-45-39\models
2022-11-18 19:45:39,856 - ============================== End Params ==============================
2022-11-18 19:45:39,859 - Generate Text Features Begin...
2022-11-18 19:45:55,990 - Generate Text Features Finished...
2022-11-18 19:45:55,990 - Load Video Features Begin...
2022-11-18 19:45:56,412 - Load Video Features Finished...
2022-11-18 19:45:56,974 - Load Audio Features Begin...
2022-11-18 19:45:58,037 - Load Audio Features Finished...
2022-11-18 19:46:12,413 - Multimodal intent recognition begins...
2022-11-18 19:46:12,413 - Training begins...
2022-11-18 19:46:46,225 - ***** Epoch: 1: Eval results *****
2022-11-18 19:46:46,225 -   best_eval_score = 0.0
2022-11-18 19:46:46,225 -   eval_score = 0.4208
2022-11-18 19:46:46,225 -   train_loss = 2.3244
2022-11-18 19:47:10,834 - ***** Epoch: 2: Eval results *****
2022-11-18 19:47:10,834 -   best_eval_score = 0.4208
2022-11-18 19:47:10,834 -   eval_score = 0.5775
2022-11-18 19:47:10,834 -   train_loss = 1.0253
2022-11-18 19:47:36,038 - ***** Epoch: 3: Eval results *****
2022-11-18 19:47:36,038 -   best_eval_score = 0.5775
2022-11-18 19:47:36,038 -   eval_score = 0.5986
2022-11-18 19:47:36,038 -   train_loss = 0.4281
2022-11-18 19:48:00,505 - ***** Epoch: 4: Eval results *****
2022-11-18 19:48:00,505 -   best_eval_score = 0.5986
2022-11-18 19:48:00,505 -   eval_score = 0.6299
2022-11-18 19:48:00,505 -   train_loss = 0.1642
2022-11-18 19:48:24,895 - ***** Epoch: 5: Eval results *****
2022-11-18 19:48:24,895 -   best_eval_score = 0.6299
2022-11-18 19:48:24,895 -   eval_score = 0.6334
2022-11-18 19:48:24,895 -   train_loss = 0.0728
2022-11-18 19:48:49,240 - ***** Epoch: 6: Eval results *****
2022-11-18 19:48:49,240 -   best_eval_score = 0.6334
2022-11-18 19:48:49,240 -   eval_score = 0.6344
2022-11-18 19:48:49,240 -   train_loss = 0.0406
2022-11-18 19:49:14,324 - ***** Epoch: 7: Eval results *****
2022-11-18 19:49:14,324 -   best_eval_score = 0.6344
2022-11-18 19:49:14,324 -   eval_score = 0.6365
2022-11-18 19:49:14,324 -   train_loss = 0.027
2022-11-18 19:49:39,808 - ***** Epoch: 8: Eval results *****
2022-11-18 19:49:39,808 -   best_eval_score = 0.6365
2022-11-18 19:49:39,808 -   eval_score = 0.6432
2022-11-18 19:49:39,808 -   train_loss = 0.02
2022-11-18 19:50:03,418 - ***** Epoch: 9: Eval results *****
2022-11-18 19:50:03,418 -   best_eval_score = 0.6432
2022-11-18 19:50:03,418 -   eval_score = 0.6336
2022-11-18 19:50:03,418 -   train_loss = 0.0233
2022-11-18 19:50:03,418 - EarlyStopping counter: 1 out of 4
2022-11-18 19:50:27,437 - ***** Epoch: 10: Eval results *****
2022-11-18 19:50:27,437 -   best_eval_score = 0.6432
2022-11-18 19:50:27,437 -   eval_score = 0.6342
2022-11-18 19:50:27,437 -   train_loss = 0.017
2022-11-18 19:50:27,437 - EarlyStopping counter: 2 out of 4
2022-11-18 19:50:51,577 - ***** Epoch: 11: Eval results *****
2022-11-18 19:50:51,577 -   best_eval_score = 0.6432
2022-11-18 19:50:51,577 -   eval_score = 0.6285
2022-11-18 19:50:51,577 -   train_loss = 0.0167
2022-11-18 19:50:51,577 - EarlyStopping counter: 3 out of 4
2022-11-18 19:51:15,265 - ***** Epoch: 12: Eval results *****
2022-11-18 19:51:15,265 -   best_eval_score = 0.6432
2022-11-18 19:51:15,265 -   eval_score = 0.6271
2022-11-18 19:51:15,265 -   train_loss = 0.0161
2022-11-18 19:51:15,265 - EarlyStopping counter: 4 out of 4
2022-11-18 19:51:15,265 - EarlyStopping at epoch 12
2022-11-18 19:51:15,265 - Trained models are saved in outputs\mult_MIntRec_multi-class_2022-11-18-19-45-39\models
2022-11-18 19:51:15,999 - Training is finished...
2022-11-18 19:51:15,999 - Testing begins...
2022-11-18 19:51:21,359 - ***** Test: Confusion Matrix *****
2022-11-18 19:51:21,359 - [[37  1  0  0  5  0  2  2  1  3  1  0  4  1  0  0  0  0  0  0]
 [ 1 37  0  1  0  0  1  0  0  0  1  0  2  0  0  0  0  0  0  0]
 [ 1  0 26  0  0  0  0  0  0  0  0  0  0  0  0  0  0  0  0  0]
 [ 0  0  0 24  0  0  0  0  0  0  0  0  0  1  0  0  0  0  0  0]
 [ 4  0  0  0 12  0  2  0  1  1  0  1  1  1  0  0  0  0  0  0]
 [ 0  0  0  0  0 10  0  0  0  0  1  0  1  0  0  0  0  0  0  0]
 [ 3  0  0  0  3  0  2  0  1  0  0  0  2  0  0  0  1  0  0  0]
 [ 3  0  0  0  0  0  1  4  1  1  0  0  0  0  0  0  0  0  0  0]
 [ 1  1  0  0  0  0  1  1  1  0  0  0  0  2  0  3  0  0  0  0]
 [ 2  0  0  0  1  0  0  0  0  2  0  0  0  0  0  3  1  1  0  0]
 [ 2  0  0  0  0  0  1  0  0  2 12  0  0  1  0  0  0  0  0  0]
 [ 0  0  0  0  0  0  1  0  0  0  0 16  0  0  0  0  0  0  1  1]
 [ 3  1  0  0  0  0  1  0  0  0  0  0 43  0  4  1  2  0  2  0]
 [ 0  1  0  0  0  0  2  0  0  0  1  1  0 20  0  0  0  0  0  0]
 [ 0  0  1  0  0  0  0  0  1  0  0  0  3  1 15  0  1  0  0  0]
 [ 0  1  0  0  0  0  0  0  0  0  0  0  6  0  1 13  0  0  0  0]
 [ 0  0  0  0  0  0  0  1  0  0  0  0  2  0  2  0 12  0  0  0]
 [ 0  0  0  0  0  0  0  0  0  2  0  0  2  0  1  0  0 10  0  0]
 [ 0  1  0  0  0  0  0  0  0  0  0  0  2  0  0  1  0  0  8  0]
 [ 0  0  0  0  0  0  0  0  0  0  0  2  0  1  2  0  1  0  0  4]]
2022-11-18 19:51:21,359 - ***** Evaluation results *****
2022-11-18 19:51:21,359 -   acc = 0.6921
2022-11-18 19:51:21,359 -   f1 = 0.6356
2022-11-18 19:51:21,359 -   prec = 0.6607
2022-11-18 19:51:21,359 -   rec = 0.6229
2022-11-18 19:51:21,359 - Testing is finished...
2022-11-18 19:51:21,359 - Multimodal intent recognition is finished...
2022-11-18 19:51:21,359 - Results are saved in results\mult_bert.csv
