2022-11-18 20:28:12,074 - ============================== Params ==============================
2022-11-18 20:28:12,074 - logger_name: mult_MIntRec_multi-class_2022-11-18-20-28-12
2022-11-18 20:28:12,074 - dataset: MIntRec
2022-11-18 20:28:12,074 - data_mode: multi-class
2022-11-18 20:28:12,074 - method: mult
2022-11-18 20:28:12,074 - text_backbone: bert-base-uncased
2022-11-18 20:28:12,074 - seed: 0
2022-11-18 20:28:12,074 - num_workers: 0
2022-11-18 20:28:12,074 - gpu_id: 0
2022-11-18 20:28:12,074 - data_path: MIA-datasets
2022-11-18 20:28:12,074 - train: True
2022-11-18 20:28:12,075 - tune: False
2022-11-18 20:28:12,075 - save_model: True
2022-11-18 20:28:12,075 - save_results: True
2022-11-18 20:28:12,075 - log_path: logs
2022-11-18 20:28:12,075 - cache_path: cache
2022-11-18 20:28:12,075 - video_data_path: video_data
2022-11-18 20:28:12,075 - audio_data_path: audio_data
2022-11-18 20:28:12,075 - video_feats_path: video_feats.pkl
2022-11-18 20:28:12,075 - audio_feats_path: audio_feats.pkl
2022-11-18 20:28:12,075 - results_path: results
2022-11-18 20:28:12,075 - output_path: outputs
2022-11-18 20:28:12,075 - model_path: models
2022-11-18 20:28:12,075 - config_file_name: mult_bert
2022-11-18 20:28:12,075 - results_file_name: mult_bert.csv
2022-11-18 20:28:12,075 - padding_mode: zero
2022-11-18 20:28:12,075 - padding_loc: end
2022-11-18 20:28:12,075 - need_aligned: False
2022-11-18 20:28:12,075 - eval_monitor: f1
2022-11-18 20:28:12,075 - train_batch_size: 6
2022-11-18 20:28:12,075 - eval_batch_size: 6
2022-11-18 20:28:12,075 - test_batch_size: 4
2022-11-18 20:28:12,075 - wait_patience: 4
2022-11-18 20:28:12,075 - num_train_epochs: 100
2022-11-18 20:28:12,075 - dst_feature_dims: 120
2022-11-18 20:28:12,075 - nheads: 1
2022-11-18 20:28:12,075 - n_levels: 2
2022-11-18 20:28:12,075 - attn_dropout: 0.1
2022-11-18 20:28:12,075 - attn_dropout_v: 0.1
2022-11-18 20:28:12,075 - attn_dropout_a: 0.1
2022-11-18 20:28:12,075 - relu_dropout: 0.0
2022-11-18 20:28:12,075 - embed_dropout: 0.1
2022-11-18 20:28:12,075 - res_dropout: 0.1
2022-11-18 20:28:12,075 - output_dropout: 0.1
2022-11-18 20:28:12,075 - text_dropout: 0.1
2022-11-18 20:28:12,075 - grad_clip: 0.5
2022-11-18 20:28:12,075 - attn_mask: True
2022-11-18 20:28:12,075 - conv1d_kernel_size_l: 5
2022-11-18 20:28:12,075 - conv1d_kernel_size_v: 1
2022-11-18 20:28:12,075 - conv1d_kernel_size_a: 1
2022-11-18 20:28:12,075 - lr: 3e-05
2022-11-18 20:28:12,075 - common_hyper_param: {'common_param': {'padding_mode': 'zero', 'padding_loc': 'end', 'need_aligned': False, 'eval_monitor': 'f1', 'train_batch_size': 6, 'eval_batch_size': 6, 'test_batch_size': 4, 'wait_patience': 4}, 'hyper_param': {'num_train_epochs': 100, 'dst_feature_dims': 120, 'nheads': 1, 'n_levels': 2, 'attn_dropout': 0.1, 'attn_dropout_v': 0.1, 'attn_dropout_a': 0.1, 'relu_dropout': 0.0, 'embed_dropout': 0.1, 'res_dropout': 0.1, 'output_dropout': 0.1, 'text_dropout': 0.1, 'grad_clip': 0.5, 'attn_mask': True, 'conv1d_kernel_size_l': 5, 'conv1d_kernel_size_v': 1, 'conv1d_kernel_size_a': 1, 'lr': 3e-05}}
2022-11-18 20:28:12,075 - pred_output_path: outputs\mult_MIntRec_multi-class_2022-11-18-20-28-12
2022-11-18 20:28:12,075 - model_output_path: outputs\mult_MIntRec_multi-class_2022-11-18-20-28-12\models
2022-11-18 20:28:12,075 - ============================== End Params ==============================
2022-11-18 20:28:12,079 - Generate Text Features Begin...
2022-11-18 20:28:28,123 - Generate Text Features Finished...
2022-11-18 20:28:28,138 - Load Video Features Begin...
2022-11-18 20:28:28,466 - Load Video Features Finished...
2022-11-18 20:28:29,076 - Load Audio Features Begin...
2022-11-18 20:28:30,169 - Load Audio Features Finished...
2022-11-18 20:28:48,513 - Multimodal intent recognition begins...
2022-11-18 20:28:48,513 - Training begins...
2022-11-18 20:29:54,262 - ***** Epoch: 1: Eval results *****
2022-11-18 20:29:54,277 -   best_eval_score = 0.0
2022-11-18 20:29:54,277 -   eval_score = 0.5898
2022-11-18 20:29:54,277 -   train_loss = 1.7814
2022-11-18 20:30:44,590 - ***** Epoch: 2: Eval results *****
2022-11-18 20:30:44,605 -   best_eval_score = 0.5898
2022-11-18 20:30:44,605 -   eval_score = 0.6207
2022-11-18 20:30:44,605 -   train_loss = 0.6774
2022-11-18 20:31:32,008 - ***** Epoch: 3: Eval results *****
2022-11-18 20:31:32,008 -   best_eval_score = 0.6207
2022-11-18 20:31:32,008 -   eval_score = 0.6786
2022-11-18 20:31:32,008 -   train_loss = 0.2392
2022-11-18 20:32:18,462 - ***** Epoch: 4: Eval results *****
2022-11-18 20:32:18,462 -   best_eval_score = 0.6786
2022-11-18 20:32:18,462 -   eval_score = 0.6528
2022-11-18 20:32:18,462 -   train_loss = 0.085
2022-11-18 20:32:18,462 - EarlyStopping counter: 1 out of 4
2022-11-18 20:33:04,650 - ***** Epoch: 5: Eval results *****
2022-11-18 20:33:04,650 -   best_eval_score = 0.6786
2022-11-18 20:33:04,650 -   eval_score = 0.6539
2022-11-18 20:33:04,650 -   train_loss = 0.0341
2022-11-18 20:33:04,650 - EarlyStopping counter: 2 out of 4
2022-11-18 20:33:47,900 - ***** Epoch: 6: Eval results *****
2022-11-18 20:33:47,900 -   best_eval_score = 0.6786
2022-11-18 20:33:47,900 -   eval_score = 0.6822
2022-11-18 20:33:47,900 -   train_loss = 0.0211
2022-11-18 20:34:30,165 - ***** Epoch: 7: Eval results *****
2022-11-18 20:34:30,165 -   best_eval_score = 0.6822
2022-11-18 20:34:30,165 -   eval_score = 0.6841
2022-11-18 20:34:30,165 -   train_loss = 0.0099
2022-11-18 20:35:14,258 - ***** Epoch: 8: Eval results *****
2022-11-18 20:35:14,258 -   best_eval_score = 0.6841
2022-11-18 20:35:14,258 -   eval_score = 0.6843
2022-11-18 20:35:14,258 -   train_loss = 0.0098
2022-11-18 20:35:57,966 - ***** Epoch: 9: Eval results *****
2022-11-18 20:35:57,966 -   best_eval_score = 0.6843
2022-11-18 20:35:57,966 -   eval_score = 0.6838
2022-11-18 20:35:57,966 -   train_loss = 0.0073
2022-11-18 20:35:57,966 - EarlyStopping counter: 1 out of 4
2022-11-18 20:36:44,529 - ***** Epoch: 10: Eval results *****
2022-11-18 20:36:44,529 -   best_eval_score = 0.6843
2022-11-18 20:36:44,529 -   eval_score = 0.6838
2022-11-18 20:36:44,529 -   train_loss = 0.0067
2022-11-18 20:36:44,529 - EarlyStopping counter: 2 out of 4
2022-11-18 20:37:29,404 - ***** Epoch: 11: Eval results *****
2022-11-18 20:37:29,404 -   best_eval_score = 0.6843
2022-11-18 20:37:29,404 -   eval_score = 0.6838
2022-11-18 20:37:29,404 -   train_loss = 0.0066
2022-11-18 20:37:29,404 - EarlyStopping counter: 3 out of 4
2022-11-18 20:38:12,514 - ***** Epoch: 12: Eval results *****
2022-11-18 20:38:12,514 -   best_eval_score = 0.6843
2022-11-18 20:38:12,514 -   eval_score = 0.6869
2022-11-18 20:38:12,514 -   train_loss = 0.0063
2022-11-18 20:38:54,295 - ***** Epoch: 13: Eval results *****
2022-11-18 20:38:54,295 -   best_eval_score = 0.6869
2022-11-18 20:38:54,295 -   eval_score = 0.6869
2022-11-18 20:38:54,295 -   train_loss = 0.0062
2022-11-18 20:38:54,295 - EarlyStopping counter: 1 out of 4
2022-11-18 20:39:38,170 - ***** Epoch: 14: Eval results *****
2022-11-18 20:39:38,170 -   best_eval_score = 0.6869
2022-11-18 20:39:38,170 -   eval_score = 0.6868
2022-11-18 20:39:38,170 -   train_loss = 0.006
2022-11-18 20:39:38,170 - EarlyStopping counter: 2 out of 4
2022-11-18 20:40:23,654 - ***** Epoch: 15: Eval results *****
2022-11-18 20:40:23,654 -   best_eval_score = 0.6869
2022-11-18 20:40:23,654 -   eval_score = 0.6868
2022-11-18 20:40:23,654 -   train_loss = 0.0061
2022-11-18 20:40:23,654 - EarlyStopping counter: 3 out of 4
2022-11-18 20:41:06,982 - ***** Epoch: 16: Eval results *****
2022-11-18 20:41:06,982 -   best_eval_score = 0.6869
2022-11-18 20:41:06,982 -   eval_score = 0.6869
2022-11-18 20:41:06,982 -   train_loss = 0.006
2022-11-18 20:41:06,982 - EarlyStopping counter: 4 out of 4
2022-11-18 20:41:06,982 - EarlyStopping at epoch 16
2022-11-18 20:41:06,982 - Trained models are saved in outputs\mult_MIntRec_multi-class_2022-11-18-20-28-12\models
2022-11-18 20:41:07,748 - Training is finished...
2022-11-18 20:41:07,748 - Testing begins...
2022-11-18 20:41:12,514 - ***** Test: Confusion Matrix *****
2022-11-18 20:41:12,514 - [[38  1  0  0  7  0  1  0  1  3  1  0  3  2  0  0  0  0  0  0]
 [ 0 38  0  0  0  1  0  0  0  0  1  0  2  0  1  0  0  0  0  0]
 [ 1  0 26  0  0  0  0  0  0  0  0  0  0  0  0  0  0  0  0  0]
 [ 0  0  0 24  0  0  0  0  0  0  0  0  0  0  0  0  0  0  0  1]
 [ 3  0  0  0 14  0  2  0  0  0  1  0  1  2  0  0  0  0  0  0]
 [ 0  0  0  0  0 11  0  0  0  0  0  0  1  0  0  0  0  0  0  0]
 [ 2  1  0  0  3  0  1  1  2  0  0  1  1  0  0  0  0  0  0  0]
 [ 3  0  0  0  0  0  0  4  1  1  1  0  0  0  0  0  0  0  0  0]
 [ 1  0  0  0  0  0  0  2  4  0  0  0  0  2  0  1  0  0  0  0]
 [ 1  0  0  0  1  0  0  0  0  3  1  0  0  0  0  3  0  1  0  0]
 [ 2  0  0  0  0  0  1  0  0  1 14  0  0  0  0  0  0  0  0  0]
 [ 0  0  0  0  0  0  0  0  0  0  0 18  0  0  0  0  0  0  0  1]
 [ 4  2  0  1  1  0  0  0  0  0  0  0 40  1  4  3  1  0  0  0]
 [ 0  0  0  0  1  1  1  0  0  0  1  1  0 18  2  0  0  0  0  0]
 [ 0  0  0  0  1  0  0  0  0  0  0  0  0  2 16  0  1  0  0  2]
 [ 0  0  0  0  0  0  0  1  1  0  0  0  5  0  0 13  0  0  0  1]
 [ 1  0  0  0  0  0  0  0  0  0  0  0  2  0  2  0 12  0  0  0]
 [ 0  0  0  0  0  0  0  0  0  1  1  0  1  0  0  0  0 12  0  0]
 [ 0  0  0  0  0  0  0  0  0  0  0  0  2  0  0  1  0  0  9  0]
 [ 0  0  0  0  0  0  0  0  0  0  0  0  0  1  1  0  0  0  0  8]]
2022-11-18 20:41:12,514 - ***** Evaluation results *****
2022-11-18 20:41:12,514 -   acc = 0.7258
2022-11-18 20:41:12,514 -   f1 = 0.6858
2022-11-18 20:41:12,514 -   prec = 0.6932
2022-11-18 20:41:12,514 -   rec = 0.6866
2022-11-18 20:41:12,514 - Testing is finished...
2022-11-18 20:41:12,514 - Multimodal intent recognition is finished...
2022-11-18 20:41:12,514 - Results are saved in results\mult_bert.csv
