2022-11-10 09:33:16,688 - ============================== Params ==============================
2022-11-10 09:33:16,688 - logger_name: nmfir_MIntRec_multi-class_2022-11-10-09-33-16
2022-11-10 09:33:16,688 - dataset: MIntRec
2022-11-10 09:33:16,688 - data_mode: multi-class
2022-11-10 09:33:16,688 - method: nmfir
2022-11-10 09:33:16,688 - text_backbone: bert-base-uncased
2022-11-10 09:33:16,688 - seed: 0
2022-11-10 09:33:16,688 - num_workers: 0
2022-11-10 09:33:16,688 - gpu_id: 0
2022-11-10 09:33:16,688 - data_path: MIA-datasets
2022-11-10 09:33:16,688 - train: True
2022-11-10 09:33:16,688 - tune: False
2022-11-10 09:33:16,688 - save_model: True
2022-11-10 09:33:16,689 - save_results: True
2022-11-10 09:33:16,689 - log_path: logs
2022-11-10 09:33:16,689 - cache_path: cache
2022-11-10 09:33:16,689 - video_data_path: video_data
2022-11-10 09:33:16,689 - audio_data_path: audio_data
2022-11-10 09:33:16,689 - video_feats_path: video_feats.pkl
2022-11-10 09:33:16,689 - audio_feats_path: audio_feats.pkl
2022-11-10 09:33:16,689 - results_path: results
2022-11-10 09:33:16,689 - output_path: outputs
2022-11-10 09:33:16,689 - model_path: models
2022-11-10 09:33:16,689 - config_file_name: nmfir_bert
2022-11-10 09:33:16,689 - results_file_name: nmfir_bert.csv
2022-11-10 09:33:16,689 - padding_mode: zero
2022-11-10 09:33:16,689 - padding_loc: end
2022-11-10 09:33:16,689 - need_aligned: False
2022-11-10 09:33:16,689 - eval_monitor: f1
2022-11-10 09:33:16,689 - train_batch_size: 6
2022-11-10 09:33:16,689 - eval_batch_size: 6
2022-11-10 09:33:16,689 - test_batch_size: 4
2022-11-10 09:33:16,689 - wait_patience: 4
2022-11-10 09:33:16,689 - num_train_epochs: 100
2022-11-10 09:33:16,689 - use_cmd_sim: False
2022-11-10 09:33:16,689 - reverse_grad_weight: 0.8
2022-11-10 09:33:16,689 - hidden_size: 256
2022-11-10 09:33:16,689 - dropout_rate: 0.1
2022-11-10 09:33:16,689 - diff_weight: 0.7
2022-11-10 09:33:16,689 - sim_weight: 0.7
2022-11-10 09:33:16,689 - recon_weight: 0.6
2022-11-10 09:33:16,689 - lr: 3e-05
2022-11-10 09:33:16,689 - grad_clip: -1.0
2022-11-10 09:33:16,689 - gamma: 0.5
2022-11-10 09:33:16,689 - common_hyper_param: {'common_param': {'padding_mode': 'zero', 'padding_loc': 'end', 'need_aligned': False, 'eval_monitor': 'f1', 'train_batch_size': 6, 'eval_batch_size': 6, 'test_batch_size': 4, 'wait_patience': 4}, 'hyper_param': {'num_train_epochs': 100, 'use_cmd_sim': False, 'reverse_grad_weight': 0.8, 'hidden_size': 256, 'dropout_rate': 0.1, 'diff_weight': 0.7, 'sim_weight': 0.7, 'recon_weight': 0.6, 'lr': 3e-05, 'grad_clip': -1.0, 'gamma': 0.5}}
2022-11-10 09:33:16,689 - pred_output_path: outputs\nmfir_MIntRec_multi-class_2022-11-10-09-33-16
2022-11-10 09:33:16,689 - model_output_path: outputs\nmfir_MIntRec_multi-class_2022-11-10-09-33-16\models
2022-11-10 09:33:16,689 - ============================== End Params ==============================
2022-11-10 09:33:16,693 - Generate Text Features Begin...
2022-11-10 09:33:33,997 - Generate Text Features Finished...
2022-11-10 09:33:33,998 - Load Video Features Begin...
2022-11-10 09:33:34,399 - Load Video Features Finished...
2022-11-10 09:33:34,787 - Load Audio Features Begin...
2022-11-10 09:33:35,499 - Load Audio Features Finished...
2022-11-10 09:33:53,771 - Multimodal intent recognition begins...
2022-11-10 09:33:53,773 - Training begins...
2022-11-10 09:34:35,127 - ***** Epoch: 1: Eval results *****
2022-11-10 09:34:35,136 -   best_eval_score = 0.4115
2022-11-10 09:34:35,136 -   eval_score = 0.4115
2022-11-10 09:34:35,136 -   train_loss = 3.3243
2022-11-10 09:35:08,185 - ***** Epoch: 2: Eval results *****
2022-11-10 09:35:08,185 -   best_eval_score = 0.5755
2022-11-10 09:35:08,185 -   eval_score = 0.5755
2022-11-10 09:35:08,185 -   train_loss = 1.9641
2022-11-10 09:35:40,482 - ***** Epoch: 3: Eval results *****
2022-11-10 09:35:40,482 -   best_eval_score = 0.6542
2022-11-10 09:35:40,482 -   eval_score = 0.6542
2022-11-10 09:35:40,482 -   train_loss = 1.4167
2022-11-10 09:36:12,662 - ***** Epoch: 4: Eval results *****
2022-11-10 09:36:12,662 -   best_eval_score = 0.6747
2022-11-10 09:36:12,664 -   eval_score = 0.6747
2022-11-10 09:36:12,664 -   train_loss = 1.1351
2022-11-10 09:36:44,118 - EarlyStopping counter: 1 out of 4
2022-11-10 09:36:44,118 - ***** Epoch: 5: Eval results *****
2022-11-10 09:36:44,118 -   best_eval_score = 0.6747
2022-11-10 09:36:44,118 -   eval_score = 0.6694
2022-11-10 09:36:44,118 -   train_loss = 0.9756
2022-11-10 09:37:15,540 - ***** Epoch: 6: Eval results *****
2022-11-10 09:37:15,541 -   best_eval_score = 0.6754
2022-11-10 09:37:15,541 -   eval_score = 0.6754
2022-11-10 09:37:15,541 -   train_loss = 0.9072
2022-11-10 09:37:47,045 - ***** Epoch: 7: Eval results *****
2022-11-10 09:37:47,045 -   best_eval_score = 0.6802
2022-11-10 09:37:47,045 -   eval_score = 0.6802
2022-11-10 09:37:47,045 -   train_loss = 0.8519
2022-11-10 09:38:18,866 - EarlyStopping counter: 1 out of 4
2022-11-10 09:38:18,866 - ***** Epoch: 8: Eval results *****
2022-11-10 09:38:18,866 -   best_eval_score = 0.6802
2022-11-10 09:38:18,866 -   eval_score = 0.6735
2022-11-10 09:38:18,866 -   train_loss = 0.8271
2022-11-10 09:38:50,900 - ***** Epoch: 9: Eval results *****
2022-11-10 09:38:50,900 -   best_eval_score = 0.6886
2022-11-10 09:38:50,900 -   eval_score = 0.6886
2022-11-10 09:38:50,900 -   train_loss = 0.8245
2022-11-10 09:39:23,853 - EarlyStopping counter: 1 out of 4
2022-11-10 09:39:23,853 - ***** Epoch: 10: Eval results *****
2022-11-10 09:39:23,853 -   best_eval_score = 0.6886
2022-11-10 09:39:23,853 -   eval_score = 0.6781
2022-11-10 09:39:23,853 -   train_loss = 0.8204
2022-11-10 09:39:56,895 - EarlyStopping counter: 2 out of 4
2022-11-10 09:39:56,896 - ***** Epoch: 11: Eval results *****
2022-11-10 09:39:56,896 -   best_eval_score = 0.6886
2022-11-10 09:39:56,896 -   eval_score = 0.6707
2022-11-10 09:39:56,896 -   train_loss = 0.8207
2022-11-10 09:40:30,397 - EarlyStopping counter: 3 out of 4
2022-11-10 09:40:30,398 - ***** Epoch: 12: Eval results *****
2022-11-10 09:40:30,398 -   best_eval_score = 0.6886
2022-11-10 09:40:30,398 -   eval_score = 0.6714
2022-11-10 09:40:30,398 -   train_loss = 0.8209
2022-11-10 09:41:01,797 - EarlyStopping counter: 4 out of 4
2022-11-10 09:41:01,798 - ***** Epoch: 13: Eval results *****
2022-11-10 09:41:01,798 -   best_eval_score = 0.6886
2022-11-10 09:41:01,798 -   eval_score = 0.6705
2022-11-10 09:41:01,798 -   train_loss = 0.8215
2022-11-10 09:41:01,798 - EarlyStopping at epoch 13
2022-11-10 09:41:01,798 - Trained models are saved in outputs\nmfir_MIntRec_multi-class_2022-11-10-09-33-16\models
2022-11-10 09:41:02,696 - Training is finished...
2022-11-10 09:41:02,696 - Testing begins...
2022-11-10 09:41:05,604 - ***** Test: Confusion Matrix *****
2022-11-10 09:41:05,608 - [[34  1  0  0  6  0  3  1  1  3  1  0  7  0  0  0  0  0  0  0]
 [ 0 38  0  0  1  0  1  0  1  0  0  0  1  1  0  0  0  0  0  0]
 [ 1  0 26  0  0  0  0  0  0  0  0  0  0  0  0  0  0  0  0  0]
 [ 0  0  0 25  0  0  0  0  0  0  0  0  0  0  0  0  0  0  0  0]
 [ 2  0  0  0 15  0  4  0  0  0  0  1  0  1  0  0  0  0  0  0]
 [ 0  0  0  0  0 12  0  0  0  0  0  0  0  0  0  0  0  0  0  0]
 [ 1  0  0  0  3  0  1  0  5  0  0  1  1  0  0  0  0  0  0  0]
 [ 4  0  0  0  0  0  0  5  1  0  0  0  0  0  0  0  0  0  0  0]
 [ 0  0  0  0  0  0  0  2  6  0  0  0  0  1  0  1  0  0  0  0]
 [ 1  0  0  0  0  0  0  0  0  3  0  0  0  0  0  3  0  2  0  1]
 [ 2  0  0  0  0  0  0  0  0  0 16  0  0  0  0  0  0  0  0  0]
 [ 0  0  0  0  0  0  2  0  0  0  0 17  0  0  0  0  0  0  0  0]
 [ 3  1  0  1  0  0  0  0  3  0  1  0 43  2  2  0  1  0  0  0]
 [ 0  0  0  0  0  0  2  0  0  0  1  1  0 19  1  0  1  0  0  0]
 [ 0  0  0  0  1  0  0  0  0  0  0  0  1  4 13  0  1  0  0  2]
 [ 0  1  0  0  1  0  0  0  2  0  0  0  3  0  0 13  0  0  0  1]
 [ 0  0  0  0  0  0  0  0  0  0  0  0  2  0  1  0 14  0  0  0]
 [ 0  0  0  0  0  0  0  0  0  1  1  0  2  0  0  0  0 11  0  0]
 [ 0  2  0  0  0  0  0  0  0  0  0  0  2  0  0  1  0  0  7  0]
 [ 0  0  0  0  0  0  0  0  0  0  0  0  0  1  1  0  0  0  0  8]]
2022-11-10 09:41:05,608 - ***** Evaluation results *****
2022-11-10 09:41:05,608 -   acc = 0.7326
2022-11-10 09:41:05,608 -   f1 = 0.7013
2022-11-10 09:41:05,608 -   prec = 0.7167
2022-11-10 09:41:05,609 -   rec = 0.7013
2022-11-10 09:41:05,612 - Testing is finished...
2022-11-10 09:41:05,612 - Multimodal intent recognition is finished...
2022-11-10 09:41:05,612 - Results are saved in results\nmfir_bert.csv
