2023-03-14 09:19:03,987 - ============================== Params ==============================
2023-03-14 09:19:03,988 - logger_name: nmfir_MIntRec_multi-class_2023-03-14-09-19-03
2023-03-14 09:19:03,988 - dataset: MIntRec
2023-03-14 09:19:03,988 - data_mode: multi-class
2023-03-14 09:19:03,988 - method: nmfir
2023-03-14 09:19:03,988 - text_backbone: bert-base-uncased
2023-03-14 09:19:03,988 - seed: 0
2023-03-14 09:19:03,988 - num_workers: 0
2023-03-14 09:19:03,988 - gpu_id: 0
2023-03-14 09:19:03,988 - data_path: MIA-datasets
2023-03-14 09:19:03,988 - train: True
2023-03-14 09:19:03,988 - tune: False
2023-03-14 09:19:03,988 - save_model: True
2023-03-14 09:19:03,988 - save_results: True
2023-03-14 09:19:03,988 - log_path: logs
2023-03-14 09:19:03,988 - cache_path: cache
2023-03-14 09:19:03,988 - video_data_path: video_data
2023-03-14 09:19:03,988 - audio_data_path: audio_data
2023-03-14 09:19:03,988 - video_feats_path: video_feats.pkl
2023-03-14 09:19:03,988 - audio_feats_path: audio_feats.pkl
2023-03-14 09:19:03,988 - results_path: results
2023-03-14 09:19:03,988 - output_path: outputs
2023-03-14 09:19:03,988 - model_path: models
2023-03-14 09:19:03,988 - config_file_name: nmfir_bert
2023-03-14 09:19:03,988 - results_file_name: nmfir_bert.csv
2023-03-14 09:19:03,988 - padding_mode: zero
2023-03-14 09:19:03,988 - padding_loc: end
2023-03-14 09:19:03,988 - need_aligned: False
2023-03-14 09:19:03,988 - eval_monitor: f1
2023-03-14 09:19:03,988 - train_batch_size: 6
2023-03-14 09:19:03,988 - eval_batch_size: 6
2023-03-14 09:19:03,988 - test_batch_size: 4
2023-03-14 09:19:03,988 - wait_patience: 4
2023-03-14 09:19:03,988 - num_train_epochs: 100
2023-03-14 09:19:03,989 - use_cmd_sim: False
2023-03-14 09:19:03,989 - reverse_grad_weight: 0.8
2023-03-14 09:19:03,989 - hidden_size: 256
2023-03-14 09:19:03,989 - dropout_rate: 0.1
2023-03-14 09:19:03,989 - diff_weight: 0.7
2023-03-14 09:19:03,989 - sim_weight: 0.1
2023-03-14 09:19:03,989 - recon_weight: 0.5
2023-03-14 09:19:03,989 - lr: 3e-05
2023-03-14 09:19:03,989 - grad_clip: -1.0
2023-03-14 09:19:03,989 - gamma: 0.5
2023-03-14 09:19:03,989 - common_hyper_param: {'common_param': {'padding_mode': 'zero', 'padding_loc': 'end', 'need_aligned': False, 'eval_monitor': 'f1', 'train_batch_size': 6, 'eval_batch_size': 6, 'test_batch_size': 4, 'wait_patience': 4}, 'hyper_param': {'num_train_epochs': 100, 'use_cmd_sim': False, 'reverse_grad_weight': 0.8, 'hidden_size': 256, 'dropout_rate': 0.1, 'diff_weight': 0.7, 'sim_weight': 0.1, 'recon_weight': 0.5, 'lr': 3e-05, 'grad_clip': -1.0, 'gamma': 0.5}}
2023-03-14 09:19:03,989 - pred_output_path: outputs\nmfir_MIntRec_multi-class_2023-03-14-09-19-03
2023-03-14 09:19:03,989 - model_output_path: outputs\nmfir_MIntRec_multi-class_2023-03-14-09-19-03\models
2023-03-14 09:19:03,989 - ============================== End Params ==============================
2023-03-14 09:19:03,994 - Generate Text Features Begin...
2023-03-14 09:19:20,326 - Generate Text Features Finished...
2023-03-14 09:19:20,326 - Load Video Features Begin...
2023-03-14 09:19:20,811 - Load Video Features Finished...
2023-03-14 09:19:21,406 - Load Audio Features Begin...
2023-03-14 09:19:22,521 - Load Audio Features Finished...
2023-03-14 09:19:43,849 - Multimodal intent recognition begins...
2023-03-14 09:19:43,852 - Training begins...
2023-03-14 09:20:28,915 - ***** Epoch: 1: Eval results *****
2023-03-14 09:20:28,924 -   best_eval_score = 0.3972
2023-03-14 09:20:28,924 -   eval_score = 0.3972
2023-03-14 09:20:28,924 -   train_loss = 2.5839
2023-03-14 09:21:06,446 - ***** Epoch: 2: Eval results *****
2023-03-14 09:21:06,446 -   best_eval_score = 0.565
2023-03-14 09:21:06,446 -   eval_score = 0.565
2023-03-14 09:21:06,446 -   train_loss = 1.259
2023-03-14 09:21:44,338 - ***** Epoch: 3: Eval results *****
2023-03-14 09:21:44,338 -   best_eval_score = 0.665
2023-03-14 09:21:44,338 -   eval_score = 0.665
2023-03-14 09:21:44,338 -   train_loss = 0.6749
2023-03-14 09:22:20,226 - EarlyStopping counter: 1 out of 4
2023-03-14 09:22:20,226 - ***** Epoch: 4: Eval results *****
2023-03-14 09:22:20,236 -   best_eval_score = 0.665
2023-03-14 09:22:20,236 -   eval_score = 0.6613
2023-03-14 09:22:20,236 -   train_loss = 0.4205
2023-03-14 09:22:56,511 - ***** Epoch: 5: Eval results *****
2023-03-14 09:22:56,511 -   best_eval_score = 0.6847
2023-03-14 09:22:56,511 -   eval_score = 0.6847
2023-03-14 09:22:56,511 -   train_loss = 0.3005
2023-03-14 09:23:35,829 - EarlyStopping counter: 1 out of 4
2023-03-14 09:23:35,829 - ***** Epoch: 6: Eval results *****
2023-03-14 09:23:35,829 -   best_eval_score = 0.6847
2023-03-14 09:23:35,829 -   eval_score = 0.6797
2023-03-14 09:23:35,829 -   train_loss = 0.2549
2023-03-14 09:24:19,946 - EarlyStopping counter: 2 out of 4
2023-03-14 09:24:19,946 - ***** Epoch: 7: Eval results *****
2023-03-14 09:24:19,946 -   best_eval_score = 0.6847
2023-03-14 09:24:19,946 -   eval_score = 0.6822
2023-03-14 09:24:19,946 -   train_loss = 0.2299
2023-03-14 09:25:02,121 - EarlyStopping counter: 3 out of 4
2023-03-14 09:25:02,121 - ***** Epoch: 8: Eval results *****
2023-03-14 09:25:02,121 -   best_eval_score = 0.6847
2023-03-14 09:25:02,121 -   eval_score = 0.6784
2023-03-14 09:25:02,121 -   train_loss = 0.2134
2023-03-14 09:25:44,604 - EarlyStopping counter: 4 out of 4
2023-03-14 09:25:44,604 - ***** Epoch: 9: Eval results *****
2023-03-14 09:25:44,604 -   best_eval_score = 0.6847
2023-03-14 09:25:44,604 -   eval_score = 0.6779
2023-03-14 09:25:44,604 -   train_loss = 0.2108
2023-03-14 09:25:44,605 - EarlyStopping at epoch 9
2023-03-14 09:25:44,605 - Trained models are saved in outputs\nmfir_MIntRec_multi-class_2023-03-14-09-19-03\models
2023-03-14 09:25:45,701 - Training is finished...
2023-03-14 09:25:45,701 - Testing begins...
2023-03-14 09:25:49,615 - ***** Test: Confusion Matrix *****
2023-03-14 09:25:49,621 - [[35  3  0  0  4  0  2  2  1  4  1  0  3  2  0  0  0  0  0  0]
 [ 0 38  0  1  0  0  1  0  1  0  0  0  1  1  0  0  0  0  0  0]
 [ 1  0 26  0  0  0  0  0  0  0  0  0  0  0  0  0  0  0  0  0]
 [ 0  0  0 25  0  0  0  0  0  0  0  0  0  0  0  0  0  0  0  0]
 [ 6  0  0  0 13  0  1  0  0  0  0  1  0  1  1  0  0  0  0  0]
 [ 0  0  0  0  0 12  0  0  0  0  0  0  0  0  0  0  0  0  0  0]
 [ 2  1  0  0  2  0  3  0  2  0  0  0  1  0  1  0  0  0  0  0]
 [ 4  0  0  0  0  0  0  4  1  0  1  0  0  0  0  0  0  0  0  0]
 [ 0  0  0  0  0  0  1  2  6  0  0  0  0  1  0  0  0  0  0  0]
 [ 1  0  0  0  0  0  0  0  0  4  0  0  0  0  0  2  1  2  0  0]
 [ 1  0  0  0  0  0  1  1  0  0 15  0  0  0  0  0  0  0  0  0]
 [ 0  0  0  0  0  0  2  0  0  0  0 17  0  0  0  0  0  0  0  0]
 [ 4  0  0  1  1  0  3  0  2  0  1  0 35  5  3  0  0  0  0  2]
 [ 0  0  0  0  1  0  0  0  1  0  1  1  0 21  0  0  0  0  0  0]
 [ 0  0  0  0  1  0  0  0  1  0  0  0  1  3 14  0  1  0  0  1]
 [ 0  1  0  0  0  0  0  0  3  0  0  0  5  0  1 10  0  0  0  1]
 [ 1  0  0  0  0  0  0  0  0  0  0  0  2  0  0  0 14  0  0  0]
 [ 0  0  0  0  0  0  0  0  0  1  2  0  2  0  0  0  0 10  0  0]
 [ 0  0  0  0  0  0  0  0  0  0  0  0  2  0  0  1  0  0  9  0]
 [ 0  0  0  0  0  0  0  0  0  0  0  0  0  1  1  0  0  0  0  8]]
2023-03-14 09:25:49,621 - ***** Evaluation results *****
2023-03-14 09:25:49,621 -   acc = 0.7169
2023-03-14 09:25:49,622 -   f1 = 0.6975
2023-03-14 09:25:49,622 -   prec = 0.7083
2023-03-14 09:25:49,622 -   rec = 0.7005
2023-03-14 09:25:49,625 - Testing is finished...
2023-03-14 09:25:49,625 - Multimodal intent recognition is finished...
2023-03-14 09:25:49,625 - Results are saved in results\nmfir_bert.csv
