2023-03-13 20:47:15,501 - ============================== Params ==============================
2023-03-13 20:47:15,501 - logger_name: nmfir_MIntRec_multi-class_2023-03-13-20-47-15
2023-03-13 20:47:15,501 - dataset: MIntRec
2023-03-13 20:47:15,501 - data_mode: multi-class
2023-03-13 20:47:15,501 - method: nmfir
2023-03-13 20:47:15,501 - text_backbone: bert-base-uncased
2023-03-13 20:47:15,501 - seed: 0
2023-03-13 20:47:15,501 - num_workers: 0
2023-03-13 20:47:15,501 - gpu_id: 0
2023-03-13 20:47:15,501 - data_path: MIA-datasets
2023-03-13 20:47:15,501 - train: True
2023-03-13 20:47:15,501 - tune: False
2023-03-13 20:47:15,501 - save_model: True
2023-03-13 20:47:15,501 - save_results: True
2023-03-13 20:47:15,501 - log_path: logs
2023-03-13 20:47:15,501 - cache_path: cache
2023-03-13 20:47:15,501 - video_data_path: video_data
2023-03-13 20:47:15,501 - audio_data_path: audio_data
2023-03-13 20:47:15,501 - video_feats_path: video_feats.pkl
2023-03-13 20:47:15,501 - audio_feats_path: audio_feats.pkl
2023-03-13 20:47:15,501 - results_path: results
2023-03-13 20:47:15,501 - output_path: outputs
2023-03-13 20:47:15,501 - model_path: models
2023-03-13 20:47:15,501 - config_file_name: nmfir_bert
2023-03-13 20:47:15,501 - results_file_name: nmfir_bert.csv
2023-03-13 20:47:15,501 - padding_mode: zero
2023-03-13 20:47:15,501 - padding_loc: end
2023-03-13 20:47:15,501 - need_aligned: False
2023-03-13 20:47:15,501 - eval_monitor: f1
2023-03-13 20:47:15,501 - train_batch_size: 6
2023-03-13 20:47:15,502 - eval_batch_size: 6
2023-03-13 20:47:15,502 - test_batch_size: 4
2023-03-13 20:47:15,502 - wait_patience: 4
2023-03-13 20:47:15,502 - num_train_epochs: 100
2023-03-13 20:47:15,502 - use_cmd_sim: False
2023-03-13 20:47:15,502 - reverse_grad_weight: 0.8
2023-03-13 20:47:15,502 - hidden_size: 256
2023-03-13 20:47:15,502 - dropout_rate: 0.1
2023-03-13 20:47:15,502 - diff_weight: 0.7
2023-03-13 20:47:15,502 - sim_weight: 0.7
2023-03-13 20:47:15,502 - recon_weight: 0.6
2023-03-13 20:47:15,502 - lr: 3e-05
2023-03-13 20:47:15,502 - grad_clip: -1.0
2023-03-13 20:47:15,502 - gamma: 0.5
2023-03-13 20:47:15,502 - common_hyper_param: {'common_param': {'padding_mode': 'zero', 'padding_loc': 'end', 'need_aligned': False, 'eval_monitor': 'f1', 'train_batch_size': 6, 'eval_batch_size': 6, 'test_batch_size': 4, 'wait_patience': 4}, 'hyper_param': {'num_train_epochs': 100, 'use_cmd_sim': False, 'reverse_grad_weight': 0.8, 'hidden_size': 256, 'dropout_rate': 0.1, 'diff_weight': 0.7, 'sim_weight': 0.7, 'recon_weight': 0.6, 'lr': 3e-05, 'grad_clip': -1.0, 'gamma': 0.5}}
2023-03-13 20:47:15,502 - pred_output_path: outputs\nmfir_MIntRec_multi-class_2023-03-13-20-47-15
2023-03-13 20:47:15,502 - model_output_path: outputs\nmfir_MIntRec_multi-class_2023-03-13-20-47-15\models
2023-03-13 20:47:15,502 - ============================== End Params ==============================
2023-03-13 20:47:15,506 - Generate Text Features Begin...
2023-03-13 20:47:48,541 - Generate Text Features Finished...
2023-03-13 20:47:48,542 - Load Video Features Begin...
2023-03-13 20:47:48,964 - Load Video Features Finished...
2023-03-13 20:47:49,395 - Load Audio Features Begin...
2023-03-13 20:47:50,504 - Load Audio Features Finished...
2023-03-13 20:48:13,225 - Multimodal intent recognition begins...
2023-03-13 20:48:13,228 - Training begins...
2023-03-13 20:48:55,990 - ***** Epoch: 1: Eval results *****
2023-03-13 20:48:56,000 -   best_eval_score = 0.4166
2023-03-13 20:48:56,000 -   eval_score = 0.4166
2023-03-13 20:48:56,000 -   train_loss = 3.3116
2023-03-13 20:49:30,998 - ***** Epoch: 2: Eval results *****
2023-03-13 20:49:30,999 -   best_eval_score = 0.5806
2023-03-13 20:49:30,999 -   eval_score = 0.5806
2023-03-13 20:49:30,999 -   train_loss = 1.9552
