2022-11-29 13:31:30,833 - ============================== Params ==============================
2022-11-29 13:31:30,833 - logger_name: nmfir_MIntRec_multi-class_2022-11-29-13-31-30
2022-11-29 13:31:30,833 - dataset: MIntRec
2022-11-29 13:31:30,833 - data_mode: multi-class
2022-11-29 13:31:30,833 - method: nmfir
2022-11-29 13:31:30,833 - text_backbone: bert-base-uncased
2022-11-29 13:31:30,833 - seed: 0
2022-11-29 13:31:30,833 - num_workers: 0
2022-11-29 13:31:30,833 - gpu_id: 0
2022-11-29 13:31:30,833 - data_path: MIA-datasets
2022-11-29 13:31:30,833 - train: True
2022-11-29 13:31:30,833 - tune: False
2022-11-29 13:31:30,833 - save_model: True
2022-11-29 13:31:30,833 - save_results: True
2022-11-29 13:31:30,833 - log_path: logs
2022-11-29 13:31:30,833 - cache_path: cache
2022-11-29 13:31:30,834 - video_data_path: video_data
2022-11-29 13:31:30,834 - audio_data_path: audio_data
2022-11-29 13:31:30,834 - video_feats_path: video_feats.pkl
2022-11-29 13:31:30,834 - audio_feats_path: audio_feats.pkl
2022-11-29 13:31:30,834 - results_path: results
2022-11-29 13:31:30,834 - output_path: outputs
2022-11-29 13:31:30,834 - model_path: models
2022-11-29 13:31:30,834 - config_file_name: nmfir_bert
2022-11-29 13:31:30,834 - results_file_name: nmfir_bert.csv
2022-11-29 13:31:30,834 - padding_mode: zero
2022-11-29 13:31:30,834 - padding_loc: end
2022-11-29 13:31:30,834 - need_aligned: False
2022-11-29 13:31:30,834 - eval_monitor: f1
2022-11-29 13:31:30,834 - train_batch_size: 6
2022-11-29 13:31:30,834 - eval_batch_size: 6
2022-11-29 13:31:30,834 - test_batch_size: 4
2022-11-29 13:31:30,834 - wait_patience: 4
2022-11-29 13:31:30,834 - num_train_epochs: 100
2022-11-29 13:31:30,834 - use_cmd_sim: False
2022-11-29 13:31:30,834 - reverse_grad_weight: 0.8
2022-11-29 13:31:30,834 - hidden_size: 256
2022-11-29 13:31:30,834 - dropout_rate: 0.1
2022-11-29 13:31:30,834 - diff_weight: 0.7
2022-11-29 13:31:30,834 - sim_weight: 0.7
2022-11-29 13:31:30,834 - recon_weight: 0.6
2022-11-29 13:31:30,834 - lr: 3e-05
2022-11-29 13:31:30,834 - grad_clip: -1.0
2022-11-29 13:31:30,834 - gamma: 0.5
2022-11-29 13:31:30,834 - common_hyper_param: {'common_param': {'padding_mode': 'zero', 'padding_loc': 'end', 'need_aligned': False, 'eval_monitor': 'f1', 'train_batch_size': 6, 'eval_batch_size': 6, 'test_batch_size': 4, 'wait_patience': 4}, 'hyper_param': {'num_train_epochs': 100, 'use_cmd_sim': False, 'reverse_grad_weight': 0.8, 'hidden_size': 256, 'dropout_rate': 0.1, 'diff_weight': 0.7, 'sim_weight': 0.7, 'recon_weight': 0.6, 'lr': 3e-05, 'grad_clip': -1.0, 'gamma': 0.5}}
2022-11-29 13:31:30,834 - pred_output_path: outputs\nmfir_MIntRec_multi-class_2022-11-29-13-31-30
2022-11-29 13:31:30,834 - model_output_path: outputs\nmfir_MIntRec_multi-class_2022-11-29-13-31-30\models
2022-11-29 13:31:30,834 - ============================== End Params ==============================
2022-11-29 13:31:30,837 - Generate Text Features Begin...
2022-11-29 13:31:47,107 - Generate Text Features Finished...
2022-11-29 13:31:47,107 - Load Video Features Begin...
2022-11-29 13:31:47,853 - Load Video Features Finished...
2022-11-29 13:31:48,259 - Load Audio Features Begin...
2022-11-29 13:31:51,083 - Load Audio Features Finished...
2022-11-29 13:32:08,139 - Multimodal intent recognition begins...
2022-11-29 13:32:08,142 - Training begins...
2022-11-29 13:32:49,371 - ***** Epoch: 1: Eval results *****
2022-11-29 13:32:49,382 -   best_eval_score = 0.4117
2022-11-29 13:32:49,382 -   eval_score = 0.4117
2022-11-29 13:32:49,382 -   train_loss = 3.2983
2022-11-29 13:33:21,681 - ***** Epoch: 2: Eval results *****
2022-11-29 13:33:21,681 -   best_eval_score = 0.6092
2022-11-29 13:33:21,681 -   eval_score = 0.6092
2022-11-29 13:33:21,681 -   train_loss = 1.9254
2022-11-29 13:33:53,864 - ***** Epoch: 3: Eval results *****
2022-11-29 13:33:53,864 -   best_eval_score = 0.6378
2022-11-29 13:33:53,864 -   eval_score = 0.6378
2022-11-29 13:33:53,864 -   train_loss = 1.3721
2022-11-29 13:34:25,667 - ***** Epoch: 4: Eval results *****
2022-11-29 13:34:25,667 -   best_eval_score = 0.6481
2022-11-29 13:34:25,668 -   eval_score = 0.6481
2022-11-29 13:34:25,668 -   train_loss = 1.1259
2022-11-29 13:34:57,351 - EarlyStopping counter: 1 out of 4
2022-11-29 13:34:57,351 - ***** Epoch: 5: Eval results *****
2022-11-29 13:34:57,351 -   best_eval_score = 0.6481
2022-11-29 13:34:57,351 -   eval_score = 0.6416
2022-11-29 13:34:57,351 -   train_loss = 1.0176
2022-11-29 13:35:28,793 - ***** Epoch: 6: Eval results *****
2022-11-29 13:35:28,793 -   best_eval_score = 0.6667
2022-11-29 13:35:28,793 -   eval_score = 0.6667
2022-11-29 13:35:28,793 -   train_loss = 0.9262
2022-11-29 13:35:59,742 - EarlyStopping counter: 1 out of 4
2022-11-29 13:35:59,743 - ***** Epoch: 7: Eval results *****
2022-11-29 13:35:59,743 -   best_eval_score = 0.6667
2022-11-29 13:35:59,743 -   eval_score = 0.6603
2022-11-29 13:35:59,743 -   train_loss = 0.8607
2022-11-29 13:36:31,283 - EarlyStopping counter: 2 out of 4
2022-11-29 13:36:31,283 - ***** Epoch: 8: Eval results *****
2022-11-29 13:36:31,283 -   best_eval_score = 0.6667
2022-11-29 13:36:31,283 -   eval_score = 0.6665
2022-11-29 13:36:31,283 -   train_loss = 0.8373
2022-11-29 13:37:03,143 - EarlyStopping counter: 3 out of 4
2022-11-29 13:37:03,143 - ***** Epoch: 9: Eval results *****
2022-11-29 13:37:03,143 -   best_eval_score = 0.6667
2022-11-29 13:37:03,143 -   eval_score = 0.6594
2022-11-29 13:37:03,143 -   train_loss = 0.8329
2022-11-29 13:37:35,180 - EarlyStopping counter: 4 out of 4
2022-11-29 13:37:35,180 - ***** Epoch: 10: Eval results *****
2022-11-29 13:37:35,180 -   best_eval_score = 0.6667
2022-11-29 13:37:35,180 -   eval_score = 0.6594
2022-11-29 13:37:35,180 -   train_loss = 0.8297
2022-11-29 13:37:35,180 - EarlyStopping at epoch 10
2022-11-29 13:37:35,180 - Trained models are saved in outputs\nmfir_MIntRec_multi-class_2022-11-29-13-31-30\models
2022-11-29 13:37:35,974 - Training is finished...
2022-11-29 13:37:35,974 - Testing begins...
2022-11-29 13:37:38,542 - ***** Test: Confusion Matrix *****
2022-11-29 13:37:38,545 - [[36  1  0  0  4  0  1  1  2  3  0  0  7  2  0  0  0  0  0  0]
 [ 1 36  0  0  0  2  3  0  0  0  0  0  1  0  0  0  0  0  0  0]
 [ 1  0 26  0  0  0  0  0  0  0  0  0  0  0  0  0  0  0  0  0]
 [ 0  0  0 25  0  0  0  0  0  0  0  0  0  0  0  0  0  0  0  0]
 [ 5  0  0  0 10  0  3  0  1  0  0  1  2  1  0  0  0  0  0  0]
 [ 0  0  0  0  0 12  0  0  0  0  0  0  0  0  0  0  0  0  0  0]
 [ 2  1  0  0  1  0  2  0  3  1  0  0  2  0  0  0  0  0  0  0]
 [ 4  0  0  0  0  0  1  4  1  0  0  0  0  0  0  0  0  0  0  0]
 [ 2  0  0  0  0  0  0  1  5  0  0  0  1  0  0  1  0  0  0  0]
 [ 1  0  0  0  0  0  1  0  0  3  0  0  0  0  0  3  1  1  0  0]
 [ 1  0  0  0  0  0  0  0  0  2 14  0  0  0  0  0  0  1  0  0]
 [ 0  0  0  0  0  0  1  0  0  0  0 17  0  0  0  0  0  0  1  0]
 [ 5  1  0  0  1  0  0  0  0  0  0  2 42  2  1  2  1  0  0  0]
 [ 1  0  0  0  0  0  1  0  0  0  1  1  3 17  1  0  0  0  0  0]
 [ 0  0  0  0  1  0  0  0  0  0  0  0  1  4 13  0  1  0  0  2]
 [ 0  0  0  0  0  0  0  1  1  0  0  0  3  1  0 15  0  0  0  0]
 [ 0  0  0  0  0  0  0  0  0  0  0  0  6  0  0  0 11  0  0  0]
 [ 0  0  0  0  0  0  0  0  0  1  0  0  1  1  0  0  0 12  0  0]
 [ 0  0  0  0  0  0  0  0  0  0  0  0  1  0  0  2  0  0  9  0]
 [ 0  0  0  0  0  0  0  0  0  0  0  0  0  1  1  0  0  0  0  8]]
2022-11-29 13:37:38,547 - ***** Evaluation results *****
2022-11-29 13:37:38,547 -   acc = 0.7124
2022-11-29 13:37:38,547 -   f1 = 0.689
2022-11-29 13:37:38,547 -   prec = 0.7063
2022-11-29 13:37:38,547 -   rec = 0.6812
2022-11-29 13:37:38,550 - Testing is finished...
2022-11-29 13:37:38,550 - Multimodal intent recognition is finished...
2022-11-29 13:37:38,550 - Results are saved in results\nmfir_bert.csv
