2023-03-14 14:19:23,349 - ============================== Params ==============================
2023-03-14 14:19:23,349 - logger_name: nmfir_MIntRec_multi-class_2023-03-14-14-19-23
2023-03-14 14:19:23,349 - dataset: MIntRec
2023-03-14 14:19:23,349 - data_mode: multi-class
2023-03-14 14:19:23,349 - method: nmfir
2023-03-14 14:19:23,349 - text_backbone: bert-base-uncased
2023-03-14 14:19:23,349 - seed: 0
2023-03-14 14:19:23,349 - num_workers: 0
2023-03-14 14:19:23,349 - gpu_id: 0
2023-03-14 14:19:23,349 - data_path: MIA-datasets
2023-03-14 14:19:23,349 - train: True
2023-03-14 14:19:23,349 - tune: False
2023-03-14 14:19:23,349 - save_model: True
2023-03-14 14:19:23,349 - save_results: True
2023-03-14 14:19:23,349 - log_path: logs
2023-03-14 14:19:23,349 - cache_path: cache
2023-03-14 14:19:23,349 - video_data_path: video_data
2023-03-14 14:19:23,349 - audio_data_path: audio_data
2023-03-14 14:19:23,350 - video_feats_path: video_feats.pkl
2023-03-14 14:19:23,350 - audio_feats_path: audio_feats.pkl
2023-03-14 14:19:23,350 - results_path: results
2023-03-14 14:19:23,350 - output_path: outputs
2023-03-14 14:19:23,350 - model_path: models
2023-03-14 14:19:23,350 - config_file_name: nmfir_bert
2023-03-14 14:19:23,350 - results_file_name: nmfir_bert.csv
2023-03-14 14:19:23,350 - padding_mode: zero
2023-03-14 14:19:23,350 - padding_loc: end
2023-03-14 14:19:23,350 - need_aligned: False
2023-03-14 14:19:23,350 - eval_monitor: f1
2023-03-14 14:19:23,350 - train_batch_size: 6
2023-03-14 14:19:23,350 - eval_batch_size: 6
2023-03-14 14:19:23,350 - test_batch_size: 4
2023-03-14 14:19:23,350 - wait_patience: 4
2023-03-14 14:19:23,350 - num_train_epochs: 100
2023-03-14 14:19:23,350 - use_cmd_sim: False
2023-03-14 14:19:23,350 - reverse_grad_weight: 0.8
2023-03-14 14:19:23,350 - hidden_size: 256
2023-03-14 14:19:23,350 - dropout_rate: 0.1
2023-03-14 14:19:23,350 - diff_weight: 0.7
2023-03-14 14:19:23,350 - sim_weight: 0.7
2023-03-14 14:19:23,350 - recon_weight: 0.3
2023-03-14 14:19:23,350 - lr: 3e-05
2023-03-14 14:19:23,350 - grad_clip: -1.0
2023-03-14 14:19:23,350 - gamma: 0.5
2023-03-14 14:19:23,350 - common_hyper_param: {'common_param': {'padding_mode': 'zero', 'padding_loc': 'end', 'need_aligned': False, 'eval_monitor': 'f1', 'train_batch_size': 6, 'eval_batch_size': 6, 'test_batch_size': 4, 'wait_patience': 4}, 'hyper_param': {'num_train_epochs': 100, 'use_cmd_sim': False, 'reverse_grad_weight': 0.8, 'hidden_size': 256, 'dropout_rate': 0.1, 'diff_weight': 0.7, 'sim_weight': 0.7, 'recon_weight': 0.3, 'lr': 3e-05, 'grad_clip': -1.0, 'gamma': 0.5}}
2023-03-14 14:19:23,350 - pred_output_path: outputs\nmfir_MIntRec_multi-class_2023-03-14-14-19-23
2023-03-14 14:19:23,350 - model_output_path: outputs\nmfir_MIntRec_multi-class_2023-03-14-14-19-23\models
2023-03-14 14:19:23,350 - ============================== End Params ==============================
2023-03-14 14:19:23,354 - Generate Text Features Begin...
2023-03-14 14:19:40,705 - Generate Text Features Finished...
2023-03-14 14:19:40,705 - Load Video Features Begin...
2023-03-14 14:19:41,143 - Load Video Features Finished...
2023-03-14 14:19:41,503 - Load Audio Features Begin...
2023-03-14 14:19:42,207 - Load Audio Features Finished...
2023-03-14 14:21:07,199 - Multimodal intent recognition begins...
2023-03-14 14:21:07,223 - Training begins...
2023-03-14 14:22:12,260 - ***** Epoch: 1: Eval results *****
2023-03-14 14:22:12,289 -   best_eval_score = 0.3843
2023-03-14 14:22:12,289 -   eval_score = 0.3843
2023-03-14 14:22:12,289 -   train_loss = 3.1766
2023-03-14 14:22:49,389 - ***** Epoch: 2: Eval results *****
2023-03-14 14:22:49,389 -   best_eval_score = 0.5887
2023-03-14 14:22:49,389 -   eval_score = 0.5887
2023-03-14 14:22:49,389 -   train_loss = 1.9254
2023-03-14 14:23:26,696 - ***** Epoch: 3: Eval results *****
2023-03-14 14:23:26,696 -   best_eval_score = 0.6093
2023-03-14 14:23:26,697 -   eval_score = 0.6093
2023-03-14 14:23:26,697 -   train_loss = 1.3672
2023-03-14 14:24:03,311 - ***** Epoch: 4: Eval results *****
2023-03-14 14:24:03,311 -   best_eval_score = 0.6444
2023-03-14 14:24:03,320 -   eval_score = 0.6444
2023-03-14 14:24:03,320 -   train_loss = 1.1483
2023-03-14 14:24:40,340 - ***** Epoch: 5: Eval results *****
2023-03-14 14:24:40,340 -   best_eval_score = 0.6681
2023-03-14 14:24:40,340 -   eval_score = 0.6681
2023-03-14 14:24:40,340 -   train_loss = 0.9815
2023-03-14 14:25:17,300 - ***** Epoch: 6: Eval results *****
2023-03-14 14:25:17,300 -   best_eval_score = 0.6835
2023-03-14 14:25:17,300 -   eval_score = 0.6835
2023-03-14 14:25:17,300 -   train_loss = 0.8956
2023-03-14 14:25:56,905 - EarlyStopping counter: 1 out of 4
2023-03-14 14:25:56,905 - ***** Epoch: 7: Eval results *****
2023-03-14 14:25:56,905 -   best_eval_score = 0.6835
2023-03-14 14:25:56,905 -   eval_score = 0.626
2023-03-14 14:25:56,905 -   train_loss = 0.8669
2023-03-14 14:26:39,349 - EarlyStopping counter: 2 out of 4
2023-03-14 14:26:39,349 - ***** Epoch: 8: Eval results *****
2023-03-14 14:26:39,349 -   best_eval_score = 0.6835
2023-03-14 14:26:39,349 -   eval_score = 0.6399
2023-03-14 14:26:39,349 -   train_loss = 0.8438
2023-03-14 14:27:23,690 - EarlyStopping counter: 3 out of 4
2023-03-14 14:27:23,690 - ***** Epoch: 9: Eval results *****
2023-03-14 14:27:23,690 -   best_eval_score = 0.6835
2023-03-14 14:27:23,690 -   eval_score = 0.651
2023-03-14 14:27:23,690 -   train_loss = 0.8087
2023-03-14 14:28:03,675 - EarlyStopping counter: 4 out of 4
2023-03-14 14:28:03,675 - ***** Epoch: 10: Eval results *****
2023-03-14 14:28:03,675 -   best_eval_score = 0.6835
2023-03-14 14:28:03,675 -   eval_score = 0.6699
2023-03-14 14:28:03,675 -   train_loss = 0.7974
2023-03-14 14:28:03,680 - EarlyStopping at epoch 10
2023-03-14 14:28:03,680 - Trained models are saved in outputs\nmfir_MIntRec_multi-class_2023-03-14-14-19-23\models
2023-03-14 14:28:04,760 - Training is finished...
2023-03-14 14:28:04,760 - Testing begins...
2023-03-14 14:28:08,410 - ***** Test: Confusion Matrix *****
2023-03-14 14:28:08,420 - [[37  0  0  0  7  0  0  1  3  3  0  0  6  0  0  0  0  0  0  0]
 [ 0 36  0  0  0  2  2  0  0  0  0  0  2  1  0  0  0  0  0  0]
 [ 1  0 26  0  0  0  0  0  0  0  0  0  0  0  0  0  0  0  0  0]
 [ 0  1  0 24  0  0  0  0  0  0  0  0  0  0  0  0  0  0  0  0]
 [ 5  0  0  0 12  0  3  0  1  0  0  1  0  0  1  0  0  0  0  0]
 [ 0  0  0  0  0 12  0  0  0  0  0  0  0  0  0  0  0  0  0  0]
 [ 2  1  0  0  1  0  2  0  4  0  0  0  1  0  1  0  0  0  0  0]
 [ 4  0  0  0  0  1  0  4  1  0  0  0  0  0  0  0  0  0  0  0]
 [ 1  0  0  0  0  0  0  2  6  0  0  0  0  1  0  0  0  0  0  0]
 [ 2  0  0  0  0  0  0  0  0  2  1  0  1  0  0  2  0  2  0  0]
 [ 2  0  0  0  0  0  1  1  0  1 12  0  0  0  1  0  0  0  0  0]
 [ 0  0  0  0  0  0  0  0  0  0  0 18  0  0  0  0  0  0  0  1]
 [ 3  0  0  0  1  0  2  2  1  0  0  1 39  4  4  0  0  0  0  0]
 [ 0  0  0  0  0  0  2  1  0  0  1  1  1 18  1  0  0  0  0  0]
 [ 0  0  0  0  1  0  0  0  1  0  0  0  0  3 15  0  1  0  0  1]
 [ 0  1  0  1  0  0  0  0  2  0  0  0  3  1  1 12  0  0  0  0]
 [ 0  0  0  0  0  0  0  0  0  0  0  0  2  0  1  0 14  0  0  0]
 [ 0  0  0  0  0  0  0  0  0  1  0  0  2  0  0  0  0 12  0  0]
 [ 0  0  0  0  0  0  0  0  0  0  0  0  4  0  0  1  1  0  6  0]
 [ 0  0  0  0  0  0  0  0  0  0  0  0  0  1  1  0  1  0  0  7]]
2023-03-14 14:28:08,420 - ***** Evaluation results *****
2023-03-14 14:28:08,420 -   acc = 0.7056
2023-03-14 14:28:08,420 -   f1 = 0.6706
2023-03-14 14:28:08,420 -   prec = 0.691
2023-03-14 14:28:08,420 -   rec = 0.6696
2023-03-14 14:28:08,429 - Testing is finished...
2023-03-14 14:28:08,440 - Multimodal intent recognition is finished...
2023-03-14 14:28:08,440 - Results are saved in results\nmfir_bert.csv
