2022-11-18 14:29:33,834 - ============================== Params ==============================
2022-11-18 14:29:33,834 - logger_name: nmfir_MIntRec_multi-class_2022-11-18-14-29-33
2022-11-18 14:29:33,834 - dataset: MIntRec
2022-11-18 14:29:33,834 - data_mode: multi-class
2022-11-18 14:29:33,834 - method: nmfir
2022-11-18 14:29:33,834 - text_backbone: bert-base-uncased
2022-11-18 14:29:33,834 - seed: 0
2022-11-18 14:29:33,834 - num_workers: 0
2022-11-18 14:29:33,835 - gpu_id: 0
2022-11-18 14:29:33,835 - data_path: MIA-datasets
2022-11-18 14:29:33,835 - train: True
2022-11-18 14:29:33,835 - tune: False
2022-11-18 14:29:33,835 - save_model: True
2022-11-18 14:29:33,835 - save_results: True
2022-11-18 14:29:33,835 - log_path: logs
2022-11-18 14:29:33,835 - cache_path: cache
2022-11-18 14:29:33,835 - video_data_path: video_data
2022-11-18 14:29:33,835 - audio_data_path: audio_data
2022-11-18 14:29:33,835 - video_feats_path: video_feats.pkl
2022-11-18 14:29:33,835 - audio_feats_path: audio_feats.pkl
2022-11-18 14:29:33,835 - results_path: results
2022-11-18 14:29:33,835 - output_path: outputs
2022-11-18 14:29:33,835 - model_path: models
2022-11-18 14:29:33,835 - config_file_name: nmfir_bert
2022-11-18 14:29:33,835 - results_file_name: nmfir_bert.csv
2022-11-18 14:29:33,835 - padding_mode: zero
2022-11-18 14:29:33,835 - padding_loc: end
2022-11-18 14:29:33,835 - need_aligned: False
2022-11-18 14:29:33,835 - eval_monitor: f1
2022-11-18 14:29:33,835 - train_batch_size: 6
2022-11-18 14:29:33,835 - eval_batch_size: 6
2022-11-18 14:29:33,835 - test_batch_size: 4
2022-11-18 14:29:33,835 - wait_patience: 4
2022-11-18 14:29:33,835 - num_train_epochs: 100
2022-11-18 14:29:33,835 - use_cmd_sim: False
2022-11-18 14:29:33,835 - reverse_grad_weight: 0.8
2022-11-18 14:29:33,835 - hidden_size: 256
2022-11-18 14:29:33,835 - dropout_rate: 0.1
2022-11-18 14:29:33,835 - diff_weight: 0.7
2022-11-18 14:29:33,835 - sim_weight: 0.7
2022-11-18 14:29:33,835 - recon_weight: 0.6
2022-11-18 14:29:33,835 - lr: 3e-05
2022-11-18 14:29:33,835 - grad_clip: -1.0
2022-11-18 14:29:33,835 - gamma: 0.5
2022-11-18 14:29:33,835 - common_hyper_param: {'common_param': {'padding_mode': 'zero', 'padding_loc': 'end', 'need_aligned': False, 'eval_monitor': 'f1', 'train_batch_size': 6, 'eval_batch_size': 6, 'test_batch_size': 4, 'wait_patience': 4}, 'hyper_param': {'num_train_epochs': 100, 'use_cmd_sim': False, 'reverse_grad_weight': 0.8, 'hidden_size': 256, 'dropout_rate': 0.1, 'diff_weight': 0.7, 'sim_weight': 0.7, 'recon_weight': 0.6, 'lr': 3e-05, 'grad_clip': -1.0, 'gamma': 0.5}}
2022-11-18 14:29:33,835 - pred_output_path: outputs\nmfir_MIntRec_multi-class_2022-11-18-14-29-33
2022-11-18 14:29:33,835 - model_output_path: outputs\nmfir_MIntRec_multi-class_2022-11-18-14-29-33\models
2022-11-18 14:29:33,835 - ============================== End Params ==============================
2022-11-18 14:29:33,839 - Generate Text Features Begin...
2022-11-18 14:29:49,537 - Generate Text Features Finished...
2022-11-18 14:29:49,545 - Load Video Features Begin...
2022-11-18 14:29:49,939 - Load Video Features Finished...
2022-11-18 14:29:50,331 - Load Audio Features Begin...
2022-11-18 14:29:51,064 - Load Audio Features Finished...
2022-11-18 14:30:06,526 - Multimodal intent recognition begins...
2022-11-18 14:30:06,529 - Training begins...
2022-11-18 14:30:36,445 - ***** Epoch: 1: Eval results *****
2022-11-18 14:30:36,458 -   best_eval_score = 0.3847
2022-11-18 14:30:36,458 -   eval_score = 0.3847
2022-11-18 14:30:36,458 -   train_loss = 3.5575
2022-11-18 14:30:59,927 - ***** Epoch: 2: Eval results *****
2022-11-18 14:30:59,927 -   best_eval_score = 0.5583
2022-11-18 14:30:59,927 -   eval_score = 0.5583
2022-11-18 14:30:59,927 -   train_loss = 2.2107
2022-11-18 14:31:23,997 - ***** Epoch: 3: Eval results *****
2022-11-18 14:31:23,997 -   best_eval_score = 0.648
2022-11-18 14:31:23,997 -   eval_score = 0.648
2022-11-18 14:31:23,997 -   train_loss = 1.5233
2022-11-18 14:31:48,588 - EarlyStopping counter: 1 out of 4
2022-11-18 14:31:48,588 - ***** Epoch: 4: Eval results *****
2022-11-18 14:31:48,591 -   best_eval_score = 0.648
2022-11-18 14:31:48,591 -   eval_score = 0.6467
2022-11-18 14:31:48,591 -   train_loss = 1.2199
2022-11-18 14:32:13,312 - ***** Epoch: 5: Eval results *****
2022-11-18 14:32:13,313 -   best_eval_score = 0.6489
2022-11-18 14:32:13,313 -   eval_score = 0.6489
2022-11-18 14:32:13,313 -   train_loss = 1.0695
2022-11-18 14:32:37,977 - ***** Epoch: 6: Eval results *****
2022-11-18 14:32:37,977 -   best_eval_score = 0.6692
2022-11-18 14:32:37,977 -   eval_score = 0.6692
2022-11-18 14:32:37,977 -   train_loss = 0.984
2022-11-18 14:33:02,703 - ***** Epoch: 7: Eval results *****
2022-11-18 14:33:02,703 -   best_eval_score = 0.6745
2022-11-18 14:33:02,703 -   eval_score = 0.6745
2022-11-18 14:33:02,703 -   train_loss = 0.9264
2022-11-18 14:33:26,023 - EarlyStopping counter: 1 out of 4
2022-11-18 14:33:26,023 - ***** Epoch: 8: Eval results *****
2022-11-18 14:33:26,023 -   best_eval_score = 0.6745
2022-11-18 14:33:26,023 -   eval_score = 0.669
2022-11-18 14:33:26,023 -   train_loss = 0.885
2022-11-18 14:33:51,129 - EarlyStopping counter: 2 out of 4
2022-11-18 14:33:51,129 - ***** Epoch: 9: Eval results *****
2022-11-18 14:33:51,129 -   best_eval_score = 0.6745
2022-11-18 14:33:51,129 -   eval_score = 0.6667
2022-11-18 14:33:51,129 -   train_loss = 0.86
2022-11-18 14:34:16,049 - EarlyStopping counter: 3 out of 4
2022-11-18 14:34:16,050 - ***** Epoch: 10: Eval results *****
2022-11-18 14:34:16,050 -   best_eval_score = 0.6745
2022-11-18 14:34:16,050 -   eval_score = 0.6692
2022-11-18 14:34:16,050 -   train_loss = 0.8519
2022-11-18 14:34:38,708 - EarlyStopping counter: 4 out of 4
2022-11-18 14:34:38,709 - ***** Epoch: 11: Eval results *****
2022-11-18 14:34:38,709 -   best_eval_score = 0.6745
2022-11-18 14:34:38,709 -   eval_score = 0.6683
2022-11-18 14:34:38,709 -   train_loss = 0.8503
2022-11-18 14:34:38,709 - EarlyStopping at epoch 11
2022-11-18 14:34:38,709 - Trained models are saved in outputs\nmfir_MIntRec_multi-class_2022-11-18-14-29-33\models
2022-11-18 14:34:39,546 - Training is finished...
2022-11-18 14:34:39,546 - Testing begins...
2022-11-18 14:34:42,330 - ***** Test: Confusion Matrix *****
2022-11-18 14:34:42,335 - [[31  2  0  0  8  0  2  1  3  2  1  0  5  2  0  0  0  0  0  0]
 [ 0 39  0  1  0  1  0  0  0  0  0  0  1  1  0  0  0  0  0  0]
 [ 0  0 27  0  0  0  0  0  0  0  0  0  0  0  0  0  0  0  0  0]
 [ 0  0  0 25  0  0  0  0  0  0  0  0  0  0  0  0  0  0  0  0]
 [ 3  0  0  0  9  0  5  0  1  1  0  1  0  0  1  0  0  2  0  0]
 [ 0  0  0  0  0 11  0  0  0  0  0  0  1  0  0  0  0  0  0  0]
 [ 1  0  0  0  3  0  2  1  3  0  0  0  1  0  0  0  0  0  0  1]
 [ 3  0  0  0  0  1  0  5  1  0  0  0  0  0  0  0  0  0  0  0]
 [ 1  0  0  0  0  0  1  2  6  0  0  0  0  0  0  0  0  0  0  0]
 [ 1  0  0  0  0  0  1  1  0  3  0  0  0  0  0  3  0  1  0  0]
 [ 1  0  0  0  0  0  1  1  0  0 15  0  0  0  0  0  0  0  0  0]
 [ 0  0  0  0  0  0  1  0  0  0  0 16  0  0  0  0  0  0  0  2]
 [ 3  0  0  1  0  1  2  0  1  0  0  0 39  0  6  3  0  0  1  0]
 [ 0  0  0  0  0  0  3  0  0  0  1  1  2 15  1  0  1  0  0  1]
 [ 0  0  0  0  0  0  0  0  0  0  0  0  1  2 15  0  1  0  0  3]
 [ 0  0  0  1  0  0  0  1  0  0  0  0  2  0  1 16  0  0  0  0]
 [ 1  0  0  0  0  0  0  0  0  0  0  0  1  0  1  1 13  0  0  0]
 [ 0  0  0  0  0  0  0  0  0  1  0  0  1  0  0  0  0 12  0  1]
 [ 0  1  0  0  0  0  0  0  0  0  0  0  3  0  0  1  0  0  7  0]
 [ 0  0  0  0  0  0  0  0  0  0  0  0  0  1  1  0  0  0  0  8]]
2022-11-18 14:34:42,336 - ***** Evaluation results *****
2022-11-18 14:34:42,336 -   acc = 0.7056
2022-11-18 14:34:42,336 -   f1 = 0.6738
2022-11-18 14:34:42,336 -   prec = 0.6779
2022-11-18 14:34:42,336 -   rec = 0.6838
2022-11-18 14:34:42,341 - Testing is finished...
2022-11-18 14:34:42,341 - Multimodal intent recognition is finished...
2022-11-18 14:34:42,341 - Results are saved in results\nmfir_bert.csv
