2022-11-18 12:07:18,133 - ============================== Params ==============================
2022-11-18 12:07:18,133 - logger_name: nmfir_MIntRec_multi-class_2022-11-18-12-07-18
2022-11-18 12:07:18,133 - dataset: MIntRec
2022-11-18 12:07:18,133 - data_mode: multi-class
2022-11-18 12:07:18,133 - method: nmfir
2022-11-18 12:07:18,133 - text_backbone: bert-base-uncased
2022-11-18 12:07:18,133 - seed: 0
2022-11-18 12:07:18,133 - num_workers: 0
2022-11-18 12:07:18,133 - gpu_id: 0
2022-11-18 12:07:18,133 - data_path: MIA-datasets
2022-11-18 12:07:18,133 - train: True
2022-11-18 12:07:18,133 - tune: False
2022-11-18 12:07:18,133 - save_model: True
2022-11-18 12:07:18,133 - save_results: True
2022-11-18 12:07:18,133 - log_path: logs
2022-11-18 12:07:18,133 - cache_path: cache
2022-11-18 12:07:18,133 - video_data_path: video_data
2022-11-18 12:07:18,133 - audio_data_path: audio_data
2022-11-18 12:07:18,133 - video_feats_path: video_feats.pkl
2022-11-18 12:07:18,133 - audio_feats_path: audio_feats.pkl
2022-11-18 12:07:18,133 - results_path: results
2022-11-18 12:07:18,133 - output_path: outputs
2022-11-18 12:07:18,134 - model_path: models
2022-11-18 12:07:18,134 - config_file_name: nmfir_bert
2022-11-18 12:07:18,134 - results_file_name: nmfir_bert.csv
2022-11-18 12:07:18,134 - padding_mode: zero
2022-11-18 12:07:18,134 - padding_loc: end
2022-11-18 12:07:18,134 - need_aligned: False
2022-11-18 12:07:18,134 - eval_monitor: f1
2022-11-18 12:07:18,134 - train_batch_size: 6
2022-11-18 12:07:18,134 - eval_batch_size: 6
2022-11-18 12:07:18,134 - test_batch_size: 4
2022-11-18 12:07:18,134 - wait_patience: 4
2022-11-18 12:07:18,134 - num_train_epochs: 100
2022-11-18 12:07:18,134 - use_cmd_sim: False
2022-11-18 12:07:18,134 - reverse_grad_weight: 0.8
2022-11-18 12:07:18,134 - hidden_size: 256
2022-11-18 12:07:18,134 - dropout_rate: 0.1
2022-11-18 12:07:18,134 - diff_weight: 0.7
2022-11-18 12:07:18,134 - sim_weight: 0.7
2022-11-18 12:07:18,134 - recon_weight: 0.6
2022-11-18 12:07:18,134 - lr: 3e-05
2022-11-18 12:07:18,134 - grad_clip: -1.0
2022-11-18 12:07:18,134 - gamma: 0.5
2022-11-18 12:07:18,134 - common_hyper_param: {'common_param': {'padding_mode': 'zero', 'padding_loc': 'end', 'need_aligned': False, 'eval_monitor': 'f1', 'train_batch_size': 6, 'eval_batch_size': 6, 'test_batch_size': 4, 'wait_patience': 4}, 'hyper_param': {'num_train_epochs': 100, 'use_cmd_sim': False, 'reverse_grad_weight': 0.8, 'hidden_size': 256, 'dropout_rate': 0.1, 'diff_weight': 0.7, 'sim_weight': 0.7, 'recon_weight': 0.6, 'lr': 3e-05, 'grad_clip': -1.0, 'gamma': 0.5}}
2022-11-18 12:07:18,134 - pred_output_path: outputs\nmfir_MIntRec_multi-class_2022-11-18-12-07-18
2022-11-18 12:07:18,134 - model_output_path: outputs\nmfir_MIntRec_multi-class_2022-11-18-12-07-18\models
2022-11-18 12:07:18,134 - ============================== End Params ==============================
2022-11-18 12:07:18,137 - Generate Text Features Begin...
2022-11-18 12:07:34,134 - Generate Text Features Finished...
2022-11-18 12:07:34,134 - Load Video Features Begin...
2022-11-18 12:07:34,538 - Load Video Features Finished...
2022-11-18 12:07:34,939 - Load Audio Features Begin...
2022-11-18 12:07:35,676 - Load Audio Features Finished...
2022-11-18 12:07:54,147 - Multimodal intent recognition begins...
2022-11-18 12:07:54,151 - Training begins...
2022-11-18 12:08:29,199 - ***** Epoch: 1: Eval results *****
2022-11-18 12:08:29,207 -   best_eval_score = 0.5337
2022-11-18 12:08:29,207 -   eval_score = 0.5337
2022-11-18 12:08:29,207 -   train_loss = 3.3627
2022-11-18 12:08:58,412 - ***** Epoch: 2: Eval results *****
2022-11-18 12:08:58,412 -   best_eval_score = 0.5693
2022-11-18 12:08:58,412 -   eval_score = 0.5693
2022-11-18 12:08:58,412 -   train_loss = 1.9737
2022-11-18 12:09:26,460 - ***** Epoch: 3: Eval results *****
2022-11-18 12:09:26,460 -   best_eval_score = 0.6254
2022-11-18 12:09:26,460 -   eval_score = 0.6254
2022-11-18 12:09:26,460 -   train_loss = 1.4171
2022-11-18 12:09:54,774 - ***** Epoch: 4: Eval results *****
2022-11-18 12:09:54,774 -   best_eval_score = 0.6543
2022-11-18 12:09:54,774 -   eval_score = 0.6543
2022-11-18 12:09:54,774 -   train_loss = 1.169
2022-11-18 12:10:22,547 - ***** Epoch: 5: Eval results *****
2022-11-18 12:10:22,547 -   best_eval_score = 0.6664
2022-11-18 12:10:22,547 -   eval_score = 0.6664
2022-11-18 12:10:22,547 -   train_loss = 1.0002
2022-11-18 12:10:50,395 - EarlyStopping counter: 1 out of 4
2022-11-18 12:10:50,395 - ***** Epoch: 6: Eval results *****
2022-11-18 12:10:50,395 -   best_eval_score = 0.6664
2022-11-18 12:10:50,395 -   eval_score = 0.655
2022-11-18 12:10:50,395 -   train_loss = 0.8938
2022-11-18 12:11:19,042 - ***** Epoch: 7: Eval results *****
2022-11-18 12:11:19,043 -   best_eval_score = 0.6746
2022-11-18 12:11:19,043 -   eval_score = 0.6746
2022-11-18 12:11:19,043 -   train_loss = 0.8546
2022-11-18 12:11:50,285 - ***** Epoch: 8: Eval results *****
2022-11-18 12:11:50,285 -   best_eval_score = 0.6773
2022-11-18 12:11:50,285 -   eval_score = 0.6773
2022-11-18 12:11:50,285 -   train_loss = 0.843
2022-11-18 12:12:23,025 - EarlyStopping counter: 1 out of 4
2022-11-18 12:12:23,025 - ***** Epoch: 9: Eval results *****
2022-11-18 12:12:23,025 -   best_eval_score = 0.6773
2022-11-18 12:12:23,025 -   eval_score = 0.6717
2022-11-18 12:12:23,025 -   train_loss = 0.8218
2022-11-18 12:12:53,578 - EarlyStopping counter: 2 out of 4
2022-11-18 12:12:53,578 - ***** Epoch: 10: Eval results *****
2022-11-18 12:12:53,578 -   best_eval_score = 0.6773
2022-11-18 12:12:53,578 -   eval_score = 0.6661
2022-11-18 12:12:53,578 -   train_loss = 0.8133
2022-11-18 12:13:24,026 - EarlyStopping counter: 3 out of 4
2022-11-18 12:13:24,027 - ***** Epoch: 11: Eval results *****
2022-11-18 12:13:24,027 -   best_eval_score = 0.6773
2022-11-18 12:13:24,027 -   eval_score = 0.6671
2022-11-18 12:13:24,027 -   train_loss = 0.8108
2022-11-18 12:13:53,521 - EarlyStopping counter: 4 out of 4
2022-11-18 12:13:53,521 - ***** Epoch: 12: Eval results *****
2022-11-18 12:13:53,522 -   best_eval_score = 0.6773
2022-11-18 12:13:53,522 -   eval_score = 0.6681
2022-11-18 12:13:53,522 -   train_loss = 0.8093
2022-11-18 12:13:53,522 - EarlyStopping at epoch 12
2022-11-18 12:13:53,522 - Trained models are saved in outputs\nmfir_MIntRec_multi-class_2022-11-18-12-07-18\models
2022-11-18 12:13:54,452 - Training is finished...
2022-11-18 12:13:54,452 - Testing begins...
2022-11-18 12:13:57,090 - ***** Test: Confusion Matrix *****
2022-11-18 12:13:57,095 - [[33  2  0  0  6  0  2  2  1  4  0  0  5  2  0  0  0  0  0  0]
 [ 0 37  0  1  0  2  2  0  0  0  0  0  1  0  0  0  0  0  0  0]
 [ 1  0 26  0  0  0  0  0  0  0  0  0  0  0  0  0  0  0  0  0]
 [ 0  0  0 25  0  0  0  0  0  0  0  0  0  0  0  0  0  0  0  0]
 [ 2  0  0  0 13  0  4  0  0  0  0  1  1  0  1  0  0  1  0  0]
 [ 0  0  0  0  0 12  0  0  0  0  0  0  0  0  0  0  0  0  0  0]
 [ 1  1  0  0  1  0  2  1  4  0  0  0  1  0  1  0  0  0  0  0]
 [ 2  0  0  0  0  0  0  7  0  1  0  0  0  0  0  0  0  0  0  0]
 [ 1  0  0  0  0  0  2  2  4  0  0  0  0  0  0  1  0  0  0  0]
 [ 1  0  0  0  0  0  1  0  0  3  1  0  0  0  0  3  0  1  0  0]
 [ 0  0  0  0  0  0  0  1  0  2 15  0  0  0  0  0  0  0  0  0]
 [ 0  0  0  0  0  0  2  0  0  0  0 15  1  0  0  0  0  0  1  0]
 [ 2  0  0  0  1  1  2  2  0  0  2  0 41  0  3  1  1  1  0  0]
 [ 0  0  0  0  0  0  2  0  0  0  1  1  3 16  1  0  0  0  0  1]
 [ 0  0  0  0  1  0  0  0  0  0  0  0  1  2 16  0  0  0  0  2]
 [ 0  1  0  0  0  0  0  0  1  0  0  0  5  0  0 13  0  0  0  1]
 [ 0  0  0  0  0  0  0  0  0  0  0  0  3  0  2  0 12  0  0  0]
 [ 0  0  0  0  0  0  0  0  0  1  1  0  1  0  0  0  0 12  0  0]
 [ 0  0  0  0  0  0  0  0  0  0  0  0  2  0  0  1  0  0  9  0]
 [ 1  0  0  0  0  0  0  0  0  0  0  0  0  1  1  0  1  0  0  6]]
2022-11-18 12:13:57,095 - ***** Evaluation results *****
2022-11-18 12:13:57,096 -   acc = 0.7124
2022-11-18 12:13:57,096 -   f1 = 0.6826
2022-11-18 12:13:57,096 -   prec = 0.6878
2022-11-18 12:13:57,096 -   rec = 0.6859
2022-11-18 12:13:57,099 - Testing is finished...
2022-11-18 12:13:57,099 - Multimodal intent recognition is finished...
2022-11-18 12:13:57,100 - Results are saved in results\nmfir_bert.csv
