2023-03-13 19:37:15,873 - ============================== Params ==============================
2023-03-13 19:37:15,873 - logger_name: nmfir_MIntRec_multi-class_2023-03-13-19-37-15
2023-03-13 19:37:15,873 - dataset: MIntRec
2023-03-13 19:37:15,874 - data_mode: multi-class
2023-03-13 19:37:15,874 - method: nmfir
2023-03-13 19:37:15,874 - text_backbone: bert-base-uncased
2023-03-13 19:37:15,874 - seed: 0
2023-03-13 19:37:15,874 - num_workers: 0
2023-03-13 19:37:15,874 - gpu_id: 0
2023-03-13 19:37:15,874 - data_path: MIA-datasets
2023-03-13 19:37:15,874 - train: True
2023-03-13 19:37:15,874 - tune: False
2023-03-13 19:37:15,874 - save_model: True
2023-03-13 19:37:15,874 - save_results: True
2023-03-13 19:37:15,874 - log_path: logs
2023-03-13 19:37:15,874 - cache_path: cache
2023-03-13 19:37:15,874 - video_data_path: video_data
2023-03-13 19:37:15,874 - audio_data_path: audio_data
2023-03-13 19:37:15,874 - video_feats_path: video_feats.pkl
2023-03-13 19:37:15,874 - audio_feats_path: audio_feats.pkl
2023-03-13 19:37:15,874 - results_path: results
2023-03-13 19:37:15,874 - output_path: outputs
2023-03-13 19:37:15,874 - model_path: models
2023-03-13 19:37:15,874 - config_file_name: nmfir_bert
2023-03-13 19:37:15,874 - results_file_name: nmfir_bert.csv
2023-03-13 19:37:15,874 - padding_mode: zero
2023-03-13 19:37:15,874 - padding_loc: end
2023-03-13 19:37:15,874 - need_aligned: False
2023-03-13 19:37:15,874 - eval_monitor: f1
2023-03-13 19:37:15,874 - train_batch_size: 6
2023-03-13 19:37:15,874 - eval_batch_size: 6
2023-03-13 19:37:15,874 - test_batch_size: 4
2023-03-13 19:37:15,874 - wait_patience: 4
2023-03-13 19:37:15,874 - num_train_epochs: 100
2023-03-13 19:37:15,874 - use_cmd_sim: False
2023-03-13 19:37:15,874 - reverse_grad_weight: 0.8
2023-03-13 19:37:15,874 - hidden_size: 256
2023-03-13 19:37:15,874 - dropout_rate: 0.1
2023-03-13 19:37:15,874 - diff_weight: 0.7
2023-03-13 19:37:15,875 - sim_weight: 0.7
2023-03-13 19:37:15,875 - recon_weight: 0.6
2023-03-13 19:37:15,875 - lr: 3e-05
2023-03-13 19:37:15,875 - grad_clip: -1.0
2023-03-13 19:37:15,875 - gamma: 0.5
2023-03-13 19:37:15,875 - common_hyper_param: {'common_param': {'padding_mode': 'zero', 'padding_loc': 'end', 'need_aligned': False, 'eval_monitor': 'f1', 'train_batch_size': 6, 'eval_batch_size': 6, 'test_batch_size': 4, 'wait_patience': 4}, 'hyper_param': {'num_train_epochs': 100, 'use_cmd_sim': False, 'reverse_grad_weight': 0.8, 'hidden_size': 256, 'dropout_rate': 0.1, 'diff_weight': 0.7, 'sim_weight': 0.7, 'recon_weight': 0.6, 'lr': 3e-05, 'grad_clip': -1.0, 'gamma': 0.5}}
2023-03-13 19:37:15,875 - pred_output_path: outputs\nmfir_MIntRec_multi-class_2023-03-13-19-37-15
2023-03-13 19:37:15,875 - model_output_path: outputs\nmfir_MIntRec_multi-class_2023-03-13-19-37-15\models
2023-03-13 19:37:15,875 - ============================== End Params ==============================
2023-03-13 19:37:15,877 - Generate Text Features Begin...
2023-03-13 19:37:38,082 - Generate Text Features Finished...
2023-03-13 19:37:38,082 - Load Video Features Begin...
2023-03-13 19:37:38,896 - Load Video Features Finished...
2023-03-13 19:37:39,359 - Load Audio Features Begin...
2023-03-13 19:37:43,579 - Load Audio Features Finished...
