2022-11-18 13:59:52,969 - ============================== Params ==============================
2022-11-18 13:59:52,969 - logger_name: nmfir_MIntRec_multi-class_2022-11-18-13-59-52
2022-11-18 13:59:52,969 - dataset: MIntRec
2022-11-18 13:59:52,969 - data_mode: multi-class
2022-11-18 13:59:52,969 - method: nmfir
2022-11-18 13:59:52,969 - text_backbone: bert-base-uncased
2022-11-18 13:59:52,969 - seed: 0
2022-11-18 13:59:52,969 - num_workers: 0
2022-11-18 13:59:52,969 - gpu_id: 0
2022-11-18 13:59:52,969 - data_path: MIA-datasets
2022-11-18 13:59:52,969 - train: True
2022-11-18 13:59:52,969 - tune: False
2022-11-18 13:59:52,970 - save_model: True
2022-11-18 13:59:52,970 - save_results: True
2022-11-18 13:59:52,970 - log_path: logs
2022-11-18 13:59:52,970 - cache_path: cache
2022-11-18 13:59:52,970 - video_data_path: video_data
2022-11-18 13:59:52,970 - audio_data_path: audio_data
2022-11-18 13:59:52,970 - video_feats_path: video_feats.pkl
2022-11-18 13:59:52,970 - audio_feats_path: audio_feats.pkl
2022-11-18 13:59:52,970 - results_path: results
2022-11-18 13:59:52,970 - output_path: outputs
2022-11-18 13:59:52,970 - model_path: models
2022-11-18 13:59:52,970 - config_file_name: nmfir_bert
2022-11-18 13:59:52,970 - results_file_name: nmfir_bert.csv
2022-11-18 13:59:52,970 - padding_mode: zero
2022-11-18 13:59:52,970 - padding_loc: end
2022-11-18 13:59:52,970 - need_aligned: False
2022-11-18 13:59:52,970 - eval_monitor: f1
2022-11-18 13:59:52,970 - train_batch_size: 6
2022-11-18 13:59:52,970 - eval_batch_size: 6
2022-11-18 13:59:52,970 - test_batch_size: 4
2022-11-18 13:59:52,970 - wait_patience: 4
2022-11-18 13:59:52,970 - num_train_epochs: 100
2022-11-18 13:59:52,970 - use_cmd_sim: False
2022-11-18 13:59:52,970 - reverse_grad_weight: 0.8
2022-11-18 13:59:52,970 - hidden_size: 256
2022-11-18 13:59:52,970 - dropout_rate: 0.1
2022-11-18 13:59:52,970 - diff_weight: 0.7
2022-11-18 13:59:52,970 - sim_weight: 0.7
2022-11-18 13:59:52,970 - recon_weight: 0.6
2022-11-18 13:59:52,970 - lr: 3e-05
2022-11-18 13:59:52,970 - grad_clip: -1.0
2022-11-18 13:59:52,970 - gamma: 0.5
2022-11-18 13:59:52,970 - common_hyper_param: {'common_param': {'padding_mode': 'zero', 'padding_loc': 'end', 'need_aligned': False, 'eval_monitor': 'f1', 'train_batch_size': 6, 'eval_batch_size': 6, 'test_batch_size': 4, 'wait_patience': 4}, 'hyper_param': {'num_train_epochs': 100, 'use_cmd_sim': False, 'reverse_grad_weight': 0.8, 'hidden_size': 256, 'dropout_rate': 0.1, 'diff_weight': 0.7, 'sim_weight': 0.7, 'recon_weight': 0.6, 'lr': 3e-05, 'grad_clip': -1.0, 'gamma': 0.5}}
2022-11-18 13:59:52,970 - pred_output_path: outputs\nmfir_MIntRec_multi-class_2022-11-18-13-59-52
2022-11-18 13:59:52,970 - model_output_path: outputs\nmfir_MIntRec_multi-class_2022-11-18-13-59-52\models
2022-11-18 13:59:52,970 - ============================== End Params ==============================
2022-11-18 13:59:52,974 - Generate Text Features Begin...
2022-11-18 14:00:08,520 - Generate Text Features Finished...
2022-11-18 14:00:08,521 - Load Video Features Begin...
2022-11-18 14:00:08,922 - Load Video Features Finished...
2022-11-18 14:00:09,320 - Load Audio Features Begin...
2022-11-18 14:00:10,156 - Load Audio Features Finished...
2022-11-18 14:00:21,558 - Multimodal intent recognition begins...
2022-11-18 14:00:21,559 - Training begins...
2022-11-18 14:00:34,459 - ***** Epoch: 1: Eval results *****
2022-11-18 14:00:34,463 -   best_eval_score = 0.0784
2022-11-18 14:00:34,463 -   eval_score = 0.0784
2022-11-18 14:00:34,463 -   train_loss = 4.1444
2022-11-18 14:00:43,245 - ***** Epoch: 2: Eval results *****
2022-11-18 14:00:43,245 -   best_eval_score = 0.2527
2022-11-18 14:00:43,245 -   eval_score = 0.2527
2022-11-18 14:00:43,245 -   train_loss = 3.4467
2022-11-18 14:00:51,878 - ***** Epoch: 3: Eval results *****
2022-11-18 14:00:51,878 -   best_eval_score = 0.39
2022-11-18 14:00:51,878 -   eval_score = 0.39
2022-11-18 14:00:51,879 -   train_loss = 2.6934
2022-11-18 14:01:00,550 - ***** Epoch: 4: Eval results *****
2022-11-18 14:01:00,550 -   best_eval_score = 0.4096
2022-11-18 14:01:00,552 -   eval_score = 0.4096
2022-11-18 14:01:00,553 -   train_loss = 2.0832
2022-11-18 14:01:09,076 - ***** Epoch: 5: Eval results *****
2022-11-18 14:01:09,076 -   best_eval_score = 0.5085
2022-11-18 14:01:09,076 -   eval_score = 0.5085
2022-11-18 14:01:09,076 -   train_loss = 1.6581
2022-11-18 14:01:17,690 - ***** Epoch: 6: Eval results *****
2022-11-18 14:01:17,690 -   best_eval_score = 0.5203
2022-11-18 14:01:17,690 -   eval_score = 0.5203
2022-11-18 14:01:17,690 -   train_loss = 1.3995
2022-11-18 14:01:26,276 - ***** Epoch: 7: Eval results *****
2022-11-18 14:01:26,276 -   best_eval_score = 0.5293
2022-11-18 14:01:26,276 -   eval_score = 0.5293
2022-11-18 14:01:26,276 -   train_loss = 1.1978
2022-11-18 14:01:34,933 - ***** Epoch: 8: Eval results *****
2022-11-18 14:01:34,933 -   best_eval_score = 0.5396
2022-11-18 14:01:34,933 -   eval_score = 0.5396
2022-11-18 14:01:34,933 -   train_loss = 1.0955
2022-11-18 14:01:43,601 - ***** Epoch: 9: Eval results *****
2022-11-18 14:01:43,601 -   best_eval_score = 0.5505
2022-11-18 14:01:43,601 -   eval_score = 0.5505
2022-11-18 14:01:43,601 -   train_loss = 1.0302
2022-11-18 14:01:52,209 - EarlyStopping counter: 1 out of 4
2022-11-18 14:01:52,210 - ***** Epoch: 10: Eval results *****
2022-11-18 14:01:52,210 -   best_eval_score = 0.5505
2022-11-18 14:01:52,210 -   eval_score = 0.5451
2022-11-18 14:01:52,210 -   train_loss = 0.981
2022-11-18 14:02:00,812 - EarlyStopping counter: 2 out of 4
2022-11-18 14:02:00,812 - ***** Epoch: 11: Eval results *****
2022-11-18 14:02:00,812 -   best_eval_score = 0.5505
2022-11-18 14:02:00,812 -   eval_score = 0.5447
2022-11-18 14:02:00,812 -   train_loss = 0.9678
2022-11-18 14:02:09,255 - EarlyStopping counter: 3 out of 4
2022-11-18 14:02:09,256 - ***** Epoch: 12: Eval results *****
2022-11-18 14:02:09,256 -   best_eval_score = 0.5505
2022-11-18 14:02:09,256 -   eval_score = 0.5457
2022-11-18 14:02:09,256 -   train_loss = 0.9571
2022-11-18 14:02:17,818 - EarlyStopping counter: 4 out of 4
2022-11-18 14:02:17,818 - ***** Epoch: 13: Eval results *****
2022-11-18 14:02:17,818 -   best_eval_score = 0.5505
2022-11-18 14:02:17,818 -   eval_score = 0.5479
2022-11-18 14:02:17,818 -   train_loss = 0.9571
2022-11-18 14:02:17,818 - EarlyStopping at epoch 13
2022-11-18 14:02:17,818 - Trained models are saved in outputs\nmfir_MIntRec_multi-class_2022-11-18-13-59-52\models
2022-11-18 14:02:18,599 - Training is finished...
2022-11-18 14:02:18,599 - Testing begins...
2022-11-18 14:02:20,964 - ***** Test: Confusion Matrix *****
2022-11-18 14:02:20,967 - [[33  1  0  0  3  0  7  4  0  0  0  1  6  2  0  0  0  0  0  0]
 [ 0 34  0  1  0  1  3  0  0  0  0  0  3  0  1  0  0  0  0  0]
 [ 1  0 24  0  0  0  0  0  0  0  0  0  2  0  0  0  0  0  0  0]
 [ 0  1  0 24  0  0  0  0  0  0  0  0  0  0  0  0  0  0  0  0]
 [ 4  0  0  0  4  0  4  0  0  0  0  1  7  1  0  0  0  2  0  0]
 [ 0  3  0  0  0  7  1  0  0  0  0  0  0  0  1  0  0  0  0  0]
 [ 1  0  0  0  1  0  3  0  1  0  0  0  4  0  0  0  1  1  0  0]
 [ 4  0  0  0  0  0  2  4  0  0  0  0  0  0  0  0  0  0  0  0]
 [ 1  1  0  0  0  0  2  2  2  0  0  0  2  0  0  0  0  0  0  0]
 [ 3  0  0  0  0  0  1  1  0  1  0  0  1  0  0  2  0  1  0  0]
 [ 3  0  0  0  0  0  4  0  0  0  7  0  2  1  0  0  0  1  0  0]
 [ 0  0  1  0  0  0  2  0  0  0  0 15  0  0  0  0  0  0  1  0]
 [ 3  0  0  2  0  0  3  0  0  0  0  0 43  1  4  0  0  0  1  0]
 [ 0  0  0  0  0  0  7  0  0  0  0  1  5  8  4  0  0  0  0  0]
 [ 0  0  1  0  0  0  1  0  0  0  0  0  2  2 15  0  1  0  0  0]
 [ 0  0  0  0  0  0  0  1  0  0  0  0  9  0  0 11  0  0  0  0]
 [ 1  0  0  0  0  0  0  0  0  0  0  0  4  0  2  0 10  0  0  0]
 [ 0  0  0  0  0  0  1  0  0  0  0  0  1  0  2  0  0 11  0  0]
 [ 0  0  0  0  0  0  0  0  0  0  0  0  1  0  0  1  0  0 10  0]
 [ 0  0  0  0  0  0  0  0  0  0  0  0  1  2  2  0  0  1  0  4]]
2022-11-18 14:02:20,967 - ***** Evaluation results *****
2022-11-18 14:02:20,967 -   acc = 0.6067
2022-11-18 14:02:20,967 -   f1 = 0.5734
2022-11-18 14:02:20,967 -   prec = 0.7035
2022-11-18 14:02:20,967 -   rec = 0.547
2022-11-18 14:02:20,971 - Testing is finished...
2022-11-18 14:02:20,971 - Multimodal intent recognition is finished...
2022-11-18 14:02:20,971 - Results are saved in results\nmfir_bert.csv
