2023-03-14 15:41:24,656 - ============================== Params ==============================
2023-03-14 15:41:24,656 - logger_name: nmfir_MIntRec_multi-class_2023-03-14-15-41-24
2023-03-14 15:41:24,656 - dataset: MIntRec
2023-03-14 15:41:24,656 - data_mode: multi-class
2023-03-14 15:41:24,656 - method: nmfir
2023-03-14 15:41:24,656 - text_backbone: bert-base-uncased
2023-03-14 15:41:24,656 - seed: 0
2023-03-14 15:41:24,656 - num_workers: 0
2023-03-14 15:41:24,656 - gpu_id: 0
2023-03-14 15:41:24,656 - data_path: MIA-datasets
2023-03-14 15:41:24,657 - train: True
2023-03-14 15:41:24,657 - tune: False
2023-03-14 15:41:24,657 - save_model: True
2023-03-14 15:41:24,657 - save_results: True
2023-03-14 15:41:24,657 - log_path: logs
2023-03-14 15:41:24,657 - cache_path: cache
2023-03-14 15:41:24,657 - video_data_path: video_data
2023-03-14 15:41:24,657 - audio_data_path: audio_data
2023-03-14 15:41:24,657 - video_feats_path: video_feats.pkl
2023-03-14 15:41:24,657 - audio_feats_path: audio_feats.pkl
2023-03-14 15:41:24,657 - results_path: results
2023-03-14 15:41:24,657 - output_path: outputs
2023-03-14 15:41:24,657 - model_path: models
2023-03-14 15:41:24,657 - config_file_name: nmfir_bert
2023-03-14 15:41:24,657 - results_file_name: nmfir_bert.csv
2023-03-14 15:41:24,657 - padding_mode: zero
2023-03-14 15:41:24,657 - padding_loc: end
2023-03-14 15:41:24,657 - need_aligned: False
2023-03-14 15:41:24,657 - eval_monitor: f1
2023-03-14 15:41:24,657 - train_batch_size: 6
2023-03-14 15:41:24,657 - eval_batch_size: 6
2023-03-14 15:41:24,657 - test_batch_size: 4
2023-03-14 15:41:24,657 - wait_patience: 4
2023-03-14 15:41:24,657 - num_train_epochs: 100
2023-03-14 15:41:24,657 - use_cmd_sim: False
2023-03-14 15:41:24,657 - reverse_grad_weight: 0.8
2023-03-14 15:41:24,657 - hidden_size: 256
2023-03-14 15:41:24,657 - dropout_rate: 0.1
2023-03-14 15:41:24,657 - diff_weight: 0.7
2023-03-14 15:41:24,657 - sim_weight: 0.7
2023-03-14 15:41:24,657 - recon_weight: 1
2023-03-14 15:41:24,657 - lr: 3e-05
2023-03-14 15:41:24,657 - grad_clip: -1.0
2023-03-14 15:41:24,657 - gamma: 0.5
2023-03-14 15:41:24,657 - common_hyper_param: {'common_param': {'padding_mode': 'zero', 'padding_loc': 'end', 'need_aligned': False, 'eval_monitor': 'f1', 'train_batch_size': 6, 'eval_batch_size': 6, 'test_batch_size': 4, 'wait_patience': 4}, 'hyper_param': {'num_train_epochs': 100, 'use_cmd_sim': False, 'reverse_grad_weight': 0.8, 'hidden_size': 256, 'dropout_rate': 0.1, 'diff_weight': 0.7, 'sim_weight': 0.7, 'recon_weight': 1, 'lr': 3e-05, 'grad_clip': -1.0, 'gamma': 0.5}}
2023-03-14 15:41:24,657 - pred_output_path: outputs\nmfir_MIntRec_multi-class_2023-03-14-15-41-24
2023-03-14 15:41:24,657 - model_output_path: outputs\nmfir_MIntRec_multi-class_2023-03-14-15-41-24\models
2023-03-14 15:41:24,657 - ============================== End Params ==============================
2023-03-14 15:41:24,661 - Generate Text Features Begin...
2023-03-14 15:41:41,391 - Generate Text Features Finished...
2023-03-14 15:41:41,391 - Load Video Features Begin...
2023-03-14 15:41:41,782 - Load Video Features Finished...
2023-03-14 15:41:42,502 - Load Audio Features Begin...
2023-03-14 15:41:43,813 - Load Audio Features Finished...
2023-03-14 15:42:08,052 - Multimodal intent recognition begins...
2023-03-14 15:42:08,062 - Training begins...
2023-03-14 15:42:59,312 - ***** Epoch: 1: Eval results *****
2023-03-14 15:42:59,322 -   best_eval_score = 0.3996
2023-03-14 15:42:59,322 -   eval_score = 0.3996
2023-03-14 15:42:59,322 -   train_loss = 3.4448
2023-03-14 15:43:38,778 - ***** Epoch: 2: Eval results *****
2023-03-14 15:43:38,778 -   best_eval_score = 0.566
2023-03-14 15:43:38,779 -   eval_score = 0.566
2023-03-14 15:43:38,779 -   train_loss = 1.988
2023-03-14 15:44:22,912 - ***** Epoch: 3: Eval results *****
2023-03-14 15:44:22,912 -   best_eval_score = 0.6195
2023-03-14 15:44:22,912 -   eval_score = 0.6195
2023-03-14 15:44:22,912 -   train_loss = 1.4134
2023-03-14 15:45:05,642 - ***** Epoch: 4: Eval results *****
2023-03-14 15:45:05,642 -   best_eval_score = 0.6867
2023-03-14 15:45:05,642 -   eval_score = 0.6867
2023-03-14 15:45:05,642 -   train_loss = 1.1289
2023-03-14 15:45:47,986 - EarlyStopping counter: 1 out of 4
2023-03-14 15:45:47,986 - ***** Epoch: 5: Eval results *****
2023-03-14 15:45:47,986 -   best_eval_score = 0.6867
2023-03-14 15:45:47,986 -   eval_score = 0.6539
2023-03-14 15:45:47,986 -   train_loss = 0.968
2023-03-14 15:46:32,319 - EarlyStopping counter: 2 out of 4
2023-03-14 15:46:32,319 - ***** Epoch: 6: Eval results *****
2023-03-14 15:46:32,319 -   best_eval_score = 0.6867
2023-03-14 15:46:32,319 -   eval_score = 0.6726
2023-03-14 15:46:32,319 -   train_loss = 0.882
2023-03-14 15:47:17,102 - EarlyStopping counter: 3 out of 4
2023-03-14 15:47:17,102 - ***** Epoch: 7: Eval results *****
2023-03-14 15:47:17,102 -   best_eval_score = 0.6867
2023-03-14 15:47:17,102 -   eval_score = 0.6787
2023-03-14 15:47:17,102 -   train_loss = 0.8445
2023-03-14 15:48:00,932 - EarlyStopping counter: 4 out of 4
2023-03-14 15:48:00,932 - ***** Epoch: 8: Eval results *****
2023-03-14 15:48:00,932 -   best_eval_score = 0.6867
2023-03-14 15:48:00,932 -   eval_score = 0.6761
2023-03-14 15:48:00,932 -   train_loss = 0.8334
2023-03-14 15:48:00,942 - EarlyStopping at epoch 8
2023-03-14 15:48:00,942 - Trained models are saved in outputs\nmfir_MIntRec_multi-class_2023-03-14-15-41-24\models
2023-03-14 15:48:02,032 - Training is finished...
2023-03-14 15:48:02,032 - Testing begins...
2023-03-14 15:48:05,832 - ***** Test: Confusion Matrix *****
2023-03-14 15:48:05,842 - [[34  3  0  0  5  0  0  1  0  4  0  0  8  2  0  0  0  0  0  0]
 [ 0 39  0  1  0  0  1  0  0  0  0  0  1  1  0  0  0  0  0  0]
 [ 1  0 26  0  0  0  0  0  0  0  0  0  0  0  0  0  0  0  0  0]
 [ 0  0  0 25  0  0  0  0  0  0  0  0  0  0  0  0  0  0  0  0]
 [ 4  0  0  0 13  0  1  0  0  0  0  1  1  2  1  0  0  0  0  0]
 [ 0  0  0  0  0 12  0  0  0  0  0  0  0  0  0  0  0  0  0  0]
 [ 3  0  0  0  2  0  1  1  1  1  0  0  1  0  0  1  0  0  0  1]
 [ 3  0  0  0  0  0  0  5  1  1  0  0  0  0  0  0  0  0  0  0]
 [ 1  0  0  0  1  0  0  3  2  0  0  0  1  1  0  1  0  0  0  0]
 [ 1  0  0  0  0  0  1  1  0  5  0  0  0  0  0  1  0  1  0  0]
 [ 1  0  0  0  0  0  0  1  0  2 14  0  0  0  0  0  0  0  0  0]
 [ 0  0  0  0  0  0  0  0  0  0  0 18  0  0  0  0  0  0  0  1]
 [ 3  1  0  0  0  0  0  1  0  0  0  0 43  2  4  0  1  0  0  2]
 [ 0  0  0  0  1  0  0  1  0  0  1  1  2 19  0  0  0  0  0  0]
 [ 0  0  0  0  1  0  0  0  0  0  0  0  1  2 14  0  1  0  0  3]
 [ 0  1  0  0  0  0  0  0  0  0  0  0  8  0  0 11  0  0  0  1]
 [ 0  0  0  0  0  0  0  0  0  0  0  0  2  0  1  0 14  0  0  0]
 [ 0  0  0  0  0  0  0  0  0  2  0  0  2  0  0  0  0 11  0  0]
 [ 0  0  0  0  0  0  0  0  0  0  0  0  2  0  0  1  0  0  9  0]
 [ 0  0  0  0  0  0  0  0  0  0  0  0  0  1  1  0  0  0  0  8]]
2023-03-14 15:48:05,842 - ***** Evaluation results *****
2023-03-14 15:48:05,842 -   acc = 0.7258
2023-03-14 15:48:05,842 -   f1 = 0.6904
2023-03-14 15:48:05,842 -   prec = 0.7138
2023-03-14 15:48:05,842 -   rec = 0.6911
2023-03-14 15:48:05,842 - Testing is finished...
2023-03-14 15:48:05,842 - Multimodal intent recognition is finished...
2023-03-14 15:48:05,842 - Results are saved in results\nmfir_bert.csv
