2023-03-13 19:39:52,892 - ============================== Params ==============================
2023-03-13 19:39:52,892 - logger_name: nmfir_MIntRec_multi-class_2023-03-13-19-39-52
2023-03-13 19:39:52,892 - dataset: MIntRec
2023-03-13 19:39:52,892 - data_mode: multi-class
2023-03-13 19:39:52,892 - method: nmfir
2023-03-13 19:39:52,892 - text_backbone: bert-base-uncased
2023-03-13 19:39:52,892 - seed: 0
2023-03-13 19:39:52,892 - num_workers: 0
2023-03-13 19:39:52,892 - gpu_id: 0
2023-03-13 19:39:52,893 - data_path: MIA-datasets
2023-03-13 19:39:52,893 - train: True
2023-03-13 19:39:52,893 - tune: False
2023-03-13 19:39:52,893 - save_model: True
2023-03-13 19:39:52,893 - save_results: True
2023-03-13 19:39:52,893 - log_path: logs
2023-03-13 19:39:52,893 - cache_path: cache
2023-03-13 19:39:52,893 - video_data_path: video_data
2023-03-13 19:39:52,893 - audio_data_path: audio_data
2023-03-13 19:39:52,893 - video_feats_path: video_feats.pkl
2023-03-13 19:39:52,893 - audio_feats_path: audio_feats.pkl
2023-03-13 19:39:52,893 - results_path: results
2023-03-13 19:39:52,893 - output_path: outputs
2023-03-13 19:39:52,893 - model_path: models
2023-03-13 19:39:52,893 - config_file_name: nmfir_bert
2023-03-13 19:39:52,893 - results_file_name: nmfir_bert.csv
2023-03-13 19:39:52,893 - padding_mode: zero
2023-03-13 19:39:52,893 - padding_loc: end
2023-03-13 19:39:52,893 - need_aligned: False
2023-03-13 19:39:52,893 - eval_monitor: f1
2023-03-13 19:39:52,893 - train_batch_size: 6
2023-03-13 19:39:52,893 - eval_batch_size: 6
2023-03-13 19:39:52,893 - test_batch_size: 4
2023-03-13 19:39:52,893 - wait_patience: 4
2023-03-13 19:39:52,894 - num_train_epochs: 100
2023-03-13 19:39:52,894 - use_cmd_sim: False
2023-03-13 19:39:52,894 - reverse_grad_weight: 0.8
2023-03-13 19:39:52,894 - hidden_size: 256
2023-03-13 19:39:52,894 - dropout_rate: 0.1
2023-03-13 19:39:52,894 - diff_weight: 0.7
2023-03-13 19:39:52,894 - sim_weight: 0.7
2023-03-13 19:39:52,894 - recon_weight: 0.6
2023-03-13 19:39:52,894 - lr: 3e-05
2023-03-13 19:39:52,894 - grad_clip: -1.0
2023-03-13 19:39:52,894 - gamma: 0.5
2023-03-13 19:39:52,894 - common_hyper_param: {'common_param': {'padding_mode': 'zero', 'padding_loc': 'end', 'need_aligned': False, 'eval_monitor': 'f1', 'train_batch_size': 6, 'eval_batch_size': 6, 'test_batch_size': 4, 'wait_patience': 4}, 'hyper_param': {'num_train_epochs': 100, 'use_cmd_sim': False, 'reverse_grad_weight': 0.8, 'hidden_size': 256, 'dropout_rate': 0.1, 'diff_weight': 0.7, 'sim_weight': 0.7, 'recon_weight': 0.6, 'lr': 3e-05, 'grad_clip': -1.0, 'gamma': 0.5}}
2023-03-13 19:39:52,894 - pred_output_path: outputs\nmfir_MIntRec_multi-class_2023-03-13-19-39-52
2023-03-13 19:39:52,894 - model_output_path: outputs\nmfir_MIntRec_multi-class_2023-03-13-19-39-52\models
2023-03-13 19:39:52,894 - ============================== End Params ==============================
2023-03-13 19:39:52,898 - Generate Text Features Begin...
2023-03-13 19:40:13,440 - Generate Text Features Finished...
2023-03-13 19:40:13,440 - Load Video Features Begin...
2023-03-13 19:40:14,199 - Load Video Features Finished...
2023-03-13 19:40:14,640 - Load Audio Features Begin...
2023-03-13 19:40:17,570 - Load Audio Features Finished...
2023-03-13 19:40:37,742 - Multimodal intent recognition begins...
2023-03-13 19:40:37,745 - Training begins...
2023-03-13 19:41:15,507 - ***** Epoch: 1: Eval results *****
2023-03-13 19:41:15,515 -   best_eval_score = 0.408
2023-03-13 19:41:15,515 -   eval_score = 0.408
2023-03-13 19:41:15,515 -   train_loss = 3.2983
2023-03-13 19:41:48,654 - ***** Epoch: 2: Eval results *****
2023-03-13 19:41:48,654 -   best_eval_score = 0.608
2023-03-13 19:41:48,654 -   eval_score = 0.608
2023-03-13 19:41:48,654 -   train_loss = 1.9199
2023-03-13 19:42:25,187 - ***** Epoch: 3: Eval results *****
2023-03-13 19:42:25,187 -   best_eval_score = 0.6358
2023-03-13 19:42:25,187 -   eval_score = 0.6358
2023-03-13 19:42:25,187 -   train_loss = 1.3824
2023-03-13 19:43:02,537 - ***** Epoch: 4: Eval results *****
2023-03-13 19:43:02,537 -   best_eval_score = 0.6729
2023-03-13 19:43:02,545 -   eval_score = 0.6729
2023-03-13 19:43:02,545 -   train_loss = 1.102
2023-03-13 19:43:36,850 - EarlyStopping counter: 1 out of 4
2023-03-13 19:43:36,851 - ***** Epoch: 5: Eval results *****
2023-03-13 19:43:36,851 -   best_eval_score = 0.6729
2023-03-13 19:43:36,851 -   eval_score = 0.6483
2023-03-13 19:43:36,851 -   train_loss = 1.0155
2023-03-13 19:44:07,859 - ***** Epoch: 6: Eval results *****
2023-03-13 19:44:07,859 -   best_eval_score = 0.6798
2023-03-13 19:44:07,859 -   eval_score = 0.6798
2023-03-13 19:44:07,859 -   train_loss = 0.9063
2023-03-13 19:44:39,217 - ***** Epoch: 7: Eval results *****
2023-03-13 19:44:39,217 -   best_eval_score = 0.692
2023-03-13 19:44:39,217 -   eval_score = 0.692
2023-03-13 19:44:39,217 -   train_loss = 0.8513
2023-03-13 19:45:14,372 - EarlyStopping counter: 1 out of 4
2023-03-13 19:45:14,372 - ***** Epoch: 8: Eval results *****
2023-03-13 19:45:14,372 -   best_eval_score = 0.692
2023-03-13 19:45:14,372 -   eval_score = 0.6902
2023-03-13 19:45:14,372 -   train_loss = 0.8264
2023-03-13 19:45:50,479 - ***** Epoch: 9: Eval results *****
2023-03-13 19:45:50,479 -   best_eval_score = 0.6953
2023-03-13 19:45:50,479 -   eval_score = 0.6953
2023-03-13 19:45:50,479 -   train_loss = 0.8116
2023-03-13 19:46:26,328 - ***** Epoch: 10: Eval results *****
2023-03-13 19:46:26,328 -   best_eval_score = 0.7001
2023-03-13 19:46:26,328 -   eval_score = 0.7001
2023-03-13 19:46:26,328 -   train_loss = 0.807
2023-03-13 19:47:00,430 - EarlyStopping counter: 1 out of 4
2023-03-13 19:47:00,430 - ***** Epoch: 11: Eval results *****
2023-03-13 19:47:00,430 -   best_eval_score = 0.7001
2023-03-13 19:47:00,430 -   eval_score = 0.6986
2023-03-13 19:47:00,430 -   train_loss = 0.8105
2023-03-13 19:47:33,533 - EarlyStopping counter: 2 out of 4
2023-03-13 19:47:33,533 - ***** Epoch: 12: Eval results *****
2023-03-13 19:47:33,533 -   best_eval_score = 0.7001
2023-03-13 19:47:33,533 -   eval_score = 0.6948
2023-03-13 19:47:33,533 -   train_loss = 0.8098
2023-03-13 19:48:06,841 - EarlyStopping counter: 3 out of 4
2023-03-13 19:48:06,841 - ***** Epoch: 13: Eval results *****
2023-03-13 19:48:06,841 -   best_eval_score = 0.7001
2023-03-13 19:48:06,841 -   eval_score = 0.6878
2023-03-13 19:48:06,841 -   train_loss = 0.8107
2023-03-13 19:48:40,716 - EarlyStopping counter: 4 out of 4
2023-03-13 19:48:40,716 - ***** Epoch: 14: Eval results *****
2023-03-13 19:48:40,716 -   best_eval_score = 0.7001
2023-03-13 19:48:40,716 -   eval_score = 0.691
2023-03-13 19:48:40,717 -   train_loss = 0.8113
2023-03-13 19:48:40,717 - EarlyStopping at epoch 14
2023-03-13 19:48:40,717 - Trained models are saved in outputs\nmfir_MIntRec_multi-class_2023-03-13-19-39-52\models
2023-03-13 19:48:41,633 - Training is finished...
2023-03-13 19:48:41,633 - Testing begins...
2023-03-13 19:48:44,875 - ***** Test: Confusion Matrix *****
2023-03-13 19:48:44,882 - [[34  2  0  0  8  0  0  2  2  2  1  0  4  2  0  0  0  0  0  0]
 [ 0 39  0  1  0  0  0  0  1  0  0  0  1  1  0  0  0  0  0  0]
 [ 0  0 27  0  0  0  0  0  0  0  0  0  0  0  0  0  0  0  0  0]
 [ 0  0  0 25  0  0  0  0  0  0  0  0  0  0  0  0  0  0  0  0]
 [ 2  0  0  0 15  0  2  0  0  0  0  1  1  1  1  0  0  0  0  0]
 [ 0  0  0  0  0 12  0  0  0  0  0  0  0  0  0  0  0  0  0  0]
 [ 1  1  0  0  3  0  1  0  4  0  0  1  1  0  0  0  0  0  0  0]
 [ 4  1  0  0  0  0  0  4  1  0  0  0  0  0  0  0  0  0  0  0]
 [ 1  0  0  0  0  0  1  2  4  0  0  0  0  1  0  1  0  0  0  0]
 [ 1  1  0  0  0  0  0  0  0  3  0  0  0  0  0  3  0  2  0  0]
 [ 2  0  0  0  0  0  0  1  0  0 14  0  0  0  1  0  0  0  0  0]
 [ 0  0  0  0  0  0  1  0  0  0  0 17  0  0  0  0  0  0  0  1]
 [ 3  2  0  1  0  0  0  2  2  0  0  0 36  2  6  1  0  0  0  2]
 [ 1  0  0  0  0  0  2  1  0  0  1  1  1 17  1  0  0  0  0  0]
 [ 0  0  1  0  1  0  0  0  0  0  0  0  2  2 14  0  1  0  0  1]
 [ 0  1  0  1  0  0  0  0  2  0  0  0  2  0  0 14  0  0  0  1]
 [ 1  0  0  0  0  0  0  0  0  0  0  0  1  0  1  0 14  0  0  0]
 [ 0  0  0  0  0  0  0  0  0  1  0  0  1  0  0  0  0 13  0  0]
 [ 0  1  0  0  0  0  0  0  0  0  0  0  2  0  0  1  0  0  8  0]
 [ 0  0  0  0  0  0  0  0  0  0  0  0  1  1  1  0  1  0  0  6]]
2023-03-13 19:48:44,883 - ***** Evaluation results *****
2023-03-13 19:48:44,883 -   acc = 0.7124
2023-03-13 19:48:44,883 -   f1 = 0.6769
2023-03-13 19:48:44,883 -   prec = 0.6856
2023-03-13 19:48:44,883 -   rec = 0.6791
2023-03-13 19:48:44,887 - Testing is finished...
2023-03-13 19:48:44,887 - Multimodal intent recognition is finished...
2023-03-13 19:48:44,887 - Results are saved in results\nmfir_bert.csv
