2022-11-10 11:06:39,451 - ============================== Params ==============================
2022-11-10 11:06:39,451 - logger_name: nmfir_MIntRec_multi-class_2022-11-10-11-06-39
2022-11-10 11:06:39,451 - dataset: MIntRec
2022-11-10 11:06:39,452 - data_mode: multi-class
2022-11-10 11:06:39,452 - method: nmfir
2022-11-10 11:06:39,452 - text_backbone: bert-base-uncased
2022-11-10 11:06:39,452 - seed: 0
2022-11-10 11:06:39,452 - num_workers: 0
2022-11-10 11:06:39,452 - gpu_id: 0
2022-11-10 11:06:39,452 - data_path: MIA-datasets
2022-11-10 11:06:39,452 - train: True
2022-11-10 11:06:39,452 - tune: False
2022-11-10 11:06:39,452 - save_model: True
2022-11-10 11:06:39,452 - save_results: True
2022-11-10 11:06:39,452 - log_path: logs
2022-11-10 11:06:39,452 - cache_path: cache
2022-11-10 11:06:39,452 - video_data_path: video_data
2022-11-10 11:06:39,452 - audio_data_path: audio_data
2022-11-10 11:06:39,452 - video_feats_path: video_feats.pkl
2022-11-10 11:06:39,452 - audio_feats_path: audio_feats.pkl
2022-11-10 11:06:39,452 - results_path: results
2022-11-10 11:06:39,452 - output_path: outputs
2022-11-10 11:06:39,452 - model_path: models
2022-11-10 11:06:39,452 - config_file_name: nmfir_bert
2022-11-10 11:06:39,452 - results_file_name: nmfir_bert.csv
2022-11-10 11:06:39,452 - padding_mode: zero
2022-11-10 11:06:39,452 - padding_loc: end
2022-11-10 11:06:39,452 - need_aligned: False
2022-11-10 11:06:39,452 - eval_monitor: f1
2022-11-10 11:06:39,452 - train_batch_size: 6
2022-11-10 11:06:39,452 - eval_batch_size: 6
2022-11-10 11:06:39,452 - test_batch_size: 4
2022-11-10 11:06:39,452 - wait_patience: 4
2022-11-10 11:06:39,452 - num_train_epochs: 100
2022-11-10 11:06:39,452 - use_cmd_sim: False
2022-11-10 11:06:39,452 - reverse_grad_weight: 0.8
2022-11-10 11:06:39,452 - hidden_size: 256
2022-11-10 11:06:39,452 - dropout_rate: 0.1
2022-11-10 11:06:39,452 - diff_weight: 0.7
2022-11-10 11:06:39,452 - sim_weight: 0.7
2022-11-10 11:06:39,452 - recon_weight: 0.6
2022-11-10 11:06:39,452 - lr: 3e-05
2022-11-10 11:06:39,453 - grad_clip: -1.0
2022-11-10 11:06:39,453 - gamma: 0.5
2022-11-10 11:06:39,453 - common_hyper_param: {'common_param': {'padding_mode': 'zero', 'padding_loc': 'end', 'need_aligned': False, 'eval_monitor': 'f1', 'train_batch_size': 6, 'eval_batch_size': 6, 'test_batch_size': 4, 'wait_patience': 4}, 'hyper_param': {'num_train_epochs': 100, 'use_cmd_sim': False, 'reverse_grad_weight': 0.8, 'hidden_size': 256, 'dropout_rate': 0.1, 'diff_weight': 0.7, 'sim_weight': 0.7, 'recon_weight': 0.6, 'lr': 3e-05, 'grad_clip': -1.0, 'gamma': 0.5}}
2022-11-10 11:06:39,453 - pred_output_path: outputs\nmfir_MIntRec_multi-class_2022-11-10-11-06-39
2022-11-10 11:06:39,453 - model_output_path: outputs\nmfir_MIntRec_multi-class_2022-11-10-11-06-39\models
2022-11-10 11:06:39,453 - ============================== End Params ==============================
2022-11-10 11:06:39,457 - Generate Text Features Begin...
2022-11-10 11:06:56,761 - Generate Text Features Finished...
2022-11-10 11:06:56,762 - Load Video Features Begin...
2022-11-10 11:06:57,211 - Load Video Features Finished...
2022-11-10 11:06:57,592 - Load Audio Features Begin...
2022-11-10 11:06:58,304 - Load Audio Features Finished...
2022-11-10 11:07:14,940 - Multimodal intent recognition begins...
2022-11-10 11:07:14,943 - Training begins...
2022-11-10 11:07:54,275 - ***** Epoch: 1: Eval results *****
2022-11-10 11:07:54,303 -   best_eval_score = 0.4278
2022-11-10 11:07:54,304 -   eval_score = 0.4278
2022-11-10 11:07:54,304 -   train_loss = 3.2998
2022-11-10 11:08:28,155 - ***** Epoch: 2: Eval results *****
2022-11-10 11:08:28,156 -   best_eval_score = 0.587
2022-11-10 11:08:28,156 -   eval_score = 0.587
2022-11-10 11:08:28,156 -   train_loss = 1.94
2022-11-10 11:09:00,215 - ***** Epoch: 3: Eval results *****
2022-11-10 11:09:00,215 -   best_eval_score = 0.6134
2022-11-10 11:09:00,215 -   eval_score = 0.6134
2022-11-10 11:09:00,215 -   train_loss = 1.4179
2022-11-10 11:09:32,951 - ***** Epoch: 4: Eval results *****
2022-11-10 11:09:32,951 -   best_eval_score = 0.6813
2022-11-10 11:09:32,951 -   eval_score = 0.6813
2022-11-10 11:09:32,951 -   train_loss = 1.1507
2022-11-10 11:10:06,086 - EarlyStopping counter: 1 out of 4
2022-11-10 11:10:06,086 - ***** Epoch: 5: Eval results *****
2022-11-10 11:10:06,086 -   best_eval_score = 0.6813
2022-11-10 11:10:06,086 -   eval_score = 0.6678
2022-11-10 11:10:06,086 -   train_loss = 1.0645
2022-11-10 11:10:39,672 - EarlyStopping counter: 2 out of 4
2022-11-10 11:10:39,672 - ***** Epoch: 6: Eval results *****
2022-11-10 11:10:39,672 -   best_eval_score = 0.6813
2022-11-10 11:10:39,672 -   eval_score = 0.674
2022-11-10 11:10:39,672 -   train_loss = 0.8917
2022-11-10 11:11:12,835 - EarlyStopping counter: 3 out of 4
2022-11-10 11:11:12,836 - ***** Epoch: 7: Eval results *****
2022-11-10 11:11:12,836 -   best_eval_score = 0.6813
2022-11-10 11:11:12,836 -   eval_score = 0.6705
2022-11-10 11:11:12,836 -   train_loss = 0.8534
2022-11-10 11:11:45,039 - EarlyStopping counter: 4 out of 4
2022-11-10 11:11:45,039 - ***** Epoch: 8: Eval results *****
2022-11-10 11:11:45,039 -   best_eval_score = 0.6813
2022-11-10 11:11:45,039 -   eval_score = 0.6696
2022-11-10 11:11:45,039 -   train_loss = 0.8467
2022-11-10 11:11:45,039 - EarlyStopping at epoch 8
2022-11-10 11:11:45,039 - Trained models are saved in outputs\nmfir_MIntRec_multi-class_2022-11-10-11-06-39\models
2022-11-10 11:11:46,006 - Training is finished...
2022-11-10 11:11:46,006 - Testing begins...
2022-11-10 11:11:48,747 - ***** Test: Confusion Matrix *****
2022-11-10 11:11:48,753 - [[30  2  0  0  8  0  2  1  3  3  0  0  5  1  0  2  0  0  0  0]
 [ 0 36  0  1  0  2  1  0  0  0  0  0  2  0  0  0  0  1  0  0]
 [ 0  0 27  0  0  0  0  0  0  0  0  0  0  0  0  0  0  0  0  0]
 [ 0  0  0 25  0  0  0  0  0  0  0  0  0  0  0  0  0  0  0  0]
 [ 2  0  1  0 11  0  2  0  1  0  0  1  0  1  1  0  0  3  0  0]
 [ 0  0  0  0  0 11  0  0  0  0  1  0  0  0  0  0  0  0  0  0]
 [ 2  1  0  0  3  0  1  0  2  0  0  1  1  0  0  1  0  0  0  0]
 [ 1  0  0  0  0  0  0  5  1  1  0  0  0  0  0  0  0  0  0  2]
 [ 0  0  0  0  0  0  0  2  5  0  0  0  0  1  0  1  0  0  0  1]
 [ 1  0  0  0  0  0  0  0  0  4  0  0  0  0  0  2  0  3  0  0]
 [ 1  0  0  0  0  0  0  1  0  1 13  0  0  0  0  0  0  2  0  0]
 [ 0  0  0  0  0  0  1  0  0  0  0 17  0  0  0  0  0  0  0  1]
 [ 1  1  0  1  1  0  0  1  1  2  1  1 33  4  4  0  1  1  1  3]
 [ 0  0  0  0  0  0  1  0  0  0  2  1  0 20  0  0  0  0  0  1]
 [ 0  0  0  0  1  0  0  0  0  0  0  0  0  4 13  0  1  1  0  2]
 [ 0  2  0  0  0  0  0  0  1  0  0  0  4  0  1 12  0  0  0  1]
 [ 0  0  0  0  0  0  0  0  0  0  0  0  3  0  1  0 12  0  0  1]
 [ 0  0  0  0  0  0  0  0  0  1  0  0  2  0  0  0  0 12  0  0]
 [ 0  0  0  0  0  0  0  0  0  0  0  0  1  0  0  0  0  0 11  0]
 [ 0  0  0  0  0  0  0  0  0  0  0  0  0  0  1  0  0  0  1  8]]
2022-11-10 11:11:48,754 - ***** Evaluation results *****
2022-11-10 11:11:48,754 -   acc = 0.6876
2022-11-10 11:11:48,754 -   f1 = 0.6554
2022-11-10 11:11:48,754 -   prec = 0.6467
2022-11-10 11:11:48,754 -   rec = 0.6811
2022-11-10 11:11:48,756 - Testing is finished...
2022-11-10 11:11:48,756 - Multimodal intent recognition is finished...
2022-11-10 11:11:48,757 - Results are saved in results\nmfir_bert.csv
