2023-03-14 08:44:57,895 - ============================== Params ==============================
2023-03-14 08:44:57,895 - logger_name: nmfir_MIntRec_multi-class_2023-03-14-08-44-57
2023-03-14 08:44:57,895 - dataset: MIntRec
2023-03-14 08:44:57,895 - data_mode: multi-class
2023-03-14 08:44:57,895 - method: nmfir
2023-03-14 08:44:57,896 - text_backbone: bert-base-uncased
2023-03-14 08:44:57,896 - seed: 0
2023-03-14 08:44:57,896 - num_workers: 0
2023-03-14 08:44:57,896 - gpu_id: 0
2023-03-14 08:44:57,896 - data_path: MIA-datasets
2023-03-14 08:44:57,896 - train: True
2023-03-14 08:44:57,896 - tune: False
2023-03-14 08:44:57,896 - save_model: True
2023-03-14 08:44:57,896 - save_results: True
2023-03-14 08:44:57,896 - log_path: logs
2023-03-14 08:44:57,896 - cache_path: cache
2023-03-14 08:44:57,896 - video_data_path: video_data
2023-03-14 08:44:57,896 - audio_data_path: audio_data
2023-03-14 08:44:57,896 - video_feats_path: video_feats.pkl
2023-03-14 08:44:57,896 - audio_feats_path: audio_feats.pkl
2023-03-14 08:44:57,896 - results_path: results
2023-03-14 08:44:57,896 - output_path: outputs
2023-03-14 08:44:57,896 - model_path: models
2023-03-14 08:44:57,896 - config_file_name: nmfir_bert
2023-03-14 08:44:57,896 - results_file_name: nmfir_bert.csv
2023-03-14 08:44:57,896 - padding_mode: zero
2023-03-14 08:44:57,896 - padding_loc: end
2023-03-14 08:44:57,896 - need_aligned: False
2023-03-14 08:44:57,896 - eval_monitor: f1
2023-03-14 08:44:57,896 - train_batch_size: 6
2023-03-14 08:44:57,896 - eval_batch_size: 6
2023-03-14 08:44:57,896 - test_batch_size: 4
2023-03-14 08:44:57,896 - wait_patience: 4
2023-03-14 08:44:57,896 - num_train_epochs: 100
2023-03-14 08:44:57,896 - use_cmd_sim: False
2023-03-14 08:44:57,896 - reverse_grad_weight: 0.8
2023-03-14 08:44:57,896 - hidden_size: 256
2023-03-14 08:44:57,896 - dropout_rate: 0.1
2023-03-14 08:44:57,896 - diff_weight: 0.9
2023-03-14 08:44:57,896 - sim_weight: 0.5
2023-03-14 08:44:57,896 - recon_weight: 0.5
2023-03-14 08:44:57,896 - lr: 3e-05
2023-03-14 08:44:57,896 - grad_clip: -1.0
2023-03-14 08:44:57,897 - gamma: 0.5
2023-03-14 08:44:57,897 - common_hyper_param: {'common_param': {'padding_mode': 'zero', 'padding_loc': 'end', 'need_aligned': False, 'eval_monitor': 'f1', 'train_batch_size': 6, 'eval_batch_size': 6, 'test_batch_size': 4, 'wait_patience': 4}, 'hyper_param': {'num_train_epochs': 100, 'use_cmd_sim': False, 'reverse_grad_weight': 0.8, 'hidden_size': 256, 'dropout_rate': 0.1, 'diff_weight': 0.9, 'sim_weight': 0.5, 'recon_weight': 0.5, 'lr': 3e-05, 'grad_clip': -1.0, 'gamma': 0.5}}
2023-03-14 08:44:57,897 - pred_output_path: outputs\nmfir_MIntRec_multi-class_2023-03-14-08-44-57
2023-03-14 08:44:57,897 - model_output_path: outputs\nmfir_MIntRec_multi-class_2023-03-14-08-44-57\models
2023-03-14 08:44:57,897 - ============================== End Params ==============================
2023-03-14 08:44:57,901 - Generate Text Features Begin...
