2022-11-29 12:03:40,787 - ============================== Params ==============================
2022-11-29 12:03:40,787 - logger_name: nmfir_MIntRec_multi-class_2022-11-29-12-03-40
2022-11-29 12:03:40,787 - dataset: MIntRec
2022-11-29 12:03:40,787 - data_mode: multi-class
2022-11-29 12:03:40,788 - method: nmfir
2022-11-29 12:03:40,788 - text_backbone: bert-base-uncased
2022-11-29 12:03:40,788 - seed: 0
2022-11-29 12:03:40,788 - num_workers: 0
2022-11-29 12:03:40,788 - gpu_id: 0
2022-11-29 12:03:40,788 - data_path: MIA-datasets
2022-11-29 12:03:40,788 - train: True
2022-11-29 12:03:40,788 - tune: False
2022-11-29 12:03:40,788 - save_model: True
2022-11-29 12:03:40,788 - save_results: True
2022-11-29 12:03:40,788 - log_path: logs
2022-11-29 12:03:40,788 - cache_path: cache
2022-11-29 12:03:40,788 - video_data_path: video_data
2022-11-29 12:03:40,788 - audio_data_path: audio_data
2022-11-29 12:03:40,788 - video_feats_path: video_feats.pkl
2022-11-29 12:03:40,788 - audio_feats_path: audio_feats.pkl
2022-11-29 12:03:40,788 - results_path: results
2022-11-29 12:03:40,788 - output_path: outputs
2022-11-29 12:03:40,788 - model_path: models
2022-11-29 12:03:40,788 - config_file_name: nmfir_bert
2022-11-29 12:03:40,788 - results_file_name: nmfir_bert.csv
2022-11-29 12:03:40,788 - padding_mode: zero
2022-11-29 12:03:40,788 - padding_loc: end
2022-11-29 12:03:40,788 - need_aligned: False
2022-11-29 12:03:40,788 - eval_monitor: f1
2022-11-29 12:03:40,788 - train_batch_size: 6
2022-11-29 12:03:40,788 - eval_batch_size: 6
2022-11-29 12:03:40,788 - test_batch_size: 4
2022-11-29 12:03:40,788 - wait_patience: 4
2022-11-29 12:03:40,788 - num_train_epochs: 100
2022-11-29 12:03:40,788 - use_cmd_sim: False
2022-11-29 12:03:40,788 - reverse_grad_weight: 0.8
2022-11-29 12:03:40,788 - hidden_size: 256
2022-11-29 12:03:40,788 - dropout_rate: 0.1
2022-11-29 12:03:40,788 - diff_weight: 0.7
2022-11-29 12:03:40,788 - sim_weight: 0.7
2022-11-29 12:03:40,788 - recon_weight: 0.6
2022-11-29 12:03:40,788 - lr: 3e-05
2022-11-29 12:03:40,788 - grad_clip: -1.0
2022-11-29 12:03:40,788 - gamma: 0.5
2022-11-29 12:03:40,788 - common_hyper_param: {'common_param': {'padding_mode': 'zero', 'padding_loc': 'end', 'need_aligned': False, 'eval_monitor': 'f1', 'train_batch_size': 6, 'eval_batch_size': 6, 'test_batch_size': 4, 'wait_patience': 4}, 'hyper_param': {'num_train_epochs': 100, 'use_cmd_sim': False, 'reverse_grad_weight': 0.8, 'hidden_size': 256, 'dropout_rate': 0.1, 'diff_weight': 0.7, 'sim_weight': 0.7, 'recon_weight': 0.6, 'lr': 3e-05, 'grad_clip': -1.0, 'gamma': 0.5}}
2022-11-29 12:03:40,788 - pred_output_path: outputs\nmfir_MIntRec_multi-class_2022-11-29-12-03-40
2022-11-29 12:03:40,788 - model_output_path: outputs\nmfir_MIntRec_multi-class_2022-11-29-12-03-40\models
2022-11-29 12:03:40,788 - ============================== End Params ==============================
2022-11-29 12:03:40,792 - Generate Text Features Begin...
