2022-11-29 13:10:58,647 - ============================== Params ==============================
2022-11-29 13:10:58,647 - logger_name: nmfir_MIntRec_multi-class_2022-11-29-13-10-58
2022-11-29 13:10:58,647 - dataset: MIntRec
2022-11-29 13:10:58,647 - data_mode: multi-class
2022-11-29 13:10:58,647 - method: nmfir
2022-11-29 13:10:58,647 - text_backbone: bert-base-uncased
2022-11-29 13:10:58,647 - seed: 0
2022-11-29 13:10:58,647 - num_workers: 0
2022-11-29 13:10:58,647 - gpu_id: 0
2022-11-29 13:10:58,647 - data_path: MIA-datasets
2022-11-29 13:10:58,647 - train: True
2022-11-29 13:10:58,647 - tune: False
2022-11-29 13:10:58,647 - save_model: True
2022-11-29 13:10:58,647 - save_results: True
2022-11-29 13:10:58,647 - log_path: logs
2022-11-29 13:10:58,647 - cache_path: cache
2022-11-29 13:10:58,647 - video_data_path: video_data
2022-11-29 13:10:58,647 - audio_data_path: audio_data
2022-11-29 13:10:58,647 - video_feats_path: video_feats.pkl
2022-11-29 13:10:58,647 - audio_feats_path: audio_feats.pkl
2022-11-29 13:10:58,647 - results_path: results
2022-11-29 13:10:58,647 - output_path: outputs
2022-11-29 13:10:58,647 - model_path: models
2022-11-29 13:10:58,647 - config_file_name: nmfir_bert
2022-11-29 13:10:58,647 - results_file_name: nmfir_bert.csv
2022-11-29 13:10:58,647 - padding_mode: zero
2022-11-29 13:10:58,647 - padding_loc: end
2022-11-29 13:10:58,648 - need_aligned: False
2022-11-29 13:10:58,648 - eval_monitor: f1
2022-11-29 13:10:58,648 - train_batch_size: 6
2022-11-29 13:10:58,648 - eval_batch_size: 6
2022-11-29 13:10:58,648 - test_batch_size: 4
2022-11-29 13:10:58,648 - wait_patience: 4
2022-11-29 13:10:58,648 - num_train_epochs: 100
2022-11-29 13:10:58,648 - use_cmd_sim: False
2022-11-29 13:10:58,648 - reverse_grad_weight: 0.8
2022-11-29 13:10:58,648 - hidden_size: 256
2022-11-29 13:10:58,648 - dropout_rate: 0.1
2022-11-29 13:10:58,648 - diff_weight: 0.7
2022-11-29 13:10:58,648 - sim_weight: 0.7
2022-11-29 13:10:58,648 - recon_weight: 0.6
2022-11-29 13:10:58,648 - lr: 3e-05
2022-11-29 13:10:58,648 - grad_clip: -1.0
2022-11-29 13:10:58,648 - gamma: 0.5
2022-11-29 13:10:58,648 - common_hyper_param: {'common_param': {'padding_mode': 'zero', 'padding_loc': 'end', 'need_aligned': False, 'eval_monitor': 'f1', 'train_batch_size': 6, 'eval_batch_size': 6, 'test_batch_size': 4, 'wait_patience': 4}, 'hyper_param': {'num_train_epochs': 100, 'use_cmd_sim': False, 'reverse_grad_weight': 0.8, 'hidden_size': 256, 'dropout_rate': 0.1, 'diff_weight': 0.7, 'sim_weight': 0.7, 'recon_weight': 0.6, 'lr': 3e-05, 'grad_clip': -1.0, 'gamma': 0.5}}
2022-11-29 13:10:58,648 - pred_output_path: outputs\nmfir_MIntRec_multi-class_2022-11-29-13-10-58
2022-11-29 13:10:58,648 - model_output_path: outputs\nmfir_MIntRec_multi-class_2022-11-29-13-10-58\models
2022-11-29 13:10:58,648 - ============================== End Params ==============================
2022-11-29 13:10:58,652 - Generate Text Features Begin...
2022-11-29 13:11:14,544 - Generate Text Features Finished...
2022-11-29 13:11:14,544 - Load Video Features Begin...
2022-11-29 13:11:15,258 - Load Video Features Finished...
2022-11-29 13:11:15,663 - Load Audio Features Begin...
2022-11-29 13:11:18,569 - Load Audio Features Finished...
2022-11-29 13:11:36,076 - Multimodal intent recognition begins...
2022-11-29 13:11:36,076 - Training begins...
2022-11-29 13:12:13,507 - ***** Epoch: 1: Eval results *****
2022-11-29 13:12:13,507 -   best_eval_score = 0.4023
2022-11-29 13:12:13,507 -   eval_score = 0.4023
2022-11-29 13:12:13,507 -   train_loss = 3.3312
2022-11-29 13:12:45,466 - ***** Epoch: 2: Eval results *****
2022-11-29 13:12:45,466 -   best_eval_score = 0.609
2022-11-29 13:12:45,466 -   eval_score = 0.609
2022-11-29 13:12:45,467 -   train_loss = 1.9506
2022-11-29 13:13:20,265 - ***** Epoch: 3: Eval results *****
2022-11-29 13:13:20,265 -   best_eval_score = 0.6425
2022-11-29 13:13:20,265 -   eval_score = 0.6425
2022-11-29 13:13:20,265 -   train_loss = 1.4355
2022-11-29 13:13:55,263 - ***** Epoch: 4: Eval results *****
2022-11-29 13:13:55,263 -   best_eval_score = 0.6534
2022-11-29 13:13:55,265 -   eval_score = 0.6534
2022-11-29 13:13:55,265 -   train_loss = 1.1602
2022-11-29 13:14:26,705 - EarlyStopping counter: 1 out of 4
2022-11-29 13:14:26,705 - ***** Epoch: 5: Eval results *****
2022-11-29 13:14:26,705 -   best_eval_score = 0.6534
2022-11-29 13:14:26,705 -   eval_score = 0.6397
2022-11-29 13:14:26,705 -   train_loss = 0.9921
2022-11-29 13:14:58,347 - ***** Epoch: 6: Eval results *****
2022-11-29 13:14:58,347 -   best_eval_score = 0.664
2022-11-29 13:14:58,347 -   eval_score = 0.664
2022-11-29 13:14:58,347 -   train_loss = 0.9074
2022-11-29 13:15:32,617 - ***** Epoch: 7: Eval results *****
2022-11-29 13:15:32,617 -   best_eval_score = 0.6663
2022-11-29 13:15:32,617 -   eval_score = 0.6663
2022-11-29 13:15:32,617 -   train_loss = 0.8675
2022-11-29 13:16:10,044 - EarlyStopping counter: 1 out of 4
2022-11-29 13:16:10,044 - ***** Epoch: 8: Eval results *****
2022-11-29 13:16:10,044 -   best_eval_score = 0.6663
2022-11-29 13:16:10,044 -   eval_score = 0.6635
2022-11-29 13:16:10,044 -   train_loss = 0.8378
2022-11-29 13:16:49,666 - EarlyStopping counter: 2 out of 4
2022-11-29 13:16:49,666 - ***** Epoch: 9: Eval results *****
2022-11-29 13:16:49,666 -   best_eval_score = 0.6663
2022-11-29 13:16:49,666 -   eval_score = 0.6573
2022-11-29 13:16:49,666 -   train_loss = 0.8216
2022-11-29 13:17:30,015 - EarlyStopping counter: 3 out of 4
2022-11-29 13:17:30,031 - ***** Epoch: 10: Eval results *****
2022-11-29 13:17:30,031 -   best_eval_score = 0.6663
2022-11-29 13:17:30,031 -   eval_score = 0.6548
2022-11-29 13:17:30,031 -   train_loss = 0.8141
2022-11-29 13:18:08,666 - EarlyStopping counter: 4 out of 4
2022-11-29 13:18:08,666 - ***** Epoch: 11: Eval results *****
2022-11-29 13:18:08,666 -   best_eval_score = 0.6663
2022-11-29 13:18:08,666 -   eval_score = 0.6553
2022-11-29 13:18:08,666 -   train_loss = 0.8099
2022-11-29 13:18:08,666 - EarlyStopping at epoch 11
2022-11-29 13:18:08,666 - Trained models are saved in outputs\nmfir_MIntRec_multi-class_2022-11-29-13-10-58\models
2022-11-29 13:18:09,648 - Training is finished...
2022-11-29 13:18:09,648 - Testing begins...
2022-11-29 13:18:12,985 - ***** Test: Confusion Matrix *****
2022-11-29 13:18:12,985 - [[35  0  0  0  6  0  2  1  2  3  1  0  6  1  0  0  0  0  0  0]
 [ 1 38  0  0  0  0  1  0  1  0  0  0  2  0  0  0  0  0  0  0]
 [ 1  0 26  0  0  0  0  0  0  0  0  0  0  0  0  0  0  0  0  0]
 [ 0  0  0 25  0  0  0  0  0  0  0  0  0  0  0  0  0  0  0  0]
 [ 2  0  0  0 13  0  3  0  1  0  0  1  1  1  1  0  0  0  0  0]
 [ 0  0  0  0  0 12  0  0  0  0  0  0  0  0  0  0  0  0  0  0]
 [ 1  1  0  0  3  0  2  0  3  0  0  0  1  0  0  0  0  0  0  1]
 [ 4  0  0  0  0  0  0  4  1  0  0  0  0  0  0  0  1  0  0  0]
 [ 1  0  0  0  0  0  0  3  4  0  0  0  0  1  0  1  0  0  0  0]
 [ 1  0  0  0  0  0  0  1  0  3  0  0  0  0  0  3  0  2  0  0]
 [ 1  0  0  0  0  0  1  1  0  0 15  0  0  0  0  0  0  0  0  0]
 [ 0  0  0  0  0  0  1  0  0  0  0 18  0  0  0  0  0  0  0  0]
 [ 3  1  0  0  0  0  0  2  1  0  1  0 42  3  1  1  1  0  0  1]
 [ 0  0  0  0  0  0  2  1  0  0  2  1  1 16  2  0  0  0  0  0]
 [ 0  0  0  0  1  0  0  0  1  0  0  0  1  4 13  0  1  0  0  1]
 [ 0  0  0  1  0  0  0  1  1  0  0  0  4  0  1 12  0  0  0  1]
 [ 0  0  0  0  0  0  0  0  0  0  0  0  3  0  0  0 14  0  0  0]
 [ 0  0  0  0  0  0  0  0  0  1  0  0  1  0  0  0  0 13  0  0]
 [ 0  0  0  0  0  0  0  0  0  0  0  0  2  0  0  1  0  0  9  0]
 [ 0  0  0  0  0  0  1  0  0  0  0  0  1  0  1  0  0  0  0  7]]
2022-11-29 13:18:12,985 - ***** Evaluation results *****
2022-11-29 13:18:12,985 -   acc = 0.7213
2022-11-29 13:18:12,985 -   f1 = 0.6888
2022-11-29 13:18:12,985 -   prec = 0.697
2022-11-29 13:18:12,985 -   rec = 0.6876
2022-11-29 13:18:12,985 - Testing is finished...
2022-11-29 13:18:12,985 - Multimodal intent recognition is finished...
2022-11-29 13:18:12,985 - Results are saved in results\nmfir_bert.csv
