2022-11-10 09:19:09,739 - ============================== Params ==============================
2022-11-10 09:19:09,739 - logger_name: nmfir_MIntRec_multi-class_2022-11-10-09-19-09
2022-11-10 09:19:09,739 - dataset: MIntRec
2022-11-10 09:19:09,739 - data_mode: multi-class
2022-11-10 09:19:09,739 - method: nmfir
2022-11-10 09:19:09,739 - text_backbone: bert-base-uncased
2022-11-10 09:19:09,739 - seed: 0
2022-11-10 09:19:09,739 - num_workers: 0
2022-11-10 09:19:09,739 - gpu_id: 0
2022-11-10 09:19:09,739 - data_path: MIA-datasets
2022-11-10 09:19:09,739 - train: True
2022-11-10 09:19:09,739 - tune: False
2022-11-10 09:19:09,739 - save_model: True
2022-11-10 09:19:09,740 - save_results: True
2022-11-10 09:19:09,740 - log_path: logs
2022-11-10 09:19:09,740 - cache_path: cache
2022-11-10 09:19:09,740 - video_data_path: video_data
2022-11-10 09:19:09,740 - audio_data_path: audio_data
2022-11-10 09:19:09,740 - video_feats_path: video_feats.pkl
2022-11-10 09:19:09,740 - audio_feats_path: audio_feats.pkl
2022-11-10 09:19:09,740 - results_path: results
2022-11-10 09:19:09,740 - output_path: outputs
2022-11-10 09:19:09,740 - model_path: models
2022-11-10 09:19:09,740 - config_file_name: nmfir_bert
2022-11-10 09:19:09,740 - results_file_name: nmfir_bert.csv
2022-11-10 09:19:09,740 - padding_mode: zero
2022-11-10 09:19:09,740 - padding_loc: end
2022-11-10 09:19:09,740 - need_aligned: False
2022-11-10 09:19:09,740 - eval_monitor: f1
2022-11-10 09:19:09,740 - train_batch_size: 6
2022-11-10 09:19:09,740 - eval_batch_size: 6
2022-11-10 09:19:09,740 - test_batch_size: 4
2022-11-10 09:19:09,740 - wait_patience: 4
2022-11-10 09:19:09,740 - num_train_epochs: 100
2022-11-10 09:19:09,740 - use_cmd_sim: False
2022-11-10 09:19:09,740 - reverse_grad_weight: 0.8
2022-11-10 09:19:09,740 - hidden_size: 256
2022-11-10 09:19:09,740 - dropout_rate: 0.1
2022-11-10 09:19:09,740 - diff_weight: 0.7
2022-11-10 09:19:09,740 - sim_weight: 0.7
2022-11-10 09:19:09,740 - recon_weight: 0.6
2022-11-10 09:19:09,740 - lr: 3e-05
2022-11-10 09:19:09,740 - grad_clip: -1.0
2022-11-10 09:19:09,740 - gamma: 0.5
2022-11-10 09:19:09,740 - common_hyper_param: {'common_param': {'padding_mode': 'zero', 'padding_loc': 'end', 'need_aligned': False, 'eval_monitor': 'f1', 'train_batch_size': 6, 'eval_batch_size': 6, 'test_batch_size': 4, 'wait_patience': 4}, 'hyper_param': {'num_train_epochs': 100, 'use_cmd_sim': False, 'reverse_grad_weight': 0.8, 'hidden_size': 256, 'dropout_rate': 0.1, 'diff_weight': 0.7, 'sim_weight': 0.7, 'recon_weight': 0.6, 'lr': 3e-05, 'grad_clip': -1.0, 'gamma': 0.5}}
2022-11-10 09:19:09,740 - pred_output_path: outputs\nmfir_MIntRec_multi-class_2022-11-10-09-19-09
2022-11-10 09:19:09,740 - model_output_path: outputs\nmfir_MIntRec_multi-class_2022-11-10-09-19-09\models
2022-11-10 09:19:09,740 - ============================== End Params ==============================
2022-11-10 09:19:09,744 - Generate Text Features Begin...
2022-11-10 09:19:26,522 - Generate Text Features Finished...
2022-11-10 09:19:26,523 - Load Video Features Begin...
2022-11-10 09:19:26,920 - Load Video Features Finished...
2022-11-10 09:19:27,338 - Load Audio Features Begin...
2022-11-10 09:19:28,173 - Load Audio Features Finished...
2022-11-10 09:19:45,517 - Multimodal intent recognition begins...
2022-11-10 09:19:45,519 - Training begins...
2022-11-10 09:20:22,281 - ***** Epoch: 1: Eval results *****
2022-11-10 09:20:22,289 -   best_eval_score = 0.0115
2022-11-10 09:20:22,289 -   eval_score = 0.0115
2022-11-10 09:20:22,289 -   train_loss = 3.8267
2022-11-10 09:20:53,698 - ***** Epoch: 2: Eval results *****
2022-11-10 09:20:53,698 -   best_eval_score = 0.0358
2022-11-10 09:20:53,698 -   eval_score = 0.0358
2022-11-10 09:20:53,698 -   train_loss = 3.5612
2022-11-10 09:21:25,011 - ***** Epoch: 3: Eval results *****
2022-11-10 09:21:25,011 -   best_eval_score = 0.074
2022-11-10 09:21:25,011 -   eval_score = 0.074
2022-11-10 09:21:25,011 -   train_loss = 3.484
2022-11-10 09:21:56,520 - ***** Epoch: 4: Eval results *****
2022-11-10 09:21:56,520 -   best_eval_score = 0.1117
2022-11-10 09:21:56,521 -   eval_score = 0.1117
2022-11-10 09:21:56,521 -   train_loss = 3.3979
2022-11-10 09:22:28,214 - ***** Epoch: 5: Eval results *****
2022-11-10 09:22:28,214 -   best_eval_score = 0.1448
2022-11-10 09:22:28,214 -   eval_score = 0.1448
2022-11-10 09:22:28,214 -   train_loss = 3.3112
2022-11-10 09:22:59,969 - ***** Epoch: 6: Eval results *****
2022-11-10 09:22:59,969 -   best_eval_score = 0.1578
2022-11-10 09:22:59,969 -   eval_score = 0.1578
2022-11-10 09:22:59,969 -   train_loss = 3.2283
2022-11-10 09:23:32,096 - ***** Epoch: 7: Eval results *****
2022-11-10 09:23:32,096 -   best_eval_score = 0.1701
2022-11-10 09:23:32,096 -   eval_score = 0.1701
2022-11-10 09:23:32,096 -   train_loss = 3.1562
2022-11-10 09:24:05,009 - EarlyStopping counter: 1 out of 4
2022-11-10 09:24:05,009 - ***** Epoch: 8: Eval results *****
2022-11-10 09:24:05,009 -   best_eval_score = 0.1701
2022-11-10 09:24:05,009 -   eval_score = 0.1347
2022-11-10 09:24:05,010 -   train_loss = 3.0908
2022-11-10 09:24:38,256 - ***** Epoch: 9: Eval results *****
2022-11-10 09:24:38,256 -   best_eval_score = 0.2034
2022-11-10 09:24:38,256 -   eval_score = 0.2034
2022-11-10 09:24:38,256 -   train_loss = 2.9333
2022-11-10 09:25:10,028 - ***** Epoch: 10: Eval results *****
2022-11-10 09:25:10,028 -   best_eval_score = 0.2081
2022-11-10 09:25:10,028 -   eval_score = 0.2081
2022-11-10 09:25:10,028 -   train_loss = 2.8981
2022-11-10 09:25:42,401 - EarlyStopping counter: 1 out of 4
2022-11-10 09:25:42,401 - ***** Epoch: 11: Eval results *****
2022-11-10 09:25:42,401 -   best_eval_score = 0.2081
2022-11-10 09:25:42,401 -   eval_score = 0.1871
2022-11-10 09:25:42,401 -   train_loss = 2.8152
2022-11-10 09:26:16,037 - ***** Epoch: 12: Eval results *****
2022-11-10 09:26:16,037 -   best_eval_score = 0.2274
2022-11-10 09:26:16,037 -   eval_score = 0.2274
2022-11-10 09:26:16,037 -   train_loss = 2.6414
2022-11-10 09:26:49,015 - EarlyStopping counter: 1 out of 4
2022-11-10 09:26:49,015 - ***** Epoch: 13: Eval results *****
2022-11-10 09:26:49,015 -   best_eval_score = 0.2274
2022-11-10 09:26:49,015 -   eval_score = 0.2262
2022-11-10 09:26:49,015 -   train_loss = 2.5377
2022-11-10 09:27:22,057 - ***** Epoch: 14: Eval results *****
2022-11-10 09:27:22,058 -   best_eval_score = 0.2439
2022-11-10 09:27:22,058 -   eval_score = 0.2439
2022-11-10 09:27:22,058 -   train_loss = 2.4405
2022-11-10 09:27:53,749 - EarlyStopping counter: 1 out of 4
2022-11-10 09:27:53,749 - ***** Epoch: 15: Eval results *****
2022-11-10 09:27:53,749 -   best_eval_score = 0.2439
2022-11-10 09:27:53,749 -   eval_score = 0.2298
2022-11-10 09:27:53,750 -   train_loss = 2.3842
2022-11-10 09:28:26,113 - EarlyStopping counter: 2 out of 4
2022-11-10 09:28:26,113 - ***** Epoch: 16: Eval results *****
2022-11-10 09:28:26,113 -   best_eval_score = 0.2439
2022-11-10 09:28:26,113 -   eval_score = 0.2328
2022-11-10 09:28:26,114 -   train_loss = 2.3389
2022-11-10 09:28:57,890 - ***** Epoch: 17: Eval results *****
2022-11-10 09:28:57,891 -   best_eval_score = 0.2471
2022-11-10 09:28:57,891 -   eval_score = 0.2471
2022-11-10 09:28:57,891 -   train_loss = 2.3113
2022-11-10 09:29:29,155 - EarlyStopping counter: 1 out of 4
2022-11-10 09:29:29,155 - ***** Epoch: 18: Eval results *****
2022-11-10 09:29:29,155 -   best_eval_score = 0.2471
2022-11-10 09:29:29,155 -   eval_score = 0.2427
2022-11-10 09:29:29,155 -   train_loss = 2.3012
2022-11-10 09:30:00,801 - EarlyStopping counter: 2 out of 4
2022-11-10 09:30:00,802 - ***** Epoch: 19: Eval results *****
2022-11-10 09:30:00,802 -   best_eval_score = 0.2471
2022-11-10 09:30:00,802 -   eval_score = 0.2424
2022-11-10 09:30:00,802 -   train_loss = 2.2857
2022-11-10 09:30:34,849 - EarlyStopping counter: 3 out of 4
2022-11-10 09:30:34,850 - ***** Epoch: 20: Eval results *****
2022-11-10 09:30:34,850 -   best_eval_score = 0.2471
2022-11-10 09:30:34,850 -   eval_score = 0.2372
2022-11-10 09:30:34,850 -   train_loss = 2.2821
2022-11-10 09:31:08,575 - EarlyStopping counter: 4 out of 4
2022-11-10 09:31:08,582 - ***** Epoch: 21: Eval results *****
2022-11-10 09:31:08,582 -   best_eval_score = 0.2471
2022-11-10 09:31:08,582 -   eval_score = 0.2385
2022-11-10 09:31:08,582 -   train_loss = 2.2754
2022-11-10 09:31:08,582 - EarlyStopping at epoch 21
2022-11-10 09:31:08,582 - Trained models are saved in outputs\nmfir_MIntRec_multi-class_2022-11-10-09-19-09\models
2022-11-10 09:31:09,409 - Training is finished...
2022-11-10 09:31:09,409 - Testing begins...
2022-11-10 09:31:12,134 - ***** Test: Confusion Matrix *****
2022-11-10 09:31:12,136 - [[20  9  3  1  4  0  0  0  0  2  1  1 14  0  1  0  0  0  1  0]
 [11 19  4  0  0  0  0  0  0  0  4  1  3  0  0  0  0  1  0  0]
 [ 4  1 18  0  1  0  0  0  0  0  0  0  3  0  0  0  0  0  0  0]
 [ 2  2  0 17  0  1  0  0  0  0  0  1  1  0  0  0  0  0  1  0]
 [ 7  5  0  1  1  0  0  0  0  0  1  1  4  2  1  0  0  0  0  0]
 [ 1  0  2  0  0  3  0  0  0  0  0  1  1  0  0  0  4  0  0  0]
 [ 3  0  0  0  1  0  0  0  0  0  1  2  3  0  2  0  0  0  0  0]
 [ 5  0  0  0  1  0  0  0  0  0  2  0  2  0  0  0  0  0  0  0]
 [ 0  2  0  0  0  0  0  0  0  0  0  0  7  1  0  0  0  0  0  0]
 [ 3  1  0  0  1  0  0  0  0  1  0  0  2  1  0  0  0  1  0  0]
 [11  0  0  0  1  1  0  0  0  0  2  2  1  0  0  0  0  0  0  0]
 [ 1  5  1  3  1  0  0  0  0  0  2  3  2  0  0  0  0  0  1  0]
 [11  5  1  0  1  0  0  0  0  2  0  2 27  2  0  4  0  2  0  0]
 [ 6  2  0  0  1  0  0  0  0  0  0  1  5  4  1  0  2  3  0  0]
 [ 3  1  0  0  2  0  0  0  0  0  0  2  3  3  3  3  2  0  0  0]
 [ 3  1  1  1  0  0  0  0  0  0  0  0  9  0  0  4  2  0  0  0]
 [ 2  0  0  0  1  1  0  0  0  1  0  1  1  2  3  0  3  0  2  0]
 [ 1  0  0  1  0  0  0  0  0  0  1  0  3  5  0  0  1  2  1  0]
 [ 1  0  0  0  0  0  0  0  0  0  0  0  4  1  0  0  2  0  4  0]
 [ 1  2  0  0  0  0  0  0  0  0  0  1  1  3  1  0  1  0  0  0]]
2022-11-10 09:31:12,137 - ***** Evaluation results *****
2022-11-10 09:31:12,137 -   acc = 0.2944
2022-11-10 09:31:12,137 -   f1 = 0.2208
2022-11-10 09:31:12,137 -   prec = 0.2376
2022-11-10 09:31:12,137 -   rec = 0.2203
2022-11-10 09:31:12,140 - Testing is finished...
2022-11-10 09:31:12,140 - Multimodal intent recognition is finished...
2022-11-10 09:31:12,140 - Results are saved in results\nmfir_bert.csv
