2023-03-14 15:20:19,743 - ============================== Params ==============================
2023-03-14 15:20:19,743 - logger_name: nmfir_MIntRec_multi-class_2023-03-14-15-20-19
2023-03-14 15:20:19,743 - dataset: MIntRec
2023-03-14 15:20:19,743 - data_mode: multi-class
2023-03-14 15:20:19,743 - method: nmfir
2023-03-14 15:20:19,743 - text_backbone: bert-base-uncased
2023-03-14 15:20:19,743 - seed: 0
2023-03-14 15:20:19,743 - num_workers: 0
2023-03-14 15:20:19,743 - gpu_id: 0
2023-03-14 15:20:19,743 - data_path: MIA-datasets
2023-03-14 15:20:19,743 - train: True
2023-03-14 15:20:19,743 - tune: False
2023-03-14 15:20:19,743 - save_model: True
2023-03-14 15:20:19,744 - save_results: True
2023-03-14 15:20:19,744 - log_path: logs
2023-03-14 15:20:19,744 - cache_path: cache
2023-03-14 15:20:19,744 - video_data_path: video_data
2023-03-14 15:20:19,744 - audio_data_path: audio_data
2023-03-14 15:20:19,744 - video_feats_path: video_feats.pkl
2023-03-14 15:20:19,744 - audio_feats_path: audio_feats.pkl
2023-03-14 15:20:19,744 - results_path: results
2023-03-14 15:20:19,744 - output_path: outputs
2023-03-14 15:20:19,744 - model_path: models
2023-03-14 15:20:19,744 - config_file_name: nmfir_bert
2023-03-14 15:20:19,744 - results_file_name: nmfir_bert.csv
2023-03-14 15:20:19,744 - padding_mode: zero
2023-03-14 15:20:19,744 - padding_loc: end
2023-03-14 15:20:19,744 - need_aligned: False
2023-03-14 15:20:19,744 - eval_monitor: f1
2023-03-14 15:20:19,744 - train_batch_size: 6
2023-03-14 15:20:19,744 - eval_batch_size: 6
2023-03-14 15:20:19,744 - test_batch_size: 4
2023-03-14 15:20:19,744 - wait_patience: 4
2023-03-14 15:20:19,744 - num_train_epochs: 100
2023-03-14 15:20:19,744 - use_cmd_sim: False
2023-03-14 15:20:19,744 - reverse_grad_weight: 0.8
2023-03-14 15:20:19,744 - hidden_size: 256
2023-03-14 15:20:19,744 - dropout_rate: 0.1
2023-03-14 15:20:19,744 - diff_weight: 0.7
2023-03-14 15:20:19,744 - sim_weight: 0.7
2023-03-14 15:20:19,744 - recon_weight: 0.8
2023-03-14 15:20:19,744 - lr: 3e-05
2023-03-14 15:20:19,744 - grad_clip: -1.0
2023-03-14 15:20:19,744 - gamma: 0.5
2023-03-14 15:20:19,744 - common_hyper_param: {'common_param': {'padding_mode': 'zero', 'padding_loc': 'end', 'need_aligned': False, 'eval_monitor': 'f1', 'train_batch_size': 6, 'eval_batch_size': 6, 'test_batch_size': 4, 'wait_patience': 4}, 'hyper_param': {'num_train_epochs': 100, 'use_cmd_sim': False, 'reverse_grad_weight': 0.8, 'hidden_size': 256, 'dropout_rate': 0.1, 'diff_weight': 0.7, 'sim_weight': 0.7, 'recon_weight': 0.8, 'lr': 3e-05, 'grad_clip': -1.0, 'gamma': 0.5}}
2023-03-14 15:20:19,744 - pred_output_path: outputs\nmfir_MIntRec_multi-class_2023-03-14-15-20-19
2023-03-14 15:20:19,744 - model_output_path: outputs\nmfir_MIntRec_multi-class_2023-03-14-15-20-19\models
2023-03-14 15:20:19,745 - ============================== End Params ==============================
2023-03-14 15:20:19,751 - Generate Text Features Begin...
2023-03-14 15:20:36,713 - Generate Text Features Finished...
2023-03-14 15:20:36,714 - Load Video Features Begin...
2023-03-14 15:20:37,139 - Load Video Features Finished...
2023-03-14 15:20:37,546 - Load Audio Features Begin...
2023-03-14 15:20:38,294 - Load Audio Features Finished...
2023-03-14 15:21:01,326 - Multimodal intent recognition begins...
2023-03-14 15:21:01,326 - Training begins...
2023-03-14 15:21:46,566 - ***** Epoch: 1: Eval results *****
2023-03-14 15:21:46,576 -   best_eval_score = 0.4015
2023-03-14 15:21:46,578 -   eval_score = 0.4015
2023-03-14 15:21:46,578 -   train_loss = 3.3972
2023-03-14 15:22:24,626 - ***** Epoch: 2: Eval results *****
2023-03-14 15:22:24,626 -   best_eval_score = 0.5722
2023-03-14 15:22:24,626 -   eval_score = 0.5722
2023-03-14 15:22:24,626 -   train_loss = 2.0006
2023-03-14 15:23:01,811 - ***** Epoch: 3: Eval results *****
2023-03-14 15:23:01,811 -   best_eval_score = 0.6247
2023-03-14 15:23:01,811 -   eval_score = 0.6247
2023-03-14 15:23:01,811 -   train_loss = 1.423
2023-03-14 15:23:38,181 - ***** Epoch: 4: Eval results *****
2023-03-14 15:23:38,181 -   best_eval_score = 0.6481
2023-03-14 15:23:38,192 -   eval_score = 0.6481
2023-03-14 15:23:38,192 -   train_loss = 1.1576
2023-03-14 15:24:14,986 - ***** Epoch: 5: Eval results *****
2023-03-14 15:24:14,986 -   best_eval_score = 0.6644
2023-03-14 15:24:14,986 -   eval_score = 0.6644
2023-03-14 15:24:14,986 -   train_loss = 1.0284
2023-03-14 15:24:51,891 - ***** Epoch: 6: Eval results *****
2023-03-14 15:24:51,891 -   best_eval_score = 0.6648
2023-03-14 15:24:51,891 -   eval_score = 0.6648
2023-03-14 15:24:51,891 -   train_loss = 0.9096
2023-03-14 15:25:30,648 - ***** Epoch: 7: Eval results *****
2023-03-14 15:25:30,648 -   best_eval_score = 0.6895
2023-03-14 15:25:30,648 -   eval_score = 0.6895
2023-03-14 15:25:30,648 -   train_loss = 0.881
2023-03-14 15:26:07,284 - EarlyStopping counter: 1 out of 4
2023-03-14 15:26:07,284 - ***** Epoch: 8: Eval results *****
2023-03-14 15:26:07,284 -   best_eval_score = 0.6895
2023-03-14 15:26:07,284 -   eval_score = 0.662
2023-03-14 15:26:07,284 -   train_loss = 0.8518
2023-03-14 15:26:40,835 - EarlyStopping counter: 2 out of 4
2023-03-14 15:26:40,836 - ***** Epoch: 9: Eval results *****
2023-03-14 15:26:40,836 -   best_eval_score = 0.6895
2023-03-14 15:26:40,836 -   eval_score = 0.6757
2023-03-14 15:26:40,836 -   train_loss = 0.8111
2023-03-14 15:27:14,794 - EarlyStopping counter: 3 out of 4
2023-03-14 15:27:14,794 - ***** Epoch: 10: Eval results *****
2023-03-14 15:27:14,794 -   best_eval_score = 0.6895
2023-03-14 15:27:14,794 -   eval_score = 0.6723
2023-03-14 15:27:14,794 -   train_loss = 0.8082
2023-03-14 15:27:49,243 - EarlyStopping counter: 4 out of 4
2023-03-14 15:27:49,243 - ***** Epoch: 11: Eval results *****
2023-03-14 15:27:49,243 -   best_eval_score = 0.6895
2023-03-14 15:27:49,243 -   eval_score = 0.675
2023-03-14 15:27:49,243 -   train_loss = 0.8122
2023-03-14 15:27:49,244 - EarlyStopping at epoch 11
2023-03-14 15:27:49,244 - Trained models are saved in outputs\nmfir_MIntRec_multi-class_2023-03-14-15-20-19\models
2023-03-14 15:27:50,305 - Training is finished...
2023-03-14 15:27:50,305 - Testing begins...
2023-03-14 15:27:53,016 - ***** Test: Confusion Matrix *****
2023-03-14 15:27:53,021 - [[26  0  0  0  7  0  5  1  2  3  1  0  9  2  0  1  0  0  0  0]
 [ 0 39  0  0  0  0  1  0  1  0  0  1  1  0  0  0  0  0  0  0]
 [ 1  0 25  0  0  0  0  0  0  0  0  1  0  0  0  0  0  0  0  0]
 [ 0  0  0 25  0  0  0  0  0  0  0  0  0  0  0  0  0  0  0  0]
 [ 2  0  0  0 13  0  4  0  1  0  0  1  1  0  1  0  0  0  0  0]
 [ 0  0  0  0  0 12  0  0  0  0  0  0  0  0  0  0  0  0  0  0]
 [ 1  1  0  0  2  0  3  0  3  0  0  1  1  0  0  0  0  0  0  0]
 [ 4  1  0  0  0  0  0  3  1  0  1  0  0  0  0  0  0  0  0  0]
 [ 0  1  0  0  0  0  1  2  4  0  0  0  0  1  0  1  0  0  0  0]
 [ 1  1  0  0  0  0  0  0  1  3  0  0  0  0  0  3  0  1  0  0]
 [ 0  1  0  0  0  0  1  0  0  2 12  1  0  0  0  0  0  1  0  0]
 [ 0  0  0  0  0  0  0  0  0  0  0 18  0  0  0  0  0  0  0  1]
 [ 3  1  0  1  0  0  1  1  2  0  0  1 35  4  5  2  0  0  0  1]
 [ 0  0  0  0  0  0  3  0  0  0  1  1  0 16  4  0  0  0  0  0]
 [ 0  0  0  0  1  0  0  0  1  0  0  0  0  3 15  0  1  0  0  1]
 [ 0  1  0  1  1  0  0  0  2  0  0  0  4  0  0 11  0  0  0  1]
 [ 0  0  0  0  0  0  0  0  0  0  0  0  4  0  1  0 11  0  0  1]
 [ 0  0  0  0  0  0  0  0  0  1  0  0  1  0  0  0  0 13  0  0]
 [ 0  0  0  0  0  0  0  0  0  0  0  0  0  0  0  1  0  0 11  0]
 [ 0  0  0  0  0  0  0  0  0  0  0  1  0  1  1  0  0  0  1  6]]
2023-03-14 15:27:53,021 - ***** Evaluation results *****
2023-03-14 15:27:53,022 -   acc = 0.6764
2023-03-14 15:27:53,022 -   f1 = 0.6543
2023-03-14 15:27:53,022 -   prec = 0.6616
2023-03-14 15:27:53,022 -   rec = 0.6604
2023-03-14 15:27:53,025 - Testing is finished...
2023-03-14 15:27:53,025 - Multimodal intent recognition is finished...
2023-03-14 15:27:53,025 - Results are saved in results\nmfir_bert.csv
