2023-03-14 08:34:02,739 - ============================== Params ==============================
2023-03-14 08:34:02,739 - logger_name: nmfir_MIntRec_multi-class_2023-03-14-08-34-02
2023-03-14 08:34:02,739 - dataset: MIntRec
2023-03-14 08:34:02,739 - data_mode: multi-class
2023-03-14 08:34:02,739 - method: nmfir
2023-03-14 08:34:02,739 - text_backbone: bert-base-uncased
2023-03-14 08:34:02,739 - seed: 0
2023-03-14 08:34:02,739 - num_workers: 0
2023-03-14 08:34:02,739 - gpu_id: 0
2023-03-14 08:34:02,739 - data_path: MIA-datasets
2023-03-14 08:34:02,739 - train: True
2023-03-14 08:34:02,739 - tune: False
2023-03-14 08:34:02,739 - save_model: True
2023-03-14 08:34:02,740 - save_results: True
2023-03-14 08:34:02,740 - log_path: logs
2023-03-14 08:34:02,740 - cache_path: cache
2023-03-14 08:34:02,740 - video_data_path: video_data
2023-03-14 08:34:02,740 - audio_data_path: audio_data
2023-03-14 08:34:02,740 - video_feats_path: video_feats.pkl
2023-03-14 08:34:02,740 - audio_feats_path: audio_feats.pkl
2023-03-14 08:34:02,740 - results_path: results
2023-03-14 08:34:02,740 - output_path: outputs
2023-03-14 08:34:02,740 - model_path: models
2023-03-14 08:34:02,740 - config_file_name: nmfir_bert
2023-03-14 08:34:02,740 - results_file_name: nmfir_bert.csv
2023-03-14 08:34:02,740 - padding_mode: zero
2023-03-14 08:34:02,740 - padding_loc: end
2023-03-14 08:34:02,740 - need_aligned: False
2023-03-14 08:34:02,740 - eval_monitor: f1
2023-03-14 08:34:02,740 - train_batch_size: 6
2023-03-14 08:34:02,740 - eval_batch_size: 6
2023-03-14 08:34:02,740 - test_batch_size: 4
2023-03-14 08:34:02,740 - wait_patience: 4
2023-03-14 08:34:02,740 - num_train_epochs: 100
2023-03-14 08:34:02,740 - use_cmd_sim: False
2023-03-14 08:34:02,740 - reverse_grad_weight: 0.8
2023-03-14 08:34:02,740 - hidden_size: 256
2023-03-14 08:34:02,740 - dropout_rate: 0.1
2023-03-14 08:34:02,740 - diff_weight: 0.8
2023-03-14 08:34:02,740 - sim_weight: 0.5
2023-03-14 08:34:02,740 - recon_weight: 0.5
2023-03-14 08:34:02,740 - lr: 3e-05
2023-03-14 08:34:02,740 - grad_clip: -1.0
2023-03-14 08:34:02,740 - gamma: 0.5
2023-03-14 08:34:02,740 - common_hyper_param: {'common_param': {'padding_mode': 'zero', 'padding_loc': 'end', 'need_aligned': False, 'eval_monitor': 'f1', 'train_batch_size': 6, 'eval_batch_size': 6, 'test_batch_size': 4, 'wait_patience': 4}, 'hyper_param': {'num_train_epochs': 100, 'use_cmd_sim': False, 'reverse_grad_weight': 0.8, 'hidden_size': 256, 'dropout_rate': 0.1, 'diff_weight': 0.8, 'sim_weight': 0.5, 'recon_weight': 0.5, 'lr': 3e-05, 'grad_clip': -1.0, 'gamma': 0.5}}
2023-03-14 08:34:02,740 - pred_output_path: outputs\nmfir_MIntRec_multi-class_2023-03-14-08-34-02
2023-03-14 08:34:02,740 - model_output_path: outputs\nmfir_MIntRec_multi-class_2023-03-14-08-34-02\models
2023-03-14 08:34:02,740 - ============================== End Params ==============================
2023-03-14 08:34:02,744 - Generate Text Features Begin...
2023-03-14 08:34:19,509 - Generate Text Features Finished...
2023-03-14 08:34:19,509 - Load Video Features Begin...
2023-03-14 08:34:19,937 - Load Video Features Finished...
2023-03-14 08:34:20,564 - Load Audio Features Begin...
2023-03-14 08:34:21,686 - Load Audio Features Finished...
2023-03-14 08:34:46,277 - Multimodal intent recognition begins...
2023-03-14 08:34:46,281 - Training begins...
2023-03-14 08:35:35,615 - ***** Epoch: 1: Eval results *****
2023-03-14 08:35:35,623 -   best_eval_score = 0.4085
2023-03-14 08:35:35,623 -   eval_score = 0.4085
2023-03-14 08:35:35,623 -   train_loss = 3.0435
2023-03-14 08:36:19,594 - ***** Epoch: 2: Eval results *****
2023-03-14 08:36:19,594 -   best_eval_score = 0.6036
2023-03-14 08:36:19,594 -   eval_score = 0.6036
2023-03-14 08:36:19,594 -   train_loss = 1.7176
2023-03-14 08:37:05,230 - ***** Epoch: 3: Eval results *****
2023-03-14 08:37:05,230 -   best_eval_score = 0.6493
2023-03-14 08:37:05,231 -   eval_score = 0.6493
2023-03-14 08:37:05,231 -   train_loss = 1.1634
2023-03-14 08:37:53,082 - ***** Epoch: 4: Eval results *****
2023-03-14 08:37:53,082 -   best_eval_score = 0.6516
2023-03-14 08:37:53,083 -   eval_score = 0.6516
2023-03-14 08:37:53,083 -   train_loss = 0.9122
2023-03-14 08:38:34,919 - ***** Epoch: 5: Eval results *****
2023-03-14 08:38:34,919 -   best_eval_score = 0.6818
2023-03-14 08:38:34,919 -   eval_score = 0.6818
2023-03-14 08:38:34,919 -   train_loss = 0.7816
2023-03-14 08:39:16,491 - ***** Epoch: 6: Eval results *****
2023-03-14 08:39:16,492 -   best_eval_score = 0.6874
2023-03-14 08:39:16,492 -   eval_score = 0.6874
2023-03-14 08:39:16,492 -   train_loss = 0.687
2023-03-14 08:39:59,401 - ***** Epoch: 7: Eval results *****
2023-03-14 08:39:59,401 -   best_eval_score = 0.7101
2023-03-14 08:39:59,401 -   eval_score = 0.7101
2023-03-14 08:39:59,401 -   train_loss = 0.6567
2023-03-14 08:40:41,622 - EarlyStopping counter: 1 out of 4
2023-03-14 08:40:41,622 - ***** Epoch: 8: Eval results *****
2023-03-14 08:40:41,623 -   best_eval_score = 0.7101
2023-03-14 08:40:41,623 -   eval_score = 0.6387
2023-03-14 08:40:41,623 -   train_loss = 0.6385
2023-03-14 08:41:26,100 - EarlyStopping counter: 2 out of 4
2023-03-14 08:41:26,100 - ***** Epoch: 9: Eval results *****
2023-03-14 08:41:26,100 -   best_eval_score = 0.7101
2023-03-14 08:41:26,101 -   eval_score = 0.6712
2023-03-14 08:41:26,101 -   train_loss = 0.6078
2023-03-14 08:42:16,135 - EarlyStopping counter: 3 out of 4
2023-03-14 08:42:16,135 - ***** Epoch: 10: Eval results *****
2023-03-14 08:42:16,136 -   best_eval_score = 0.7101
2023-03-14 08:42:16,136 -   eval_score = 0.6926
2023-03-14 08:42:16,136 -   train_loss = 0.5937
2023-03-14 08:43:04,315 - EarlyStopping counter: 4 out of 4
2023-03-14 08:43:04,315 - ***** Epoch: 11: Eval results *****
2023-03-14 08:43:04,315 -   best_eval_score = 0.7101
2023-03-14 08:43:04,315 -   eval_score = 0.6945
2023-03-14 08:43:04,315 -   train_loss = 0.5873
2023-03-14 08:43:04,315 - EarlyStopping at epoch 11
2023-03-14 08:43:04,315 - Trained models are saved in outputs\nmfir_MIntRec_multi-class_2023-03-14-08-34-02\models
2023-03-14 08:43:05,565 - Training is finished...
2023-03-14 08:43:05,565 - Testing begins...
2023-03-14 08:43:09,915 - ***** Test: Confusion Matrix *****
2023-03-14 08:43:09,930 - [[35  2  0  0  7  0  1  0  2  4  0  0  5  1  0  0  0  0  0  0]
 [ 0 39  0  0  0  0  0  0  1  0  0  0  2  0  0  0  0  1  0  0]
 [ 1  0 26  0  0  0  0  0  0  0  0  0  0  0  0  0  0  0  0  0]
 [ 0  0  0 25  0  0  0  0  0  0  0  0  0  0  0  0  0  0  0  0]
 [ 5  0  0  0 11  0  1  0  2  0  0  1  1  0  0  0  0  2  0  0]
 [ 0  0  0  0  0 12  0  0  0  0  0  0  0  0  0  0  0  0  0  0]
 [ 4  1  0  0  0  0  0  0  3  0  0  0  2  0  1  1  0  0  0  0]
 [ 4  0  0  0  0  0  0  3  1  0  1  0  1  0  0  0  0  0  0  0]
 [ 1  0  0  0  1  0  0  1  4  0  0  0  0  2  0  1  0  0  0  0]
 [ 1  0  0  0  0  0  0  0  0  4  0  0  0  0  0  2  0  3  0  0]
 [ 3  0  0  0  0  1  0  0  0  0 13  0  0  0  0  0  1  0  0  0]
 [ 0  0  0  0  0  0  1  0  0  0  0 17  0  0  0  0  0  0  0  1]
 [ 3  1  0  0  1  0  0  2  0  1  0  1 36  3  5  3  1  0  0  0]
 [ 0  1  0  0  0  0  0  0  0  0  1  1  0 20  1  0  1  0  0  0]
 [ 0  0  0  0  1  0  0  0  0  0  0  0  1  2 16  0  1  0  0  1]
 [ 0  1  0  0  0  0  0  1  0  0  0  0  5  0  1 13  0  0  0  0]
 [ 1  0  0  0  0  0  0  0  0  0  0  0  2  0  2  0 11  1  0  0]
 [ 0  0  0  0  0  0  0  0  0  1  0  0  1  0  0  0  0 13  0  0]
 [ 0  1  0  0  0  0  0  0  0  0  0  0  1  0  0  0  0  0 10  0]
 [ 0  0  0  0  0  0  0  0  0  0  0  0  0  1  1  0  0  0  1  7]]
2023-03-14 08:43:09,930 - ***** Evaluation results *****
2023-03-14 08:43:09,930 -   acc = 0.7079
2023-03-14 08:43:09,930 -   f1 = 0.6691
2023-03-14 08:43:09,935 -   prec = 0.6693
2023-03-14 08:43:09,935 -   rec = 0.6752
2023-03-14 08:43:09,935 - Testing is finished...
2023-03-14 08:43:09,935 - Multimodal intent recognition is finished...
2023-03-14 08:43:09,935 - Results are saved in results\nmfir_bert.csv
