2023-03-14 10:28:39,085 - ============================== Params ==============================
2023-03-14 10:28:39,085 - logger_name: nmfir_MIntRec_multi-class_2023-03-14-10-28-39
2023-03-14 10:28:39,085 - dataset: MIntRec
2023-03-14 10:28:39,085 - data_mode: multi-class
2023-03-14 10:28:39,085 - method: nmfir
2023-03-14 10:28:39,085 - text_backbone: bert-base-uncased
2023-03-14 10:28:39,085 - seed: 0
2023-03-14 10:28:39,085 - num_workers: 0
2023-03-14 10:28:39,085 - gpu_id: 0
2023-03-14 10:28:39,085 - data_path: MIA-datasets
2023-03-14 10:28:39,085 - train: True
2023-03-14 10:28:39,085 - tune: False
2023-03-14 10:28:39,085 - save_model: True
2023-03-14 10:28:39,085 - save_results: True
2023-03-14 10:28:39,085 - log_path: logs
2023-03-14 10:28:39,085 - cache_path: cache
2023-03-14 10:28:39,085 - video_data_path: video_data
2023-03-14 10:28:39,086 - audio_data_path: audio_data
2023-03-14 10:28:39,086 - video_feats_path: video_feats.pkl
2023-03-14 10:28:39,086 - audio_feats_path: audio_feats.pkl
2023-03-14 10:28:39,086 - results_path: results
2023-03-14 10:28:39,086 - output_path: outputs
2023-03-14 10:28:39,086 - model_path: models
2023-03-14 10:28:39,086 - config_file_name: nmfir_bert
2023-03-14 10:28:39,086 - results_file_name: nmfir_bert.csv
2023-03-14 10:28:39,086 - padding_mode: zero
2023-03-14 10:28:39,086 - padding_loc: end
2023-03-14 10:28:39,086 - need_aligned: False
2023-03-14 10:28:39,086 - eval_monitor: f1
2023-03-14 10:28:39,086 - train_batch_size: 6
2023-03-14 10:28:39,086 - eval_batch_size: 6
2023-03-14 10:28:39,086 - test_batch_size: 4
2023-03-14 10:28:39,086 - wait_patience: 4
2023-03-14 10:28:39,086 - num_train_epochs: 100
2023-03-14 10:28:39,086 - use_cmd_sim: False
2023-03-14 10:28:39,086 - reverse_grad_weight: 0.8
2023-03-14 10:28:39,086 - hidden_size: 256
2023-03-14 10:28:39,086 - dropout_rate: 0.1
2023-03-14 10:28:39,086 - diff_weight: 0.7
2023-03-14 10:28:39,086 - sim_weight: 0.7
2023-03-14 10:28:39,086 - recon_weight: 0.5
2023-03-14 10:28:39,086 - lr: 3e-05
2023-03-14 10:28:39,086 - grad_clip: -1.0
2023-03-14 10:28:39,086 - gamma: 0.5
2023-03-14 10:28:39,086 - common_hyper_param: {'common_param': {'padding_mode': 'zero', 'padding_loc': 'end', 'need_aligned': False, 'eval_monitor': 'f1', 'train_batch_size': 6, 'eval_batch_size': 6, 'test_batch_size': 4, 'wait_patience': 4}, 'hyper_param': {'num_train_epochs': 100, 'use_cmd_sim': False, 'reverse_grad_weight': 0.8, 'hidden_size': 256, 'dropout_rate': 0.1, 'diff_weight': 0.7, 'sim_weight': 0.7, 'recon_weight': 0.5, 'lr': 3e-05, 'grad_clip': -1.0, 'gamma': 0.5}}
2023-03-14 10:28:39,086 - pred_output_path: outputs\nmfir_MIntRec_multi-class_2023-03-14-10-28-39
2023-03-14 10:28:39,086 - model_output_path: outputs\nmfir_MIntRec_multi-class_2023-03-14-10-28-39\models
2023-03-14 10:28:39,086 - ============================== End Params ==============================
2023-03-14 10:28:39,090 - Generate Text Features Begin...
2023-03-14 10:28:55,028 - Generate Text Features Finished...
2023-03-14 10:28:55,028 - Load Video Features Begin...
2023-03-14 10:28:55,503 - Load Video Features Finished...
2023-03-14 10:28:56,128 - Load Audio Features Begin...
2023-03-14 10:28:57,233 - Load Audio Features Finished...
2023-03-14 10:29:17,309 - Multimodal intent recognition begins...
2023-03-14 10:29:17,312 - Training begins...
2023-03-14 10:29:53,909 - ***** Epoch: 1: Eval results *****
2023-03-14 10:29:53,917 -   best_eval_score = 0.4055
2023-03-14 10:29:53,917 -   eval_score = 0.4055
2023-03-14 10:29:53,917 -   train_loss = 3.2777
2023-03-14 10:30:24,788 - ***** Epoch: 2: Eval results *****
2023-03-14 10:30:24,788 -   best_eval_score = 0.6237
2023-03-14 10:30:24,789 -   eval_score = 0.6237
2023-03-14 10:30:24,789 -   train_loss = 1.9307
2023-03-14 10:30:55,858 - ***** Epoch: 3: Eval results *****
2023-03-14 10:30:55,858 -   best_eval_score = 0.669
2023-03-14 10:30:55,858 -   eval_score = 0.669
2023-03-14 10:30:55,858 -   train_loss = 1.4106
2023-03-14 10:31:27,148 - EarlyStopping counter: 1 out of 4
2023-03-14 10:31:27,148 - ***** Epoch: 4: Eval results *****
2023-03-14 10:31:27,150 -   best_eval_score = 0.669
2023-03-14 10:31:27,150 -   eval_score = 0.6446
2023-03-14 10:31:27,150 -   train_loss = 1.1515
2023-03-14 10:31:58,613 - ***** Epoch: 5: Eval results *****
2023-03-14 10:31:58,613 -   best_eval_score = 0.6769
2023-03-14 10:31:58,613 -   eval_score = 0.6769
2023-03-14 10:31:58,613 -   train_loss = 0.9646
2023-03-14 10:32:30,773 - EarlyStopping counter: 1 out of 4
2023-03-14 10:32:30,773 - ***** Epoch: 6: Eval results *****
2023-03-14 10:32:30,773 -   best_eval_score = 0.6769
2023-03-14 10:32:30,773 -   eval_score = 0.6687
2023-03-14 10:32:30,773 -   train_loss = 0.8918
2023-03-14 10:33:02,978 - ***** Epoch: 7: Eval results *****
2023-03-14 10:33:02,978 -   best_eval_score = 0.6838
2023-03-14 10:33:02,978 -   eval_score = 0.6838
2023-03-14 10:33:02,978 -   train_loss = 0.8634
2023-03-14 10:33:35,210 - ***** Epoch: 8: Eval results *****
2023-03-14 10:33:35,210 -   best_eval_score = 0.689
2023-03-14 10:33:35,210 -   eval_score = 0.689
2023-03-14 10:33:35,210 -   train_loss = 0.8498
2023-03-14 10:34:06,908 - EarlyStopping counter: 1 out of 4
2023-03-14 10:34:06,908 - ***** Epoch: 9: Eval results *****
2023-03-14 10:34:06,908 -   best_eval_score = 0.689
2023-03-14 10:34:06,918 -   eval_score = 0.6814
2023-03-14 10:34:06,918 -   train_loss = 0.8425
2023-03-14 10:34:38,658 - EarlyStopping counter: 2 out of 4
2023-03-14 10:34:38,658 - ***** Epoch: 10: Eval results *****
2023-03-14 10:34:38,658 -   best_eval_score = 0.689
2023-03-14 10:34:38,658 -   eval_score = 0.6832
2023-03-14 10:34:38,658 -   train_loss = 0.8352
2023-03-14 10:35:11,268 - EarlyStopping counter: 3 out of 4
2023-03-14 10:35:11,268 - ***** Epoch: 11: Eval results *****
2023-03-14 10:35:11,268 -   best_eval_score = 0.689
2023-03-14 10:35:11,268 -   eval_score = 0.6794
2023-03-14 10:35:11,268 -   train_loss = 0.8319
2023-03-14 10:35:44,010 - EarlyStopping counter: 4 out of 4
2023-03-14 10:35:44,010 - ***** Epoch: 12: Eval results *****
2023-03-14 10:35:44,018 -   best_eval_score = 0.689
2023-03-14 10:35:44,018 -   eval_score = 0.6835
2023-03-14 10:35:44,018 -   train_loss = 0.8308
2023-03-14 10:35:44,018 - EarlyStopping at epoch 12
2023-03-14 10:35:44,018 - Trained models are saved in outputs\nmfir_MIntRec_multi-class_2023-03-14-10-28-39\models
2023-03-14 10:35:44,918 - Training is finished...
2023-03-14 10:35:44,918 - Testing begins...
2023-03-14 10:35:47,663 - ***** Test: Confusion Matrix *****
2023-03-14 10:35:47,668 - [[31  2  0  0  5  0  3  1  2  2  1  0  8  1  0  0  0  0  0  1]
 [ 0 36  0  0  0  2  2  0  1  0  0  0  2  0  0  0  0  0  0  0]
 [ 1  0 26  0  0  0  0  0  0  0  0  0  0  0  0  0  0  0  0  0]
 [ 0  0  0 25  0  0  0  0  0  0  0  0  0  0  0  0  0  0  0  0]
 [ 3  0  0  0 13  0  3  0  0  0  0  2  1  0  1  0  0  0  0  0]
 [ 0  0  0  0  0 12  0  0  0  0  0  0  0  0  0  0  0  0  0  0]
 [ 1  1  0  0  3  0  2  0  3  0  0  0  1  0  1  0  0  0  0  0]
 [ 3  0  0  0  0  0  0  6  1  0  0  0  0  0  0  0  0  0  0  0]
 [ 1  0  0  0  0  0  1  2  4  0  0  0  0  1  0  1  0  0  0  0]
 [ 1  0  0  0  0  0  0  1  0  3  0  0  0  0  0  3  0  2  0  0]
 [ 2  0  0  0  0  0  0  1  0  0 14  1  0  0  0  0  0  0  0  0]
 [ 0  0  0  0  0  0  2  0  0  0  0 17  0  0  0  0  0  0  0  0]
 [ 4  1  0  0  0  0  1  0  0  0  0  1 40  3  5  1  0  0  0  1]
 [ 0  0  0  0  0  0  2  1  0  0  1  1  0 19  1  0  0  0  0  0]
 [ 0  0  0  0  1  0  0  0  1  0  0  0  0  3 16  0  1  0  0  0]
 [ 0  1  0  1  1  0  0  0  0  0  0  0  5  1  1 11  0  0  0  0]
 [ 1  0  0  0  0  0  0  0  0  0  0  0  2  0  1  0 13  0  0  0]
 [ 0  0  0  0  0  0  0  0  0  1  1  0  2  0  0  0  0 11  0  0]
 [ 0  1  0  0  0  0  0  0  0  0  0  0  2  0  0  1  0  0  8  0]
 [ 0  0  0  0  0  0  0  0  0  0  0  0  0  1  1  0  0  0  0  8]]
2023-03-14 10:35:47,668 - ***** Evaluation results *****
2023-03-14 10:35:47,668 -   acc = 0.7079
2023-03-14 10:35:47,668 -   f1 = 0.6885
2023-03-14 10:35:47,668 -   prec = 0.7023
2023-03-14 10:35:47,668 -   rec = 0.6863
2023-03-14 10:35:47,668 - Testing is finished...
2023-03-14 10:35:47,668 - Multimodal intent recognition is finished...
2023-03-14 10:35:47,668 - Results are saved in results\nmfir_bert.csv
