2023-03-14 11:02:38,113 - ============================== Params ==============================
2023-03-14 11:02:38,113 - logger_name: nmfir_MIntRec_multi-class_2023-03-14-11-02-38
2023-03-14 11:02:38,113 - dataset: MIntRec
2023-03-14 11:02:38,113 - data_mode: multi-class
2023-03-14 11:02:38,114 - method: nmfir
2023-03-14 11:02:38,114 - text_backbone: bert-base-uncased
2023-03-14 11:02:38,114 - seed: 0
2023-03-14 11:02:38,114 - num_workers: 0
2023-03-14 11:02:38,114 - gpu_id: 0
2023-03-14 11:02:38,114 - data_path: MIA-datasets
2023-03-14 11:02:38,114 - train: True
2023-03-14 11:02:38,114 - tune: False
2023-03-14 11:02:38,114 - save_model: True
2023-03-14 11:02:38,114 - save_results: True
2023-03-14 11:02:38,114 - log_path: logs
2023-03-14 11:02:38,114 - cache_path: cache
2023-03-14 11:02:38,114 - video_data_path: video_data
2023-03-14 11:02:38,114 - audio_data_path: audio_data
2023-03-14 11:02:38,114 - video_feats_path: video_feats.pkl
2023-03-14 11:02:38,114 - audio_feats_path: audio_feats.pkl
2023-03-14 11:02:38,114 - results_path: results
2023-03-14 11:02:38,114 - output_path: outputs
2023-03-14 11:02:38,114 - model_path: models
2023-03-14 11:02:38,114 - config_file_name: nmfir_bert
2023-03-14 11:02:38,114 - results_file_name: nmfir_bert.csv
2023-03-14 11:02:38,114 - padding_mode: zero
2023-03-14 11:02:38,114 - padding_loc: end
2023-03-14 11:02:38,114 - need_aligned: False
2023-03-14 11:02:38,114 - eval_monitor: f1
2023-03-14 11:02:38,114 - train_batch_size: 6
2023-03-14 11:02:38,114 - eval_batch_size: 6
2023-03-14 11:02:38,114 - test_batch_size: 4
2023-03-14 11:02:38,114 - wait_patience: 4
2023-03-14 11:02:38,114 - num_train_epochs: 100
2023-03-14 11:02:38,114 - use_cmd_sim: False
2023-03-14 11:02:38,114 - reverse_grad_weight: 0.8
2023-03-14 11:02:38,114 - hidden_size: 256
2023-03-14 11:02:38,114 - dropout_rate: 0.1
2023-03-14 11:02:38,114 - diff_weight: 0.7
2023-03-14 11:02:38,114 - sim_weight: 1
2023-03-14 11:02:38,114 - recon_weight: 0.5
2023-03-14 11:02:38,114 - lr: 3e-05
2023-03-14 11:02:38,114 - grad_clip: -1.0
2023-03-14 11:02:38,114 - gamma: 0.5
2023-03-14 11:02:38,114 - common_hyper_param: {'common_param': {'padding_mode': 'zero', 'padding_loc': 'end', 'need_aligned': False, 'eval_monitor': 'f1', 'train_batch_size': 6, 'eval_batch_size': 6, 'test_batch_size': 4, 'wait_patience': 4}, 'hyper_param': {'num_train_epochs': 100, 'use_cmd_sim': False, 'reverse_grad_weight': 0.8, 'hidden_size': 256, 'dropout_rate': 0.1, 'diff_weight': 0.7, 'sim_weight': 1, 'recon_weight': 0.5, 'lr': 3e-05, 'grad_clip': -1.0, 'gamma': 0.5}}
2023-03-14 11:02:38,114 - pred_output_path: outputs\nmfir_MIntRec_multi-class_2023-03-14-11-02-38
2023-03-14 11:02:38,115 - model_output_path: outputs\nmfir_MIntRec_multi-class_2023-03-14-11-02-38\models
2023-03-14 11:02:38,115 - ============================== End Params ==============================
2023-03-14 11:02:38,119 - Generate Text Features Begin...
2023-03-14 11:02:54,669 - Generate Text Features Finished...
2023-03-14 11:02:54,669 - Load Video Features Begin...
2023-03-14 11:02:55,094 - Load Video Features Finished...
2023-03-14 11:02:55,669 - Load Audio Features Begin...
2023-03-14 11:02:56,679 - Load Audio Features Finished...
2023-03-14 11:03:16,984 - Multimodal intent recognition begins...
2023-03-14 11:03:16,989 - Training begins...
2023-03-14 11:04:00,999 - ***** Epoch: 1: Eval results *****
2023-03-14 11:04:01,009 -   best_eval_score = 0.403
2023-03-14 11:04:01,009 -   eval_score = 0.403
2023-03-14 11:04:01,009 -   train_loss = 3.6402
2023-03-14 11:04:38,003 - ***** Epoch: 2: Eval results *****
2023-03-14 11:04:38,003 -   best_eval_score = 0.6183
2023-03-14 11:04:38,003 -   eval_score = 0.6183
2023-03-14 11:04:38,003 -   train_loss = 2.2579
2023-03-14 11:05:15,404 - ***** Epoch: 3: Eval results *****
2023-03-14 11:05:15,404 -   best_eval_score = 0.647
2023-03-14 11:05:15,404 -   eval_score = 0.647
2023-03-14 11:05:15,404 -   train_loss = 1.7085
2023-03-14 11:05:52,229 - ***** Epoch: 4: Eval results *****
2023-03-14 11:05:52,229 -   best_eval_score = 0.678
2023-03-14 11:05:52,229 -   eval_score = 0.678
2023-03-14 11:05:52,229 -   train_loss = 1.4843
2023-03-14 11:06:28,969 - EarlyStopping counter: 1 out of 4
2023-03-14 11:06:28,969 - ***** Epoch: 5: Eval results *****
2023-03-14 11:06:28,969 -   best_eval_score = 0.678
2023-03-14 11:06:28,969 -   eval_score = 0.6643
2023-03-14 11:06:28,969 -   train_loss = 1.3261
2023-03-14 11:07:07,219 - EarlyStopping counter: 2 out of 4
2023-03-14 11:07:07,219 - ***** Epoch: 6: Eval results *****
2023-03-14 11:07:07,219 -   best_eval_score = 0.678
2023-03-14 11:07:07,219 -   eval_score = 0.6746
2023-03-14 11:07:07,219 -   train_loss = 1.2119
2023-03-14 11:07:43,444 - ***** Epoch: 7: Eval results *****
2023-03-14 11:07:43,444 -   best_eval_score = 0.6865
2023-03-14 11:07:43,444 -   eval_score = 0.6865
2023-03-14 11:07:43,444 -   train_loss = 1.1891
2023-03-14 11:08:20,719 - EarlyStopping counter: 1 out of 4
2023-03-14 11:08:20,719 - ***** Epoch: 8: Eval results *****
2023-03-14 11:08:20,719 -   best_eval_score = 0.6865
2023-03-14 11:08:20,719 -   eval_score = 0.6766
2023-03-14 11:08:20,719 -   train_loss = 1.1733
2023-03-14 11:09:03,129 - EarlyStopping counter: 2 out of 4
2023-03-14 11:09:03,129 - ***** Epoch: 9: Eval results *****
2023-03-14 11:09:03,129 -   best_eval_score = 0.6865
2023-03-14 11:09:03,129 -   eval_score = 0.6817
2023-03-14 11:09:03,129 -   train_loss = 1.1657
2023-03-14 11:09:44,829 - EarlyStopping counter: 3 out of 4
2023-03-14 11:09:44,829 - ***** Epoch: 10: Eval results *****
2023-03-14 11:09:44,829 -   best_eval_score = 0.6865
2023-03-14 11:09:44,829 -   eval_score = 0.6773
2023-03-14 11:09:44,829 -   train_loss = 1.1607
2023-03-14 11:10:27,269 - EarlyStopping counter: 4 out of 4
2023-03-14 11:10:27,269 - ***** Epoch: 11: Eval results *****
2023-03-14 11:10:27,269 -   best_eval_score = 0.6865
2023-03-14 11:10:27,269 -   eval_score = 0.6773
2023-03-14 11:10:27,269 -   train_loss = 1.1591
2023-03-14 11:10:27,269 - EarlyStopping at epoch 11
2023-03-14 11:10:27,269 - Trained models are saved in outputs\nmfir_MIntRec_multi-class_2023-03-14-11-02-38\models
2023-03-14 11:10:28,419 - Training is finished...
2023-03-14 11:10:28,419 - Testing begins...
2023-03-14 11:10:32,719 - ***** Test: Confusion Matrix *****
2023-03-14 11:10:32,719 - [[33  2  0  0  7  0  2  1  2  3  0  0  5  2  0  0  0  0  0  0]
 [ 0 39  0  1  0  0  1  0  0  0  0  0  1  1  0  0  0  0  0  0]
 [ 1  0 26  0  0  0  0  0  0  0  0  0  0  0  0  0  0  0  0  0]
 [ 0  0  0 25  0  0  0  0  0  0  0  0  0  0  0  0  0  0  0  0]
 [ 4  0  0  0 14  0  2  0  1  0  0  1  0  0  1  0  0  0  0  0]
 [ 0  0  0  0  0 12  0  0  0  0  0  0  0  0  0  0  0  0  0  0]
 [ 1  0  0  0  2  0  2  0  4  0  0  0  2  0  1  0  0  0  0  0]
 [ 4  0  0  0  0  0  0  4  1  0  1  0  0  0  0  0  0  0  0  0]
 [ 1  0  0  0  1  0  2  2  2  0  0  0  0  1  0  1  0  0  0  0]
 [ 1  0  0  0  0  0  1  0  0  3  1  0  0  0  0  3  0  1  0  0]
 [ 0  0  0  0  0  0  0  1  0  2 15  0  0  0  0  0  0  0  0  0]
 [ 0  0  0  0  0  0  1  0  0  0  0 16  0  0  0  0  0  0  1  1]
 [ 3  0  0  1  0  0  1  0  1  1  1  0 39  4  3  1  1  0  0  1]
 [ 0  0  0  0  0  0  1  1  0  0  1  1  0 21  0  0  0  0  0  0]
 [ 0  0  0  0  1  0  0  0  1  0  0  0  1  2 16  0  1  0  0  0]
 [ 0  0  0  1  0  0  0  1  1  0  0  0  6  0  1 10  0  0  0  1]
 [ 0  0  0  0  0  0  0  0  0  0  0  0  3  0  1  0 13  0  0  0]
 [ 0  0  0  0  0  0  0  0  0  1  1  0  1  0  0  0  0 12  0  0]
 [ 0  0  0  0  0  0  0  0  0  0  0  0  3  0  0  1  0  0  8  0]
 [ 0  0  0  0  0  0  0  0  0  0  0  0  1  1  1  0  0  0  0  7]]
2023-03-14 11:10:32,729 - ***** Evaluation results *****
2023-03-14 11:10:32,729 -   acc = 0.7124
2023-03-14 11:10:32,729 -   f1 = 0.6757
2023-03-14 11:10:32,729 -   prec = 0.6847
2023-03-14 11:10:32,729 -   rec = 0.6729
2023-03-14 11:10:32,729 - Testing is finished...
2023-03-14 11:10:32,729 - Multimodal intent recognition is finished...
2023-03-14 11:10:32,729 - Results are saved in results\nmfir_bert.csv
