2022-11-29 12:03:49,536 - ============================== Params ==============================
2022-11-29 12:03:49,536 - logger_name: nmfir_MIntRec_multi-class_2022-11-29-12-03-49
2022-11-29 12:03:49,536 - dataset: MIntRec
2022-11-29 12:03:49,536 - data_mode: multi-class
2022-11-29 12:03:49,536 - method: nmfir
2022-11-29 12:03:49,536 - text_backbone: bert-base-uncased
2022-11-29 12:03:49,536 - seed: 0
2022-11-29 12:03:49,536 - num_workers: 0
2022-11-29 12:03:49,537 - gpu_id: 0
2022-11-29 12:03:49,537 - data_path: MIA-datasets
2022-11-29 12:03:49,537 - train: True
2022-11-29 12:03:49,537 - tune: False
2022-11-29 12:03:49,537 - save_model: True
2022-11-29 12:03:49,537 - save_results: True
2022-11-29 12:03:49,537 - log_path: logs
2022-11-29 12:03:49,537 - cache_path: cache
2022-11-29 12:03:49,537 - video_data_path: video_data
2022-11-29 12:03:49,537 - audio_data_path: audio_data
2022-11-29 12:03:49,537 - video_feats_path: video_feats.pkl
2022-11-29 12:03:49,537 - audio_feats_path: audio_feats.pkl
2022-11-29 12:03:49,537 - results_path: results
2022-11-29 12:03:49,537 - output_path: outputs
2022-11-29 12:03:49,537 - model_path: models
2022-11-29 12:03:49,537 - config_file_name: nmfir_bert
2022-11-29 12:03:49,537 - results_file_name: nmfir_bert.csv
2022-11-29 12:03:49,537 - padding_mode: zero
2022-11-29 12:03:49,537 - padding_loc: end
2022-11-29 12:03:49,537 - need_aligned: False
2022-11-29 12:03:49,537 - eval_monitor: f1
2022-11-29 12:03:49,537 - train_batch_size: 6
2022-11-29 12:03:49,537 - eval_batch_size: 6
2022-11-29 12:03:49,537 - test_batch_size: 4
2022-11-29 12:03:49,537 - wait_patience: 4
2022-11-29 12:03:49,537 - num_train_epochs: 100
2022-11-29 12:03:49,537 - use_cmd_sim: False
2022-11-29 12:03:49,537 - reverse_grad_weight: 0.8
2022-11-29 12:03:49,537 - hidden_size: 256
2022-11-29 12:03:49,537 - dropout_rate: 0.1
2022-11-29 12:03:49,537 - diff_weight: 0.7
2022-11-29 12:03:49,537 - sim_weight: 0.7
2022-11-29 12:03:49,537 - recon_weight: 0.6
2022-11-29 12:03:49,537 - lr: 3e-05
2022-11-29 12:03:49,537 - grad_clip: -1.0
2022-11-29 12:03:49,537 - gamma: 0.5
2022-11-29 12:03:49,537 - common_hyper_param: {'common_param': {'padding_mode': 'zero', 'padding_loc': 'end', 'need_aligned': False, 'eval_monitor': 'f1', 'train_batch_size': 6, 'eval_batch_size': 6, 'test_batch_size': 4, 'wait_patience': 4}, 'hyper_param': {'num_train_epochs': 100, 'use_cmd_sim': False, 'reverse_grad_weight': 0.8, 'hidden_size': 256, 'dropout_rate': 0.1, 'diff_weight': 0.7, 'sim_weight': 0.7, 'recon_weight': 0.6, 'lr': 3e-05, 'grad_clip': -1.0, 'gamma': 0.5}}
2022-11-29 12:03:49,537 - pred_output_path: outputs\nmfir_MIntRec_multi-class_2022-11-29-12-03-49
2022-11-29 12:03:49,537 - model_output_path: outputs\nmfir_MIntRec_multi-class_2022-11-29-12-03-49\models
2022-11-29 12:03:49,537 - ============================== End Params ==============================
2022-11-29 12:03:49,540 - Generate Text Features Begin...
2022-11-29 12:04:05,385 - Generate Text Features Finished...
2022-11-29 12:04:05,385 - Load Video Features Begin...
2022-11-29 12:04:06,670 - Load Video Features Finished...
2022-11-29 12:04:07,377 - Load Audio Features Begin...
2022-11-29 12:04:14,895 - Load Audio Features Finished...
2022-11-29 12:04:38,407 - Multimodal intent recognition begins...
2022-11-29 12:04:38,423 - Training begins...
2022-11-29 12:05:22,338 - ***** Epoch: 1: Eval results *****
2022-11-29 12:05:22,338 -   best_eval_score = 0.4121
2022-11-29 12:05:22,338 -   eval_score = 0.4121
2022-11-29 12:05:22,338 -   train_loss = 3.3126
2022-11-29 12:05:58,059 - ***** Epoch: 2: Eval results *****
2022-11-29 12:05:58,059 -   best_eval_score = 0.6013
2022-11-29 12:05:58,059 -   eval_score = 0.6013
2022-11-29 12:05:58,059 -   train_loss = 1.9416
2022-11-29 12:06:35,248 - ***** Epoch: 3: Eval results *****
2022-11-29 12:06:35,248 -   best_eval_score = 0.6424
2022-11-29 12:06:35,248 -   eval_score = 0.6424
2022-11-29 12:06:35,248 -   train_loss = 1.3903
2022-11-29 12:07:11,024 - ***** Epoch: 4: Eval results *****
2022-11-29 12:07:11,024 -   best_eval_score = 0.6753
2022-11-29 12:07:11,024 -   eval_score = 0.6753
2022-11-29 12:07:11,024 -   train_loss = 1.1206
2022-11-29 12:07:45,675 - EarlyStopping counter: 1 out of 4
2022-11-29 12:07:45,675 - ***** Epoch: 5: Eval results *****
2022-11-29 12:07:45,675 -   best_eval_score = 0.6753
2022-11-29 12:07:45,675 -   eval_score = 0.65
2022-11-29 12:07:45,675 -   train_loss = 0.9912
2022-11-29 12:08:21,524 - ***** Epoch: 6: Eval results *****
2022-11-29 12:08:21,524 -   best_eval_score = 0.6755
2022-11-29 12:08:21,524 -   eval_score = 0.6755
2022-11-29 12:08:21,524 -   train_loss = 0.8919
2022-11-29 12:08:58,023 - ***** Epoch: 7: Eval results *****
2022-11-29 12:08:58,023 -   best_eval_score = 0.6869
2022-11-29 12:08:58,023 -   eval_score = 0.6869
2022-11-29 12:08:58,023 -   train_loss = 0.8517
2022-11-29 12:09:33,345 - EarlyStopping counter: 1 out of 4
2022-11-29 12:09:33,345 - ***** Epoch: 8: Eval results *****
2022-11-29 12:09:33,345 -   best_eval_score = 0.6869
2022-11-29 12:09:33,345 -   eval_score = 0.674
2022-11-29 12:09:33,345 -   train_loss = 0.8368
2022-11-29 12:10:08,348 - EarlyStopping counter: 2 out of 4
2022-11-29 12:10:08,348 - ***** Epoch: 9: Eval results *****
2022-11-29 12:10:08,348 -   best_eval_score = 0.6869
2022-11-29 12:10:08,348 -   eval_score = 0.6639
2022-11-29 12:10:08,348 -   train_loss = 0.8256
2022-11-29 12:10:44,082 - EarlyStopping counter: 3 out of 4
2022-11-29 12:10:44,082 - ***** Epoch: 10: Eval results *****
2022-11-29 12:10:44,083 -   best_eval_score = 0.6869
2022-11-29 12:10:44,083 -   eval_score = 0.6688
2022-11-29 12:10:44,083 -   train_loss = 0.8158
2022-11-29 12:11:16,554 - EarlyStopping counter: 4 out of 4
2022-11-29 12:11:16,554 - ***** Epoch: 11: Eval results *****
2022-11-29 12:11:16,554 -   best_eval_score = 0.6869
2022-11-29 12:11:16,554 -   eval_score = 0.6635
2022-11-29 12:11:16,554 -   train_loss = 0.8125
2022-11-29 12:11:16,554 - EarlyStopping at epoch 11
2022-11-29 12:11:16,554 - Trained models are saved in outputs\nmfir_MIntRec_multi-class_2022-11-29-12-03-49\models
2022-11-29 12:11:17,437 - Training is finished...
2022-11-29 12:11:17,437 - Testing begins...
2022-11-29 12:11:20,098 - ***** Test: Confusion Matrix *****
2022-11-29 12:11:20,102 - [[35  1  0  0  5  0  2  1  3  4  0  0  5  1  0  0  0  0  0  0]
 [ 0 39  0  1  0  0  1  0  2  0  0  0  0  0  0  0  0  0  0  0]
 [ 1  0 26  0  0  0  0  0  0  0  0  0  0  0  0  0  0  0  0  0]
 [ 0  0  0 25  0  0  0  0  0  0  0  0  0  0  0  0  0  0  0  0]
 [ 3  0  0  0 11  0  5  0  0  0  0  1  2  0  1  0  0  0  0  0]
 [ 0  0  0  0  0 12  0  0  0  0  0  0  0  0  0  0  0  0  0  0]
 [ 2  0  0  0  1  0  1  1  5  0  0  0  1  0  0  0  1  0  0  0]
 [ 4  1  0  0  0  0  0  3  1  0  1  0  0  0  0  0  0  0  0  0]
 [ 0  0  0  0  0  0  0  2  6  0  0  0  0  2  0  0  0  0  0  0]
 [ 1  0  0  0  0  0  0  1  0  3  0  0  0  0  0  3  0  2  0  0]
 [ 2  0  0  0  0  0  1  1  0  0 13  0  0  0  0  0  0  1  0  0]
 [ 0  0  0  0  0  0  1  0  0  0  0 17  0  0  0  0  0  0  0  1]
 [ 1  1  0  0  0  0  1  3  3  1  1  1 37  4  3  1  0  0  0  0]
 [ 0  0  0  0  0  0  2  1  1  0  2  1  0 17  1  0  0  0  0  0]
 [ 0  0  0  0  1  0  1  0  1  0  0  0  1  2 14  0  1  0  0  1]
 [ 0  1  0  0  0  0  0  1  2  0  0  0  3  1  1 12  0  0  0  0]
 [ 0  0  0  0  0  0  0  0  0  0  0  0  4  0  1  0 12  0  0  0]
 [ 0  0  0  0  0  0  0  0  0  1  0  0  1  0  0  0  0 13  0  0]
 [ 0  0  0  0  0  0  0  0  0  0  0  0  1  0  0  1  0  0 10  0]
 [ 0  0  0  0  0  0  0  0  0  0  0  0  1  1  1  0  1  0  0  6]]
2022-11-29 12:11:20,103 - ***** Evaluation results *****
2022-11-29 12:11:20,103 -   acc = 0.7011
2022-11-29 12:11:20,103 -   f1 = 0.6701
2022-11-29 12:11:20,103 -   prec = 0.6823
2022-11-29 12:11:20,103 -   rec = 0.6703
2022-11-29 12:11:20,107 - Testing is finished...
2022-11-29 12:11:20,107 - Multimodal intent recognition is finished...
2022-11-29 12:11:20,107 - Results are saved in results\nmfir_bert.csv
