2022-11-10 11:23:37,911 - ============================== Params ==============================
2022-11-10 11:23:37,911 - logger_name: nmfir_MIntRec_multi-class_2022-11-10-11-23-37
2022-11-10 11:23:37,911 - dataset: MIntRec
2022-11-10 11:23:37,911 - data_mode: multi-class
2022-11-10 11:23:37,911 - method: nmfir
2022-11-10 11:23:37,911 - text_backbone: bert-base-uncased
2022-11-10 11:23:37,911 - seed: 0
2022-11-10 11:23:37,911 - num_workers: 0
2022-11-10 11:23:37,911 - gpu_id: 0
2022-11-10 11:23:37,911 - data_path: MIA-datasets
2022-11-10 11:23:37,911 - train: True
2022-11-10 11:23:37,911 - tune: False
2022-11-10 11:23:37,911 - save_model: True
2022-11-10 11:23:37,911 - save_results: True
2022-11-10 11:23:37,911 - log_path: logs
2022-11-10 11:23:37,911 - cache_path: cache
2022-11-10 11:23:37,911 - video_data_path: video_data
2022-11-10 11:23:37,911 - audio_data_path: audio_data
2022-11-10 11:23:37,912 - video_feats_path: video_feats.pkl
2022-11-10 11:23:37,912 - audio_feats_path: audio_feats.pkl
2022-11-10 11:23:37,912 - results_path: results
2022-11-10 11:23:37,912 - output_path: outputs
2022-11-10 11:23:37,912 - model_path: models
2022-11-10 11:23:37,912 - config_file_name: nmfir_bert
2022-11-10 11:23:37,912 - results_file_name: nmfir_bert.csv
2022-11-10 11:23:37,912 - padding_mode: zero
2022-11-10 11:23:37,912 - padding_loc: end
2022-11-10 11:23:37,912 - need_aligned: False
2022-11-10 11:23:37,912 - eval_monitor: f1
2022-11-10 11:23:37,912 - train_batch_size: 6
2022-11-10 11:23:37,912 - eval_batch_size: 6
2022-11-10 11:23:37,912 - test_batch_size: 4
2022-11-10 11:23:37,912 - wait_patience: 4
2022-11-10 11:23:37,912 - num_train_epochs: 100
2022-11-10 11:23:37,912 - use_cmd_sim: False
2022-11-10 11:23:37,912 - reverse_grad_weight: 0.8
2022-11-10 11:23:37,912 - hidden_size: 256
2022-11-10 11:23:37,912 - dropout_rate: 0.1
2022-11-10 11:23:37,912 - diff_weight: 0.7
2022-11-10 11:23:37,912 - sim_weight: 0.7
2022-11-10 11:23:37,912 - recon_weight: 0.6
2022-11-10 11:23:37,912 - lr: 3e-05
2022-11-10 11:23:37,912 - grad_clip: -1.0
2022-11-10 11:23:37,912 - gamma: 0.5
2022-11-10 11:23:37,912 - common_hyper_param: {'common_param': {'padding_mode': 'zero', 'padding_loc': 'end', 'need_aligned': False, 'eval_monitor': 'f1', 'train_batch_size': 6, 'eval_batch_size': 6, 'test_batch_size': 4, 'wait_patience': 4}, 'hyper_param': {'num_train_epochs': 100, 'use_cmd_sim': False, 'reverse_grad_weight': 0.8, 'hidden_size': 256, 'dropout_rate': 0.1, 'diff_weight': 0.7, 'sim_weight': 0.7, 'recon_weight': 0.6, 'lr': 3e-05, 'grad_clip': -1.0, 'gamma': 0.5}}
2022-11-10 11:23:37,912 - pred_output_path: outputs\nmfir_MIntRec_multi-class_2022-11-10-11-23-37
2022-11-10 11:23:37,912 - model_output_path: outputs\nmfir_MIntRec_multi-class_2022-11-10-11-23-37\models
2022-11-10 11:23:37,912 - ============================== End Params ==============================
2022-11-10 11:23:37,917 - Generate Text Features Begin...
2022-11-10 11:23:55,219 - Generate Text Features Finished...
2022-11-10 11:23:55,225 - Load Video Features Begin...
2022-11-10 11:23:55,622 - Load Video Features Finished...
2022-11-10 11:23:56,011 - Load Audio Features Begin...
2022-11-10 11:23:56,749 - Load Audio Features Finished...
2022-11-10 11:24:16,231 - Multimodal intent recognition begins...
2022-11-10 11:24:16,234 - Training begins...
2022-11-10 11:24:52,407 - ***** Epoch: 1: Eval results *****
2022-11-10 11:24:52,413 -   best_eval_score = 0.3693
2022-11-10 11:24:52,413 -   eval_score = 0.3693
2022-11-10 11:24:52,413 -   train_loss = 3.3337
2022-11-10 11:25:22,652 - ***** Epoch: 2: Eval results *****
2022-11-10 11:25:22,652 -   best_eval_score = 0.5655
2022-11-10 11:25:22,652 -   eval_score = 0.5655
2022-11-10 11:25:22,652 -   train_loss = 1.976
2022-11-10 11:25:53,959 - ***** Epoch: 3: Eval results *****
2022-11-10 11:25:53,959 -   best_eval_score = 0.6321
2022-11-10 11:25:53,959 -   eval_score = 0.6321
2022-11-10 11:25:53,959 -   train_loss = 1.4625
2022-11-10 11:26:27,045 - ***** Epoch: 4: Eval results *****
2022-11-10 11:26:27,046 -   best_eval_score = 0.674
2022-11-10 11:26:27,047 -   eval_score = 0.674
2022-11-10 11:26:27,047 -   train_loss = 1.1824
2022-11-10 11:26:59,255 - EarlyStopping counter: 1 out of 4
2022-11-10 11:26:59,255 - ***** Epoch: 5: Eval results *****
2022-11-10 11:26:59,255 -   best_eval_score = 0.674
2022-11-10 11:26:59,255 -   eval_score = 0.6689
2022-11-10 11:26:59,255 -   train_loss = 0.9947
2022-11-10 11:27:31,343 - ***** Epoch: 6: Eval results *****
2022-11-10 11:27:31,343 -   best_eval_score = 0.6868
2022-11-10 11:27:31,343 -   eval_score = 0.6868
2022-11-10 11:27:31,343 -   train_loss = 0.896
2022-11-10 11:28:05,615 - ***** Epoch: 7: Eval results *****
2022-11-10 11:28:05,615 -   best_eval_score = 0.697
2022-11-10 11:28:05,615 -   eval_score = 0.697
2022-11-10 11:28:05,615 -   train_loss = 0.8568
2022-11-10 11:28:41,877 - ***** Epoch: 8: Eval results *****
2022-11-10 11:28:41,877 -   best_eval_score = 0.7024
2022-11-10 11:28:41,877 -   eval_score = 0.7024
2022-11-10 11:28:41,877 -   train_loss = 0.8387
2022-11-10 11:29:18,092 - EarlyStopping counter: 1 out of 4
2022-11-10 11:29:18,092 - ***** Epoch: 9: Eval results *****
2022-11-10 11:29:18,092 -   best_eval_score = 0.7024
2022-11-10 11:29:18,092 -   eval_score = 0.6958
2022-11-10 11:29:18,092 -   train_loss = 0.8369
2022-11-10 11:29:56,811 - EarlyStopping counter: 2 out of 4
2022-11-10 11:29:56,811 - ***** Epoch: 10: Eval results *****
2022-11-10 11:29:56,811 -   best_eval_score = 0.7024
2022-11-10 11:29:56,811 -   eval_score = 0.6954
2022-11-10 11:29:56,811 -   train_loss = 0.8255
2022-11-10 11:30:31,104 - EarlyStopping counter: 3 out of 4
2022-11-10 11:30:31,104 - ***** Epoch: 11: Eval results *****
2022-11-10 11:30:31,104 -   best_eval_score = 0.7024
2022-11-10 11:30:31,104 -   eval_score = 0.702
2022-11-10 11:30:31,104 -   train_loss = 0.8214
2022-11-10 11:31:02,841 - ***** Epoch: 12: Eval results *****
2022-11-10 11:31:02,841 -   best_eval_score = 0.7041
2022-11-10 11:31:02,841 -   eval_score = 0.7041
2022-11-10 11:31:02,841 -   train_loss = 0.8188
2022-11-10 11:31:33,632 - ***** Epoch: 13: Eval results *****
2022-11-10 11:31:33,632 -   best_eval_score = 0.7067
2022-11-10 11:31:33,632 -   eval_score = 0.7067
2022-11-10 11:31:33,632 -   train_loss = 0.817
2022-11-10 11:32:04,959 - EarlyStopping counter: 1 out of 4
2022-11-10 11:32:04,959 - ***** Epoch: 14: Eval results *****
2022-11-10 11:32:04,959 -   best_eval_score = 0.7067
2022-11-10 11:32:04,959 -   eval_score = 0.7009
2022-11-10 11:32:04,959 -   train_loss = 0.8166
2022-11-10 11:32:36,545 - EarlyStopping counter: 2 out of 4
2022-11-10 11:32:36,545 - ***** Epoch: 15: Eval results *****
2022-11-10 11:32:36,545 -   best_eval_score = 0.7067
2022-11-10 11:32:36,545 -   eval_score = 0.7008
2022-11-10 11:32:36,545 -   train_loss = 0.8159
2022-11-10 11:33:08,138 - EarlyStopping counter: 3 out of 4
2022-11-10 11:33:08,138 - ***** Epoch: 16: Eval results *****
2022-11-10 11:33:08,138 -   best_eval_score = 0.7067
2022-11-10 11:33:08,138 -   eval_score = 0.7067
2022-11-10 11:33:08,138 -   train_loss = 0.8171
2022-11-10 11:33:39,335 - EarlyStopping counter: 4 out of 4
2022-11-10 11:33:39,335 - ***** Epoch: 17: Eval results *****
2022-11-10 11:33:39,335 -   best_eval_score = 0.7067
2022-11-10 11:33:39,335 -   eval_score = 0.7008
2022-11-10 11:33:39,335 -   train_loss = 0.8163
2022-11-10 11:33:39,335 - EarlyStopping at epoch 17
2022-11-10 11:33:39,335 - Trained models are saved in outputs\nmfir_MIntRec_multi-class_2022-11-10-11-23-37\models
2022-11-10 11:33:40,212 - Training is finished...
2022-11-10 11:33:40,212 - Testing begins...
2022-11-10 11:33:43,039 - ***** Test: Confusion Matrix *****
2022-11-10 11:33:43,043 - [[33  1  0  0  5  0  6  1  0  2  1  0  8  0  0  0  0  0  0  0]
 [ 0 38  0  1  0  0  2  0  0  0  0  0  1  1  0  0  0  0  0  0]
 [ 1  0 26  0  0  0  0  0  0  0  0  0  0  0  0  0  0  0  0  0]
 [ 0  0  0 25  0  0  0  0  0  0  0  0  0  0  0  0  0  0  0  0]
 [ 2  0  0  0 12  0  3  0  0  1  0  1  1  1  1  0  0  1  0  0]
 [ 0  0  0  0  0 11  0  0  0  0  1  0  0  0  0  0  0  0  0  0]
 [ 1  1  0  0  3  0  2  0  3  0  0  0  1  0  0  0  1  0  0  0]
 [ 3  0  0  0  0  0  0  5  1  0  1  0  0  0  0  0  0  0  0  0]
 [ 1  0  0  0  0  0  0  2  5  0  0  0  1  0  0  1  0  0  0  0]
 [ 1  0  0  0  0  0  0  0  0  3  1  0  0  0  0  3  0  2  0  0]
 [ 1  0  0  0  0  0  1  1  0  2 13  0  0  0  0  0  0  0  0  0]
 [ 0  0  0  0  0  0  2  0  0  0  0 16  0  0  0  0  0  0  0  1]
 [ 3  1  0  0  1  0  1  1  0  0  1  1 40  2  4  1  0  0  0  1]
 [ 0  0  0  0  1  0  1  0  0  0  1  1  0 20  0  0  0  0  0  1]
 [ 0  0  0  0  1  0  0  0  0  0  0  0  1  3 14  0  1  0  0  2]
 [ 0  1  0  0  0  0  0  0  1  0  0  0  5  0  1 13  0  0  0  0]
 [ 1  0  0  0  0  0  0  0  0  0  0  0  2  0  1  0 13  0  0  0]
 [ 0  0  0  0  0  0  0  0  0  1  0  0  2  0  0  0  0 12  0  0]
 [ 0  1  0  0  0  1  0  0  0  0  0  0  2  0  0  1  0  0  7  0]
 [ 0  0  0  0  0  0  0  0  0  0  0  0  0  1  1  0  0  0  0  8]]
2022-11-10 11:33:43,044 - ***** Evaluation results *****
2022-11-10 11:33:43,044 -   acc = 0.7101
2022-11-10 11:33:43,045 -   f1 = 0.683
2022-11-10 11:33:43,045 -   prec = 0.6949
2022-11-10 11:33:43,045 -   rec = 0.68
2022-11-10 11:33:43,047 - Testing is finished...
2022-11-10 11:33:43,047 - Multimodal intent recognition is finished...
2022-11-10 11:33:43,047 - Results are saved in results\nmfir_bert.csv
