2023-03-14 11:13:10,632 - ============================== Params ==============================
2023-03-14 11:13:10,632 - logger_name: nmfir_MIntRec_multi-class_2023-03-14-11-13-10
2023-03-14 11:13:10,632 - dataset: MIntRec
2023-03-14 11:13:10,632 - data_mode: multi-class
2023-03-14 11:13:10,632 - method: nmfir
2023-03-14 11:13:10,632 - text_backbone: bert-base-uncased
2023-03-14 11:13:10,632 - seed: 0
2023-03-14 11:13:10,632 - num_workers: 0
2023-03-14 11:13:10,632 - gpu_id: 0
2023-03-14 11:13:10,632 - data_path: MIA-datasets
2023-03-14 11:13:10,632 - train: True
2023-03-14 11:13:10,632 - tune: False
2023-03-14 11:13:10,632 - save_model: True
2023-03-14 11:13:10,633 - save_results: True
2023-03-14 11:13:10,633 - log_path: logs
2023-03-14 11:13:10,633 - cache_path: cache
2023-03-14 11:13:10,633 - video_data_path: video_data
2023-03-14 11:13:10,633 - audio_data_path: audio_data
2023-03-14 11:13:10,633 - video_feats_path: video_feats.pkl
2023-03-14 11:13:10,633 - audio_feats_path: audio_feats.pkl
2023-03-14 11:13:10,633 - results_path: results
2023-03-14 11:13:10,633 - output_path: outputs
2023-03-14 11:13:10,633 - model_path: models
2023-03-14 11:13:10,633 - config_file_name: nmfir_bert
2023-03-14 11:13:10,633 - results_file_name: nmfir_bert.csv
2023-03-14 11:13:10,633 - padding_mode: zero
2023-03-14 11:13:10,633 - padding_loc: end
2023-03-14 11:13:10,633 - need_aligned: False
2023-03-14 11:13:10,633 - eval_monitor: f1
2023-03-14 11:13:10,633 - train_batch_size: 6
2023-03-14 11:13:10,633 - eval_batch_size: 6
2023-03-14 11:13:10,633 - test_batch_size: 4
2023-03-14 11:13:10,633 - wait_patience: 4
2023-03-14 11:13:10,633 - num_train_epochs: 100
2023-03-14 11:13:10,633 - use_cmd_sim: False
2023-03-14 11:13:10,633 - reverse_grad_weight: 0.8
2023-03-14 11:13:10,633 - hidden_size: 256
2023-03-14 11:13:10,633 - dropout_rate: 0.1
2023-03-14 11:13:10,633 - diff_weight: 0.7
2023-03-14 11:13:10,633 - sim_weight: 0.7
2023-03-14 11:13:10,633 - recon_weight: 0.1
2023-03-14 11:13:10,633 - lr: 3e-05
2023-03-14 11:13:10,633 - grad_clip: -1.0
2023-03-14 11:13:10,633 - gamma: 0.5
2023-03-14 11:13:10,633 - common_hyper_param: {'common_param': {'padding_mode': 'zero', 'padding_loc': 'end', 'need_aligned': False, 'eval_monitor': 'f1', 'train_batch_size': 6, 'eval_batch_size': 6, 'test_batch_size': 4, 'wait_patience': 4}, 'hyper_param': {'num_train_epochs': 100, 'use_cmd_sim': False, 'reverse_grad_weight': 0.8, 'hidden_size': 256, 'dropout_rate': 0.1, 'diff_weight': 0.7, 'sim_weight': 0.7, 'recon_weight': 0.1, 'lr': 3e-05, 'grad_clip': -1.0, 'gamma': 0.5}}
2023-03-14 11:13:10,633 - pred_output_path: outputs\nmfir_MIntRec_multi-class_2023-03-14-11-13-10
2023-03-14 11:13:10,634 - model_output_path: outputs\nmfir_MIntRec_multi-class_2023-03-14-11-13-10\models
2023-03-14 11:13:10,634 - ============================== End Params ==============================
2023-03-14 11:13:10,638 - Generate Text Features Begin...
2023-03-14 11:13:26,763 - Generate Text Features Finished...
2023-03-14 11:13:26,764 - Load Video Features Begin...
2023-03-14 11:13:27,200 - Load Video Features Finished...
2023-03-14 11:13:27,608 - Load Audio Features Begin...
2023-03-14 11:13:28,365 - Load Audio Features Finished...
2023-03-14 11:13:49,479 - Multimodal intent recognition begins...
2023-03-14 11:13:49,484 - Training begins...
2023-03-14 11:14:38,069 - ***** Epoch: 1: Eval results *****
2023-03-14 11:14:38,074 -   best_eval_score = 0.382
2023-03-14 11:14:38,074 -   eval_score = 0.382
2023-03-14 11:14:38,074 -   train_loss = 3.0558
2023-03-14 11:15:19,714 - ***** Epoch: 2: Eval results *****
2023-03-14 11:15:19,719 -   best_eval_score = 0.5909
2023-03-14 11:15:19,719 -   eval_score = 0.5909
2023-03-14 11:15:19,719 -   train_loss = 1.8448
2023-03-14 11:16:01,562 - ***** Epoch: 3: Eval results *****
2023-03-14 11:16:01,562 -   best_eval_score = 0.6261
2023-03-14 11:16:01,562 -   eval_score = 0.6261
2023-03-14 11:16:01,562 -   train_loss = 1.3246
2023-03-14 11:16:42,674 - EarlyStopping counter: 1 out of 4
2023-03-14 11:16:42,674 - ***** Epoch: 4: Eval results *****
2023-03-14 11:16:42,674 -   best_eval_score = 0.6261
2023-03-14 11:16:42,674 -   eval_score = 0.6238
2023-03-14 11:16:42,674 -   train_loss = 1.1075
2023-03-14 11:17:25,649 - ***** Epoch: 5: Eval results *****
2023-03-14 11:17:25,649 -   best_eval_score = 0.6807
2023-03-14 11:17:25,649 -   eval_score = 0.6807
2023-03-14 11:17:25,649 -   train_loss = 0.9603
2023-03-14 11:18:04,989 - EarlyStopping counter: 1 out of 4
2023-03-14 11:18:04,989 - ***** Epoch: 6: Eval results *****
2023-03-14 11:18:04,989 -   best_eval_score = 0.6807
2023-03-14 11:18:04,989 -   eval_score = 0.6791
2023-03-14 11:18:04,989 -   train_loss = 0.8952
2023-03-14 11:18:47,359 - ***** Epoch: 7: Eval results *****
2023-03-14 11:18:47,359 -   best_eval_score = 0.6999
2023-03-14 11:18:47,359 -   eval_score = 0.6999
2023-03-14 11:18:47,359 -   train_loss = 0.8656
2023-03-14 11:19:27,599 - EarlyStopping counter: 1 out of 4
2023-03-14 11:19:27,599 - ***** Epoch: 8: Eval results *****
2023-03-14 11:19:27,599 -   best_eval_score = 0.6999
2023-03-14 11:19:27,599 -   eval_score = 0.6776
2023-03-14 11:19:27,599 -   train_loss = 0.85
2023-03-14 11:20:08,899 - EarlyStopping counter: 2 out of 4
2023-03-14 11:20:08,899 - ***** Epoch: 9: Eval results *****
2023-03-14 11:20:08,909 -   best_eval_score = 0.6999
2023-03-14 11:20:08,909 -   eval_score = 0.6854
2023-03-14 11:20:08,909 -   train_loss = 0.8432
2023-03-14 11:20:50,359 - EarlyStopping counter: 3 out of 4
2023-03-14 11:20:50,359 - ***** Epoch: 10: Eval results *****
2023-03-14 11:20:50,359 -   best_eval_score = 0.6999
2023-03-14 11:20:50,359 -   eval_score = 0.685
2023-03-14 11:20:50,359 -   train_loss = 0.8379
2023-03-14 11:21:35,014 - EarlyStopping counter: 4 out of 4
2023-03-14 11:21:35,014 - ***** Epoch: 11: Eval results *****
2023-03-14 11:21:35,014 -   best_eval_score = 0.6999
2023-03-14 11:21:35,014 -   eval_score = 0.6857
2023-03-14 11:21:35,014 -   train_loss = 0.8369
2023-03-14 11:21:35,014 - EarlyStopping at epoch 11
2023-03-14 11:21:35,014 - Trained models are saved in outputs\nmfir_MIntRec_multi-class_2023-03-14-11-13-10\models
2023-03-14 11:21:36,289 - Training is finished...
2023-03-14 11:21:36,289 - Testing begins...
2023-03-14 11:21:40,502 - ***** Test: Confusion Matrix *****
2023-03-14 11:21:40,506 - [[34  2  0  0  5  0  2  1  1  3  1  0  6  1  0  0  0  0  0  1]
 [ 0 36  0  1  0  2  1  1  0  0  0  0  1  0  0  0  0  1  0  0]
 [ 0  0 26  0  0  0  0  0  0  0  1  0  0  0  0  0  0  0  0  0]
 [ 0  1  0 24  0  0  0  0  0  0  0  0  0  0  0  0  0  0  0  0]
 [ 5  0  0  0 13  0  2  0  1  0  0  1  0  0  1  0  0  0  0  0]
 [ 0  0  0  0  0 12  0  0  0  0  0  0  0  0  0  0  0  0  0  0]
 [ 2  1  0  0  1  0  1  0  4  0  0  0  1  0  1  1  0  0  0  0]
 [ 4  0  0  0  0  0  0  4  1  0  1  0  0  0  0  0  0  0  0  0]
 [ 1  0  0  0  0  0  0  3  3  0  0  0  0  2  0  1  0  0  0  0]
 [ 1  0  0  0  0  0  1  0  0  3  1  0  0  0  0  3  0  1  0  0]
 [ 1  0  0  0  0  0  0  0  0  2 15  0  0  0  0  0  0  0  0  0]
 [ 0  0  0  0  0  0  1  0  0  0  0 17  0  0  0  0  0  0  0  1]
 [ 2  1  0  1  0  0  1  2  0  0  1  1 41  3  3  1  0  0  0  0]
 [ 0  1  0  0  0  0  1  0  0  0  2  1  0 19  1  0  0  0  0  0]
 [ 0  0  0  0  1  0  0  0  2  0  0  0  1  3 13  0  1  0  0  1]
 [ 0  1  0  0  1  0  0  0  0  0  0  0  3  1  1 13  0  0  1  0]
 [ 0  0  0  0  0  0  0  0  0  0  0  0  5  0  0  0 12  0  0  0]
 [ 0  0  0  0  0  0  0  0  0  1  0  0  3  0  0  0  0 11  0  0]
 [ 0  0  0  0  0  0  0  0  0  0  0  0  2  0  0  1  0  0  9  0]
 [ 0  0  0  0  0  0  0  0  0  0  0  0  0  1  1  0  0  0  0  8]]
2023-03-14 11:21:40,507 - ***** Evaluation results *****
2023-03-14 11:21:40,507 -   acc = 0.7056
2023-03-14 11:21:40,507 -   f1 = 0.6685
2023-03-14 11:21:40,507 -   prec = 0.6722
2023-03-14 11:21:40,507 -   rec = 0.6706
2023-03-14 11:21:40,510 - Testing is finished...
2023-03-14 11:21:40,510 - Multimodal intent recognition is finished...
2023-03-14 11:21:40,510 - Results are saved in results\nmfir_bert.csv
