2022-11-10 10:00:44,957 - ============================== Params ==============================
2022-11-10 10:00:44,957 - logger_name: nmfir_MIntRec_multi-class_2022-11-10-10-00-44
2022-11-10 10:00:44,957 - dataset: MIntRec
2022-11-10 10:00:44,957 - data_mode: multi-class
2022-11-10 10:00:44,957 - method: nmfir
2022-11-10 10:00:44,957 - text_backbone: bert-base-uncased
2022-11-10 10:00:44,957 - seed: 0
2022-11-10 10:00:44,957 - num_workers: 0
2022-11-10 10:00:44,957 - gpu_id: 0
2022-11-10 10:00:44,957 - data_path: MIA-datasets
2022-11-10 10:00:44,957 - train: True
2022-11-10 10:00:44,957 - tune: False
2022-11-10 10:00:44,957 - save_model: True
2022-11-10 10:00:44,958 - save_results: True
2022-11-10 10:00:44,958 - log_path: logs
2022-11-10 10:00:44,958 - cache_path: cache
2022-11-10 10:00:44,958 - video_data_path: video_data
2022-11-10 10:00:44,958 - audio_data_path: audio_data
2022-11-10 10:00:44,958 - video_feats_path: video_feats.pkl
2022-11-10 10:00:44,958 - audio_feats_path: audio_feats.pkl
2022-11-10 10:00:44,958 - results_path: results
2022-11-10 10:00:44,958 - output_path: outputs
2022-11-10 10:00:44,958 - model_path: models
2022-11-10 10:00:44,958 - config_file_name: nmfir_bert
2022-11-10 10:00:44,958 - results_file_name: nmfir_bert.csv
2022-11-10 10:00:44,958 - padding_mode: zero
2022-11-10 10:00:44,958 - padding_loc: end
2022-11-10 10:00:44,958 - need_aligned: False
2022-11-10 10:00:44,958 - eval_monitor: f1
2022-11-10 10:00:44,958 - train_batch_size: 6
2022-11-10 10:00:44,958 - eval_batch_size: 6
2022-11-10 10:00:44,958 - test_batch_size: 4
2022-11-10 10:00:44,958 - wait_patience: 4
2022-11-10 10:00:44,958 - num_train_epochs: 100
2022-11-10 10:00:44,958 - use_cmd_sim: False
2022-11-10 10:00:44,958 - reverse_grad_weight: 0.8
2022-11-10 10:00:44,958 - hidden_size: 256
2022-11-10 10:00:44,958 - dropout_rate: 0.1
2022-11-10 10:00:44,958 - diff_weight: 0.7
2022-11-10 10:00:44,958 - sim_weight: 0
2022-11-10 10:00:44,958 - recon_weight: 0.6
2022-11-10 10:00:44,958 - lr: 3e-05
2022-11-10 10:00:44,958 - grad_clip: -1.0
2022-11-10 10:00:44,958 - gamma: 0.5
2022-11-10 10:00:44,958 - common_hyper_param: {'common_param': {'padding_mode': 'zero', 'padding_loc': 'end', 'need_aligned': False, 'eval_monitor': 'f1', 'train_batch_size': 6, 'eval_batch_size': 6, 'test_batch_size': 4, 'wait_patience': 4}, 'hyper_param': {'num_train_epochs': 100, 'use_cmd_sim': False, 'reverse_grad_weight': 0.8, 'hidden_size': 256, 'dropout_rate': 0.1, 'diff_weight': 0.7, 'sim_weight': 0, 'recon_weight': 0.6, 'lr': 3e-05, 'grad_clip': -1.0, 'gamma': 0.5}}
2022-11-10 10:00:44,958 - pred_output_path: outputs\nmfir_MIntRec_multi-class_2022-11-10-10-00-44
2022-11-10 10:00:44,958 - model_output_path: outputs\nmfir_MIntRec_multi-class_2022-11-10-10-00-44\models
2022-11-10 10:00:44,958 - ============================== End Params ==============================
2022-11-10 10:00:44,962 - Generate Text Features Begin...
2022-11-10 10:01:01,866 - Generate Text Features Finished...
2022-11-10 10:01:01,866 - Load Video Features Begin...
2022-11-10 10:01:02,262 - Load Video Features Finished...
2022-11-10 10:01:02,635 - Load Audio Features Begin...
2022-11-10 10:01:03,308 - Load Audio Features Finished...
2022-11-10 10:01:19,661 - Multimodal intent recognition begins...
2022-11-10 10:01:19,663 - Training begins...
2022-11-10 10:01:56,967 - ***** Epoch: 1: Eval results *****
2022-11-10 10:01:56,974 -   best_eval_score = 0.4241
2022-11-10 10:01:56,974 -   eval_score = 0.4241
2022-11-10 10:01:56,974 -   train_loss = 2.5358
2022-11-10 10:02:30,358 - ***** Epoch: 2: Eval results *****
2022-11-10 10:02:30,358 -   best_eval_score = 0.5782
2022-11-10 10:02:30,358 -   eval_score = 0.5782
2022-11-10 10:02:30,358 -   train_loss = 1.2194
2022-11-10 10:03:03,805 - ***** Epoch: 3: Eval results *****
2022-11-10 10:03:03,806 -   best_eval_score = 0.6365
2022-11-10 10:03:03,806 -   eval_score = 0.6365
2022-11-10 10:03:03,806 -   train_loss = 0.6372
2022-11-10 10:03:37,252 - ***** Epoch: 4: Eval results *****
2022-11-10 10:03:37,252 -   best_eval_score = 0.6655
2022-11-10 10:03:37,253 -   eval_score = 0.6655
2022-11-10 10:03:37,253 -   train_loss = 0.3129
2022-11-10 10:04:09,985 - ***** Epoch: 5: Eval results *****
2022-11-10 10:04:09,985 -   best_eval_score = 0.6941
2022-11-10 10:04:09,985 -   eval_score = 0.6941
2022-11-10 10:04:09,985 -   train_loss = 0.1867
2022-11-10 10:04:43,747 - EarlyStopping counter: 1 out of 4
2022-11-10 10:04:43,747 - ***** Epoch: 6: Eval results *****
2022-11-10 10:04:43,747 -   best_eval_score = 0.6941
2022-11-10 10:04:43,747 -   eval_score = 0.6746
2022-11-10 10:04:43,747 -   train_loss = 0.1063
2022-11-10 10:05:15,200 - EarlyStopping counter: 2 out of 4
2022-11-10 10:05:15,200 - ***** Epoch: 7: Eval results *****
2022-11-10 10:05:15,201 -   best_eval_score = 0.6941
2022-11-10 10:05:15,201 -   eval_score = 0.6716
2022-11-10 10:05:15,201 -   train_loss = 0.0606
2022-11-10 10:05:52,921 - EarlyStopping counter: 3 out of 4
2022-11-10 10:05:52,921 - ***** Epoch: 8: Eval results *****
2022-11-10 10:05:52,921 -   best_eval_score = 0.6941
2022-11-10 10:05:52,921 -   eval_score = 0.6814
2022-11-10 10:05:52,921 -   train_loss = 0.0437
2022-11-10 10:06:29,384 - EarlyStopping counter: 4 out of 4
2022-11-10 10:06:29,384 - ***** Epoch: 9: Eval results *****
2022-11-10 10:06:29,384 -   best_eval_score = 0.6941
2022-11-10 10:06:29,384 -   eval_score = 0.6789
2022-11-10 10:06:29,384 -   train_loss = 0.0386
2022-11-10 10:06:29,384 - EarlyStopping at epoch 9
2022-11-10 10:06:29,385 - Trained models are saved in outputs\nmfir_MIntRec_multi-class_2022-11-10-10-00-44\models
2022-11-10 10:06:30,511 - Training is finished...
2022-11-10 10:06:30,511 - Testing begins...
2022-11-10 10:06:33,635 - ***** Test: Confusion Matrix *****
2022-11-10 10:06:33,640 - [[33  0  0  0 13  0  0  1  0  4  0  0  4  2  0  0  0  0  0  0]
 [ 0 37  0  1  0  0  2  1  0  0  0  0  2  0  0  0  0  0  0  0]
 [ 0  0 27  0  0  0  0  0  0  0  0  0  0  0  0  0  0  0  0  0]
 [ 0  0  0 25  0  0  0  0  0  0  0  0  0  0  0  0  0  0  0  0]
 [ 3  0  0  0 17  0  1  0  0  0  0  1  0  0  1  0  0  0  0  0]
 [ 0  0  0  0  0 12  0  0  0  0  0  0  0  0  0  0  0  0  0  0]
 [ 2  0  0  0  3  0  3  1  1  0  0  0  1  0  0  0  0  0  0  1]
 [ 5  0  0  0  0  0  1  4  0  0  0  0  0  0  0  0  0  0  0  0]
 [ 1  0  0  0  0  0  1  3  2  0  0  0  0  1  0  1  0  0  0  1]
 [ 1  0  0  0  0  0  1  1  0  3  0  0  0  0  0  3  0  1  0  0]
 [ 1  0  0  0  0  0  3  1  0  1 12  0  0  0  0  0  0  0  0  0]
 [ 0  0  0  0  0  0  1  0  0  0  0 16  0  0  0  0  0  0  1  1]
 [ 2  0  0  1  0  0  2  4  1  0  1  1 36  3  3  1  0  0  0  2]
 [ 0  0  0  0  1  0  0  0  0  0  1  1  1 19  1  0  0  0  0  1]
 [ 0  0  0  0  1  0  0  0  0  0  0  0  0  2 16  0  1  0  0  2]
 [ 0  0  0  0  0  0  0  2  1  0  0  0  4  1  0 13  0  0  0  0]
 [ 1  0  0  0  0  0  0  0  0  0  0  0  2  0  0  0 14  0  0  0]
 [ 0  0  0  0  0  0  0  0  0  1  0  0  2  0  0  0  0 12  0  0]
 [ 0  1  0  0  0  0  0  0  0  0  0  0  1  0  0  1  0  0  9  0]
 [ 0  0  0  0  0  0  0  0  0  0  0  0  0  1  1  0  0  0  0  8]]
2022-11-10 10:06:33,641 - ***** Evaluation results *****
2022-11-10 10:06:33,641 -   acc = 0.7146
2022-11-10 10:06:33,641 -   f1 = 0.6834
2022-11-10 10:06:33,641 -   prec = 0.6958
2022-11-10 10:06:33,641 -   rec = 0.6874
2022-11-10 10:06:33,644 - Testing is finished...
2022-11-10 10:06:33,644 - Multimodal intent recognition is finished...
2022-11-10 10:06:33,645 - Results are saved in results\nmfir_bert.csv
