2023-03-14 10:45:35,461 - ============================== Params ==============================
2023-03-14 10:45:35,462 - logger_name: nmfir_MIntRec_multi-class_2023-03-14-10-45-35
2023-03-14 10:45:35,462 - dataset: MIntRec
2023-03-14 10:45:35,462 - data_mode: multi-class
2023-03-14 10:45:35,462 - method: nmfir
2023-03-14 10:45:35,462 - text_backbone: bert-base-uncased
2023-03-14 10:45:35,462 - seed: 0
2023-03-14 10:45:35,462 - num_workers: 0
2023-03-14 10:45:35,462 - gpu_id: 0
2023-03-14 10:45:35,462 - data_path: MIA-datasets
2023-03-14 10:45:35,462 - train: True
2023-03-14 10:45:35,462 - tune: False
2023-03-14 10:45:35,462 - save_model: True
2023-03-14 10:45:35,462 - save_results: True
2023-03-14 10:45:35,462 - log_path: logs
2023-03-14 10:45:35,462 - cache_path: cache
2023-03-14 10:45:35,462 - video_data_path: video_data
2023-03-14 10:45:35,462 - audio_data_path: audio_data
2023-03-14 10:45:35,462 - video_feats_path: video_feats.pkl
2023-03-14 10:45:35,462 - audio_feats_path: audio_feats.pkl
2023-03-14 10:45:35,462 - results_path: results
2023-03-14 10:45:35,462 - output_path: outputs
2023-03-14 10:45:35,462 - model_path: models
2023-03-14 10:45:35,462 - config_file_name: nmfir_bert
2023-03-14 10:45:35,462 - results_file_name: nmfir_bert.csv
2023-03-14 10:45:35,462 - padding_mode: zero
2023-03-14 10:45:35,462 - padding_loc: end
2023-03-14 10:45:35,462 - need_aligned: False
2023-03-14 10:45:35,462 - eval_monitor: f1
2023-03-14 10:45:35,462 - train_batch_size: 6
2023-03-14 10:45:35,462 - eval_batch_size: 6
2023-03-14 10:45:35,462 - test_batch_size: 4
2023-03-14 10:45:35,462 - wait_patience: 4
2023-03-14 10:45:35,462 - num_train_epochs: 100
2023-03-14 10:45:35,462 - use_cmd_sim: False
2023-03-14 10:45:35,463 - reverse_grad_weight: 0.8
2023-03-14 10:45:35,463 - hidden_size: 256
2023-03-14 10:45:35,463 - dropout_rate: 0.1
2023-03-14 10:45:35,463 - diff_weight: 0.7
2023-03-14 10:45:35,463 - sim_weight: 0.9
2023-03-14 10:45:35,463 - recon_weight: 0.5
2023-03-14 10:45:35,463 - lr: 3e-05
2023-03-14 10:45:35,463 - grad_clip: -1.0
2023-03-14 10:45:35,463 - gamma: 0.5
2023-03-14 10:45:35,463 - common_hyper_param: {'common_param': {'padding_mode': 'zero', 'padding_loc': 'end', 'need_aligned': False, 'eval_monitor': 'f1', 'train_batch_size': 6, 'eval_batch_size': 6, 'test_batch_size': 4, 'wait_patience': 4}, 'hyper_param': {'num_train_epochs': 100, 'use_cmd_sim': False, 'reverse_grad_weight': 0.8, 'hidden_size': 256, 'dropout_rate': 0.1, 'diff_weight': 0.7, 'sim_weight': 0.9, 'recon_weight': 0.5, 'lr': 3e-05, 'grad_clip': -1.0, 'gamma': 0.5}}
2023-03-14 10:45:35,463 - pred_output_path: outputs\nmfir_MIntRec_multi-class_2023-03-14-10-45-35
2023-03-14 10:45:35,463 - model_output_path: outputs\nmfir_MIntRec_multi-class_2023-03-14-10-45-35\models
2023-03-14 10:45:35,463 - ============================== End Params ==============================
2023-03-14 10:45:35,467 - Generate Text Features Begin...
2023-03-14 10:45:53,118 - Generate Text Features Finished...
2023-03-14 10:45:53,118 - Load Video Features Begin...
2023-03-14 10:45:53,433 - Load Video Features Finished...
2023-03-14 10:45:53,838 - Load Audio Features Begin...
2023-03-14 10:45:54,592 - Load Audio Features Finished...
2023-03-14 10:46:14,533 - Multimodal intent recognition begins...
2023-03-14 10:46:14,538 - Training begins...
2023-03-14 10:46:55,971 - ***** Epoch: 1: Eval results *****
2023-03-14 10:46:55,983 -   best_eval_score = 0.4067
2023-03-14 10:46:55,983 -   eval_score = 0.4067
2023-03-14 10:46:55,983 -   train_loss = 3.504
2023-03-14 10:47:29,288 - ***** Epoch: 2: Eval results *****
2023-03-14 10:47:29,288 -   best_eval_score = 0.6046
2023-03-14 10:47:29,288 -   eval_score = 0.6046
2023-03-14 10:47:29,288 -   train_loss = 2.1397
2023-03-14 10:48:00,719 - ***** Epoch: 3: Eval results *****
2023-03-14 10:48:00,719 -   best_eval_score = 0.6414
2023-03-14 10:48:00,719 -   eval_score = 0.6414
2023-03-14 10:48:00,719 -   train_loss = 1.6125
2023-03-14 10:48:31,903 - ***** Epoch: 4: Eval results *****
2023-03-14 10:48:31,903 -   best_eval_score = 0.6618
2023-03-14 10:48:31,903 -   eval_score = 0.6618
2023-03-14 10:48:31,903 -   train_loss = 1.3353
2023-03-14 10:49:02,613 - ***** Epoch: 5: Eval results *****
2023-03-14 10:49:02,613 -   best_eval_score = 0.6829
2023-03-14 10:49:02,613 -   eval_score = 0.6829
2023-03-14 10:49:02,613 -   train_loss = 1.1577
2023-03-14 10:49:34,218 - EarlyStopping counter: 1 out of 4
2023-03-14 10:49:34,218 - ***** Epoch: 6: Eval results *****
2023-03-14 10:49:34,218 -   best_eval_score = 0.6829
2023-03-14 10:49:34,218 -   eval_score = 0.6725
2023-03-14 10:49:34,218 -   train_loss = 1.1149
2023-03-14 10:50:08,048 - ***** Epoch: 7: Eval results *****
2023-03-14 10:50:08,048 -   best_eval_score = 0.6841
2023-03-14 10:50:08,048 -   eval_score = 0.6841
2023-03-14 10:50:08,048 -   train_loss = 1.0746
2023-03-14 10:50:40,428 - EarlyStopping counter: 1 out of 4
2023-03-14 10:50:40,428 - ***** Epoch: 8: Eval results *****
2023-03-14 10:50:40,428 -   best_eval_score = 0.6841
2023-03-14 10:50:40,428 -   eval_score = 0.6774
2023-03-14 10:50:40,428 -   train_loss = 1.0411
2023-03-14 10:51:13,410 - EarlyStopping counter: 2 out of 4
2023-03-14 10:51:13,410 - ***** Epoch: 9: Eval results *****
2023-03-14 10:51:13,410 -   best_eval_score = 0.6841
2023-03-14 10:51:13,410 -   eval_score = 0.6805
2023-03-14 10:51:13,410 -   train_loss = 1.0269
2023-03-14 10:51:46,648 - ***** Epoch: 10: Eval results *****
2023-03-14 10:51:46,648 -   best_eval_score = 0.6901
2023-03-14 10:51:46,648 -   eval_score = 0.6901
2023-03-14 10:51:46,648 -   train_loss = 1.023
2023-03-14 10:52:20,099 - ***** Epoch: 11: Eval results *****
2023-03-14 10:52:20,099 -   best_eval_score = 0.6934
2023-03-14 10:52:20,099 -   eval_score = 0.6934
2023-03-14 10:52:20,099 -   train_loss = 1.0228
2023-03-14 10:52:52,658 - ***** Epoch: 12: Eval results *****
2023-03-14 10:52:52,658 -   best_eval_score = 0.6942
2023-03-14 10:52:52,658 -   eval_score = 0.6942
2023-03-14 10:52:52,658 -   train_loss = 1.0242
2023-03-14 10:53:24,938 - ***** Epoch: 13: Eval results *****
2023-03-14 10:53:24,938 -   best_eval_score = 0.6946
2023-03-14 10:53:24,938 -   eval_score = 0.6946
2023-03-14 10:53:24,938 -   train_loss = 1.027
2023-03-14 10:53:57,640 - ***** Epoch: 14: Eval results *****
2023-03-14 10:53:57,640 -   best_eval_score = 0.6997
2023-03-14 10:53:57,640 -   eval_score = 0.6997
2023-03-14 10:53:57,640 -   train_loss = 1.0302
2023-03-14 10:54:30,030 - ***** Epoch: 15: Eval results *****
2023-03-14 10:54:30,030 -   best_eval_score = 0.702
2023-03-14 10:54:30,030 -   eval_score = 0.702
2023-03-14 10:54:30,030 -   train_loss = 1.0288
2023-03-14 10:55:03,118 - EarlyStopping counter: 1 out of 4
2023-03-14 10:55:03,118 - ***** Epoch: 16: Eval results *****
2023-03-14 10:55:03,118 -   best_eval_score = 0.702
2023-03-14 10:55:03,118 -   eval_score = 0.702
2023-03-14 10:55:03,118 -   train_loss = 1.0319
2023-03-14 10:55:36,198 - EarlyStopping counter: 2 out of 4
2023-03-14 10:55:36,198 - ***** Epoch: 17: Eval results *****
2023-03-14 10:55:36,198 -   best_eval_score = 0.702
2023-03-14 10:55:36,198 -   eval_score = 0.702
2023-03-14 10:55:36,198 -   train_loss = 1.0318
2023-03-14 10:56:09,919 - EarlyStopping counter: 3 out of 4
2023-03-14 10:56:09,919 - ***** Epoch: 18: Eval results *****
2023-03-14 10:56:09,919 -   best_eval_score = 0.702
2023-03-14 10:56:09,919 -   eval_score = 0.702
2023-03-14 10:56:09,919 -   train_loss = 1.0313
2023-03-14 10:56:42,869 - EarlyStopping counter: 4 out of 4
2023-03-14 10:56:42,869 - ***** Epoch: 19: Eval results *****
2023-03-14 10:56:42,869 -   best_eval_score = 0.702
2023-03-14 10:56:42,869 -   eval_score = 0.702
2023-03-14 10:56:42,869 -   train_loss = 1.0321
2023-03-14 10:56:42,869 - EarlyStopping at epoch 19
2023-03-14 10:56:42,869 - Trained models are saved in outputs\nmfir_MIntRec_multi-class_2023-03-14-10-45-35\models
2023-03-14 10:56:43,748 - Training is finished...
2023-03-14 10:56:43,748 - Testing begins...
2023-03-14 10:56:46,769 - ***** Test: Confusion Matrix *****
2023-03-14 10:56:46,779 - [[28  2  0  0  7  0  4  1  1  3  0  0  9  2  0  0  0  0  0  0]
 [ 0 37  0  1  0  0  2  0  0  0  0  0  2  1  0  0  0  0  0  0]
 [ 0  0 27  0  0  0  0  0  0  0  0  0  0  0  0  0  0  0  0  0]
 [ 0  0  0 25  0  0  0  0  0  0  0  0  0  0  0  0  0  0  0  0]
 [ 1  0  0  0 14  0  3  0  0  0  0  1  2  1  1  0  0  0  0  0]
 [ 0  0  0  0  0 12  0  0  0  0  0  0  0  0  0  0  0  0  0  0]
 [ 2  1  0  0  1  0  1  0  5  0  0  1  1  0  0  0  0  0  0  0]
 [ 3  0  0  0  0  0  1  3  1  1  1  0  0  0  0  0  0  0  0  0]
 [ 1  0  0  0  1  0  0  2  3  0  0  0  0  2  0  1  0  0  0  0]
 [ 1  1  0  0  0  0  0  0  0  3  0  0  0  0  0  3  0  2  0  0]
 [ 0  1  0  0  0  0  0  0  0  3 13  0  0  0  0  0  0  1  0  0]
 [ 0  0  0  0  0  0  1  0  0  0  0 18  0  0  0  0  0  0  0  0]
 [ 3  1  0  0  1  0  1  1  2  0  0  0 41  2  4  1  0  0  0  0]
 [ 0  0  0  0  0  0  1  0  0  0  2  1  0 20  1  0  0  0  0  0]
 [ 0  0  0  0  1  0  0  0  1  0  0  0  1  4 13  0  1  0  0  1]
 [ 0  1  0  0  0  0  0  0  0  0  0  0  3  1  1 15  0  0  0  0]
 [ 1  0  0  0  0  0  0  0  0  0  0  0  3  0  1  0 12  0  0  0]
 [ 0  0  0  0  0  0  0  0  0  1  1  0  2  0  0  0  0 11  0  0]
 [ 0  0  0  0  0  0  0  0  0  0  0  0  2  0  0  1  0  0  9  0]
 [ 0  0  0  0  0  0  0  0  0  0  0  0  1  1  1  0  0  0  0  7]]
2023-03-14 10:56:46,779 - ***** Evaluation results *****
2023-03-14 10:56:46,779 -   acc = 0.7011
2023-03-14 10:56:46,779 -   f1 = 0.6724
2023-03-14 10:56:46,779 -   prec = 0.6888
2023-03-14 10:56:46,779 -   rec = 0.6664
2023-03-14 10:56:46,779 - Testing is finished...
2023-03-14 10:56:46,779 - Multimodal intent recognition is finished...
2023-03-14 10:56:46,779 - Results are saved in results\nmfir_bert.csv
