2023-03-14 11:22:47,704 - ============================== Params ==============================
2023-03-14 11:22:47,704 - logger_name: nmfir_MIntRec_multi-class_2023-03-14-11-22-47
2023-03-14 11:22:47,704 - dataset: MIntRec
2023-03-14 11:22:47,704 - data_mode: multi-class
2023-03-14 11:22:47,704 - method: nmfir
2023-03-14 11:22:47,704 - text_backbone: bert-base-uncased
2023-03-14 11:22:47,704 - seed: 0
2023-03-14 11:22:47,704 - num_workers: 0
2023-03-14 11:22:47,704 - gpu_id: 0
2023-03-14 11:22:47,704 - data_path: MIA-datasets
2023-03-14 11:22:47,704 - train: True
2023-03-14 11:22:47,705 - tune: False
2023-03-14 11:22:47,705 - save_model: True
2023-03-14 11:22:47,705 - save_results: True
2023-03-14 11:22:47,705 - log_path: logs
2023-03-14 11:22:47,705 - cache_path: cache
2023-03-14 11:22:47,705 - video_data_path: video_data
2023-03-14 11:22:47,705 - audio_data_path: audio_data
2023-03-14 11:22:47,705 - video_feats_path: video_feats.pkl
2023-03-14 11:22:47,705 - audio_feats_path: audio_feats.pkl
2023-03-14 11:22:47,705 - results_path: results
2023-03-14 11:22:47,705 - output_path: outputs
2023-03-14 11:22:47,705 - model_path: models
2023-03-14 11:22:47,705 - config_file_name: nmfir_bert
2023-03-14 11:22:47,705 - results_file_name: nmfir_bert.csv
2023-03-14 11:22:47,705 - padding_mode: zero
2023-03-14 11:22:47,705 - padding_loc: end
2023-03-14 11:22:47,705 - need_aligned: False
2023-03-14 11:22:47,705 - eval_monitor: f1
2023-03-14 11:22:47,705 - train_batch_size: 6
2023-03-14 11:22:47,705 - eval_batch_size: 6
2023-03-14 11:22:47,705 - test_batch_size: 4
2023-03-14 11:22:47,705 - wait_patience: 4
2023-03-14 11:22:47,705 - num_train_epochs: 100
2023-03-14 11:22:47,705 - use_cmd_sim: False
2023-03-14 11:22:47,705 - reverse_grad_weight: 0.8
2023-03-14 11:22:47,705 - hidden_size: 256
2023-03-14 11:22:47,705 - dropout_rate: 0.1
2023-03-14 11:22:47,705 - diff_weight: 0.7
2023-03-14 11:22:47,705 - sim_weight: 0.7
2023-03-14 11:22:47,705 - recon_weight: 0.2
2023-03-14 11:22:47,705 - lr: 3e-05
2023-03-14 11:22:47,705 - grad_clip: -1.0
2023-03-14 11:22:47,705 - gamma: 0.5
2023-03-14 11:22:47,705 - common_hyper_param: {'common_param': {'padding_mode': 'zero', 'padding_loc': 'end', 'need_aligned': False, 'eval_monitor': 'f1', 'train_batch_size': 6, 'eval_batch_size': 6, 'test_batch_size': 4, 'wait_patience': 4}, 'hyper_param': {'num_train_epochs': 100, 'use_cmd_sim': False, 'reverse_grad_weight': 0.8, 'hidden_size': 256, 'dropout_rate': 0.1, 'diff_weight': 0.7, 'sim_weight': 0.7, 'recon_weight': 0.2, 'lr': 3e-05, 'grad_clip': -1.0, 'gamma': 0.5}}
2023-03-14 11:22:47,705 - pred_output_path: outputs\nmfir_MIntRec_multi-class_2023-03-14-11-22-47
2023-03-14 11:22:47,705 - model_output_path: outputs\nmfir_MIntRec_multi-class_2023-03-14-11-22-47\models
2023-03-14 11:22:47,705 - ============================== End Params ==============================
2023-03-14 11:22:47,710 - Generate Text Features Begin...
2023-03-14 11:23:03,750 - Generate Text Features Finished...
2023-03-14 11:23:03,751 - Load Video Features Begin...
2023-03-14 11:23:03,994 - Load Video Features Finished...
2023-03-14 11:23:04,401 - Load Audio Features Begin...
2023-03-14 11:23:05,157 - Load Audio Features Finished...
2023-03-14 11:23:23,576 - Multimodal intent recognition begins...
2023-03-14 11:23:23,579 - Training begins...
2023-03-14 11:24:03,931 - ***** Epoch: 1: Eval results *****
2023-03-14 11:24:03,944 -   best_eval_score = 0.4121
2023-03-14 11:24:03,944 -   eval_score = 0.4121
2023-03-14 11:24:03,944 -   train_loss = 3.1281
2023-03-14 11:24:36,682 - ***** Epoch: 2: Eval results *****
2023-03-14 11:24:36,682 -   best_eval_score = 0.5947
2023-03-14 11:24:36,682 -   eval_score = 0.5947
2023-03-14 11:24:36,683 -   train_loss = 1.8796
2023-03-14 11:25:08,390 - ***** Epoch: 3: Eval results *****
2023-03-14 11:25:08,390 -   best_eval_score = 0.623
2023-03-14 11:25:08,390 -   eval_score = 0.623
2023-03-14 11:25:08,390 -   train_loss = 1.3466
2023-03-14 11:25:40,067 - ***** Epoch: 4: Eval results *****
2023-03-14 11:25:40,067 -   best_eval_score = 0.7014
2023-03-14 11:25:40,070 -   eval_score = 0.7014
2023-03-14 11:25:40,070 -   train_loss = 1.0838
2023-03-14 11:26:11,724 - EarlyStopping counter: 1 out of 4
2023-03-14 11:26:11,724 - ***** Epoch: 5: Eval results *****
2023-03-14 11:26:11,724 -   best_eval_score = 0.7014
2023-03-14 11:26:11,724 -   eval_score = 0.6297
2023-03-14 11:26:11,724 -   train_loss = 1.0028
2023-03-14 11:26:44,976 - EarlyStopping counter: 2 out of 4
2023-03-14 11:26:44,977 - ***** Epoch: 6: Eval results *****
2023-03-14 11:26:44,977 -   best_eval_score = 0.7014
2023-03-14 11:26:44,977 -   eval_score = 0.6534
2023-03-14 11:26:44,977 -   train_loss = 0.9016
2023-03-14 11:27:20,522 - EarlyStopping counter: 3 out of 4
2023-03-14 11:27:20,522 - ***** Epoch: 7: Eval results *****
2023-03-14 11:27:20,522 -   best_eval_score = 0.7014
2023-03-14 11:27:20,522 -   eval_score = 0.6663
2023-03-14 11:27:20,522 -   train_loss = 0.8546
2023-03-14 11:27:54,132 - EarlyStopping counter: 4 out of 4
2023-03-14 11:27:54,132 - ***** Epoch: 8: Eval results *****
2023-03-14 11:27:54,132 -   best_eval_score = 0.7014
2023-03-14 11:27:54,132 -   eval_score = 0.6658
2023-03-14 11:27:54,132 -   train_loss = 0.8462
2023-03-14 11:27:54,132 - EarlyStopping at epoch 8
2023-03-14 11:27:54,133 - Trained models are saved in outputs\nmfir_MIntRec_multi-class_2023-03-14-11-22-47\models
2023-03-14 11:27:55,012 - Training is finished...
2023-03-14 11:27:55,012 - Testing begins...
2023-03-14 11:27:57,669 - ***** Test: Confusion Matrix *****
2023-03-14 11:27:57,675 - [[26  2  0  0 13  0  1  1  0  4  1  0  5  2  0  1  0  1  0  0]
 [ 0 31  0  1  1  3  1  2  1  0  1  0  1  1  0  0  0  0  0  0]
 [ 1  0 26  0  0  0  0  0  0  0  0  0  0  0  0  0  0  0  0  0]
 [ 0  0  1 24  0  0  0  0  0  0  0  0  0  0  0  0  0  0  0  0]
 [ 0  0  0  0 16  0  0  0  1  1  0  1  0  1  1  0  0  2  0  0]
 [ 0  0  0  0  0 12  0  0  0  0  0  0  0  0  0  0  0  0  0  0]
 [ 1  0  0  0  5  0  0  0  4  0  0  0  1  0  0  0  1  0  0  0]
 [ 2  0  0  0  0  0  0  5  1  2  0  0  0  0  0  0  0  0  0  0]
 [ 1  0  0  0  1  0  0  3  1  0  0  0  0  2  0  1  0  0  0  1]
 [ 1  0  0  0  0  0  0  0  0  4  0  0  0  0  0  2  0  3  0  0]
 [ 0  0  0  0  0  0  0  1  0  3 13  0  0  0  0  0  0  1  0  0]
 [ 0  0  0  0  1  0  1  0  0  0  0 15  0  0  0  0  0  0  1  1]
 [ 1  2  0  1  2  0  0  0  0  2  1  0 33  3  4  5  3  0  0  0]
 [ 0  0  0  0  1  0  2  1  0  0  1  1  0 17  2  0  0  0  0  0]
 [ 0  0  0  0  2  0  0  0  1  0  0  0  0  1 15  0  1  0  0  2]
 [ 0  0  0  0  0  0  0  1  0  0  0  0  2  0  1 16  0  0  0  1]
 [ 0  0  0  0  0  0  0  1  0  0  0  0  1  0  1  0 13  1  0  0]
 [ 0  0  0  0  0  0  0  0  0  1  1  0  1  0  0  0  0 12  0  0]
 [ 0  0  0  0  0  0  0  0  0  0  0  0  1  0  0  2  0  0  9  0]
 [ 0  0  0  0  0  0  0  0  0  0  0  0  0  1  1  0  0  0  0  8]]
2023-03-14 11:27:57,675 - ***** Evaluation results *****
2023-03-14 11:27:57,676 -   acc = 0.6652
2023-03-14 11:27:57,676 -   f1 = 0.6276
2023-03-14 11:27:57,676 -   prec = 0.6198
2023-03-14 11:27:57,676 -   rec = 0.6562
2023-03-14 11:27:57,685 - Testing is finished...
2023-03-14 11:27:57,685 - Multimodal intent recognition is finished...
2023-03-14 11:27:57,685 - Results are saved in results\nmfir_bert.csv
