2022-11-18 14:14:44,323 - ============================== Params ==============================
2022-11-18 14:14:44,323 - logger_name: nmfir_MIntRec_multi-class_2022-11-18-14-14-44
2022-11-18 14:14:44,323 - dataset: MIntRec
2022-11-18 14:14:44,324 - data_mode: multi-class
2022-11-18 14:14:44,324 - method: nmfir
2022-11-18 14:14:44,324 - text_backbone: bert-base-uncased
2022-11-18 14:14:44,324 - seed: 0
2022-11-18 14:14:44,324 - num_workers: 0
2022-11-18 14:14:44,324 - gpu_id: 0
2022-11-18 14:14:44,324 - data_path: MIA-datasets
2022-11-18 14:14:44,324 - train: True
2022-11-18 14:14:44,324 - tune: False
2022-11-18 14:14:44,324 - save_model: True
2022-11-18 14:14:44,324 - save_results: True
2022-11-18 14:14:44,324 - log_path: logs
2022-11-18 14:14:44,324 - cache_path: cache
2022-11-18 14:14:44,324 - video_data_path: video_data
2022-11-18 14:14:44,324 - audio_data_path: audio_data
2022-11-18 14:14:44,324 - video_feats_path: video_feats.pkl
2022-11-18 14:14:44,324 - audio_feats_path: audio_feats.pkl
2022-11-18 14:14:44,324 - results_path: results
2022-11-18 14:14:44,324 - output_path: outputs
2022-11-18 14:14:44,324 - model_path: models
2022-11-18 14:14:44,324 - config_file_name: nmfir_bert
2022-11-18 14:14:44,324 - results_file_name: nmfir_bert.csv
2022-11-18 14:14:44,324 - padding_mode: zero
2022-11-18 14:14:44,324 - padding_loc: end
2022-11-18 14:14:44,324 - need_aligned: False
2022-11-18 14:14:44,324 - eval_monitor: f1
2022-11-18 14:14:44,324 - train_batch_size: 6
2022-11-18 14:14:44,324 - eval_batch_size: 6
2022-11-18 14:14:44,324 - test_batch_size: 4
2022-11-18 14:14:44,324 - wait_patience: 4
2022-11-18 14:14:44,324 - num_train_epochs: 100
2022-11-18 14:14:44,324 - use_cmd_sim: False
2022-11-18 14:14:44,324 - reverse_grad_weight: 0.8
2022-11-18 14:14:44,324 - hidden_size: 256
2022-11-18 14:14:44,324 - dropout_rate: 0.1
2022-11-18 14:14:44,324 - diff_weight: 0.7
2022-11-18 14:14:44,324 - sim_weight: 0.7
2022-11-18 14:14:44,324 - recon_weight: 0.6
2022-11-18 14:14:44,324 - lr: 3e-05
2022-11-18 14:14:44,324 - grad_clip: -1.0
2022-11-18 14:14:44,324 - gamma: 0.5
2022-11-18 14:14:44,325 - common_hyper_param: {'common_param': {'padding_mode': 'zero', 'padding_loc': 'end', 'need_aligned': False, 'eval_monitor': 'f1', 'train_batch_size': 6, 'eval_batch_size': 6, 'test_batch_size': 4, 'wait_patience': 4}, 'hyper_param': {'num_train_epochs': 100, 'use_cmd_sim': False, 'reverse_grad_weight': 0.8, 'hidden_size': 256, 'dropout_rate': 0.1, 'diff_weight': 0.7, 'sim_weight': 0.7, 'recon_weight': 0.6, 'lr': 3e-05, 'grad_clip': -1.0, 'gamma': 0.5}}
2022-11-18 14:14:44,325 - pred_output_path: outputs\nmfir_MIntRec_multi-class_2022-11-18-14-14-44
2022-11-18 14:14:44,325 - model_output_path: outputs\nmfir_MIntRec_multi-class_2022-11-18-14-14-44\models
2022-11-18 14:14:44,325 - ============================== End Params ==============================
2022-11-18 14:14:44,328 - Generate Text Features Begin...
2022-11-18 14:15:00,589 - Generate Text Features Finished...
2022-11-18 14:15:00,589 - Load Video Features Begin...
2022-11-18 14:15:00,991 - Load Video Features Finished...
2022-11-18 14:15:01,402 - Load Audio Features Begin...
2022-11-18 14:15:02,141 - Load Audio Features Finished...
2022-11-18 14:15:16,158 - Multimodal intent recognition begins...
2022-11-18 14:15:16,160 - Training begins...
2022-11-18 14:15:38,082 - ***** Epoch: 1: Eval results *****
2022-11-18 14:15:38,090 -   best_eval_score = 0.3115
2022-11-18 14:15:38,090 -   eval_score = 0.3115
2022-11-18 14:15:38,090 -   train_loss = 3.8178
2022-11-18 14:15:55,363 - ***** Epoch: 2: Eval results *****
2022-11-18 14:15:55,363 -   best_eval_score = 0.4976
2022-11-18 14:15:55,363 -   eval_score = 0.4976
2022-11-18 14:15:55,363 -   train_loss = 2.6127
2022-11-18 14:16:12,792 - ***** Epoch: 3: Eval results *****
2022-11-18 14:16:12,792 -   best_eval_score = 0.6116
2022-11-18 14:16:12,792 -   eval_score = 0.6116
2022-11-18 14:16:12,792 -   train_loss = 1.7472
2022-11-18 14:16:31,284 - ***** Epoch: 4: Eval results *****
2022-11-18 14:16:31,284 -   best_eval_score = 0.6296
2022-11-18 14:16:31,286 -   eval_score = 0.6296
2022-11-18 14:16:31,286 -   train_loss = 1.3239
2022-11-18 14:16:50,370 - EarlyStopping counter: 1 out of 4
2022-11-18 14:16:50,370 - ***** Epoch: 5: Eval results *****
2022-11-18 14:16:50,370 -   best_eval_score = 0.6296
2022-11-18 14:16:50,370 -   eval_score = 0.6293
2022-11-18 14:16:50,370 -   train_loss = 1.2024
2022-11-18 14:17:08,203 - ***** Epoch: 6: Eval results *****
2022-11-18 14:17:08,204 -   best_eval_score = 0.6326
2022-11-18 14:17:08,204 -   eval_score = 0.6326
2022-11-18 14:17:08,204 -   train_loss = 1.0393
2022-11-18 14:17:25,680 - ***** Epoch: 7: Eval results *****
2022-11-18 14:17:25,680 -   best_eval_score = 0.6406
2022-11-18 14:17:25,680 -   eval_score = 0.6406
2022-11-18 14:17:25,680 -   train_loss = 1.0051
2022-11-18 14:17:43,483 - ***** Epoch: 8: Eval results *****
2022-11-18 14:17:43,483 -   best_eval_score = 0.6453
2022-11-18 14:17:43,483 -   eval_score = 0.6453
2022-11-18 14:17:43,483 -   train_loss = 0.9598
2022-11-18 14:18:01,333 - EarlyStopping counter: 1 out of 4
2022-11-18 14:18:01,333 - ***** Epoch: 9: Eval results *****
2022-11-18 14:18:01,333 -   best_eval_score = 0.6453
2022-11-18 14:18:01,333 -   eval_score = 0.641
2022-11-18 14:18:01,333 -   train_loss = 0.925
2022-11-18 14:18:18,573 - EarlyStopping counter: 2 out of 4
2022-11-18 14:18:18,573 - ***** Epoch: 10: Eval results *****
2022-11-18 14:18:18,573 -   best_eval_score = 0.6453
2022-11-18 14:18:18,573 -   eval_score = 0.6429
2022-11-18 14:18:18,573 -   train_loss = 0.8989
2022-11-18 14:18:37,595 - ***** Epoch: 11: Eval results *****
2022-11-18 14:18:37,595 -   best_eval_score = 0.649
2022-11-18 14:18:37,596 -   eval_score = 0.649
2022-11-18 14:18:37,596 -   train_loss = 0.8911
2022-11-18 14:18:54,623 - EarlyStopping counter: 1 out of 4
2022-11-18 14:18:54,623 - ***** Epoch: 12: Eval results *****
2022-11-18 14:18:54,623 -   best_eval_score = 0.649
2022-11-18 14:18:54,623 -   eval_score = 0.649
2022-11-18 14:18:54,623 -   train_loss = 0.8816
2022-11-18 14:19:11,554 - EarlyStopping counter: 2 out of 4
2022-11-18 14:19:11,554 - ***** Epoch: 13: Eval results *****
2022-11-18 14:19:11,554 -   best_eval_score = 0.649
2022-11-18 14:19:11,554 -   eval_score = 0.6441
2022-11-18 14:19:11,554 -   train_loss = 0.876
2022-11-18 14:19:28,568 - EarlyStopping counter: 3 out of 4
2022-11-18 14:19:28,568 - ***** Epoch: 14: Eval results *****
2022-11-18 14:19:28,568 -   best_eval_score = 0.649
2022-11-18 14:19:28,568 -   eval_score = 0.6452
2022-11-18 14:19:28,568 -   train_loss = 0.8724
2022-11-18 14:19:46,939 - EarlyStopping counter: 4 out of 4
2022-11-18 14:19:46,939 - ***** Epoch: 15: Eval results *****
2022-11-18 14:19:46,939 -   best_eval_score = 0.649
2022-11-18 14:19:46,940 -   eval_score = 0.6438
2022-11-18 14:19:46,940 -   train_loss = 0.8717
2022-11-18 14:19:46,940 - EarlyStopping at epoch 15
2022-11-18 14:19:46,940 - Trained models are saved in outputs\nmfir_MIntRec_multi-class_2022-11-18-14-14-44\models
2022-11-18 14:19:47,951 - Training is finished...
2022-11-18 14:19:47,951 - Testing begins...
2022-11-18 14:19:50,947 - ***** Test: Confusion Matrix *****
2022-11-18 14:19:50,954 - [[27  2  0  0  6  0  6  3  0  2  1  0  8  1  0  1  0  0  0  0]
 [ 0 36  0  1  0  2  0  0  1  0  0  0  2  1  0  0  0  0  0  0]
 [ 0  0 27  0  0  0  0  0  0  0  0  0  0  0  0  0  0  0  0  0]
 [ 0  0  0 25  0  0  0  0  0  0  0  0  0  0  0  0  0  0  0  0]
 [ 1  1  0  0 11  0  6  0  0  0  0  1  1  2  0  0  0  0  0  0]
 [ 0  0  0  0  0 11  0  0  0  0  0  0  0  0  0  0  0  0  1  0]
 [ 2  0  0  0  1  0  3  1  2  0  0  0  2  0  0  0  1  0  0  0]
 [ 2  0  0  0  0  0  1  5  1  1  0  0  0  0  0  0  0  0  0  0]
 [ 1  0  0  0  0  0  3  3  3  0  0  0  0  0  0  0  0  0  0  0]
 [ 1  0  0  0  0  0  1  0  0  3  1  0  0  0  0  3  0  1  0  0]
 [ 3  0  0  0  0  0  1  0  0  1 13  0  0  0  0  0  0  0  0  0]
 [ 0  0  0  0  0  0  2  0  0  0  0 15  0  0  0  0  0  0  1  1]
 [ 3  1  0  0  0  0  0  1  2  0  0  0 41  3  3  1  1  0  1  0]
 [ 0  0  0  0  0  1  2  0  0  0  1  1  0 19  1  0  0  0  0  0]
 [ 0  0  0  0  1  0  0  0  1  0  0  0  1  1 16  0  1  0  0  1]
 [ 0  1  0  0  0  0  0  0  2  0  0  0  6  1  0 11  0  0  0  0]
 [ 1  0  0  0  0  0  0  0  0  0  0  0  3  0  1  1 11  0  0  0]
 [ 0  0  0  0  0  0  0  0  0  0  0  0  1  1  1  0  0 12  0  0]
 [ 0  0  0  0  0  0  0  0  0  0  0  0  3  0  0  1  0  0  8  0]
 [ 1  0  0  0  0  0  0  0  0  0  0  0  0  1  1  0  0  0  0  7]]
2022-11-18 14:19:50,955 - ***** Evaluation results *****
2022-11-18 14:19:50,955 -   acc = 0.6831
2022-11-18 14:19:50,955 -   f1 = 0.6598
2022-11-18 14:19:50,956 -   prec = 0.6741
2022-11-18 14:19:50,956 -   rec = 0.6556
2022-11-18 14:19:50,961 - Testing is finished...
2022-11-18 14:19:50,961 - Multimodal intent recognition is finished...
2022-11-18 14:19:50,961 - Results are saved in results\nmfir_bert.csv
