2022-11-17 20:51:41,484 - ============================== Params ==============================
2022-11-17 20:51:41,485 - logger_name: nmfir_MIntRec_multi-class_2022-11-17-20-51-41
2022-11-17 20:51:41,485 - dataset: MIntRec
2022-11-17 20:51:41,485 - data_mode: multi-class
2022-11-17 20:51:41,485 - method: nmfir
2022-11-17 20:51:41,485 - text_backbone: bert-base-uncased
2022-11-17 20:51:41,485 - seed: 0
2022-11-17 20:51:41,485 - num_workers: 0
2022-11-17 20:51:41,485 - gpu_id: 0
2022-11-17 20:51:41,485 - data_path: MIA-datasets
2022-11-17 20:51:41,485 - train: True
2022-11-17 20:51:41,485 - tune: False
2022-11-17 20:51:41,485 - save_model: True
2022-11-17 20:51:41,485 - save_results: True
2022-11-17 20:51:41,485 - log_path: logs
2022-11-17 20:51:41,485 - cache_path: cache
2022-11-17 20:51:41,485 - video_data_path: video_data
2022-11-17 20:51:41,485 - audio_data_path: audio_data
2022-11-17 20:51:41,485 - video_feats_path: video_feats.pkl
2022-11-17 20:51:41,485 - audio_feats_path: audio_feats.pkl
2022-11-17 20:51:41,485 - results_path: results
2022-11-17 20:51:41,485 - output_path: outputs
2022-11-17 20:51:41,485 - model_path: models
2022-11-17 20:51:41,485 - config_file_name: nmfir_bert
2022-11-17 20:51:41,485 - results_file_name: nmfir_bert.csv
2022-11-17 20:51:41,485 - padding_mode: zero
2022-11-17 20:51:41,485 - padding_loc: end
2022-11-17 20:51:41,486 - need_aligned: False
2022-11-17 20:51:41,486 - eval_monitor: f1
2022-11-17 20:51:41,486 - train_batch_size: 6
2022-11-17 20:51:41,486 - eval_batch_size: 6
2022-11-17 20:51:41,486 - test_batch_size: 4
2022-11-17 20:51:41,486 - wait_patience: 4
2022-11-17 20:51:41,486 - num_train_epochs: 100
2022-11-17 20:51:41,486 - use_cmd_sim: False
2022-11-17 20:51:41,486 - reverse_grad_weight: 0.8
2022-11-17 20:51:41,486 - hidden_size: 256
2022-11-17 20:51:41,486 - dropout_rate: 0.1
2022-11-17 20:51:41,486 - diff_weight: 0.7
2022-11-17 20:51:41,486 - sim_weight: 0.7
2022-11-17 20:51:41,486 - recon_weight: 0.6
2022-11-17 20:51:41,486 - lr: 3e-05
2022-11-17 20:51:41,486 - grad_clip: -1.0
2022-11-17 20:51:41,486 - gamma: 0.5
2022-11-17 20:51:41,486 - common_hyper_param: {'common_param': {'padding_mode': 'zero', 'padding_loc': 'end', 'need_aligned': False, 'eval_monitor': 'f1', 'train_batch_size': 6, 'eval_batch_size': 6, 'test_batch_size': 4, 'wait_patience': 4}, 'hyper_param': {'num_train_epochs': 100, 'use_cmd_sim': False, 'reverse_grad_weight': 0.8, 'hidden_size': 256, 'dropout_rate': 0.1, 'diff_weight': 0.7, 'sim_weight': 0.7, 'recon_weight': 0.6, 'lr': 3e-05, 'grad_clip': -1.0, 'gamma': 0.5}}
2022-11-17 20:51:41,486 - pred_output_path: outputs\nmfir_MIntRec_multi-class_2022-11-17-20-51-41
2022-11-17 20:51:41,486 - model_output_path: outputs\nmfir_MIntRec_multi-class_2022-11-17-20-51-41\models
2022-11-17 20:51:41,486 - ============================== End Params ==============================
2022-11-17 20:51:41,488 - Generate Text Features Begin...
2022-11-17 20:51:57,434 - Generate Text Features Finished...
2022-11-17 20:51:57,435 - Load Video Features Begin...
2022-11-17 20:51:57,913 - Load Video Features Finished...
2022-11-17 20:51:58,352 - Load Audio Features Begin...
2022-11-17 20:51:59,195 - Load Audio Features Finished...
2022-11-17 20:52:22,155 - Multimodal intent recognition begins...
2022-11-17 20:52:22,159 - Training begins...
2022-11-17 20:53:02,189 - ***** Epoch: 1: Eval results *****
2022-11-17 20:53:02,204 -   best_eval_score = 0.4081
2022-11-17 20:53:02,204 -   eval_score = 0.4081
2022-11-17 20:53:02,204 -   train_loss = 3.3113
2022-11-17 20:53:37,027 - ***** Epoch: 2: Eval results *****
2022-11-17 20:53:37,027 -   best_eval_score = 0.5714
2022-11-17 20:53:37,027 -   eval_score = 0.5714
2022-11-17 20:53:37,027 -   train_loss = 1.9633
2022-11-17 20:54:07,527 - ***** Epoch: 3: Eval results *****
2022-11-17 20:54:07,528 -   best_eval_score = 0.65
2022-11-17 20:54:07,528 -   eval_score = 0.65
2022-11-17 20:54:07,528 -   train_loss = 1.392
2022-11-17 20:54:40,107 - EarlyStopping counter: 1 out of 4
2022-11-17 20:54:40,107 - ***** Epoch: 4: Eval results *****
2022-11-17 20:54:40,108 -   best_eval_score = 0.65
2022-11-17 20:54:40,108 -   eval_score = 0.6282
2022-11-17 20:54:40,108 -   train_loss = 1.1724
2022-11-17 20:55:15,821 - ***** Epoch: 5: Eval results *****
2022-11-17 20:55:15,821 -   best_eval_score = 0.6583
2022-11-17 20:55:15,821 -   eval_score = 0.6583
2022-11-17 20:55:15,821 -   train_loss = 0.9772
2022-11-17 20:55:51,553 - ***** Epoch: 6: Eval results *****
2022-11-17 20:55:51,553 -   best_eval_score = 0.6588
2022-11-17 20:55:51,553 -   eval_score = 0.6588
2022-11-17 20:55:51,553 -   train_loss = 0.9038
2022-11-17 20:56:24,418 - ***** Epoch: 7: Eval results *****
2022-11-17 20:56:24,419 -   best_eval_score = 0.6744
2022-11-17 20:56:24,419 -   eval_score = 0.6744
2022-11-17 20:56:24,419 -   train_loss = 0.8555
2022-11-17 20:56:59,130 - ***** Epoch: 8: Eval results *****
2022-11-17 20:56:59,130 -   best_eval_score = 0.6843
2022-11-17 20:56:59,130 -   eval_score = 0.6843
2022-11-17 20:56:59,130 -   train_loss = 0.8306
2022-11-17 20:57:32,574 - EarlyStopping counter: 1 out of 4
2022-11-17 20:57:32,574 - ***** Epoch: 9: Eval results *****
2022-11-17 20:57:32,574 -   best_eval_score = 0.6843
2022-11-17 20:57:32,574 -   eval_score = 0.6784
2022-11-17 20:57:32,574 -   train_loss = 0.827
2022-11-17 20:58:05,289 - EarlyStopping counter: 2 out of 4
2022-11-17 20:58:05,289 - ***** Epoch: 10: Eval results *****
2022-11-17 20:58:05,289 -   best_eval_score = 0.6843
2022-11-17 20:58:05,289 -   eval_score = 0.6789
2022-11-17 20:58:05,289 -   train_loss = 0.8263
2022-11-17 20:58:38,527 - EarlyStopping counter: 3 out of 4
2022-11-17 20:58:38,527 - ***** Epoch: 11: Eval results *****
2022-11-17 20:58:38,527 -   best_eval_score = 0.6843
2022-11-17 20:58:38,527 -   eval_score = 0.6742
2022-11-17 20:58:38,527 -   train_loss = 0.8236
2022-11-17 20:59:11,915 - EarlyStopping counter: 4 out of 4
2022-11-17 20:59:11,916 - ***** Epoch: 12: Eval results *****
2022-11-17 20:59:11,916 -   best_eval_score = 0.6843
2022-11-17 20:59:11,916 -   eval_score = 0.67
2022-11-17 20:59:11,916 -   train_loss = 0.8227
2022-11-17 20:59:11,916 - EarlyStopping at epoch 12
2022-11-17 20:59:11,917 - Trained models are saved in outputs\nmfir_MIntRec_multi-class_2022-11-17-20-51-41\models
2022-11-17 20:59:13,182 - Training is finished...
2022-11-17 20:59:13,182 - Testing begins...
2022-11-17 20:59:16,460 - ***** Test: Confusion Matrix *****
2022-11-17 20:59:16,467 - [[33  2  0  0  8  0  1  1  1  4  0  0  4  3  0  0  0  0  0  0]
 [ 0 37  0  1  0  0  1  0  1  0  0  0  2  1  0  0  0  0  0  0]
 [ 1  0 26  0  0  0  0  0  0  0  0  0  0  0  0  0  0  0  0  0]
 [ 0  0  0 25  0  0  0  0  0  0  0  0  0  0  0  0  0  0  0  0]
 [ 1  0  0  0 16  0  2  0  0  0  0  1  0  2  1  0  0  0  0  0]
 [ 0  0  0  0  0 12  0  0  0  0  0  0  0  0  0  0  0  0  0  0]
 [ 1  1  0  0  3  0  2  0  3  0  0  0  1  0  0  0  0  0  0  1]
 [ 4  0  0  0  0  0  0  5  1  0  0  0  0  0  0  0  0  0  0  0]
 [ 1  0  0  0  0  0  0  2  4  0  0  0  0  2  0  1  0  0  0  0]
 [ 1  0  0  0  0  0  0  0  1  3  1  0  0  0  0  3  0  1  0  0]
 [ 1  0  0  0  0  0  0  1  0  1 15  0  0  0  0  0  0  0  0  0]
 [ 0  0  0  0  0  0  1  0  0  0  0 16  0  0  0  0  0  0  1  1]
 [ 2  0  0  1  1  0  1  2  0  0  0  1 41  3  2  2  1  0  0  0]
 [ 0  0  0  0  0  0  1  1  0  0  1  1  0 21  0  0  0  0  0  0]
 [ 0  0  0  0  1  0  0  0  0  0  0  0  1  3 14  0  1  0  0  2]
 [ 0  0  0  0  0  0  0  1  1  0  0  0  7  0  0 11  0  0  0  1]
 [ 0  0  0  0  0  0  0  0  0  0  0  0  3  0  1  0 13  0  0  0]
 [ 0  0  0  0  0  0  0  0  0  1  0  0  2  0  0  0  0 12  0  0]
 [ 0  0  0  0  0  0  0  0  0  0  0  0  2  0  0  1  0  0  9  0]
 [ 0  0  0  0  0  0  0  0  0  0  0  0  0  1  1  0  1  0  0  7]]
2022-11-17 20:59:16,468 - ***** Evaluation results *****
2022-11-17 20:59:16,469 -   acc = 0.7236
2022-11-17 20:59:16,469 -   f1 = 0.691
2022-11-17 20:59:16,469 -   prec = 0.6967
2022-11-17 20:59:16,469 -   rec = 0.6937
2022-11-17 20:59:16,474 - Testing is finished...
2022-11-17 20:59:16,474 - Multimodal intent recognition is finished...
2022-11-17 20:59:16,474 - Results are saved in results\nmfir_bert.csv
