2022-11-09 15:32:04,034 - ============================== Params ==============================
2022-11-09 15:32:04,034 - logger_name: nmfir_MIntRec_multi-class_2022-11-09-15-32-04
2022-11-09 15:32:04,034 - dataset: MIntRec
2022-11-09 15:32:04,034 - data_mode: multi-class
2022-11-09 15:32:04,034 - method: nmfir
2022-11-09 15:32:04,034 - text_backbone: bert-base-uncased
2022-11-09 15:32:04,034 - seed: 0
2022-11-09 15:32:04,034 - num_workers: 0
2022-11-09 15:32:04,034 - gpu_id: 0
2022-11-09 15:32:04,034 - data_path: MIA-datasets
2022-11-09 15:32:04,034 - train: True
2022-11-09 15:32:04,034 - tune: False
2022-11-09 15:32:04,034 - save_model: True
2022-11-09 15:32:04,034 - save_results: True
2022-11-09 15:32:04,034 - log_path: logs
2022-11-09 15:32:04,034 - cache_path: cache
2022-11-09 15:32:04,034 - video_data_path: video_data
2022-11-09 15:32:04,034 - audio_data_path: audio_data
2022-11-09 15:32:04,034 - video_feats_path: video_feats.pkl
2022-11-09 15:32:04,035 - audio_feats_path: audio_feats.pkl
2022-11-09 15:32:04,035 - results_path: results
2022-11-09 15:32:04,035 - output_path: outputs
2022-11-09 15:32:04,035 - model_path: models
2022-11-09 15:32:04,035 - config_file_name: nmfir_bert
2022-11-09 15:32:04,035 - results_file_name: nmfir_bert.csv
2022-11-09 15:32:04,035 - padding_mode: zero
2022-11-09 15:32:04,035 - padding_loc: end
2022-11-09 15:32:04,035 - need_aligned: False
2022-11-09 15:32:04,035 - eval_monitor: f1
2022-11-09 15:32:04,035 - train_batch_size: 6
2022-11-09 15:32:04,035 - eval_batch_size: 6
2022-11-09 15:32:04,035 - test_batch_size: 4
2022-11-09 15:32:04,035 - wait_patience: 4
2022-11-09 15:32:04,035 - num_train_epochs: 100
2022-11-09 15:32:04,035 - use_cmd_sim: True
2022-11-09 15:32:04,035 - reverse_grad_weight: 0.8
2022-11-09 15:32:04,035 - hidden_size: 256
2022-11-09 15:32:04,035 - dropout_rate: 0
2022-11-09 15:32:04,035 - diff_weight: 0.7
2022-11-09 15:32:04,035 - sim_weight: 0.7
2022-11-09 15:32:04,035 - recon_weight: 0.6
2022-11-09 15:32:04,035 - lr: 3e-05
2022-11-09 15:32:04,035 - grad_clip: -1.0
2022-11-09 15:32:04,035 - gamma: 0.5
2022-11-09 15:32:04,035 - common_hyper_param: {'common_param': {'padding_mode': 'zero', 'padding_loc': 'end', 'need_aligned': False, 'eval_monitor': 'f1', 'train_batch_size': 6, 'eval_batch_size': 6, 'test_batch_size': 4, 'wait_patience': 4}, 'hyper_param': {'num_train_epochs': 100, 'use_cmd_sim': True, 'reverse_grad_weight': 0.8, 'hidden_size': 256, 'dropout_rate': 0, 'diff_weight': 0.7, 'sim_weight': 0.7, 'recon_weight': 0.6, 'lr': 3e-05, 'grad_clip': -1.0, 'gamma': 0.5}}
2022-11-09 15:32:04,035 - pred_output_path: outputs\nmfir_MIntRec_multi-class_2022-11-09-15-32-04
2022-11-09 15:32:04,035 - model_output_path: outputs\nmfir_MIntRec_multi-class_2022-11-09-15-32-04\models
2022-11-09 15:32:04,035 - ============================== End Params ==============================
2022-11-09 15:32:04,039 - Generate Text Features Begin...
2022-11-09 15:32:20,613 - Generate Text Features Finished...
2022-11-09 15:32:20,614 - Load Video Features Begin...
2022-11-09 15:32:21,016 - Load Video Features Finished...
2022-11-09 15:32:21,403 - Load Audio Features Begin...
2022-11-09 15:32:22,157 - Load Audio Features Finished...
2022-11-09 15:32:41,135 - Multimodal intent recognition begins...
2022-11-09 15:32:41,137 - Training begins...
2022-11-09 15:33:17,103 - ***** Epoch: 1: Eval results *****
2022-11-09 15:33:17,110 -   best_eval_score = 0.4675
2022-11-09 15:33:17,110 -   eval_score = 0.4675
2022-11-09 15:33:17,110 -   train_loss = 3.0482
2022-11-09 15:33:49,231 - ***** Epoch: 2: Eval results *****
2022-11-09 15:33:49,231 -   best_eval_score = 0.6136
2022-11-09 15:33:49,231 -   eval_score = 0.6136
2022-11-09 15:33:49,231 -   train_loss = 1.4756
2022-11-09 15:34:21,647 - ***** Epoch: 3: Eval results *****
2022-11-09 15:34:21,647 -   best_eval_score = 0.6582
2022-11-09 15:34:21,647 -   eval_score = 0.6582
2022-11-09 15:34:21,647 -   train_loss = 0.7993
2022-11-09 15:34:54,160 - ***** Epoch: 4: Eval results *****
2022-11-09 15:34:54,160 -   best_eval_score = 0.665
2022-11-09 15:34:54,160 -   eval_score = 0.665
2022-11-09 15:34:54,160 -   train_loss = 0.429
2022-11-09 15:35:28,032 - EarlyStopping counter: 1 out of 4
2022-11-09 15:35:28,032 - ***** Epoch: 5: Eval results *****
2022-11-09 15:35:28,032 -   best_eval_score = 0.665
2022-11-09 15:35:28,032 -   eval_score = 0.6481
2022-11-09 15:35:28,032 -   train_loss = 0.2982
2022-11-09 15:36:05,630 - ***** Epoch: 6: Eval results *****
2022-11-09 15:36:05,630 -   best_eval_score = 0.6712
2022-11-09 15:36:05,630 -   eval_score = 0.6712
2022-11-09 15:36:05,630 -   train_loss = 0.1812
2022-11-09 15:36:38,385 - ***** Epoch: 7: Eval results *****
2022-11-09 15:36:38,385 -   best_eval_score = 0.6952
2022-11-09 15:36:38,385 -   eval_score = 0.6952
2022-11-09 15:36:38,385 -   train_loss = 0.1397
2022-11-09 15:37:11,305 - EarlyStopping counter: 1 out of 4
2022-11-09 15:37:11,305 - ***** Epoch: 8: Eval results *****
2022-11-09 15:37:11,305 -   best_eval_score = 0.6952
2022-11-09 15:37:11,305 -   eval_score = 0.6796
2022-11-09 15:37:11,305 -   train_loss = 0.1106
2022-11-09 15:37:45,801 - EarlyStopping counter: 2 out of 4
2022-11-09 15:37:45,801 - ***** Epoch: 9: Eval results *****
2022-11-09 15:37:45,802 -   best_eval_score = 0.6952
2022-11-09 15:37:45,802 -   eval_score = 0.6735
2022-11-09 15:37:45,802 -   train_loss = 0.0974
2022-11-09 15:38:21,374 - EarlyStopping counter: 3 out of 4
2022-11-09 15:38:21,374 - ***** Epoch: 10: Eval results *****
2022-11-09 15:38:21,374 -   best_eval_score = 0.6952
2022-11-09 15:38:21,374 -   eval_score = 0.6702
2022-11-09 15:38:21,374 -   train_loss = 0.0866
2022-11-09 15:38:55,548 - EarlyStopping counter: 4 out of 4
2022-11-09 15:38:55,549 - ***** Epoch: 11: Eval results *****
2022-11-09 15:38:55,549 -   best_eval_score = 0.6952
2022-11-09 15:38:55,549 -   eval_score = 0.6829
2022-11-09 15:38:55,549 -   train_loss = 0.0804
2022-11-09 15:38:55,549 - EarlyStopping at epoch 11
2022-11-09 15:38:55,549 - Trained models are saved in outputs\nmfir_MIntRec_multi-class_2022-11-09-15-32-04\models
2022-11-09 15:38:56,407 - Training is finished...
2022-11-09 15:38:56,407 - Testing begins...
2022-11-09 15:38:59,270 - ***** Test: Confusion Matrix *****
2022-11-09 15:38:59,275 - [[36  1  0  0  9  0  1  1  1  3  1  0  4  0  0  0  0  0  0  0]
 [ 0 36  0  1  0  1  3  0  0  0  0  0  2  0  0  0  0  0  0  0]
 [ 1  0 26  0  0  0  0  0  0  0  0  0  0  0  0  0  0  0  0  0]
 [ 0  0  0 24  0  0  0  0  0  0  0  0  0  0  0  0  0  0  0  1]
 [ 2  0  0  0 13  0  4  0  0  1  0  1  0  0  1  0  0  0  0  1]
 [ 0  0  0  0  0 11  0  0  0  0  1  0  0  0  0  0  0  0  0  0]
 [ 1  0  0  0  4  0  4  0  1  0  0  0  1  0  1  0  0  0  0  0]
 [ 2  0  0  0  0  1  0  5  1  0  1  0  0  0  0  0  0  0  0  0]
 [ 0  0  0  0  0  0  3  4  1  0  0  0  0  0  0  1  0  0  0  1]
 [ 0  0  0  0  0  0  1  0  0  4  1  0  0  0  0  3  0  1  0  0]
 [ 0  0  0  0  0  0  0  1  0  2 15  0  0  0  0  0  0  0  0  0]
 [ 0  0  0  0  0  0  1  0  0  0  0 17  0  0  0  0  0  0  0  1]
 [ 2  0  0  1  0  1  1  0  2  0  1  0 43  2  2  0  1  0  0  1]
 [ 0  0  0  0  0  1  1  0  0  0  1  1  1 18  2  0  0  0  0  0]
 [ 0  0  0  0  1  0  0  0  0  0  0  0  0  1 17  0  1  0  0  2]
 [ 0  0  0  0  1  0  0  1  2  0  0  0  4  0  0 12  0  0  0  1]
 [ 1  0  0  0  0  0  0  0  0  0  0  0  3  0  2  0 11  0  0  0]
 [ 0  0  0  0  0  0  0  0  0  1  0  0  1  0  0  0  0 13  0  0]
 [ 0  1  0  0  0  0  0  0  0  0  0  0  2  0  0  1  0  0  8  0]
 [ 1  0  0  0  0  0  0  0  0  0  0  0  0  1  1  0  0  0  0  7]]
2022-11-09 15:38:59,275 - ***** Evaluation results *****
2022-11-09 15:38:59,275 -   acc = 0.7213
2022-11-09 15:38:59,275 -   f1 = 0.6764
2022-11-09 15:38:59,275 -   prec = 0.685
2022-11-09 15:38:59,275 -   rec = 0.6817
2022-11-09 15:38:59,279 - Testing is finished...
2022-11-09 15:38:59,279 - Multimodal intent recognition is finished...
2022-11-09 15:38:59,279 - Results are saved in results\nmfir_bert.csv
