2022-11-18 13:16:07,444 - ============================== Params ==============================
2022-11-18 13:16:07,444 - logger_name: nmfir_MIntRec_multi-class_2022-11-18-13-16-07
2022-11-18 13:16:07,444 - dataset: MIntRec
2022-11-18 13:16:07,444 - data_mode: multi-class
2022-11-18 13:16:07,444 - method: nmfir
2022-11-18 13:16:07,444 - text_backbone: bert-base-uncased
2022-11-18 13:16:07,444 - seed: 0
2022-11-18 13:16:07,444 - num_workers: 0
2022-11-18 13:16:07,444 - gpu_id: 0
2022-11-18 13:16:07,444 - data_path: MIA-datasets
2022-11-18 13:16:07,444 - train: True
2022-11-18 13:16:07,444 - tune: False
2022-11-18 13:16:07,444 - save_model: True
2022-11-18 13:16:07,444 - save_results: True
2022-11-18 13:16:07,444 - log_path: logs
2022-11-18 13:16:07,444 - cache_path: cache
2022-11-18 13:16:07,444 - video_data_path: video_data
2022-11-18 13:16:07,444 - audio_data_path: audio_data
2022-11-18 13:16:07,444 - video_feats_path: video_feats.pkl
2022-11-18 13:16:07,444 - audio_feats_path: audio_feats.pkl
2022-11-18 13:16:07,444 - results_path: results
2022-11-18 13:16:07,444 - output_path: outputs
2022-11-18 13:16:07,444 - model_path: models
2022-11-18 13:16:07,444 - config_file_name: nmfir_bert
2022-11-18 13:16:07,444 - results_file_name: nmfir_bert.csv
2022-11-18 13:16:07,445 - padding_mode: zero
2022-11-18 13:16:07,445 - padding_loc: end
2022-11-18 13:16:07,445 - need_aligned: False
2022-11-18 13:16:07,445 - eval_monitor: f1
2022-11-18 13:16:07,445 - train_batch_size: 6
2022-11-18 13:16:07,445 - eval_batch_size: 6
2022-11-18 13:16:07,445 - test_batch_size: 4
2022-11-18 13:16:07,445 - wait_patience: 4
2022-11-18 13:16:07,445 - num_train_epochs: 100
2022-11-18 13:16:07,445 - use_cmd_sim: False
2022-11-18 13:16:07,445 - reverse_grad_weight: 0.8
2022-11-18 13:16:07,445 - hidden_size: 256
2022-11-18 13:16:07,445 - dropout_rate: 0.1
2022-11-18 13:16:07,445 - diff_weight: 0.7
2022-11-18 13:16:07,445 - sim_weight: 0.7
2022-11-18 13:16:07,445 - recon_weight: 0.6
2022-11-18 13:16:07,445 - lr: 3e-05
2022-11-18 13:16:07,445 - grad_clip: -1.0
2022-11-18 13:16:07,445 - gamma: 0.5
2022-11-18 13:16:07,445 - common_hyper_param: {'common_param': {'padding_mode': 'zero', 'padding_loc': 'end', 'need_aligned': False, 'eval_monitor': 'f1', 'train_batch_size': 6, 'eval_batch_size': 6, 'test_batch_size': 4, 'wait_patience': 4}, 'hyper_param': {'num_train_epochs': 100, 'use_cmd_sim': False, 'reverse_grad_weight': 0.8, 'hidden_size': 256, 'dropout_rate': 0.1, 'diff_weight': 0.7, 'sim_weight': 0.7, 'recon_weight': 0.6, 'lr': 3e-05, 'grad_clip': -1.0, 'gamma': 0.5}}
2022-11-18 13:16:07,445 - pred_output_path: outputs\nmfir_MIntRec_multi-class_2022-11-18-13-16-07
2022-11-18 13:16:07,445 - model_output_path: outputs\nmfir_MIntRec_multi-class_2022-11-18-13-16-07\models
2022-11-18 13:16:07,445 - ============================== End Params ==============================
2022-11-18 13:16:07,449 - Generate Text Features Begin...
2022-11-18 13:16:39,911 - Generate Text Features Finished...
2022-11-18 13:16:39,911 - Load Video Features Begin...
2022-11-18 13:16:40,112 - Load Video Features Finished...
2022-11-18 13:16:40,506 - Load Audio Features Begin...
2022-11-18 13:16:41,242 - Load Audio Features Finished...
2022-11-18 13:16:53,307 - Multimodal intent recognition begins...
2022-11-18 13:16:53,307 - Training begins...
2022-11-18 13:17:11,487 - ***** Epoch: 1: Eval results *****
2022-11-18 13:17:11,494 -   best_eval_score = 0.2083
2022-11-18 13:17:11,494 -   eval_score = 0.2083
2022-11-18 13:17:11,494 -   train_loss = 3.8864
2022-11-18 13:17:25,347 - ***** Epoch: 2: Eval results *****
2022-11-18 13:17:25,347 -   best_eval_score = 0.4377
2022-11-18 13:17:25,347 -   eval_score = 0.4377
2022-11-18 13:17:25,347 -   train_loss = 2.7825
2022-11-18 13:17:39,240 - ***** Epoch: 3: Eval results *****
2022-11-18 13:17:39,240 -   best_eval_score = 0.5443
2022-11-18 13:17:39,240 -   eval_score = 0.5443
2022-11-18 13:17:39,240 -   train_loss = 1.8676
2022-11-18 13:17:53,469 - ***** Epoch: 4: Eval results *****
2022-11-18 13:17:53,470 -   best_eval_score = 0.5577
2022-11-18 13:17:53,472 -   eval_score = 0.5577
2022-11-18 13:17:53,472 -   train_loss = 1.3855
2022-11-18 13:18:07,866 - ***** Epoch: 5: Eval results *****
2022-11-18 13:18:07,866 -   best_eval_score = 0.5808
2022-11-18 13:18:07,866 -   eval_score = 0.5808
2022-11-18 13:18:07,866 -   train_loss = 1.1623
2022-11-18 13:18:22,597 - ***** Epoch: 6: Eval results *****
2022-11-18 13:18:22,597 -   best_eval_score = 0.5916
2022-11-18 13:18:22,598 -   eval_score = 0.5916
2022-11-18 13:18:22,598 -   train_loss = 1.0559
2022-11-18 13:18:37,385 - EarlyStopping counter: 1 out of 4
2022-11-18 13:18:37,386 - ***** Epoch: 7: Eval results *****
2022-11-18 13:18:37,386 -   best_eval_score = 0.5916
2022-11-18 13:18:37,386 -   eval_score = 0.5812
2022-11-18 13:18:37,386 -   train_loss = 0.9991
2022-11-18 13:18:51,203 - EarlyStopping counter: 2 out of 4
2022-11-18 13:18:51,204 - ***** Epoch: 8: Eval results *****
2022-11-18 13:18:51,204 -   best_eval_score = 0.5916
2022-11-18 13:18:51,204 -   eval_score = 0.5811
2022-11-18 13:18:51,204 -   train_loss = 0.9536
2022-11-18 13:19:05,136 - EarlyStopping counter: 3 out of 4
2022-11-18 13:19:05,136 - ***** Epoch: 9: Eval results *****
2022-11-18 13:19:05,136 -   best_eval_score = 0.5916
2022-11-18 13:19:05,136 -   eval_score = 0.5829
2022-11-18 13:19:05,136 -   train_loss = 0.9411
2022-11-18 13:19:19,381 - EarlyStopping counter: 4 out of 4
2022-11-18 13:19:19,381 - ***** Epoch: 10: Eval results *****
2022-11-18 13:19:19,381 -   best_eval_score = 0.5916
2022-11-18 13:19:19,381 -   eval_score = 0.5818
2022-11-18 13:19:19,381 -   train_loss = 0.9373
2022-11-18 13:19:19,382 - EarlyStopping at epoch 10
2022-11-18 13:19:19,382 - Trained models are saved in outputs\nmfir_MIntRec_multi-class_2022-11-18-13-16-07\models
2022-11-18 13:19:20,177 - Training is finished...
2022-11-18 13:19:20,177 - Testing begins...
2022-11-18 13:19:22,741 - ***** Test: Confusion Matrix *****
2022-11-18 13:19:22,745 - [[24  2  0  0  5  0  2  2  0  2  2  0 13  3  0  1  0  1  0  0]
 [ 1 37  0  1  0  0  0  0  0  0  1  0  2  0  1  0  0  0  0  0]
 [ 0  0 26  0  0  0  0  0  0  0  0  0  1  0  0  0  0  0  0  0]
 [ 0  0  0 25  0  0  0  0  0  0  0  0  0  0  0  0  0  0  0  0]
 [ 4  0  0  0  6  0  5  0  0  0  0  1  3  3  0  0  0  1  0  0]
 [ 0  0  0  0  0 10  0  0  0  0  1  0  1  0  0  0  0  0  0  0]
 [ 3  0  0  0  2  0  3  0  1  0  0  0  1  0  1  1  0  0  0  0]
 [ 3  0  0  0  0  0  0  5  0  0  0  0  2  0  0  0  0  0  0  0]
 [ 0  1  0  0  0  0  0  1  0  0  0  0  4  1  0  3  0  0  0  0]
 [ 1  0  0  0  1  0  1  0  0  2  2  0  0  0  0  3  0  0  0  0]
 [ 0  1  0  0  0  0  0  0  0  1 15  0  0  1  0  0  0  0  0  0]
 [ 0  0  0  0  0  0  1  0  0  0  1 15  1  0  0  0  0  0  0  1]
 [ 2  1  0  0  0  0  0  0  0  0  1  1 50  1  1  0  0  0  0  0]
 [ 0  1  0  0  0  0  2  0  0  0  1  1  1 18  1  0  0  0  0  0]
 [ 0  0  0  0  0  0  0  0  0  0  0  0  3  2 17  0  0  0  0  0]
 [ 0  1  0  0  0  0  0  1  0  0  0  0  8  0  0 11  0  0  0  0]
 [ 0  0  0  0  0  0  0  0  0  0  0  0  6  0  1  0 10  0  0  0]
 [ 0  0  0  0  0  0  0  0  0  1  2  0  2  0  2  0  0  8  0  0]
 [ 0  1  0  0  0  0  0  0  0  0  0  0  4  0  0  1  0  0  6  0]
 [ 0  0  0  0  0  0  0  0  0  0  0  0  1  1  2  1  0  0  1  4]]
2022-11-18 13:19:22,746 - ***** Evaluation results *****
2022-11-18 13:19:22,746 -   acc = 0.6562
2022-11-18 13:19:22,746 -   f1 = 0.6049
2022-11-18 13:19:22,746 -   prec = 0.6539
2022-11-18 13:19:22,746 -   rec = 0.5913
2022-11-18 13:19:22,750 - Testing is finished...
2022-11-18 13:19:22,750 - Multimodal intent recognition is finished...
2022-11-18 13:19:22,751 - Results are saved in results\nmfir_bert.csv
