2022-11-18 13:48:29,005 - ============================== Params ==============================
2022-11-18 13:48:29,005 - logger_name: nmfir_MIntRec_multi-class_2022-11-18-13-48-29
2022-11-18 13:48:29,005 - dataset: MIntRec
2022-11-18 13:48:29,005 - data_mode: multi-class
2022-11-18 13:48:29,005 - method: nmfir
2022-11-18 13:48:29,005 - text_backbone: bert-base-uncased
2022-11-18 13:48:29,005 - seed: 0
2022-11-18 13:48:29,005 - num_workers: 0
2022-11-18 13:48:29,005 - gpu_id: 0
2022-11-18 13:48:29,005 - data_path: MIA-datasets
2022-11-18 13:48:29,005 - train: True
2022-11-18 13:48:29,005 - tune: False
2022-11-18 13:48:29,005 - save_model: True
2022-11-18 13:48:29,005 - save_results: True
2022-11-18 13:48:29,005 - log_path: logs
2022-11-18 13:48:29,005 - cache_path: cache
2022-11-18 13:48:29,005 - video_data_path: video_data
2022-11-18 13:48:29,005 - audio_data_path: audio_data
2022-11-18 13:48:29,005 - video_feats_path: video_feats.pkl
2022-11-18 13:48:29,005 - audio_feats_path: audio_feats.pkl
2022-11-18 13:48:29,005 - results_path: results
2022-11-18 13:48:29,005 - output_path: outputs
2022-11-18 13:48:29,005 - model_path: models
2022-11-18 13:48:29,005 - config_file_name: nmfir_bert
2022-11-18 13:48:29,005 - results_file_name: nmfir_bert.csv
2022-11-18 13:48:29,005 - padding_mode: zero
2022-11-18 13:48:29,005 - padding_loc: end
2022-11-18 13:48:29,005 - need_aligned: False
2022-11-18 13:48:29,005 - eval_monitor: f1
2022-11-18 13:48:29,005 - train_batch_size: 6
2022-11-18 13:48:29,005 - eval_batch_size: 6
2022-11-18 13:48:29,005 - test_batch_size: 4
2022-11-18 13:48:29,005 - wait_patience: 4
2022-11-18 13:48:29,005 - num_train_epochs: 100
2022-11-18 13:48:29,005 - use_cmd_sim: False
2022-11-18 13:48:29,005 - reverse_grad_weight: 0.8
2022-11-18 13:48:29,006 - hidden_size: 256
2022-11-18 13:48:29,006 - dropout_rate: 0.1
2022-11-18 13:48:29,006 - diff_weight: 0.7
2022-11-18 13:48:29,006 - sim_weight: 0.7
2022-11-18 13:48:29,006 - recon_weight: 0.6
2022-11-18 13:48:29,006 - lr: 3e-05
2022-11-18 13:48:29,006 - grad_clip: -1.0
2022-11-18 13:48:29,006 - gamma: 0.5
2022-11-18 13:48:29,006 - common_hyper_param: {'common_param': {'padding_mode': 'zero', 'padding_loc': 'end', 'need_aligned': False, 'eval_monitor': 'f1', 'train_batch_size': 6, 'eval_batch_size': 6, 'test_batch_size': 4, 'wait_patience': 4}, 'hyper_param': {'num_train_epochs': 100, 'use_cmd_sim': False, 'reverse_grad_weight': 0.8, 'hidden_size': 256, 'dropout_rate': 0.1, 'diff_weight': 0.7, 'sim_weight': 0.7, 'recon_weight': 0.6, 'lr': 3e-05, 'grad_clip': -1.0, 'gamma': 0.5}}
2022-11-18 13:48:29,006 - pred_output_path: outputs\nmfir_MIntRec_multi-class_2022-11-18-13-48-29
2022-11-18 13:48:29,006 - model_output_path: outputs\nmfir_MIntRec_multi-class_2022-11-18-13-48-29\models
2022-11-18 13:48:29,006 - ============================== End Params ==============================
2022-11-18 13:48:29,009 - Generate Text Features Begin...
2022-11-18 13:48:45,252 - Generate Text Features Finished...
2022-11-18 13:48:45,252 - Load Video Features Begin...
2022-11-18 13:48:45,671 - Load Video Features Finished...
2022-11-18 13:48:46,040 - Load Audio Features Begin...
2022-11-18 13:48:46,770 - Load Audio Features Finished...
2022-11-18 13:48:59,597 - Multimodal intent recognition begins...
2022-11-18 13:48:59,597 - Training begins...
2022-11-18 13:49:09,069 - ***** Epoch: 1: Eval results *****
2022-11-18 13:49:09,089 -   best_eval_score = 0.0114
2022-11-18 13:49:09,089 -   eval_score = 0.0114
2022-11-18 13:49:09,089 -   train_loss = 4.3058
2022-11-18 13:49:14,854 - ***** Epoch: 2: Eval results *****
2022-11-18 13:49:14,854 -   best_eval_score = 0.0211
2022-11-18 13:49:14,854 -   eval_score = 0.0211
2022-11-18 13:49:14,854 -   train_loss = 3.9755
2022-11-18 13:49:20,259 - ***** Epoch: 3: Eval results *****
2022-11-18 13:49:20,259 -   best_eval_score = 0.026
2022-11-18 13:49:20,259 -   eval_score = 0.026
2022-11-18 13:49:20,259 -   train_loss = 3.7467
2022-11-18 13:49:25,728 - ***** Epoch: 4: Eval results *****
2022-11-18 13:49:25,728 -   best_eval_score = 0.0283
2022-11-18 13:49:25,728 -   eval_score = 0.0283
2022-11-18 13:49:25,728 -   train_loss = 3.4505
2022-11-18 13:49:31,249 - ***** Epoch: 5: Eval results *****
2022-11-18 13:49:31,250 -   best_eval_score = 0.0283
2022-11-18 13:49:31,250 -   eval_score = 0.0283
2022-11-18 13:49:31,250 -   train_loss = 3.0931
2022-11-18 13:49:36,731 - EarlyStopping counter: 1 out of 4
2022-11-18 13:49:36,731 - ***** Epoch: 6: Eval results *****
2022-11-18 13:49:36,731 -   best_eval_score = 0.0283
2022-11-18 13:49:36,731 -   eval_score = 0.0211
2022-11-18 13:49:36,731 -   train_loss = 2.6746
2022-11-18 13:49:42,097 - EarlyStopping counter: 2 out of 4
2022-11-18 13:49:42,097 - ***** Epoch: 7: Eval results *****
2022-11-18 13:49:42,097 -   best_eval_score = 0.0283
2022-11-18 13:49:42,097 -   eval_score = 0.0272
2022-11-18 13:49:42,097 -   train_loss = 2.3236
2022-11-18 13:49:47,533 - EarlyStopping counter: 3 out of 4
2022-11-18 13:49:47,533 - ***** Epoch: 8: Eval results *****
2022-11-18 13:49:47,533 -   best_eval_score = 0.0283
2022-11-18 13:49:47,533 -   eval_score = 0.0281
2022-11-18 13:49:47,533 -   train_loss = 2.1117
2022-11-18 13:49:52,993 - EarlyStopping counter: 4 out of 4
2022-11-18 13:49:52,993 - ***** Epoch: 9: Eval results *****
2022-11-18 13:49:52,993 -   best_eval_score = 0.0283
2022-11-18 13:49:52,993 -   eval_score = 0.0262
2022-11-18 13:49:52,993 -   train_loss = 2.0286
2022-11-18 13:49:52,993 - EarlyStopping at epoch 9
2022-11-18 13:49:52,993 - Trained models are saved in outputs\nmfir_MIntRec_multi-class_2022-11-18-13-48-29\models
2022-11-18 13:49:53,734 - Training is finished...
2022-11-18 13:49:53,734 - Testing begins...
2022-11-18 13:49:56,067 - ***** Test: Confusion Matrix *****
2022-11-18 13:49:56,070 - [[17  2  0  0  0  0  0  0  0  0  0  0 17 10  0 11  0  0  0  0]
 [ 9  0  0  0  0  0  0  0  0  0  0  0 31  2  0  1  0  0  0  0]
 [ 1  0  0  0  0  0  0  0  0  0  0  0 25  0  0  1  0  0  0  0]
 [ 2  0  0  0  0  0  1  0  0  0  0  0 19  3  0  0  0  0  0  0]
 [ 3  0  0  0  0  0  0  0  0  0  0  0 15  1  0  4  0  0  0  0]
 [ 6  0  0  0  0  0  0  0  0  0  0  0  6  0  0  0  0  0  0  0]
 [ 2  0  0  1  0  0  0  0  0  0  0  0  7  0  0  2  0  0  0  0]
 [ 8  0  0  0  0  0  0  0  0  0  0  0  1  1  0  0  0  0  0  0]
 [ 8  0  0  0  0  0  0  0  0  0  0  0  1  1  0  0  0  0  0  0]
 [ 4  2  0  0  0  0  0  0  0  0  0  0  3  1  0  0  0  0  0  0]
 [ 3  0  0  1  0  0  0  0  0  0  0  0 14  0  0  0  0  0  0  0]
 [ 2  3  0  0  0  0  0  0  0  0  0  0 12  2  0  0  0  0  0  0]
 [14  3  0  1  0  0  0  0  0  0  0  1 34  2  0  2  0  0  0  0]
 [ 5  0  0  0  0  0  0  0  0  0  0  0 18  2  0  0  0  0  0  0]
 [ 0  0  0  0  0  0  0  0  0  0  0  0 21  1  0  0  0  0  0  0]
 [ 7  2  0  0  0  0  0  0  0  0  0  0  8  1  0  3  0  0  0  0]
 [ 4  0  0  0  0  0  0  0  0  0  0  1 12  0  0  0  0  0  0  0]
 [ 1  1  0  0  0  0  0  0  0  0  0  0 10  1  0  2  0  0  0  0]
 [ 0  1  0  0  0  0  0  0  0  0  0  0  5  0  0  6  0  0  0  0]
 [ 2  1  0  0  0  0  0  0  0  0  0  0  7  0  0  0  0  0  0  0]]
2022-11-18 13:49:56,071 - ***** Evaluation results *****
2022-11-18 13:49:56,071 -   acc = 0.1258
2022-11-18 13:49:56,071 -   f1 = 0.0309
2022-11-18 13:49:56,071 -   prec = 0.0233
2022-11-18 13:49:56,071 -   rec = 0.0559
2022-11-18 13:49:56,074 - Testing is finished...
2022-11-18 13:49:56,074 - Multimodal intent recognition is finished...
2022-11-18 13:49:56,074 - Results are saved in results\nmfir_bert.csv
