2023-03-14 09:07:55,479 - ============================== Params ==============================
2023-03-14 09:07:55,479 - logger_name: nmfir_MIntRec_multi-class_2023-03-14-09-07-55
2023-03-14 09:07:55,479 - dataset: MIntRec
2023-03-14 09:07:55,479 - data_mode: multi-class
2023-03-14 09:07:55,479 - method: nmfir
2023-03-14 09:07:55,479 - text_backbone: bert-base-uncased
2023-03-14 09:07:55,479 - seed: 0
2023-03-14 09:07:55,479 - num_workers: 0
2023-03-14 09:07:55,479 - gpu_id: 0
2023-03-14 09:07:55,479 - data_path: MIA-datasets
2023-03-14 09:07:55,479 - train: True
2023-03-14 09:07:55,479 - tune: False
2023-03-14 09:07:55,479 - save_model: True
2023-03-14 09:07:55,479 - save_results: True
2023-03-14 09:07:55,479 - log_path: logs
2023-03-14 09:07:55,479 - cache_path: cache
2023-03-14 09:07:55,479 - video_data_path: video_data
2023-03-14 09:07:55,479 - audio_data_path: audio_data
2023-03-14 09:07:55,479 - video_feats_path: video_feats.pkl
2023-03-14 09:07:55,479 - audio_feats_path: audio_feats.pkl
2023-03-14 09:07:55,479 - results_path: results
2023-03-14 09:07:55,479 - output_path: outputs
2023-03-14 09:07:55,479 - model_path: models
2023-03-14 09:07:55,479 - config_file_name: nmfir_bert
2023-03-14 09:07:55,479 - results_file_name: nmfir_bert.csv
2023-03-14 09:07:55,479 - padding_mode: zero
2023-03-14 09:07:55,479 - padding_loc: end
2023-03-14 09:07:55,479 - need_aligned: False
2023-03-14 09:07:55,480 - eval_monitor: f1
2023-03-14 09:07:55,480 - train_batch_size: 6
2023-03-14 09:07:55,480 - eval_batch_size: 6
2023-03-14 09:07:55,480 - test_batch_size: 4
2023-03-14 09:07:55,480 - wait_patience: 4
2023-03-14 09:07:55,480 - num_train_epochs: 100
2023-03-14 09:07:55,480 - use_cmd_sim: False
2023-03-14 09:07:55,480 - reverse_grad_weight: 0.8
2023-03-14 09:07:55,480 - hidden_size: 256
2023-03-14 09:07:55,480 - dropout_rate: 0.1
2023-03-14 09:07:55,480 - diff_weight: 1
2023-03-14 09:07:55,480 - sim_weight: 0.5
2023-03-14 09:07:55,480 - recon_weight: 0.5
2023-03-14 09:07:55,480 - lr: 3e-05
2023-03-14 09:07:55,480 - grad_clip: -1.0
2023-03-14 09:07:55,480 - gamma: 0.5
2023-03-14 09:07:55,480 - common_hyper_param: {'common_param': {'padding_mode': 'zero', 'padding_loc': 'end', 'need_aligned': False, 'eval_monitor': 'f1', 'train_batch_size': 6, 'eval_batch_size': 6, 'test_batch_size': 4, 'wait_patience': 4}, 'hyper_param': {'num_train_epochs': 100, 'use_cmd_sim': False, 'reverse_grad_weight': 0.8, 'hidden_size': 256, 'dropout_rate': 0.1, 'diff_weight': 1, 'sim_weight': 0.5, 'recon_weight': 0.5, 'lr': 3e-05, 'grad_clip': -1.0, 'gamma': 0.5}}
2023-03-14 09:07:55,480 - pred_output_path: outputs\nmfir_MIntRec_multi-class_2023-03-14-09-07-55
2023-03-14 09:07:55,480 - model_output_path: outputs\nmfir_MIntRec_multi-class_2023-03-14-09-07-55\models
2023-03-14 09:07:55,480 - ============================== End Params ==============================
2023-03-14 09:07:55,485 - Generate Text Features Begin...
2023-03-14 09:08:13,801 - Generate Text Features Finished...
2023-03-14 09:08:13,808 - Load Video Features Begin...
2023-03-14 09:08:14,022 - Load Video Features Finished...
2023-03-14 09:08:14,398 - Load Audio Features Begin...
2023-03-14 09:08:15,102 - Load Audio Features Finished...
2023-03-14 09:08:33,944 - Multimodal intent recognition begins...
2023-03-14 09:08:33,947 - Training begins...
2023-03-14 09:09:11,402 - ***** Epoch: 1: Eval results *****
2023-03-14 09:09:11,413 -   best_eval_score = 0.3931
2023-03-14 09:09:11,413 -   eval_score = 0.3931
2023-03-14 09:09:11,413 -   train_loss = 3.0471
2023-03-14 09:09:42,270 - ***** Epoch: 2: Eval results *****
2023-03-14 09:09:42,270 -   best_eval_score = 0.6114
2023-03-14 09:09:42,270 -   eval_score = 0.6114
2023-03-14 09:09:42,270 -   train_loss = 1.7172
2023-03-14 09:10:12,962 - ***** Epoch: 3: Eval results *****
2023-03-14 09:10:12,962 -   best_eval_score = 0.6508
2023-03-14 09:10:12,963 -   eval_score = 0.6508
2023-03-14 09:10:12,963 -   train_loss = 1.1507
2023-03-14 09:10:44,068 - ***** Epoch: 4: Eval results *****
2023-03-14 09:10:44,068 -   best_eval_score = 0.6699
2023-03-14 09:10:44,068 -   eval_score = 0.6699
2023-03-14 09:10:44,068 -   train_loss = 0.89
2023-03-14 09:11:15,365 - EarlyStopping counter: 1 out of 4
2023-03-14 09:11:15,365 - ***** Epoch: 5: Eval results *****
2023-03-14 09:11:15,365 -   best_eval_score = 0.6699
2023-03-14 09:11:15,365 -   eval_score = 0.6565
2023-03-14 09:11:15,365 -   train_loss = 0.753
2023-03-14 09:11:47,052 - ***** Epoch: 6: Eval results *****
2023-03-14 09:11:47,052 -   best_eval_score = 0.6738
2023-03-14 09:11:47,053 -   eval_score = 0.6738
2023-03-14 09:11:47,053 -   train_loss = 0.6511
2023-03-14 09:12:20,944 - ***** Epoch: 7: Eval results *****
2023-03-14 09:12:20,944 -   best_eval_score = 0.6781
2023-03-14 09:12:20,944 -   eval_score = 0.6781
2023-03-14 09:12:20,944 -   train_loss = 0.6213
2023-03-14 09:12:53,612 - EarlyStopping counter: 1 out of 4
2023-03-14 09:12:53,612 - ***** Epoch: 8: Eval results *****
2023-03-14 09:12:53,612 -   best_eval_score = 0.6781
2023-03-14 09:12:53,612 -   eval_score = 0.6736
2023-03-14 09:12:53,612 -   train_loss = 0.6137
2023-03-14 09:13:26,085 - EarlyStopping counter: 2 out of 4
2023-03-14 09:13:26,085 - ***** Epoch: 9: Eval results *****
2023-03-14 09:13:26,085 -   best_eval_score = 0.6781
2023-03-14 09:13:26,085 -   eval_score = 0.6757
2023-03-14 09:13:26,085 -   train_loss = 0.6093
2023-03-14 09:13:58,586 - EarlyStopping counter: 3 out of 4
2023-03-14 09:13:58,586 - ***** Epoch: 10: Eval results *****
2023-03-14 09:13:58,586 -   best_eval_score = 0.6781
2023-03-14 09:13:58,586 -   eval_score = 0.6756
2023-03-14 09:13:58,586 -   train_loss = 0.5944
2023-03-14 09:14:31,026 - EarlyStopping counter: 4 out of 4
2023-03-14 09:14:31,026 - ***** Epoch: 11: Eval results *****
2023-03-14 09:14:31,026 -   best_eval_score = 0.6781
2023-03-14 09:14:31,026 -   eval_score = 0.6755
2023-03-14 09:14:31,026 -   train_loss = 0.5917
2023-03-14 09:14:31,026 - EarlyStopping at epoch 11
2023-03-14 09:14:31,031 - Trained models are saved in outputs\nmfir_MIntRec_multi-class_2023-03-14-09-07-55\models
2023-03-14 09:14:32,105 - Training is finished...
2023-03-14 09:14:32,105 - Testing begins...
2023-03-14 09:14:35,186 - ***** Test: Confusion Matrix *****
2023-03-14 09:14:35,190 - [[33  2  0  0  7  0  3  1  1  3  1  0  4  2  0  0  0  0  0  0]
 [ 0 39  0  1  0  0  1  0  0  0  0  0  2  0  0  0  0  0  0  0]
 [ 1  0 26  0  0  0  0  0  0  0  0  0  0  0  0  0  0  0  0  0]
 [ 0  0  1 24  0  0  0  0  0  0  0  0  0  0  0  0  0  0  0  0]
 [ 3  0  0  0 15  0  2  0  0  0  0  1  0  0  1  0  0  1  0  0]
 [ 0  0  0  0  0 12  0  0  0  0  0  0  0  0  0  0  0  0  0  0]
 [ 2  1  0  0  3  0  1  0  3  0  0  1  1  0  0  0  0  0  0  0]
 [ 3  0  0  0  0  0  0  5  1  1  0  0  0  0  0  0  0  0  0  0]
 [ 1  0  0  0  0  0  0  3  3  0  0  0  0  2  0  1  0  0  0  0]
 [ 1  0  0  0  0  0  0  0  0  3  1  0  0  0  0  3  0  2  0  0]
 [ 1  0  0  0  0  0  0  1  0  1 15  0  0  0  0  0  0  0  0  0]
 [ 0  0  0  0  0  0  0  0  0  0  0 18  0  0  0  0  0  0  0  1]
 [ 3  1  0  0  0  0  2  1  2  0  0  2 39  3  3  1  0  0  0  0]
 [ 0  0  0  0  1  0  2  1  0  0  1  1  0 18  1  0  0  0  0  0]
 [ 0  0  0  0  1  0  0  0  1  0  0  0  1  2 15  0  1  0  0  1]
 [ 0  1  0  0  0  0  0  0  1  0  0  0  5  1  0 13  0  0  0  0]
 [ 1  0  0  0  0  0  0  0  0  0  0  0  1  0  1  0 14  0  0  0]
 [ 0  0  0  0  0  0  0  0  1  1  1  0  1  0  0  0  0 11  0  0]
 [ 0  0  0  0  0  0  0  0  0  0  0  0  2  0  0  1  1  0  8  0]
 [ 0  0  0  0  0  0  0  0  0  0  0  0  1  1  1  0  0  0  0  7]]
2023-03-14 09:14:35,190 - ***** Evaluation results *****
2023-03-14 09:14:35,190 -   acc = 0.7169
2023-03-14 09:14:35,190 -   f1 = 0.6827
2023-03-14 09:14:35,190 -   prec = 0.6896
2023-03-14 09:14:35,190 -   rec = 0.6827
2023-03-14 09:14:35,195 - Testing is finished...
2023-03-14 09:14:35,195 - Multimodal intent recognition is finished...
2023-03-14 09:14:35,195 - Results are saved in results\nmfir_bert.csv
