2022-11-29 13:39:40,768 - ============================== Params ==============================
2022-11-29 13:39:40,769 - logger_name: nmfir_MIntRec_multi-class_2022-11-29-13-39-40
2022-11-29 13:39:40,769 - dataset: MIntRec
2022-11-29 13:39:40,769 - data_mode: multi-class
2022-11-29 13:39:40,769 - method: nmfir
2022-11-29 13:39:40,769 - text_backbone: bert-base-uncased
2022-11-29 13:39:40,769 - seed: 0
2022-11-29 13:39:40,769 - num_workers: 0
2022-11-29 13:39:40,769 - gpu_id: 0
2022-11-29 13:39:40,769 - data_path: MIA-datasets
2022-11-29 13:39:40,769 - train: True
2022-11-29 13:39:40,769 - tune: False
2022-11-29 13:39:40,769 - save_model: True
2022-11-29 13:39:40,769 - save_results: True
2022-11-29 13:39:40,769 - log_path: logs
2022-11-29 13:39:40,769 - cache_path: cache
2022-11-29 13:39:40,769 - video_data_path: video_data
2022-11-29 13:39:40,769 - audio_data_path: audio_data
2022-11-29 13:39:40,769 - video_feats_path: video_feats.pkl
2022-11-29 13:39:40,769 - audio_feats_path: audio_feats.pkl
2022-11-29 13:39:40,769 - results_path: results
2022-11-29 13:39:40,769 - output_path: outputs
2022-11-29 13:39:40,769 - model_path: models
2022-11-29 13:39:40,769 - config_file_name: nmfir_bert
2022-11-29 13:39:40,770 - results_file_name: nmfir_bert.csv
2022-11-29 13:39:40,770 - padding_mode: zero
2022-11-29 13:39:40,770 - padding_loc: end
2022-11-29 13:39:40,770 - need_aligned: False
2022-11-29 13:39:40,770 - eval_monitor: f1
2022-11-29 13:39:40,770 - train_batch_size: 6
2022-11-29 13:39:40,770 - eval_batch_size: 6
2022-11-29 13:39:40,770 - test_batch_size: 4
2022-11-29 13:39:40,770 - wait_patience: 4
2022-11-29 13:39:40,770 - num_train_epochs: 100
2022-11-29 13:39:40,770 - use_cmd_sim: False
2022-11-29 13:39:40,770 - reverse_grad_weight: 0.8
2022-11-29 13:39:40,770 - hidden_size: 256
2022-11-29 13:39:40,770 - dropout_rate: 0.1
2022-11-29 13:39:40,770 - diff_weight: 0.7
2022-11-29 13:39:40,770 - sim_weight: 0.7
2022-11-29 13:39:40,770 - recon_weight: 0.6
2022-11-29 13:39:40,770 - lr: 3e-05
2022-11-29 13:39:40,770 - grad_clip: -1.0
2022-11-29 13:39:40,770 - gamma: 0.5
2022-11-29 13:39:40,770 - common_hyper_param: {'common_param': {'padding_mode': 'zero', 'padding_loc': 'end', 'need_aligned': False, 'eval_monitor': 'f1', 'train_batch_size': 6, 'eval_batch_size': 6, 'test_batch_size': 4, 'wait_patience': 4}, 'hyper_param': {'num_train_epochs': 100, 'use_cmd_sim': False, 'reverse_grad_weight': 0.8, 'hidden_size': 256, 'dropout_rate': 0.1, 'diff_weight': 0.7, 'sim_weight': 0.7, 'recon_weight': 0.6, 'lr': 3e-05, 'grad_clip': -1.0, 'gamma': 0.5}}
2022-11-29 13:39:40,770 - pred_output_path: outputs\nmfir_MIntRec_multi-class_2022-11-29-13-39-40
2022-11-29 13:39:40,770 - model_output_path: outputs\nmfir_MIntRec_multi-class_2022-11-29-13-39-40\models
2022-11-29 13:39:40,770 - ============================== End Params ==============================
2022-11-29 13:39:40,774 - Generate Text Features Begin...
2022-11-29 13:39:56,990 - Generate Text Features Finished...
2022-11-29 13:39:56,990 - Load Video Features Begin...
2022-11-29 13:39:57,512 - Load Video Features Finished...
2022-11-29 13:39:57,919 - Load Audio Features Begin...
2022-11-29 13:40:00,666 - Load Audio Features Finished...
2022-11-29 13:40:19,662 - Multimodal intent recognition begins...
2022-11-29 13:40:19,664 - Training begins...
2022-11-29 13:40:56,776 - ***** Epoch: 1: Eval results *****
2022-11-29 13:40:56,784 -   best_eval_score = 0.408
2022-11-29 13:40:56,784 -   eval_score = 0.408
2022-11-29 13:40:56,784 -   train_loss = 3.2983
2022-11-29 13:41:29,228 - ***** Epoch: 2: Eval results *****
2022-11-29 13:41:29,228 -   best_eval_score = 0.608
2022-11-29 13:41:29,228 -   eval_score = 0.608
2022-11-29 13:41:29,228 -   train_loss = 1.9199
2022-11-29 13:42:01,364 - ***** Epoch: 3: Eval results *****
2022-11-29 13:42:01,365 -   best_eval_score = 0.6358
2022-11-29 13:42:01,365 -   eval_score = 0.6358
2022-11-29 13:42:01,365 -   train_loss = 1.3824
2022-11-29 13:42:32,417 - ***** Epoch: 4: Eval results *****
2022-11-29 13:42:32,417 -   best_eval_score = 0.6729
2022-11-29 13:42:32,423 -   eval_score = 0.6729
2022-11-29 13:42:32,423 -   train_loss = 1.102
2022-11-29 13:43:03,696 - EarlyStopping counter: 1 out of 4
2022-11-29 13:43:03,696 - ***** Epoch: 5: Eval results *****
2022-11-29 13:43:03,696 -   best_eval_score = 0.6729
2022-11-29 13:43:03,696 -   eval_score = 0.6483
2022-11-29 13:43:03,696 -   train_loss = 1.0155
2022-11-29 13:43:34,713 - ***** Epoch: 6: Eval results *****
2022-11-29 13:43:34,713 -   best_eval_score = 0.6798
2022-11-29 13:43:34,713 -   eval_score = 0.6798
2022-11-29 13:43:34,713 -   train_loss = 0.9063
2022-11-29 13:44:05,879 - ***** Epoch: 7: Eval results *****
2022-11-29 13:44:05,879 -   best_eval_score = 0.692
2022-11-29 13:44:05,879 -   eval_score = 0.692
2022-11-29 13:44:05,879 -   train_loss = 0.8513
2022-11-29 13:44:37,731 - EarlyStopping counter: 1 out of 4
2022-11-29 13:44:37,731 - ***** Epoch: 8: Eval results *****
2022-11-29 13:44:37,731 -   best_eval_score = 0.692
2022-11-29 13:44:37,731 -   eval_score = 0.6902
2022-11-29 13:44:37,732 -   train_loss = 0.8264
2022-11-29 13:45:09,943 - ***** Epoch: 9: Eval results *****
2022-11-29 13:45:09,944 -   best_eval_score = 0.6953
2022-11-29 13:45:09,944 -   eval_score = 0.6953
2022-11-29 13:45:09,944 -   train_loss = 0.8116
2022-11-29 13:45:41,632 - ***** Epoch: 10: Eval results *****
2022-11-29 13:45:41,632 -   best_eval_score = 0.7001
2022-11-29 13:45:41,632 -   eval_score = 0.7001
2022-11-29 13:45:41,632 -   train_loss = 0.807
2022-11-29 13:46:14,522 - EarlyStopping counter: 1 out of 4
2022-11-29 13:46:14,523 - ***** Epoch: 11: Eval results *****
2022-11-29 13:46:14,523 -   best_eval_score = 0.7001
2022-11-29 13:46:14,523 -   eval_score = 0.6986
2022-11-29 13:46:14,523 -   train_loss = 0.8105
2022-11-29 13:46:47,000 - EarlyStopping counter: 2 out of 4
2022-11-29 13:46:47,001 - ***** Epoch: 12: Eval results *****
2022-11-29 13:46:47,001 -   best_eval_score = 0.7001
2022-11-29 13:46:47,001 -   eval_score = 0.6948
2022-11-29 13:46:47,001 -   train_loss = 0.8098
2022-11-29 13:47:19,306 - EarlyStopping counter: 3 out of 4
2022-11-29 13:47:19,307 - ***** Epoch: 13: Eval results *****
2022-11-29 13:47:19,307 -   best_eval_score = 0.7001
2022-11-29 13:47:19,307 -   eval_score = 0.6878
2022-11-29 13:47:19,307 -   train_loss = 0.8107
2022-11-29 13:47:51,005 - EarlyStopping counter: 4 out of 4
2022-11-29 13:47:51,006 - ***** Epoch: 14: Eval results *****
2022-11-29 13:47:51,006 -   best_eval_score = 0.7001
2022-11-29 13:47:51,006 -   eval_score = 0.691
2022-11-29 13:47:51,006 -   train_loss = 0.8113
2022-11-29 13:47:51,006 - EarlyStopping at epoch 14
2022-11-29 13:47:51,006 - Trained models are saved in outputs\nmfir_MIntRec_multi-class_2022-11-29-13-39-40\models
2022-11-29 13:47:51,924 - Training is finished...
2022-11-29 13:47:51,924 - Testing begins...
2022-11-29 13:47:54,758 - ***** Test: Confusion Matrix *****
2022-11-29 13:47:54,762 - [[34  2  0  0  8  0  0  2  2  2  1  0  4  2  0  0  0  0  0  0]
 [ 0 39  0  1  0  0  0  0  1  0  0  0  1  1  0  0  0  0  0  0]
 [ 0  0 27  0  0  0  0  0  0  0  0  0  0  0  0  0  0  0  0  0]
 [ 0  0  0 25  0  0  0  0  0  0  0  0  0  0  0  0  0  0  0  0]
 [ 2  0  0  0 15  0  2  0  0  0  0  1  1  1  1  0  0  0  0  0]
 [ 0  0  0  0  0 12  0  0  0  0  0  0  0  0  0  0  0  0  0  0]
 [ 1  1  0  0  3  0  1  0  4  0  0  1  1  0  0  0  0  0  0  0]
 [ 4  1  0  0  0  0  0  4  1  0  0  0  0  0  0  0  0  0  0  0]
 [ 1  0  0  0  0  0  1  2  4  0  0  0  0  1  0  1  0  0  0  0]
 [ 1  1  0  0  0  0  0  0  0  3  0  0  0  0  0  3  0  2  0  0]
 [ 2  0  0  0  0  0  0  1  0  0 14  0  0  0  1  0  0  0  0  0]
 [ 0  0  0  0  0  0  1  0  0  0  0 17  0  0  0  0  0  0  0  1]
 [ 3  2  0  1  0  0  0  2  2  0  0  0 36  2  6  1  0  0  0  2]
 [ 1  0  0  0  0  0  2  1  0  0  1  1  1 17  1  0  0  0  0  0]
 [ 0  0  1  0  1  0  0  0  0  0  0  0  2  2 14  0  1  0  0  1]
 [ 0  1  0  1  0  0  0  0  2  0  0  0  2  0  0 14  0  0  0  1]
 [ 1  0  0  0  0  0  0  0  0  0  0  0  1  0  1  0 14  0  0  0]
 [ 0  0  0  0  0  0  0  0  0  1  0  0  1  0  0  0  0 13  0  0]
 [ 0  1  0  0  0  0  0  0  0  0  0  0  2  0  0  1  0  0  8  0]
 [ 0  0  0  0  0  0  0  0  0  0  0  0  1  1  1  0  1  0  0  6]]
2022-11-29 13:47:54,763 - ***** Evaluation results *****
2022-11-29 13:47:54,763 -   acc = 0.7124
2022-11-29 13:47:54,763 -   f1 = 0.6769
2022-11-29 13:47:54,763 -   prec = 0.6856
2022-11-29 13:47:54,763 -   rec = 0.6791
2022-11-29 13:47:54,766 - Testing is finished...
2022-11-29 13:47:54,767 - Multimodal intent recognition is finished...
2022-11-29 13:47:54,767 - Results are saved in results\nmfir_bert.csv
