2023-03-14 15:30:26,590 - ============================== Params ==============================
2023-03-14 15:30:26,590 - logger_name: nmfir_MIntRec_multi-class_2023-03-14-15-30-26
2023-03-14 15:30:26,590 - dataset: MIntRec
2023-03-14 15:30:26,590 - data_mode: multi-class
2023-03-14 15:30:26,590 - method: nmfir
2023-03-14 15:30:26,590 - text_backbone: bert-base-uncased
2023-03-14 15:30:26,590 - seed: 0
2023-03-14 15:30:26,590 - num_workers: 0
2023-03-14 15:30:26,590 - gpu_id: 0
2023-03-14 15:30:26,590 - data_path: MIA-datasets
2023-03-14 15:30:26,590 - train: True
2023-03-14 15:30:26,590 - tune: False
2023-03-14 15:30:26,590 - save_model: True
2023-03-14 15:30:26,590 - save_results: True
2023-03-14 15:30:26,590 - log_path: logs
2023-03-14 15:30:26,590 - cache_path: cache
2023-03-14 15:30:26,590 - video_data_path: video_data
2023-03-14 15:30:26,590 - audio_data_path: audio_data
2023-03-14 15:30:26,590 - video_feats_path: video_feats.pkl
2023-03-14 15:30:26,591 - audio_feats_path: audio_feats.pkl
2023-03-14 15:30:26,591 - results_path: results
2023-03-14 15:30:26,591 - output_path: outputs
2023-03-14 15:30:26,591 - model_path: models
2023-03-14 15:30:26,591 - config_file_name: nmfir_bert
2023-03-14 15:30:26,591 - results_file_name: nmfir_bert.csv
2023-03-14 15:30:26,591 - padding_mode: zero
2023-03-14 15:30:26,591 - padding_loc: end
2023-03-14 15:30:26,591 - need_aligned: False
2023-03-14 15:30:26,591 - eval_monitor: f1
2023-03-14 15:30:26,591 - train_batch_size: 6
2023-03-14 15:30:26,591 - eval_batch_size: 6
2023-03-14 15:30:26,591 - test_batch_size: 4
2023-03-14 15:30:26,591 - wait_patience: 4
2023-03-14 15:30:26,591 - num_train_epochs: 100
2023-03-14 15:30:26,591 - use_cmd_sim: False
2023-03-14 15:30:26,591 - reverse_grad_weight: 0.8
2023-03-14 15:30:26,591 - hidden_size: 256
2023-03-14 15:30:26,591 - dropout_rate: 0.1
2023-03-14 15:30:26,591 - diff_weight: 0.7
2023-03-14 15:30:26,591 - sim_weight: 0.7
2023-03-14 15:30:26,591 - recon_weight: 0.9
2023-03-14 15:30:26,591 - lr: 3e-05
2023-03-14 15:30:26,591 - grad_clip: -1.0
2023-03-14 15:30:26,591 - gamma: 0.5
2023-03-14 15:30:26,591 - common_hyper_param: {'common_param': {'padding_mode': 'zero', 'padding_loc': 'end', 'need_aligned': False, 'eval_monitor': 'f1', 'train_batch_size': 6, 'eval_batch_size': 6, 'test_batch_size': 4, 'wait_patience': 4}, 'hyper_param': {'num_train_epochs': 100, 'use_cmd_sim': False, 'reverse_grad_weight': 0.8, 'hidden_size': 256, 'dropout_rate': 0.1, 'diff_weight': 0.7, 'sim_weight': 0.7, 'recon_weight': 0.9, 'lr': 3e-05, 'grad_clip': -1.0, 'gamma': 0.5}}
2023-03-14 15:30:26,591 - pred_output_path: outputs\nmfir_MIntRec_multi-class_2023-03-14-15-30-26
2023-03-14 15:30:26,591 - model_output_path: outputs\nmfir_MIntRec_multi-class_2023-03-14-15-30-26\models
2023-03-14 15:30:26,591 - ============================== End Params ==============================
2023-03-14 15:30:26,595 - Generate Text Features Begin...
2023-03-14 15:30:43,780 - Generate Text Features Finished...
2023-03-14 15:30:43,780 - Load Video Features Begin...
2023-03-14 15:30:44,267 - Load Video Features Finished...
2023-03-14 15:30:44,955 - Load Audio Features Begin...
2023-03-14 15:30:46,253 - Load Audio Features Finished...
2023-03-14 15:31:09,062 - Multimodal intent recognition begins...
2023-03-14 15:31:09,072 - Training begins...
2023-03-14 15:32:00,791 - ***** Epoch: 1: Eval results *****
2023-03-14 15:32:00,801 -   best_eval_score = 0.3996
2023-03-14 15:32:00,801 -   eval_score = 0.3996
2023-03-14 15:32:00,801 -   train_loss = 3.413
2023-03-14 15:32:43,255 - ***** Epoch: 2: Eval results *****
2023-03-14 15:32:43,255 -   best_eval_score = 0.5642
2023-03-14 15:32:43,255 -   eval_score = 0.5642
2023-03-14 15:32:43,255 -   train_loss = 1.9883
2023-03-14 15:33:22,431 - ***** Epoch: 3: Eval results *****
2023-03-14 15:33:22,431 -   best_eval_score = 0.6234
2023-03-14 15:33:22,431 -   eval_score = 0.6234
2023-03-14 15:33:22,431 -   train_loss = 1.3913
2023-03-14 15:34:01,571 - ***** Epoch: 4: Eval results *****
2023-03-14 15:34:01,571 -   best_eval_score = 0.6426
2023-03-14 15:34:01,575 -   eval_score = 0.6426
2023-03-14 15:34:01,575 -   train_loss = 1.1469
2023-03-14 15:34:42,818 - ***** Epoch: 5: Eval results *****
2023-03-14 15:34:42,822 -   best_eval_score = 0.6433
2023-03-14 15:34:42,822 -   eval_score = 0.6433
2023-03-14 15:34:42,822 -   train_loss = 1.0247
2023-03-14 15:35:24,481 - ***** Epoch: 6: Eval results *****
2023-03-14 15:35:24,481 -   best_eval_score = 0.6541
2023-03-14 15:35:24,481 -   eval_score = 0.6541
2023-03-14 15:35:24,481 -   train_loss = 0.9297
2023-03-14 15:36:07,172 - ***** Epoch: 7: Eval results *****
2023-03-14 15:36:07,172 -   best_eval_score = 0.6592
2023-03-14 15:36:07,172 -   eval_score = 0.6592
2023-03-14 15:36:07,172 -   train_loss = 0.8443
2023-03-14 15:36:51,668 - ***** Epoch: 8: Eval results *****
2023-03-14 15:36:51,668 -   best_eval_score = 0.6827
2023-03-14 15:36:51,668 -   eval_score = 0.6827
2023-03-14 15:36:51,668 -   train_loss = 0.8167
2023-03-14 15:37:28,193 - EarlyStopping counter: 1 out of 4
2023-03-14 15:37:28,194 - ***** Epoch: 9: Eval results *****
2023-03-14 15:37:28,194 -   best_eval_score = 0.6827
2023-03-14 15:37:28,194 -   eval_score = 0.6818
2023-03-14 15:37:28,194 -   train_loss = 0.8187
2023-03-14 15:38:00,359 - ***** Epoch: 10: Eval results *****
2023-03-14 15:38:00,359 -   best_eval_score = 0.6969
2023-03-14 15:38:00,359 -   eval_score = 0.6969
2023-03-14 15:38:00,359 -   train_loss = 0.8071
2023-03-14 15:38:32,362 - EarlyStopping counter: 1 out of 4
2023-03-14 15:38:32,362 - ***** Epoch: 11: Eval results *****
2023-03-14 15:38:32,362 -   best_eval_score = 0.6969
2023-03-14 15:38:32,362 -   eval_score = 0.6687
2023-03-14 15:38:32,362 -   train_loss = 0.8034
2023-03-14 15:39:05,106 - EarlyStopping counter: 2 out of 4
2023-03-14 15:39:05,106 - ***** Epoch: 12: Eval results *****
2023-03-14 15:39:05,106 -   best_eval_score = 0.6969
2023-03-14 15:39:05,107 -   eval_score = 0.6614
2023-03-14 15:39:05,107 -   train_loss = 0.7961
2023-03-14 15:39:42,077 - EarlyStopping counter: 3 out of 4
2023-03-14 15:39:42,077 - ***** Epoch: 13: Eval results *****
2023-03-14 15:39:42,077 -   best_eval_score = 0.6969
2023-03-14 15:39:42,077 -   eval_score = 0.6639
2023-03-14 15:39:42,077 -   train_loss = 0.7973
2023-03-14 15:40:21,911 - EarlyStopping counter: 4 out of 4
2023-03-14 15:40:21,911 - ***** Epoch: 14: Eval results *****
2023-03-14 15:40:21,911 -   best_eval_score = 0.6969
2023-03-14 15:40:21,911 -   eval_score = 0.6658
2023-03-14 15:40:21,912 -   train_loss = 0.7979
2023-03-14 15:40:21,918 - EarlyStopping at epoch 14
2023-03-14 15:40:21,919 - Trained models are saved in outputs\nmfir_MIntRec_multi-class_2023-03-14-15-30-26\models
2023-03-14 15:40:23,036 - Training is finished...
2023-03-14 15:40:23,036 - Testing begins...
2023-03-14 15:40:26,225 - ***** Test: Confusion Matrix *****
2023-03-14 15:40:26,231 - [[32  3  0  0 11  0  1  0  1  4  0  0  3  2  0  0  0  0  0  0]
 [ 0 39  0  0  0  0  1  0  0  0  0  0  2  1  0  0  0  0  0  0]
 [ 1  0 26  0  0  0  0  0  0  0  0  0  0  0  0  0  0  0  0  0]
 [ 0  0  0 25  0  0  0  0  0  0  0  0  0  0  0  0  0  0  0  0]
 [ 6  0  0  0 11  0  2  0  0  0  0  1  1  0  1  0  0  1  0  0]
 [ 0  0  0  0  0 12  0  0  0  0  0  0  0  0  0  0  0  0  0  0]
 [ 1  1  0  0  2  0  2  0  4  0  0  1  1  0  0  0  0  0  0  0]
 [ 7  0  0  0  0  0  0  2  1  0  0  0  0  0  0  0  0  0  0  0]
 [ 1  0  0  0  0  0  2  2  4  0  0  0  0  0  0  1  0  0  0  0]
 [ 1  0  0  0  0  0  0  1  0  3  0  0  0  0  0  3  0  2  0  0]
 [ 3  0  0  0  0  0  2  0  0  0 13  0  0  0  0  0  0  0  0  0]
 [ 0  0  0  0  0  0  1  0  0  0  0 17  0  0  0  0  0  0  0  1]
 [ 4  1  0  1  0  0  1  0  0  1  0  0 39  4  3  1  0  1  0  1]
 [ 1  0  0  0  1  0  2  0  0  0  2  1  0 17  1  0  0  0  0  0]
 [ 0  0  0  0  1  0  0  0  0  0  0  0  1  3 15  0  1  0  0  1]
 [ 0  1  0  0  0  0  0  0  0  0  0  0  4  0  1 14  0  0  0  1]
 [ 0  0  0  0  0  0  0  0  0  0  0  0  4  0  2  0 10  0  0  1]
 [ 0  0  0  0  0  0  0  0  0  1  1  0  1  0  0  0  0 12  0  0]
 [ 0  0  0  0  0  0  0  0  0  0  0  0  2  0  0  1  0  0  9  0]
 [ 0  0  0  0  0  0  0  0  0  0  0  0  0  1  1  0  0  0  0  8]]
2023-03-14 15:40:26,231 - ***** Evaluation results *****
2023-03-14 15:40:26,231 -   acc = 0.6966
2023-03-14 15:40:26,231 -   f1 = 0.6664
2023-03-14 15:40:26,231 -   prec = 0.6815
2023-03-14 15:40:26,232 -   rec = 0.6622
2023-03-14 15:40:26,237 - Testing is finished...
2023-03-14 15:40:26,237 - Multimodal intent recognition is finished...
2023-03-14 15:40:26,237 - Results are saved in results\nmfir_bert.csv
