2022-11-10 09:44:59,631 - ============================== Params ==============================
2022-11-10 09:44:59,631 - logger_name: nmfir_MIntRec_multi-class_2022-11-10-09-44-59
2022-11-10 09:44:59,631 - dataset: MIntRec
2022-11-10 09:44:59,631 - data_mode: multi-class
2022-11-10 09:44:59,631 - method: nmfir
2022-11-10 09:44:59,631 - text_backbone: bert-base-uncased
2022-11-10 09:44:59,631 - seed: 0
2022-11-10 09:44:59,631 - num_workers: 0
2022-11-10 09:44:59,631 - gpu_id: 0
2022-11-10 09:44:59,631 - data_path: MIA-datasets
2022-11-10 09:44:59,631 - train: True
2022-11-10 09:44:59,631 - tune: False
2022-11-10 09:44:59,631 - save_model: True
2022-11-10 09:44:59,631 - save_results: True
2022-11-10 09:44:59,631 - log_path: logs
2022-11-10 09:44:59,631 - cache_path: cache
2022-11-10 09:44:59,631 - video_data_path: video_data
2022-11-10 09:44:59,631 - audio_data_path: audio_data
2022-11-10 09:44:59,631 - video_feats_path: video_feats.pkl
2022-11-10 09:44:59,631 - audio_feats_path: audio_feats.pkl
2022-11-10 09:44:59,632 - results_path: results
2022-11-10 09:44:59,632 - output_path: outputs
2022-11-10 09:44:59,632 - model_path: models
2022-11-10 09:44:59,632 - config_file_name: nmfir_bert
2022-11-10 09:44:59,632 - results_file_name: nmfir_bert.csv
2022-11-10 09:44:59,632 - padding_mode: zero
2022-11-10 09:44:59,632 - padding_loc: end
2022-11-10 09:44:59,632 - need_aligned: False
2022-11-10 09:44:59,632 - eval_monitor: f1
2022-11-10 09:44:59,632 - train_batch_size: 6
2022-11-10 09:44:59,632 - eval_batch_size: 6
2022-11-10 09:44:59,632 - test_batch_size: 4
2022-11-10 09:44:59,632 - wait_patience: 4
2022-11-10 09:44:59,632 - num_train_epochs: 100
2022-11-10 09:44:59,632 - use_cmd_sim: False
2022-11-10 09:44:59,632 - reverse_grad_weight: 0.8
2022-11-10 09:44:59,632 - hidden_size: 256
2022-11-10 09:44:59,632 - dropout_rate: 0.1
2022-11-10 09:44:59,632 - diff_weight: 0.7
2022-11-10 09:44:59,632 - sim_weight: 0.7
2022-11-10 09:44:59,632 - recon_weight: 0.6
2022-11-10 09:44:59,632 - lr: 3e-05
2022-11-10 09:44:59,632 - grad_clip: -1.0
2022-11-10 09:44:59,632 - gamma: 0.5
2022-11-10 09:44:59,632 - common_hyper_param: {'common_param': {'padding_mode': 'zero', 'padding_loc': 'end', 'need_aligned': False, 'eval_monitor': 'f1', 'train_batch_size': 6, 'eval_batch_size': 6, 'test_batch_size': 4, 'wait_patience': 4}, 'hyper_param': {'num_train_epochs': 100, 'use_cmd_sim': False, 'reverse_grad_weight': 0.8, 'hidden_size': 256, 'dropout_rate': 0.1, 'diff_weight': 0.7, 'sim_weight': 0.7, 'recon_weight': 0.6, 'lr': 3e-05, 'grad_clip': -1.0, 'gamma': 0.5}}
2022-11-10 09:44:59,632 - pred_output_path: outputs\nmfir_MIntRec_multi-class_2022-11-10-09-44-59
2022-11-10 09:44:59,632 - model_output_path: outputs\nmfir_MIntRec_multi-class_2022-11-10-09-44-59\models
2022-11-10 09:44:59,632 - ============================== End Params ==============================
2022-11-10 09:44:59,636 - Generate Text Features Begin...
2022-11-10 09:45:16,387 - Generate Text Features Finished...
2022-11-10 09:45:16,387 - Load Video Features Begin...
2022-11-10 09:45:16,796 - Load Video Features Finished...
2022-11-10 09:45:17,184 - Load Audio Features Begin...
2022-11-10 09:45:17,896 - Load Audio Features Finished...
2022-11-10 09:45:34,994 - Multimodal intent recognition begins...
2022-11-10 09:45:35,000 - Training begins...
2022-11-10 09:46:10,995 - ***** Epoch: 1: Eval results *****
2022-11-10 09:46:11,007 -   best_eval_score = 0.4166
2022-11-10 09:46:11,007 -   eval_score = 0.4166
2022-11-10 09:46:11,007 -   train_loss = 3.2704
2022-11-10 09:46:42,860 - ***** Epoch: 2: Eval results *****
2022-11-10 09:46:42,860 -   best_eval_score = 0.5611
2022-11-10 09:46:42,860 -   eval_score = 0.5611
2022-11-10 09:46:42,860 -   train_loss = 1.9475
2022-11-10 09:47:16,487 - ***** Epoch: 3: Eval results *****
2022-11-10 09:47:16,487 -   best_eval_score = 0.6378
2022-11-10 09:47:16,487 -   eval_score = 0.6378
2022-11-10 09:47:16,487 -   train_loss = 1.416
2022-11-10 09:47:51,894 - ***** Epoch: 4: Eval results *****
2022-11-10 09:47:51,894 -   best_eval_score = 0.6913
2022-11-10 09:47:51,894 -   eval_score = 0.6913
2022-11-10 09:47:51,894 -   train_loss = 1.1304
2022-11-10 09:48:25,528 - EarlyStopping counter: 1 out of 4
2022-11-10 09:48:25,528 - ***** Epoch: 5: Eval results *****
2022-11-10 09:48:25,528 -   best_eval_score = 0.6913
2022-11-10 09:48:25,528 -   eval_score = 0.6622
2022-11-10 09:48:25,528 -   train_loss = 0.9631
2022-11-10 09:48:57,400 - EarlyStopping counter: 2 out of 4
2022-11-10 09:48:57,402 - ***** Epoch: 6: Eval results *****
2022-11-10 09:48:57,402 -   best_eval_score = 0.6913
2022-11-10 09:48:57,402 -   eval_score = 0.6777
2022-11-10 09:48:57,402 -   train_loss = 0.8775
2022-11-10 09:49:31,603 - EarlyStopping counter: 3 out of 4
2022-11-10 09:49:31,603 - ***** Epoch: 7: Eval results *****
2022-11-10 09:49:31,604 -   best_eval_score = 0.6913
2022-11-10 09:49:31,604 -   eval_score = 0.6706
2022-11-10 09:49:31,604 -   train_loss = 0.8558
2022-11-10 09:50:05,212 - EarlyStopping counter: 4 out of 4
2022-11-10 09:50:05,212 - ***** Epoch: 8: Eval results *****
2022-11-10 09:50:05,212 -   best_eval_score = 0.6913
2022-11-10 09:50:05,212 -   eval_score = 0.6708
2022-11-10 09:50:05,212 -   train_loss = 0.8456
2022-11-10 09:50:05,219 - EarlyStopping at epoch 8
2022-11-10 09:50:05,219 - Trained models are saved in outputs\nmfir_MIntRec_multi-class_2022-11-10-09-44-59\models
2022-11-10 09:50:06,077 - Training is finished...
2022-11-10 09:50:06,078 - Testing begins...
2022-11-10 09:50:08,862 - ***** Test: Confusion Matrix *****
2022-11-10 09:50:08,865 - [[29  2  0  0 13  0  0  1  0  4  0  0  6  2  0  0  0  0  0  0]
 [ 0 38  0  1  0  0  1  0  1  0  0  0  2  0  0  0  0  0  0  0]
 [ 0  0 27  0  0  0  0  0  0  0  0  0  0  0  0  0  0  0  0  0]
 [ 0  0  0 25  0  0  0  0  0  0  0  0  0  0  0  0  0  0  0  0]
 [ 0  0  0  0 19  0  1  0  1  0  0  1  0  1  0  0  0  0  0  0]
 [ 0  0  0  0  0 12  0  0  0  0  0  0  0  0  0  0  0  0  0  0]
 [ 1  0  0  0  6  0  0  0  3  0  0  0  1  0  0  0  0  0  0  1]
 [ 3  0  0  0  0  0  0  4  1  2  0  0  0  0  0  0  0  0  0  0]
 [ 1  0  0  0  1  0  1  2  3  0  0  0  0  1  0  1  0  0  0  0]
 [ 0  0  0  0  0  0  0  1  0  5  0  0  0  0  0  2  0  2  0  0]
 [ 1  0  0  0  0  0  1  1  0  2 13  0  0  0  0  0  0  0  0  0]
 [ 0  0  0  0  1  0  2  0  0  0  0 16  0  0  0  0  0  0  0  0]
 [ 3  1  0  1  2  0  0  1  0  0  0  1 42  2  1  1  1  0  0  1]
 [ 0  0  0  0  1  0  1  0  0  0  1  1  0 18  1  0  0  0  0  2]
 [ 0  0  0  0  1  0  0  0  0  0  0  0  0  1 14  0  1  1  0  4]
 [ 0  0  0  1  1  0  0  1  0  0  0  0  5  0  1 11  0  0  0  1]
 [ 0  0  0  0  0  0  0  0  0  0  0  0  2  0  1  0 14  0  0  0]
 [ 0  0  0  0  0  0  0  0  0  1  0  0  1  0  0  0  0 13  0  0]
 [ 0  1  0  0  0  0  0  0  0  0  0  0  2  0  0  1  0  0  8  0]
 [ 0  0  0  0  0  0  0  0  0  0  0  0  0  0  1  0  1  0  1  7]]
2022-11-10 09:50:08,865 - ***** Evaluation results *****
2022-11-10 09:50:08,865 -   acc = 0.7146
2022-11-10 09:50:08,865 -   f1 = 0.6723
2022-11-10 09:50:08,866 -   prec = 0.6802
2022-11-10 09:50:08,866 -   rec = 0.6828
2022-11-10 09:50:08,869 - Testing is finished...
2022-11-10 09:50:08,869 - Multimodal intent recognition is finished...
2022-11-10 09:50:08,869 - Results are saved in results\nmfir_bert.csv
