2022-11-29 13:01:21,461 - ============================== Params ==============================
2022-11-29 13:01:21,461 - logger_name: nmfir_MIntRec_multi-class_2022-11-29-13-01-21
2022-11-29 13:01:21,461 - dataset: MIntRec
2022-11-29 13:01:21,461 - data_mode: multi-class
2022-11-29 13:01:21,461 - method: nmfir
2022-11-29 13:01:21,461 - text_backbone: bert-base-uncased
2022-11-29 13:01:21,461 - seed: 0
2022-11-29 13:01:21,461 - num_workers: 0
2022-11-29 13:01:21,461 - gpu_id: 0
2022-11-29 13:01:21,461 - data_path: MIA-datasets
2022-11-29 13:01:21,461 - train: True
2022-11-29 13:01:21,461 - tune: False
2022-11-29 13:01:21,462 - save_model: True
2022-11-29 13:01:21,462 - save_results: True
2022-11-29 13:01:21,462 - log_path: logs
2022-11-29 13:01:21,462 - cache_path: cache
2022-11-29 13:01:21,462 - video_data_path: video_data
2022-11-29 13:01:21,462 - audio_data_path: audio_data
2022-11-29 13:01:21,462 - video_feats_path: video_feats.pkl
2022-11-29 13:01:21,462 - audio_feats_path: audio_feats.pkl
2022-11-29 13:01:21,462 - results_path: results
2022-11-29 13:01:21,462 - output_path: outputs
2022-11-29 13:01:21,462 - model_path: models
2022-11-29 13:01:21,462 - config_file_name: nmfir_bert
2022-11-29 13:01:21,462 - results_file_name: nmfir_bert.csv
2022-11-29 13:01:21,462 - padding_mode: zero
2022-11-29 13:01:21,462 - padding_loc: end
2022-11-29 13:01:21,462 - need_aligned: False
2022-11-29 13:01:21,462 - eval_monitor: f1
2022-11-29 13:01:21,462 - train_batch_size: 6
2022-11-29 13:01:21,462 - eval_batch_size: 6
2022-11-29 13:01:21,462 - test_batch_size: 4
2022-11-29 13:01:21,462 - wait_patience: 4
2022-11-29 13:01:21,462 - num_train_epochs: 100
2022-11-29 13:01:21,462 - use_cmd_sim: False
2022-11-29 13:01:21,462 - reverse_grad_weight: 0.8
2022-11-29 13:01:21,462 - hidden_size: 256
2022-11-29 13:01:21,462 - dropout_rate: 0.1
2022-11-29 13:01:21,462 - diff_weight: 0.7
2022-11-29 13:01:21,462 - sim_weight: 0.7
2022-11-29 13:01:21,462 - recon_weight: 0.6
2022-11-29 13:01:21,462 - lr: 3e-05
2022-11-29 13:01:21,462 - grad_clip: -1.0
2022-11-29 13:01:21,462 - gamma: 0.5
2022-11-29 13:01:21,462 - common_hyper_param: {'common_param': {'padding_mode': 'zero', 'padding_loc': 'end', 'need_aligned': False, 'eval_monitor': 'f1', 'train_batch_size': 6, 'eval_batch_size': 6, 'test_batch_size': 4, 'wait_patience': 4}, 'hyper_param': {'num_train_epochs': 100, 'use_cmd_sim': False, 'reverse_grad_weight': 0.8, 'hidden_size': 256, 'dropout_rate': 0.1, 'diff_weight': 0.7, 'sim_weight': 0.7, 'recon_weight': 0.6, 'lr': 3e-05, 'grad_clip': -1.0, 'gamma': 0.5}}
2022-11-29 13:01:21,462 - pred_output_path: outputs\nmfir_MIntRec_multi-class_2022-11-29-13-01-21
2022-11-29 13:01:21,462 - model_output_path: outputs\nmfir_MIntRec_multi-class_2022-11-29-13-01-21\models
2022-11-29 13:01:21,463 - ============================== End Params ==============================
2022-11-29 13:01:21,465 - Generate Text Features Begin...
2022-11-29 13:01:37,417 - Generate Text Features Finished...
2022-11-29 13:01:37,417 - Load Video Features Begin...
2022-11-29 13:01:38,023 - Load Video Features Finished...
2022-11-29 13:01:38,474 - Load Audio Features Begin...
2022-11-29 13:01:41,555 - Load Audio Features Finished...
2022-11-29 13:02:01,462 - Multimodal intent recognition begins...
2022-11-29 13:02:01,463 - Training begins...
2022-11-29 13:02:38,988 - ***** Epoch: 1: Eval results *****
2022-11-29 13:02:38,996 -   best_eval_score = 0.4117
2022-11-29 13:02:38,996 -   eval_score = 0.4117
2022-11-29 13:02:38,996 -   train_loss = 3.2983
2022-11-29 13:03:10,828 - ***** Epoch: 2: Eval results *****
2022-11-29 13:03:10,828 -   best_eval_score = 0.6092
2022-11-29 13:03:10,828 -   eval_score = 0.6092
2022-11-29 13:03:10,828 -   train_loss = 1.9254
2022-11-29 13:03:42,021 - ***** Epoch: 3: Eval results *****
2022-11-29 13:03:42,021 -   best_eval_score = 0.6378
2022-11-29 13:03:42,021 -   eval_score = 0.6378
2022-11-29 13:03:42,021 -   train_loss = 1.3721
2022-11-29 13:04:13,400 - ***** Epoch: 4: Eval results *****
2022-11-29 13:04:13,400 -   best_eval_score = 0.6481
2022-11-29 13:04:13,402 -   eval_score = 0.6481
2022-11-29 13:04:13,402 -   train_loss = 1.1259
2022-11-29 13:04:45,209 - EarlyStopping counter: 1 out of 4
2022-11-29 13:04:45,209 - ***** Epoch: 5: Eval results *****
2022-11-29 13:04:45,209 -   best_eval_score = 0.6481
2022-11-29 13:04:45,209 -   eval_score = 0.6416
2022-11-29 13:04:45,209 -   train_loss = 1.0176
2022-11-29 13:05:17,455 - ***** Epoch: 6: Eval results *****
2022-11-29 13:05:17,455 -   best_eval_score = 0.6667
2022-11-29 13:05:17,455 -   eval_score = 0.6667
2022-11-29 13:05:17,455 -   train_loss = 0.9262
2022-11-29 13:05:49,891 - EarlyStopping counter: 1 out of 4
2022-11-29 13:05:49,891 - ***** Epoch: 7: Eval results *****
2022-11-29 13:05:49,891 -   best_eval_score = 0.6667
2022-11-29 13:05:49,891 -   eval_score = 0.6603
2022-11-29 13:05:49,891 -   train_loss = 0.8607
2022-11-29 13:06:26,155 - EarlyStopping counter: 2 out of 4
2022-11-29 13:06:26,155 - ***** Epoch: 8: Eval results *****
2022-11-29 13:06:26,155 -   best_eval_score = 0.6667
2022-11-29 13:06:26,155 -   eval_score = 0.6665
2022-11-29 13:06:26,155 -   train_loss = 0.8373
2022-11-29 13:07:02,276 - EarlyStopping counter: 3 out of 4
2022-11-29 13:07:02,276 - ***** Epoch: 9: Eval results *****
2022-11-29 13:07:02,277 -   best_eval_score = 0.6667
2022-11-29 13:07:02,277 -   eval_score = 0.6594
2022-11-29 13:07:02,277 -   train_loss = 0.8329
2022-11-29 13:07:36,459 - EarlyStopping counter: 4 out of 4
2022-11-29 13:07:36,459 - ***** Epoch: 10: Eval results *****
2022-11-29 13:07:36,459 -   best_eval_score = 0.6667
2022-11-29 13:07:36,459 -   eval_score = 0.6594
2022-11-29 13:07:36,459 -   train_loss = 0.8297
2022-11-29 13:07:36,459 - EarlyStopping at epoch 10
2022-11-29 13:07:36,459 - Trained models are saved in outputs\nmfir_MIntRec_multi-class_2022-11-29-13-01-21\models
2022-11-29 13:07:37,414 - Training is finished...
2022-11-29 13:07:37,414 - Testing begins...
2022-11-29 13:07:40,503 - ***** Test: Confusion Matrix *****
2022-11-29 13:07:40,503 - [[36  1  0  0  4  0  1  1  2  3  0  0  7  2  0  0  0  0  0  0]
 [ 1 36  0  0  0  2  3  0  0  0  0  0  1  0  0  0  0  0  0  0]
 [ 1  0 26  0  0  0  0  0  0  0  0  0  0  0  0  0  0  0  0  0]
 [ 0  0  0 25  0  0  0  0  0  0  0  0  0  0  0  0  0  0  0  0]
 [ 5  0  0  0 10  0  3  0  1  0  0  1  2  1  0  0  0  0  0  0]
 [ 0  0  0  0  0 12  0  0  0  0  0  0  0  0  0  0  0  0  0  0]
 [ 2  1  0  0  1  0  2  0  3  1  0  0  2  0  0  0  0  0  0  0]
 [ 4  0  0  0  0  0  1  4  1  0  0  0  0  0  0  0  0  0  0  0]
 [ 2  0  0  0  0  0  0  1  5  0  0  0  1  0  0  1  0  0  0  0]
 [ 1  0  0  0  0  0  1  0  0  3  0  0  0  0  0  3  1  1  0  0]
 [ 1  0  0  0  0  0  0  0  0  2 14  0  0  0  0  0  0  1  0  0]
 [ 0  0  0  0  0  0  1  0  0  0  0 17  0  0  0  0  0  0  1  0]
 [ 5  1  0  0  1  0  0  0  0  0  0  2 42  2  1  2  1  0  0  0]
 [ 1  0  0  0  0  0  1  0  0  0  1  1  3 17  1  0  0  0  0  0]
 [ 0  0  0  0  1  0  0  0  0  0  0  0  1  4 13  0  1  0  0  2]
 [ 0  0  0  0  0  0  0  1  1  0  0  0  3  1  0 15  0  0  0  0]
 [ 0  0  0  0  0  0  0  0  0  0  0  0  6  0  0  0 11  0  0  0]
 [ 0  0  0  0  0  0  0  0  0  1  0  0  1  1  0  0  0 12  0  0]
 [ 0  0  0  0  0  0  0  0  0  0  0  0  1  0  0  2  0  0  9  0]
 [ 0  0  0  0  0  0  0  0  0  0  0  0  0  1  1  0  0  0  0  8]]
2022-11-29 13:07:40,503 - ***** Evaluation results *****
2022-11-29 13:07:40,503 -   acc = 0.7124
2022-11-29 13:07:40,503 -   f1 = 0.689
2022-11-29 13:07:40,503 -   prec = 0.7063
2022-11-29 13:07:40,503 -   rec = 0.6812
2022-11-29 13:07:40,503 - Testing is finished...
2022-11-29 13:07:40,503 - Multimodal intent recognition is finished...
2022-11-29 13:07:40,503 - Results are saved in results\nmfir_bert.csv
