2023-03-14 09:54:45,386 - ============================== Params ==============================
2023-03-14 09:54:45,386 - logger_name: nmfir_MIntRec_multi-class_2023-03-14-09-54-45
2023-03-14 09:54:45,386 - dataset: MIntRec
2023-03-14 09:54:45,386 - data_mode: multi-class
2023-03-14 09:54:45,386 - method: nmfir
2023-03-14 09:54:45,386 - text_backbone: bert-base-uncased
2023-03-14 09:54:45,386 - seed: 0
2023-03-14 09:54:45,386 - num_workers: 0
2023-03-14 09:54:45,386 - gpu_id: 0
2023-03-14 09:54:45,386 - data_path: MIA-datasets
2023-03-14 09:54:45,386 - train: True
2023-03-14 09:54:45,386 - tune: False
2023-03-14 09:54:45,386 - save_model: True
2023-03-14 09:54:45,386 - save_results: True
2023-03-14 09:54:45,386 - log_path: logs
2023-03-14 09:54:45,387 - cache_path: cache
2023-03-14 09:54:45,387 - video_data_path: video_data
2023-03-14 09:54:45,387 - audio_data_path: audio_data
2023-03-14 09:54:45,387 - video_feats_path: video_feats.pkl
2023-03-14 09:54:45,387 - audio_feats_path: audio_feats.pkl
2023-03-14 09:54:45,387 - results_path: results
2023-03-14 09:54:45,387 - output_path: outputs
2023-03-14 09:54:45,387 - model_path: models
2023-03-14 09:54:45,387 - config_file_name: nmfir_bert
2023-03-14 09:54:45,387 - results_file_name: nmfir_bert.csv
2023-03-14 09:54:45,387 - padding_mode: zero
2023-03-14 09:54:45,387 - padding_loc: end
2023-03-14 09:54:45,387 - need_aligned: False
2023-03-14 09:54:45,387 - eval_monitor: f1
2023-03-14 09:54:45,387 - train_batch_size: 6
2023-03-14 09:54:45,387 - eval_batch_size: 6
2023-03-14 09:54:45,387 - test_batch_size: 4
2023-03-14 09:54:45,387 - wait_patience: 4
2023-03-14 09:54:45,387 - num_train_epochs: 100
2023-03-14 09:54:45,387 - use_cmd_sim: False
2023-03-14 09:54:45,387 - reverse_grad_weight: 0.8
2023-03-14 09:54:45,387 - hidden_size: 256
2023-03-14 09:54:45,387 - dropout_rate: 0.1
2023-03-14 09:54:45,387 - diff_weight: 0.7
2023-03-14 09:54:45,387 - sim_weight: 0.3
2023-03-14 09:54:45,387 - recon_weight: 0.5
2023-03-14 09:54:45,387 - lr: 3e-05
2023-03-14 09:54:45,387 - grad_clip: -1.0
2023-03-14 09:54:45,387 - gamma: 0.5
2023-03-14 09:54:45,387 - common_hyper_param: {'common_param': {'padding_mode': 'zero', 'padding_loc': 'end', 'need_aligned': False, 'eval_monitor': 'f1', 'train_batch_size': 6, 'eval_batch_size': 6, 'test_batch_size': 4, 'wait_patience': 4}, 'hyper_param': {'num_train_epochs': 100, 'use_cmd_sim': False, 'reverse_grad_weight': 0.8, 'hidden_size': 256, 'dropout_rate': 0.1, 'diff_weight': 0.7, 'sim_weight': 0.3, 'recon_weight': 0.5, 'lr': 3e-05, 'grad_clip': -1.0, 'gamma': 0.5}}
2023-03-14 09:54:45,387 - pred_output_path: outputs\nmfir_MIntRec_multi-class_2023-03-14-09-54-45
2023-03-14 09:54:45,387 - model_output_path: outputs\nmfir_MIntRec_multi-class_2023-03-14-09-54-45\models
2023-03-14 09:54:45,387 - ============================== End Params ==============================
2023-03-14 09:54:45,392 - Generate Text Features Begin...
2023-03-14 09:55:03,370 - Generate Text Features Finished...
2023-03-14 09:55:03,371 - Load Video Features Begin...
2023-03-14 09:55:03,800 - Load Video Features Finished...
2023-03-14 09:55:04,202 - Load Audio Features Begin...
2023-03-14 09:55:04,961 - Load Audio Features Finished...
2023-03-14 09:55:25,982 - Multimodal intent recognition begins...
2023-03-14 09:55:25,988 - Training begins...
2023-03-14 09:56:11,347 - ***** Epoch: 1: Eval results *****
2023-03-14 09:56:11,357 -   best_eval_score = 0.4088
2023-03-14 09:56:11,357 -   eval_score = 0.4088
2023-03-14 09:56:11,357 -   train_loss = 2.8072
2023-03-14 09:56:48,787 - ***** Epoch: 2: Eval results *****
2023-03-14 09:56:48,787 -   best_eval_score = 0.6108
2023-03-14 09:56:48,787 -   eval_score = 0.6108
2023-03-14 09:56:48,787 -   train_loss = 1.4866
2023-03-14 09:57:25,177 - ***** Epoch: 3: Eval results *****
2023-03-14 09:57:25,177 -   best_eval_score = 0.672
2023-03-14 09:57:25,177 -   eval_score = 0.672
2023-03-14 09:57:25,177 -   train_loss = 0.9062
2023-03-14 09:58:01,188 - EarlyStopping counter: 1 out of 4
2023-03-14 09:58:01,188 - ***** Epoch: 4: Eval results *****
2023-03-14 09:58:01,192 -   best_eval_score = 0.672
2023-03-14 09:58:01,192 -   eval_score = 0.6583
2023-03-14 09:58:01,192 -   train_loss = 0.6876
2023-03-14 09:58:37,909 - ***** Epoch: 5: Eval results *****
2023-03-14 09:58:37,909 -   best_eval_score = 0.6995
2023-03-14 09:58:37,909 -   eval_score = 0.6995
2023-03-14 09:58:37,909 -   train_loss = 0.537
2023-03-14 09:59:14,427 - EarlyStopping counter: 1 out of 4
2023-03-14 09:59:14,427 - ***** Epoch: 6: Eval results *****
2023-03-14 09:59:14,427 -   best_eval_score = 0.6995
2023-03-14 09:59:14,427 -   eval_score = 0.6852
2023-03-14 09:59:14,427 -   train_loss = 0.4593
2023-03-14 09:59:50,747 - EarlyStopping counter: 2 out of 4
2023-03-14 09:59:50,747 - ***** Epoch: 7: Eval results *****
2023-03-14 09:59:50,747 -   best_eval_score = 0.6995
2023-03-14 09:59:50,747 -   eval_score = 0.6879
2023-03-14 09:59:50,747 -   train_loss = 0.4251
2023-03-14 10:00:26,677 - EarlyStopping counter: 3 out of 4
2023-03-14 10:00:26,677 - ***** Epoch: 8: Eval results *****
2023-03-14 10:00:26,677 -   best_eval_score = 0.6995
2023-03-14 10:00:26,677 -   eval_score = 0.6908
2023-03-14 10:00:26,677 -   train_loss = 0.4103
2023-03-14 10:01:02,699 - EarlyStopping counter: 4 out of 4
2023-03-14 10:01:02,699 - ***** Epoch: 9: Eval results *****
2023-03-14 10:01:02,699 -   best_eval_score = 0.6995
2023-03-14 10:01:02,699 -   eval_score = 0.6887
2023-03-14 10:01:02,699 -   train_loss = 0.406
2023-03-14 10:01:02,699 - EarlyStopping at epoch 9
2023-03-14 10:01:02,699 - Trained models are saved in outputs\nmfir_MIntRec_multi-class_2023-03-14-09-54-45\models
2023-03-14 10:01:03,622 - Training is finished...
2023-03-14 10:01:03,622 - Testing begins...
2023-03-14 10:01:06,897 - ***** Test: Confusion Matrix *****
2023-03-14 10:01:06,902 - [[32  1  0  0  7  0  4  1  2  3  1  0  4  2  0  0  0  0  0  0]
 [ 0 34  0  1  0  2  3  0  0  0  0  0  2  1  0  0  0  0  0  0]
 [ 1  0 26  0  0  0  0  0  0  0  0  0  0  0  0  0  0  0  0  0]
 [ 0  0  0 25  0  0  0  0  0  0  0  0  0  0  0  0  0  0  0  0]
 [ 1  0  0  0 15  0  4  0  0  1  0  1  0  0  1  0  0  0  0  0]
 [ 0  0  0  0  0 12  0  0  0  0  0  0  0  0  0  0  0  0  0  0]
 [ 2  0  0  0  1  0  2  1  4  0  0  0  1  0  1  0  0  0  0  0]
 [ 3  0  0  0  0  0  0  5  1  1  0  0  0  0  0  0  0  0  0  0]
 [ 0  0  0  0  0  0  1  5  2  0  0  0  0  1  0  1  0  0  0  0]
 [ 1  0  0  0  0  0  0  0  0  4  1  0  0  0  0  2  0  2  0  0]
 [ 1  0  0  0  0  0  1  1  0  2 12  0  0  0  0  0  0  1  0  0]
 [ 0  0  0  0  0  0  3  0  0  0  0 16  0  0  0  0  0  0  0  0]
 [ 3  2  0  1  1  0  0  1  0  0  2  0 32  5  6  1  1  0  0  2]
 [ 0  1  0  0  0  0  2  0  0  0  1  1  0 19  1  0  0  0  0  0]
 [ 0  0  0  0  1  0  0  0  0  0  0  0  0  2 17  0  1  0  0  1]
 [ 0  0  0  0  0  0  0  1  2  0  0  0  3  0  1 13  0  0  0  1]
 [ 1  0  0  0  0  0  0  0  0  0  0  0  1  0  1  0 14  0  0  0]
 [ 0  0  0  0  0  0  0  0  0  1  0  0  1  0  0  0  0 13  0  0]
 [ 0  0  0  0  0  0  0  0  0  0  0  0  1  0  0  1  0  0 10  0]
 [ 0  0  0  0  0  0  0  0  0  0  0  0  0  1  1  0  0  0  0  8]]
2023-03-14 10:01:06,902 - ***** Evaluation results *****
2023-03-14 10:01:06,902 -   acc = 0.6989
2023-03-14 10:01:06,902 -   f1 = 0.6775
2023-03-14 10:01:06,902 -   prec = 0.6759
2023-03-14 10:01:06,902 -   rec = 0.689
2023-03-14 10:01:06,907 - Testing is finished...
2023-03-14 10:01:06,907 - Multimodal intent recognition is finished...
2023-03-14 10:01:06,907 - Results are saved in results\nmfir_bert.csv
