2022-11-29 11:31:17,363 - ============================== Params ==============================
2022-11-29 11:31:17,364 - logger_name: nmfir_MIntRec_multi-class_2022-11-29-11-31-17
2022-11-29 11:31:17,364 - dataset: MIntRec
2022-11-29 11:31:17,364 - data_mode: multi-class
2022-11-29 11:31:17,364 - method: nmfir
2022-11-29 11:31:17,364 - text_backbone: bert-base-uncased
2022-11-29 11:31:17,364 - seed: 0
2022-11-29 11:31:17,364 - num_workers: 0
2022-11-29 11:31:17,364 - gpu_id: 0
2022-11-29 11:31:17,364 - data_path: MIA-datasets
2022-11-29 11:31:17,364 - train: True
2022-11-29 11:31:17,364 - tune: False
2022-11-29 11:31:17,364 - save_model: True
2022-11-29 11:31:17,364 - save_results: True
2022-11-29 11:31:17,364 - log_path: logs
2022-11-29 11:31:17,364 - cache_path: cache
2022-11-29 11:31:17,364 - video_data_path: video_data
2022-11-29 11:31:17,364 - audio_data_path: audio_data
2022-11-29 11:31:17,364 - video_feats_path: video_feats.pkl
2022-11-29 11:31:17,364 - audio_feats_path: audio_feats.pkl
2022-11-29 11:31:17,364 - results_path: results
2022-11-29 11:31:17,364 - output_path: outputs
2022-11-29 11:31:17,364 - model_path: models
2022-11-29 11:31:17,364 - config_file_name: nmfir_bert
2022-11-29 11:31:17,365 - results_file_name: nmfir_bert.csv
2022-11-29 11:31:17,365 - padding_mode: zero
2022-11-29 11:31:17,365 - padding_loc: end
2022-11-29 11:31:17,365 - need_aligned: False
2022-11-29 11:31:17,365 - eval_monitor: f1
2022-11-29 11:31:17,365 - train_batch_size: 6
2022-11-29 11:31:17,365 - eval_batch_size: 6
2022-11-29 11:31:17,365 - test_batch_size: 4
2022-11-29 11:31:17,365 - wait_patience: 4
2022-11-29 11:31:17,365 - num_train_epochs: 100
2022-11-29 11:31:17,365 - use_cmd_sim: False
2022-11-29 11:31:17,365 - reverse_grad_weight: 0.8
2022-11-29 11:31:17,365 - hidden_size: 256
2022-11-29 11:31:17,365 - dropout_rate: 0.1
2022-11-29 11:31:17,365 - diff_weight: 0.7
2022-11-29 11:31:17,365 - sim_weight: 0.7
2022-11-29 11:31:17,365 - recon_weight: 0.6
2022-11-29 11:31:17,365 - lr: 3e-05
2022-11-29 11:31:17,365 - grad_clip: -1.0
2022-11-29 11:31:17,365 - gamma: 0.5
2022-11-29 11:31:17,365 - common_hyper_param: {'common_param': {'padding_mode': 'zero', 'padding_loc': 'end', 'need_aligned': False, 'eval_monitor': 'f1', 'train_batch_size': 6, 'eval_batch_size': 6, 'test_batch_size': 4, 'wait_patience': 4}, 'hyper_param': {'num_train_epochs': 100, 'use_cmd_sim': False, 'reverse_grad_weight': 0.8, 'hidden_size': 256, 'dropout_rate': 0.1, 'diff_weight': 0.7, 'sim_weight': 0.7, 'recon_weight': 0.6, 'lr': 3e-05, 'grad_clip': -1.0, 'gamma': 0.5}}
2022-11-29 11:31:17,365 - pred_output_path: outputs\nmfir_MIntRec_multi-class_2022-11-29-11-31-17
2022-11-29 11:31:17,365 - model_output_path: outputs\nmfir_MIntRec_multi-class_2022-11-29-11-31-17\models
2022-11-29 11:31:17,365 - ============================== End Params ==============================
2022-11-29 11:31:17,369 - Generate Text Features Begin...
2022-11-29 11:31:33,181 - Generate Text Features Finished...
2022-11-29 11:31:33,181 - Load Video Features Begin...
2022-11-29 11:31:34,283 - Load Video Features Finished...
2022-11-29 11:31:34,955 - Load Audio Features Begin...
2022-11-29 11:31:42,251 - Load Audio Features Finished...
2022-11-29 11:32:00,424 - Multimodal intent recognition begins...
2022-11-29 11:32:00,424 - Training begins...
2022-11-29 11:32:43,613 - ***** Epoch: 1: Eval results *****
2022-11-29 11:32:43,629 -   best_eval_score = 0.3973
2022-11-29 11:32:43,629 -   eval_score = 0.3973
2022-11-29 11:32:43,629 -   train_loss = 3.3238
2022-11-29 11:33:19,114 - ***** Epoch: 2: Eval results *****
2022-11-29 11:33:19,114 -   best_eval_score = 0.6263
2022-11-29 11:33:19,114 -   eval_score = 0.6263
2022-11-29 11:33:19,114 -   train_loss = 1.9402
2022-11-29 11:33:54,473 - ***** Epoch: 3: Eval results *****
2022-11-29 11:33:54,473 -   best_eval_score = 0.6441
2022-11-29 11:33:54,473 -   eval_score = 0.6441
2022-11-29 11:33:54,473 -   train_loss = 1.4022
2022-11-29 11:34:31,754 - EarlyStopping counter: 1 out of 4
2022-11-29 11:34:31,754 - ***** Epoch: 4: Eval results *****
2022-11-29 11:34:31,754 -   best_eval_score = 0.6441
2022-11-29 11:34:31,754 -   eval_score = 0.627
2022-11-29 11:34:31,754 -   train_loss = 1.1682
2022-11-29 11:35:06,739 - ***** Epoch: 5: Eval results *****
2022-11-29 11:35:06,739 -   best_eval_score = 0.6835
2022-11-29 11:35:06,739 -   eval_score = 0.6835
2022-11-29 11:35:06,739 -   train_loss = 0.9744
2022-11-29 11:35:41,896 - ***** Epoch: 6: Eval results *****
2022-11-29 11:35:41,896 -   best_eval_score = 0.6899
2022-11-29 11:35:41,896 -   eval_score = 0.6899
2022-11-29 11:35:41,896 -   train_loss = 0.8881
2022-11-29 11:36:17,709 - EarlyStopping counter: 1 out of 4
2022-11-29 11:36:17,709 - ***** Epoch: 7: Eval results *****
2022-11-29 11:36:17,709 -   best_eval_score = 0.6899
2022-11-29 11:36:17,709 -   eval_score = 0.6837
2022-11-29 11:36:17,709 -   train_loss = 0.8601
2022-11-29 11:36:54,100 - EarlyStopping counter: 2 out of 4
2022-11-29 11:36:54,100 - ***** Epoch: 8: Eval results *****
2022-11-29 11:36:54,100 -   best_eval_score = 0.6899
2022-11-29 11:36:54,100 -   eval_score = 0.6796
2022-11-29 11:36:54,100 -   train_loss = 0.8407
2022-11-29 11:37:28,782 - EarlyStopping counter: 3 out of 4
2022-11-29 11:37:28,782 - ***** Epoch: 9: Eval results *****
2022-11-29 11:37:28,782 -   best_eval_score = 0.6899
2022-11-29 11:37:28,782 -   eval_score = 0.6827
2022-11-29 11:37:28,782 -   train_loss = 0.8385
2022-11-29 11:38:06,647 - EarlyStopping counter: 4 out of 4
2022-11-29 11:38:06,647 - ***** Epoch: 10: Eval results *****
2022-11-29 11:38:06,647 -   best_eval_score = 0.6899
2022-11-29 11:38:06,647 -   eval_score = 0.6841
2022-11-29 11:38:06,647 -   train_loss = 0.8373
2022-11-29 11:38:06,647 - EarlyStopping at epoch 10
2022-11-29 11:38:06,663 - Trained models are saved in outputs\nmfir_MIntRec_multi-class_2022-11-29-11-31-17\models
2022-11-29 11:38:07,585 - Training is finished...
2022-11-29 11:38:07,585 - Testing begins...
2022-11-29 11:38:11,398 - ***** Test: Confusion Matrix *****
2022-11-29 11:38:11,398 - [[34  2  0  0  7  0  1  2  2  3  0  0  5  1  0  0  0  0  0  0]
 [ 0 38  0  1  0  0  0  0  1  0  1  0  2  0  0  0  0  0  0  0]
 [ 1  0 26  0  0  0  0  0  0  0  0  0  0  0  0  0  0  0  0  0]
 [ 0  0  0 24  0  0  0  0  0  0  0  0  0  0  0  0  1  0  0  0]
 [ 5  0  0  0 12  0  1  0  1  0  0  1  1  1  1  0  0  0  0  0]
 [ 0  0  0  0  0 12  0  0  0  0  0  0  0  0  0  0  0  0  0  0]
 [ 2  1  0  0  0  0  2  0  4  0  0  0  2  0  0  0  1  0  0  0]
 [ 4  0  0  0  0  0  0  4  1  0  1  0  0  0  0  0  0  0  0  0]
 [ 1  0  0  0  0  0  0  2  6  0  0  0  0  1  0  0  0  0  0  0]
 [ 1  0  0  0  0  0  1  0  0  4  0  0  0  0  0  2  0  2  0  0]
 [ 1  0  0  0  0  0  1  1  0  0 15  0  0  0  0  0  0  0  0  0]
 [ 0  0  0  0  0  0  2  0  0  0  0 16  1  0  0  0  0  0  0  0]
 [ 4  0  0  0  0  0  2  0  1  0  1  0 41  3  4  0  1  0  0  0]
 [ 0  0  0  0  0  0  2  0  0  0  2  1  0 19  0  0  1  0  0  0]
 [ 0  0  0  0  1  0  0  0  1  0  0  0  1  3 14  0  1  0  0  1]
 [ 0  1  0  1  0  0  0  0  2  0  0  0  4  0  1 11  1  0  0  0]
 [ 0  0  0  0  0  0  0  0  0  0  0  0  3  0  0  0 14  0  0  0]
 [ 0  0  0  0  0  0  0  0  0  1  1  0  2  0  0  0  0 11  0  0]
 [ 0  0  0  0  0  0  0  0  0  0  0  0  3  0  0  1  1  0  7  0]
 [ 0  0  0  0  0  0  0  0  0  0  0  0  0  1  1  0  1  0  0  7]]
2022-11-29 11:38:11,398 - ***** Evaluation results *****
2022-11-29 11:38:11,398 -   acc = 0.7124
2022-11-29 11:38:11,398 -   f1 = 0.6873
2022-11-29 11:38:11,414 -   prec = 0.7098
2022-11-29 11:38:11,414 -   rec = 0.6823
2022-11-29 11:38:11,414 - Testing is finished...
2022-11-29 11:38:11,414 - Multimodal intent recognition is finished...
2022-11-29 11:38:11,414 - Results are saved in results\nmfir_bert.csv
