2023-03-14 10:14:29,876 - ============================== Params ==============================
2023-03-14 10:14:29,876 - logger_name: nmfir_MIntRec_multi-class_2023-03-14-10-14-29
2023-03-14 10:14:29,876 - dataset: MIntRec
2023-03-14 10:14:29,876 - data_mode: multi-class
2023-03-14 10:14:29,876 - method: nmfir
2023-03-14 10:14:29,876 - text_backbone: bert-base-uncased
2023-03-14 10:14:29,876 - seed: 0
2023-03-14 10:14:29,876 - num_workers: 0
2023-03-14 10:14:29,876 - gpu_id: 0
2023-03-14 10:14:29,876 - data_path: MIA-datasets
2023-03-14 10:14:29,876 - train: True
2023-03-14 10:14:29,876 - tune: False
2023-03-14 10:14:29,876 - save_model: True
2023-03-14 10:14:29,876 - save_results: True
2023-03-14 10:14:29,876 - log_path: logs
2023-03-14 10:14:29,876 - cache_path: cache
2023-03-14 10:14:29,877 - video_data_path: video_data
2023-03-14 10:14:29,877 - audio_data_path: audio_data
2023-03-14 10:14:29,877 - video_feats_path: video_feats.pkl
2023-03-14 10:14:29,877 - audio_feats_path: audio_feats.pkl
2023-03-14 10:14:29,877 - results_path: results
2023-03-14 10:14:29,877 - output_path: outputs
2023-03-14 10:14:29,877 - model_path: models
2023-03-14 10:14:29,877 - config_file_name: nmfir_bert
2023-03-14 10:14:29,877 - results_file_name: nmfir_bert.csv
2023-03-14 10:14:29,877 - padding_mode: zero
2023-03-14 10:14:29,877 - padding_loc: end
2023-03-14 10:14:29,877 - need_aligned: False
2023-03-14 10:14:29,877 - eval_monitor: f1
2023-03-14 10:14:29,877 - train_batch_size: 6
2023-03-14 10:14:29,877 - eval_batch_size: 6
2023-03-14 10:14:29,877 - test_batch_size: 4
2023-03-14 10:14:29,877 - wait_patience: 4
2023-03-14 10:14:29,877 - num_train_epochs: 100
2023-03-14 10:14:29,877 - use_cmd_sim: False
2023-03-14 10:14:29,877 - reverse_grad_weight: 0.8
2023-03-14 10:14:29,877 - hidden_size: 256
2023-03-14 10:14:29,877 - dropout_rate: 0.1
2023-03-14 10:14:29,877 - diff_weight: 0.7
2023-03-14 10:14:29,877 - sim_weight: 0.6
2023-03-14 10:14:29,877 - recon_weight: 0.5
2023-03-14 10:14:29,877 - lr: 3e-05
2023-03-14 10:14:29,877 - grad_clip: -1.0
2023-03-14 10:14:29,877 - gamma: 0.5
2023-03-14 10:14:29,877 - common_hyper_param: {'common_param': {'padding_mode': 'zero', 'padding_loc': 'end', 'need_aligned': False, 'eval_monitor': 'f1', 'train_batch_size': 6, 'eval_batch_size': 6, 'test_batch_size': 4, 'wait_patience': 4}, 'hyper_param': {'num_train_epochs': 100, 'use_cmd_sim': False, 'reverse_grad_weight': 0.8, 'hidden_size': 256, 'dropout_rate': 0.1, 'diff_weight': 0.7, 'sim_weight': 0.6, 'recon_weight': 0.5, 'lr': 3e-05, 'grad_clip': -1.0, 'gamma': 0.5}}
2023-03-14 10:14:29,877 - pred_output_path: outputs\nmfir_MIntRec_multi-class_2023-03-14-10-14-29
2023-03-14 10:14:29,877 - model_output_path: outputs\nmfir_MIntRec_multi-class_2023-03-14-10-14-29\models
2023-03-14 10:14:29,877 - ============================== End Params ==============================
2023-03-14 10:14:29,881 - Generate Text Features Begin...
2023-03-14 10:14:48,113 - Generate Text Features Finished...
2023-03-14 10:14:48,113 - Load Video Features Begin...
2023-03-14 10:14:48,521 - Load Video Features Finished...
2023-03-14 10:14:48,931 - Load Audio Features Begin...
2023-03-14 10:14:49,693 - Load Audio Features Finished...
2023-03-14 10:15:08,097 - Multimodal intent recognition begins...
2023-03-14 10:15:08,104 - Training begins...
2023-03-14 10:15:47,475 - ***** Epoch: 1: Eval results *****
2023-03-14 10:15:47,488 -   best_eval_score = 0.3993
2023-03-14 10:15:47,488 -   eval_score = 0.3993
2023-03-14 10:15:47,488 -   train_loss = 3.1479
2023-03-14 10:16:26,237 - ***** Epoch: 2: Eval results *****
2023-03-14 10:16:26,237 -   best_eval_score = 0.5987
2023-03-14 10:16:26,237 -   eval_score = 0.5987
2023-03-14 10:16:26,237 -   train_loss = 1.8319
2023-03-14 10:17:11,137 - ***** Epoch: 3: Eval results *****
2023-03-14 10:17:11,137 -   best_eval_score = 0.6452
2023-03-14 10:17:11,137 -   eval_score = 0.6452
2023-03-14 10:17:11,137 -   train_loss = 1.2887
2023-03-14 10:17:49,352 - ***** Epoch: 4: Eval results *****
2023-03-14 10:17:49,352 -   best_eval_score = 0.6502
2023-03-14 10:17:49,357 -   eval_score = 0.6502
2023-03-14 10:17:49,357 -   train_loss = 1.0438
2023-03-14 10:18:26,798 - ***** Epoch: 5: Eval results *****
2023-03-14 10:18:26,798 -   best_eval_score = 0.6803
2023-03-14 10:18:26,798 -   eval_score = 0.6803
2023-03-14 10:18:26,798 -   train_loss = 0.8812
2023-03-14 10:19:04,102 - EarlyStopping counter: 1 out of 4
2023-03-14 10:19:04,102 - ***** Epoch: 6: Eval results *****
2023-03-14 10:19:04,102 -   best_eval_score = 0.6803
2023-03-14 10:19:04,102 -   eval_score = 0.6545
2023-03-14 10:19:04,102 -   train_loss = 0.7683
2023-03-14 10:19:42,088 - ***** Epoch: 7: Eval results *****
2023-03-14 10:19:42,088 -   best_eval_score = 0.6835
2023-03-14 10:19:42,088 -   eval_score = 0.6835
2023-03-14 10:19:42,088 -   train_loss = 0.7402
2023-03-14 10:20:22,487 - ***** Epoch: 8: Eval results *****
2023-03-14 10:20:22,487 -   best_eval_score = 0.6843
2023-03-14 10:20:22,487 -   eval_score = 0.6843
2023-03-14 10:20:22,487 -   train_loss = 0.7145
2023-03-14 10:21:00,792 - ***** Epoch: 9: Eval results *****
2023-03-14 10:21:00,792 -   best_eval_score = 0.6892
2023-03-14 10:21:00,792 -   eval_score = 0.6892
2023-03-14 10:21:00,792 -   train_loss = 0.705
2023-03-14 10:21:38,238 - EarlyStopping counter: 1 out of 4
2023-03-14 10:21:38,238 - ***** Epoch: 10: Eval results *****
2023-03-14 10:21:38,238 -   best_eval_score = 0.6892
2023-03-14 10:21:38,238 -   eval_score = 0.6827
2023-03-14 10:21:38,238 -   train_loss = 0.6968
2023-03-14 10:22:17,188 - ***** Epoch: 11: Eval results *****
2023-03-14 10:22:17,188 -   best_eval_score = 0.6953
2023-03-14 10:22:17,188 -   eval_score = 0.6953
2023-03-14 10:22:17,188 -   train_loss = 0.6904
2023-03-14 10:22:54,497 - EarlyStopping counter: 1 out of 4
2023-03-14 10:22:54,497 - ***** Epoch: 12: Eval results *****
2023-03-14 10:22:54,497 -   best_eval_score = 0.6953
2023-03-14 10:22:54,497 -   eval_score = 0.6891
2023-03-14 10:22:54,497 -   train_loss = 0.6868
2023-03-14 10:23:31,068 - EarlyStopping counter: 2 out of 4
2023-03-14 10:23:31,068 - ***** Epoch: 13: Eval results *****
2023-03-14 10:23:31,068 -   best_eval_score = 0.6953
2023-03-14 10:23:31,068 -   eval_score = 0.6854
2023-03-14 10:23:31,068 -   train_loss = 0.6852
2023-03-14 10:24:09,327 - EarlyStopping counter: 3 out of 4
2023-03-14 10:24:09,327 - ***** Epoch: 14: Eval results *****
2023-03-14 10:24:09,327 -   best_eval_score = 0.6953
2023-03-14 10:24:09,327 -   eval_score = 0.6891
2023-03-14 10:24:09,327 -   train_loss = 0.6853
2023-03-14 10:24:50,567 - EarlyStopping counter: 4 out of 4
2023-03-14 10:24:50,567 - ***** Epoch: 15: Eval results *****
2023-03-14 10:24:50,567 -   best_eval_score = 0.6953
2023-03-14 10:24:50,567 -   eval_score = 0.6891
2023-03-14 10:24:50,567 -   train_loss = 0.6852
2023-03-14 10:24:50,567 - EarlyStopping at epoch 15
2023-03-14 10:24:50,567 - Trained models are saved in outputs\nmfir_MIntRec_multi-class_2023-03-14-10-14-29\models
2023-03-14 10:24:51,819 - Training is finished...
2023-03-14 10:24:51,819 - Testing begins...
2023-03-14 10:24:55,682 - ***** Test: Confusion Matrix *****
2023-03-14 10:24:55,687 - [[33  1  0  0  8  0  3  1  0  3  0  0  6  1  0  0  0  0  0  1]
 [ 0 39  0  1  0  0  1  0  1  0  0  0  1  0  0  0  0  0  0  0]
 [ 0  0 27  0  0  0  0  0  0  0  0  0  0  0  0  0  0  0  0  0]
 [ 0  0  0 25  0  0  0  0  0  0  0  0  0  0  0  0  0  0  0  0]
 [ 6  0  0  0 14  0  1  0  0  0  0  1  0  0  1  0  0  0  0  0]
 [ 0  0  0  0  0 12  0  0  0  0  0  0  0  0  0  0  0  0  0  0]
 [ 2  0  0  0  2  0  1  1  4  0  0  0  1  0  1  0  0  0  0  0]
 [ 3  0  0  0  0  0  0  4  1  2  0  0  0  0  0  0  0  0  0  0]
 [ 1  0  0  0  1  0  2  2  3  0  0  0  0  0  0  1  0  0  0  0]
 [ 1  1  0  0  0  0  0  0  0  3  0  0  0  0  0  3  0  2  0  0]
 [ 0  0  0  0  0  0  0  1  0  3 14  0  0  0  0  0  0  0  0  0]
 [ 0  0  0  0  0  0  1  0  0  0  0 17  0  0  0  0  0  0  0  1]
 [ 3  2  0  1  1  0  2  1  0  0  0  1 34  3  7  2  0  0  0  0]
 [ 0  0  0  0  0  0  3  0  0  0  1  1  1 17  1  0  0  0  0  1]
 [ 0  0  0  0  1  0  0  0  1  0  0  0  1  4 13  0  1  0  0  1]
 [ 0  0  0  0  1  0  0  0  0  0  0  0  2  0  1 16  0  0  0  1]
 [ 1  0  0  0  0  0  0  0  0  0  0  0  2  0  0  0 14  0  0  0]
 [ 0  0  0  0  0  0  0  0  0  1  1  0  1  0  0  0  0 12  0  0]
 [ 0  0  0  0  0  0  0  0  0  0  0  0  2  0  0  1  0  0  9  0]
 [ 0  0  0  0  0  0  0  0  0  0  0  0  1  1  1  0  0  0  0  7]]
2023-03-14 10:24:55,687 - ***** Evaluation results *****
2023-03-14 10:24:55,687 -   acc = 0.7056
2023-03-14 10:24:55,687 -   f1 = 0.6773
2023-03-14 10:24:55,687 -   prec = 0.6818
2023-03-14 10:24:55,687 -   rec = 0.6777
2023-03-14 10:24:55,691 - Testing is finished...
2023-03-14 10:24:55,691 - Multimodal intent recognition is finished...
2023-03-14 10:24:55,691 - Results are saved in results\nmfir_bert.csv
