2023-03-14 10:05:51,936 - ============================== Params ==============================
2023-03-14 10:05:51,936 - logger_name: nmfir_MIntRec_multi-class_2023-03-14-10-05-51
2023-03-14 10:05:51,936 - dataset: MIntRec
2023-03-14 10:05:51,936 - data_mode: multi-class
2023-03-14 10:05:51,936 - method: nmfir
2023-03-14 10:05:51,936 - text_backbone: bert-base-uncased
2023-03-14 10:05:51,936 - seed: 0
2023-03-14 10:05:51,936 - num_workers: 0
2023-03-14 10:05:51,936 - gpu_id: 0
2023-03-14 10:05:51,936 - data_path: MIA-datasets
2023-03-14 10:05:51,936 - train: True
2023-03-14 10:05:51,936 - tune: False
2023-03-14 10:05:51,936 - save_model: True
2023-03-14 10:05:51,936 - save_results: True
2023-03-14 10:05:51,936 - log_path: logs
2023-03-14 10:05:51,936 - cache_path: cache
2023-03-14 10:05:51,936 - video_data_path: video_data
2023-03-14 10:05:51,936 - audio_data_path: audio_data
2023-03-14 10:05:51,936 - video_feats_path: video_feats.pkl
2023-03-14 10:05:51,936 - audio_feats_path: audio_feats.pkl
2023-03-14 10:05:51,936 - results_path: results
2023-03-14 10:05:51,936 - output_path: outputs
2023-03-14 10:05:51,936 - model_path: models
2023-03-14 10:05:51,936 - config_file_name: nmfir_bert
2023-03-14 10:05:51,936 - results_file_name: nmfir_bert.csv
2023-03-14 10:05:51,937 - padding_mode: zero
2023-03-14 10:05:51,937 - padding_loc: end
2023-03-14 10:05:51,937 - need_aligned: False
2023-03-14 10:05:51,937 - eval_monitor: f1
2023-03-14 10:05:51,937 - train_batch_size: 6
2023-03-14 10:05:51,937 - eval_batch_size: 6
2023-03-14 10:05:51,937 - test_batch_size: 4
2023-03-14 10:05:51,937 - wait_patience: 4
2023-03-14 10:05:51,937 - num_train_epochs: 100
2023-03-14 10:05:51,937 - use_cmd_sim: False
2023-03-14 10:05:51,937 - reverse_grad_weight: 0.8
2023-03-14 10:05:51,937 - hidden_size: 256
2023-03-14 10:05:51,937 - dropout_rate: 0.1
2023-03-14 10:05:51,937 - diff_weight: 0.7
2023-03-14 10:05:51,937 - sim_weight: 0.4
2023-03-14 10:05:51,937 - recon_weight: 0.5
2023-03-14 10:05:51,937 - lr: 3e-05
2023-03-14 10:05:51,937 - grad_clip: -1.0
2023-03-14 10:05:51,937 - gamma: 0.5
2023-03-14 10:05:51,937 - common_hyper_param: {'common_param': {'padding_mode': 'zero', 'padding_loc': 'end', 'need_aligned': False, 'eval_monitor': 'f1', 'train_batch_size': 6, 'eval_batch_size': 6, 'test_batch_size': 4, 'wait_patience': 4}, 'hyper_param': {'num_train_epochs': 100, 'use_cmd_sim': False, 'reverse_grad_weight': 0.8, 'hidden_size': 256, 'dropout_rate': 0.1, 'diff_weight': 0.7, 'sim_weight': 0.4, 'recon_weight': 0.5, 'lr': 3e-05, 'grad_clip': -1.0, 'gamma': 0.5}}
2023-03-14 10:05:51,937 - pred_output_path: outputs\nmfir_MIntRec_multi-class_2023-03-14-10-05-51
2023-03-14 10:05:51,937 - model_output_path: outputs\nmfir_MIntRec_multi-class_2023-03-14-10-05-51\models
2023-03-14 10:05:51,937 - ============================== End Params ==============================
2023-03-14 10:05:51,941 - Generate Text Features Begin...
2023-03-14 10:06:08,249 - Generate Text Features Finished...
2023-03-14 10:06:08,249 - Load Video Features Begin...
2023-03-14 10:06:08,630 - Load Video Features Finished...
2023-03-14 10:06:08,996 - Load Audio Features Begin...
2023-03-14 10:06:09,699 - Load Audio Features Finished...
2023-03-14 10:06:27,167 - Multimodal intent recognition begins...
2023-03-14 10:06:27,168 - Training begins...
2023-03-14 10:07:04,671 - ***** Epoch: 1: Eval results *****
2023-03-14 10:07:04,676 -   best_eval_score = 0.4172
2023-03-14 10:07:04,676 -   eval_score = 0.4172
2023-03-14 10:07:04,676 -   train_loss = 2.9279
2023-03-14 10:07:36,842 - ***** Epoch: 2: Eval results *****
2023-03-14 10:07:36,842 -   best_eval_score = 0.6207
2023-03-14 10:07:36,842 -   eval_score = 0.6207
2023-03-14 10:07:36,842 -   train_loss = 1.5993
2023-03-14 10:08:11,467 - ***** Epoch: 3: Eval results *****
2023-03-14 10:08:11,467 -   best_eval_score = 0.6747
2023-03-14 10:08:11,467 -   eval_score = 0.6747
2023-03-14 10:08:11,467 -   train_loss = 1.0291
2023-03-14 10:08:48,467 - ***** Epoch: 4: Eval results *****
2023-03-14 10:08:48,467 -   best_eval_score = 0.6997
2023-03-14 10:08:48,467 -   eval_score = 0.6997
2023-03-14 10:08:48,467 -   train_loss = 0.8086
2023-03-14 10:09:25,767 - EarlyStopping counter: 1 out of 4
2023-03-14 10:09:25,767 - ***** Epoch: 5: Eval results *****
2023-03-14 10:09:25,767 -   best_eval_score = 0.6997
2023-03-14 10:09:25,767 -   eval_score = 0.6757
2023-03-14 10:09:25,767 -   train_loss = 0.6638
2023-03-14 10:10:02,907 - EarlyStopping counter: 2 out of 4
2023-03-14 10:10:02,907 - ***** Epoch: 6: Eval results *****
2023-03-14 10:10:02,907 -   best_eval_score = 0.6997
2023-03-14 10:10:02,907 -   eval_score = 0.6617
2023-03-14 10:10:02,907 -   train_loss = 0.5494
2023-03-14 10:10:40,014 - EarlyStopping counter: 3 out of 4
2023-03-14 10:10:40,014 - ***** Epoch: 7: Eval results *****
2023-03-14 10:10:40,014 -   best_eval_score = 0.6997
2023-03-14 10:10:40,014 -   eval_score = 0.6722
2023-03-14 10:10:40,014 -   train_loss = 0.5148
2023-03-14 10:11:16,397 - EarlyStopping counter: 4 out of 4
2023-03-14 10:11:16,397 - ***** Epoch: 8: Eval results *****
2023-03-14 10:11:16,397 -   best_eval_score = 0.6997
2023-03-14 10:11:16,397 -   eval_score = 0.6771
2023-03-14 10:11:16,397 -   train_loss = 0.5039
2023-03-14 10:11:16,397 - EarlyStopping at epoch 8
2023-03-14 10:11:16,397 - Trained models are saved in outputs\nmfir_MIntRec_multi-class_2023-03-14-10-05-51\models
2023-03-14 10:11:17,307 - Training is finished...
2023-03-14 10:11:17,307 - Testing begins...
2023-03-14 10:11:20,227 - ***** Test: Confusion Matrix *****
2023-03-14 10:11:20,227 - [[35  1  0  0  8  0  5  1  1  4  0  0  1  0  0  0  0  1  0  0]
 [ 0 36  0  1  0  0  2  0  1  0  0  0  2  0  0  0  0  1  0  0]
 [ 1  0 26  0  0  0  0  0  0  0  0  0  0  0  0  0  0  0  0  0]
 [ 0  0  0 25  0  0  0  0  0  0  0  0  0  0  0  0  0  0  0  0]
 [ 2  0  0  0 16  0  3  0  0  0  0  1  0  0  0  0  0  1  0  0]
 [ 0  0  0  0  0 11  0  0  0  0  0  0  0  0  0  0  0  1  0  0]
 [ 1  0  0  0  3  0  3  0  3  0  0  0  1  0  0  0  1  0  0  0]
 [ 4  0  0  0  0  0  0  5  1  0  0  0  0  0  0  0  0  0  0  0]
 [ 0  0  0  0  0  0  1  2  4  0  0  0  0  2  0  1  0  0  0  0]
 [ 1  1  0  0  0  0  0  0  0  3  0  0  0  0  0  2  0  3  0  0]
 [ 1  0  0  0  0  0  1  0  0  1 14  0  0  0  0  0  0  1  0  0]
 [ 0  0  0  0  0  0  0  0  0  0  0 18  0  0  0  0  0  0  0  1]
 [ 5  0  0  1  1  0  2  0  2  2  0  0 33  1  5  2  1  1  0  1]
 [ 0  0  0  0  0  0  2  0  0  0  1  1  1 16  3  0  0  0  0  1]
 [ 0  0  1  0  1  0  0  0  0  0  0  0  0  1 14  0  1  1  0  3]
 [ 0  1  0  0  0  0  0  0  3  0  0  0  4  0  1 11  0  0  0  1]
 [ 1  0  0  0  0  0  0  0  0  0  0  0  1  0  0  0 14  0  0  1]
 [ 0  0  0  0  0  0  0  0  0  1  0  0  0  0  1  0  0 13  0  0]
 [ 0  1  0  0  0  0  0  0  0  0  0  0  2  0  0  1  0  0  8  0]
 [ 0  0  0  0  0  0  0  0  0  0  0  0  0  1  1  0  4  0  0  4]]
2023-03-14 10:11:20,227 - ***** Evaluation results *****
2023-03-14 10:11:20,227 -   acc = 0.6944
2023-03-14 10:11:20,227 -   f1 = 0.662
2023-03-14 10:11:20,227 -   prec = 0.6725
2023-03-14 10:11:20,227 -   rec = 0.6669
2023-03-14 10:11:20,237 - Testing is finished...
2023-03-14 10:11:20,237 - Multimodal intent recognition is finished...
2023-03-14 10:11:20,237 - Results are saved in results\nmfir_bert.csv
