2022-11-18 14:04:54,462 - ============================== Params ==============================
2022-11-18 14:04:54,462 - logger_name: nmfir_MIntRec_multi-class_2022-11-18-14-04-54
2022-11-18 14:04:54,462 - dataset: MIntRec
2022-11-18 14:04:54,462 - data_mode: multi-class
2022-11-18 14:04:54,462 - method: nmfir
2022-11-18 14:04:54,462 - text_backbone: bert-base-uncased
2022-11-18 14:04:54,462 - seed: 0
2022-11-18 14:04:54,462 - num_workers: 0
2022-11-18 14:04:54,462 - gpu_id: 0
2022-11-18 14:04:54,462 - data_path: MIA-datasets
2022-11-18 14:04:54,462 - train: True
2022-11-18 14:04:54,462 - tune: False
2022-11-18 14:04:54,462 - save_model: True
2022-11-18 14:04:54,463 - save_results: True
2022-11-18 14:04:54,463 - log_path: logs
2022-11-18 14:04:54,463 - cache_path: cache
2022-11-18 14:04:54,463 - video_data_path: video_data
2022-11-18 14:04:54,463 - audio_data_path: audio_data
2022-11-18 14:04:54,463 - video_feats_path: video_feats.pkl
2022-11-18 14:04:54,463 - audio_feats_path: audio_feats.pkl
2022-11-18 14:04:54,463 - results_path: results
2022-11-18 14:04:54,463 - output_path: outputs
2022-11-18 14:04:54,463 - model_path: models
2022-11-18 14:04:54,463 - config_file_name: nmfir_bert
2022-11-18 14:04:54,463 - results_file_name: nmfir_bert.csv
2022-11-18 14:04:54,463 - padding_mode: zero
2022-11-18 14:04:54,463 - padding_loc: end
2022-11-18 14:04:54,463 - need_aligned: False
2022-11-18 14:04:54,463 - eval_monitor: f1
2022-11-18 14:04:54,463 - train_batch_size: 6
2022-11-18 14:04:54,463 - eval_batch_size: 6
2022-11-18 14:04:54,463 - test_batch_size: 4
2022-11-18 14:04:54,463 - wait_patience: 4
2022-11-18 14:04:54,464 - num_train_epochs: 100
2022-11-18 14:04:54,464 - use_cmd_sim: False
2022-11-18 14:04:54,464 - reverse_grad_weight: 0.8
2022-11-18 14:04:54,464 - hidden_size: 256
2022-11-18 14:04:54,464 - dropout_rate: 0.1
2022-11-18 14:04:54,464 - diff_weight: 0.7
2022-11-18 14:04:54,464 - sim_weight: 0.7
2022-11-18 14:04:54,464 - recon_weight: 0.6
2022-11-18 14:04:54,464 - lr: 3e-05
2022-11-18 14:04:54,464 - grad_clip: -1.0
2022-11-18 14:04:54,464 - gamma: 0.5
2022-11-18 14:04:54,464 - common_hyper_param: {'common_param': {'padding_mode': 'zero', 'padding_loc': 'end', 'need_aligned': False, 'eval_monitor': 'f1', 'train_batch_size': 6, 'eval_batch_size': 6, 'test_batch_size': 4, 'wait_patience': 4}, 'hyper_param': {'num_train_epochs': 100, 'use_cmd_sim': False, 'reverse_grad_weight': 0.8, 'hidden_size': 256, 'dropout_rate': 0.1, 'diff_weight': 0.7, 'sim_weight': 0.7, 'recon_weight': 0.6, 'lr': 3e-05, 'grad_clip': -1.0, 'gamma': 0.5}}
2022-11-18 14:04:54,464 - pred_output_path: outputs\nmfir_MIntRec_multi-class_2022-11-18-14-04-54
2022-11-18 14:04:54,464 - model_output_path: outputs\nmfir_MIntRec_multi-class_2022-11-18-14-04-54\models
2022-11-18 14:04:54,464 - ============================== End Params ==============================
2022-11-18 14:04:54,467 - Generate Text Features Begin...
2022-11-18 14:05:11,849 - Generate Text Features Finished...
2022-11-18 14:05:11,849 - Load Video Features Begin...
2022-11-18 14:05:12,256 - Load Video Features Finished...
2022-11-18 14:05:12,653 - Load Audio Features Begin...
2022-11-18 14:05:13,379 - Load Audio Features Finished...
2022-11-18 14:05:24,988 - Multimodal intent recognition begins...
2022-11-18 14:05:24,988 - Training begins...
2022-11-18 14:05:40,819 - ***** Epoch: 1: Eval results *****
2022-11-18 14:05:40,826 -   best_eval_score = 0.2124
2022-11-18 14:05:40,826 -   eval_score = 0.2124
2022-11-18 14:05:40,826 -   train_loss = 4.0088
2022-11-18 14:05:52,313 - ***** Epoch: 2: Eval results *****
2022-11-18 14:05:52,313 -   best_eval_score = 0.4044
2022-11-18 14:05:52,313 -   eval_score = 0.4044
2022-11-18 14:05:52,313 -   train_loss = 3.064
2022-11-18 14:06:03,789 - ***** Epoch: 3: Eval results *****
2022-11-18 14:06:03,789 -   best_eval_score = 0.4791
2022-11-18 14:06:03,789 -   eval_score = 0.4791
2022-11-18 14:06:03,789 -   train_loss = 2.1876
2022-11-18 14:06:15,253 - ***** Epoch: 4: Eval results *****
2022-11-18 14:06:15,253 -   best_eval_score = 0.6001
2022-11-18 14:06:15,253 -   eval_score = 0.6001
2022-11-18 14:06:15,253 -   train_loss = 1.6338
2022-11-18 14:06:27,180 - ***** Epoch: 5: Eval results *****
2022-11-18 14:06:27,180 -   best_eval_score = 0.6489
2022-11-18 14:06:27,180 -   eval_score = 0.6489
2022-11-18 14:06:27,180 -   train_loss = 1.2887
2022-11-18 14:06:38,677 - ***** Epoch: 6: Eval results *****
2022-11-18 14:06:38,677 -   best_eval_score = 0.6701
2022-11-18 14:06:38,677 -   eval_score = 0.6701
2022-11-18 14:06:38,677 -   train_loss = 1.1068
2022-11-18 14:06:50,211 - EarlyStopping counter: 1 out of 4
2022-11-18 14:06:50,211 - ***** Epoch: 7: Eval results *****
2022-11-18 14:06:50,211 -   best_eval_score = 0.6701
2022-11-18 14:06:50,211 -   eval_score = 0.6526
2022-11-18 14:06:50,211 -   train_loss = 1.0146
2022-11-18 14:07:02,019 - EarlyStopping counter: 2 out of 4
2022-11-18 14:07:02,019 - ***** Epoch: 8: Eval results *****
2022-11-18 14:07:02,019 -   best_eval_score = 0.6701
2022-11-18 14:07:02,019 -   eval_score = 0.6659
2022-11-18 14:07:02,019 -   train_loss = 0.9791
2022-11-18 14:07:15,526 - EarlyStopping counter: 3 out of 4
2022-11-18 14:07:15,526 - ***** Epoch: 9: Eval results *****
2022-11-18 14:07:15,526 -   best_eval_score = 0.6701
2022-11-18 14:07:15,526 -   eval_score = 0.6602
2022-11-18 14:07:15,526 -   train_loss = 0.9722
2022-11-18 14:07:27,737 - EarlyStopping counter: 4 out of 4
2022-11-18 14:07:27,737 - ***** Epoch: 10: Eval results *****
2022-11-18 14:07:27,737 -   best_eval_score = 0.6701
2022-11-18 14:07:27,737 -   eval_score = 0.6578
2022-11-18 14:07:27,737 -   train_loss = 0.9712
2022-11-18 14:07:27,737 - EarlyStopping at epoch 10
2022-11-18 14:07:27,737 - Trained models are saved in outputs\nmfir_MIntRec_multi-class_2022-11-18-14-04-54\models
2022-11-18 14:07:28,456 - Training is finished...
2022-11-18 14:07:28,456 - Testing begins...
2022-11-18 14:07:30,844 - ***** Test: Confusion Matrix *****
2022-11-18 14:07:30,848 - [[36  1  0  0  3  0  3  1  0  3  0  1  7  1  0  0  0  1  0  0]
 [ 1 34  0  1  0  1  2  0  0  0  2  0  2  0  0  0  0  0  0  0]
 [ 1  0 26  0  0  0  0  0  0  0  0  0  0  0  0  0  0  0  0  0]
 [ 0  0  0 25  0  0  0  0  0  0  0  0  0  0  0  0  0  0  0  0]
 [ 6  0  0  0  9  0  2  0  0  0  0  1  4  1  0  0  0  0  0  0]
 [ 0  3  0  0  0  8  0  0  0  0  0  0  1  0  0  0  0  0  0  0]
 [ 4  1  0  0  2  0  2  0  0  0  0  0  2  0  1  0  0  0  0  0]
 [ 5  1  0  0  0  0  0  2  0  1  0  0  1  0  0  0  0  0  0  0]
 [ 4  0  0  0  0  0  2  1  1  0  0  0  0  1  0  0  0  0  0  1]
 [ 0  0  0  0  0  0  1  0  0  5  0  0  0  0  0  3  1  0  0  0]
 [ 0  0  2  0  0  0  2  0  0  3 10  0  0  0  1  0  0  0  0  0]
 [ 1  0  0  0  0  0  2  0  0  0  0 15  0  0  0  0  0  0  1  0]
 [ 2  0  0  0  0  0  1  0  0  1  0  1 43  1  5  0  1  0  2  0]
 [ 0  0  0  0  0  0  2  0  0  0  3  1  2 14  3  0  0  0  0  0]
 [ 0  0  1  0  1  0  0  0  0  0  0  0  3  2 13  0  1  0  0  1]
 [ 0  1  0  0  0  0  0  1  0  0  0  0  5  0  1 13  0  0  0  0]
 [ 0  0  0  0  0  0  0  1  0  0  0  0  2  0  2  0 12  0  0  0]
 [ 0  0  0  0  0  0  0  0  0  0  1  0  2  1  0  0  0 11  0  0]
 [ 0  1  0  0  0  0  0  0  0  0  0  0  1  0  0  1  0  0  9  0]
 [ 1  0  0  0  0  0  0  0  0  0  0  0  0  1  2  0  1  0  0  5]]
2022-11-18 14:07:30,848 - ***** Evaluation results *****
2022-11-18 14:07:30,848 -   acc = 0.6584
2022-11-18 14:07:30,848 -   f1 = 0.613
2022-11-18 14:07:30,848 -   prec = 0.6777
2022-11-18 14:07:30,848 -   rec = 0.5984
2022-11-18 14:07:30,853 - Testing is finished...
2022-11-18 14:07:30,853 - Multimodal intent recognition is finished...
2022-11-18 14:07:30,853 - Results are saved in results\nmfir_bert.csv
