2022-11-09 15:40:28,784 - ============================== Params ==============================
2022-11-09 15:40:28,784 - logger_name: nmfir_MIntRec_multi-class_2022-11-09-15-40-28
2022-11-09 15:40:28,784 - dataset: MIntRec
2022-11-09 15:40:28,784 - data_mode: multi-class
2022-11-09 15:40:28,784 - method: nmfir
2022-11-09 15:40:28,784 - text_backbone: bert-base-uncased
2022-11-09 15:40:28,784 - seed: 0
2022-11-09 15:40:28,784 - num_workers: 0
2022-11-09 15:40:28,784 - gpu_id: 0
2022-11-09 15:40:28,784 - data_path: MIA-datasets
2022-11-09 15:40:28,784 - train: True
2022-11-09 15:40:28,784 - tune: False
2022-11-09 15:40:28,784 - save_model: True
2022-11-09 15:40:28,784 - save_results: True
2022-11-09 15:40:28,784 - log_path: logs
2022-11-09 15:40:28,784 - cache_path: cache
2022-11-09 15:40:28,785 - video_data_path: video_data
2022-11-09 15:40:28,785 - audio_data_path: audio_data
2022-11-09 15:40:28,785 - video_feats_path: video_feats.pkl
2022-11-09 15:40:28,785 - audio_feats_path: audio_feats.pkl
2022-11-09 15:40:28,785 - results_path: results
2022-11-09 15:40:28,785 - output_path: outputs
2022-11-09 15:40:28,785 - model_path: models
2022-11-09 15:40:28,785 - config_file_name: nmfir_bert
2022-11-09 15:40:28,785 - results_file_name: nmfir_bert.csv
2022-11-09 15:40:28,785 - padding_mode: zero
2022-11-09 15:40:28,785 - padding_loc: end
2022-11-09 15:40:28,785 - need_aligned: False
2022-11-09 15:40:28,785 - eval_monitor: f1
2022-11-09 15:40:28,785 - train_batch_size: 6
2022-11-09 15:40:28,785 - eval_batch_size: 6
2022-11-09 15:40:28,785 - test_batch_size: 4
2022-11-09 15:40:28,785 - wait_patience: 4
2022-11-09 15:40:28,785 - num_train_epochs: 100
2022-11-09 15:40:28,785 - use_cmd_sim: False
2022-11-09 15:40:28,785 - reverse_grad_weight: 0.8
2022-11-09 15:40:28,785 - hidden_size: 256
2022-11-09 15:40:28,785 - dropout_rate: 0
2022-11-09 15:40:28,785 - diff_weight: 0.7
2022-11-09 15:40:28,785 - sim_weight: 0.7
2022-11-09 15:40:28,785 - recon_weight: 0.6
2022-11-09 15:40:28,785 - lr: 3e-05
2022-11-09 15:40:28,785 - grad_clip: -1.0
2022-11-09 15:40:28,785 - gamma: 0.5
2022-11-09 15:40:28,785 - common_hyper_param: {'common_param': {'padding_mode': 'zero', 'padding_loc': 'end', 'need_aligned': False, 'eval_monitor': 'f1', 'train_batch_size': 6, 'eval_batch_size': 6, 'test_batch_size': 4, 'wait_patience': 4}, 'hyper_param': {'num_train_epochs': 100, 'use_cmd_sim': False, 'reverse_grad_weight': 0.8, 'hidden_size': 256, 'dropout_rate': 0, 'diff_weight': 0.7, 'sim_weight': 0.7, 'recon_weight': 0.6, 'lr': 3e-05, 'grad_clip': -1.0, 'gamma': 0.5}}
2022-11-09 15:40:28,785 - pred_output_path: outputs\nmfir_MIntRec_multi-class_2022-11-09-15-40-28
2022-11-09 15:40:28,785 - model_output_path: outputs\nmfir_MIntRec_multi-class_2022-11-09-15-40-28\models
2022-11-09 15:40:28,785 - ============================== End Params ==============================
2022-11-09 15:40:28,790 - Generate Text Features Begin...
2022-11-09 15:40:45,324 - Generate Text Features Finished...
2022-11-09 15:40:45,324 - Load Video Features Begin...
2022-11-09 15:40:45,748 - Load Video Features Finished...
2022-11-09 15:40:46,137 - Load Audio Features Begin...
2022-11-09 15:40:46,874 - Load Audio Features Finished...
2022-11-09 15:41:04,808 - Multimodal intent recognition begins...
2022-11-09 15:41:04,811 - Training begins...
2022-11-09 15:41:42,653 - ***** Epoch: 1: Eval results *****
2022-11-09 15:41:42,664 -   best_eval_score = 0.4333
2022-11-09 15:41:42,664 -   eval_score = 0.4333
2022-11-09 15:41:42,664 -   train_loss = 3.2229
2022-11-09 15:42:16,741 - ***** Epoch: 2: Eval results *****
2022-11-09 15:42:16,741 -   best_eval_score = 0.5624
2022-11-09 15:42:16,741 -   eval_score = 0.5624
2022-11-09 15:42:16,741 -   train_loss = 1.8929
2022-11-09 15:42:51,610 - ***** Epoch: 3: Eval results *****
2022-11-09 15:42:51,610 -   best_eval_score = 0.6485
2022-11-09 15:42:51,610 -   eval_score = 0.6485
2022-11-09 15:42:51,611 -   train_loss = 1.3944
2022-11-09 15:43:25,323 - ***** Epoch: 4: Eval results *****
2022-11-09 15:43:25,323 -   best_eval_score = 0.6563
2022-11-09 15:43:25,324 -   eval_score = 0.6563
2022-11-09 15:43:25,324 -   train_loss = 1.1081
2022-11-09 15:43:59,787 - ***** Epoch: 5: Eval results *****
2022-11-09 15:43:59,787 -   best_eval_score = 0.6576
2022-11-09 15:43:59,788 -   eval_score = 0.6576
2022-11-09 15:43:59,788 -   train_loss = 0.9631
2022-11-09 15:44:31,575 - ***** Epoch: 6: Eval results *****
2022-11-09 15:44:31,575 -   best_eval_score = 0.6616
2022-11-09 15:44:31,575 -   eval_score = 0.6616
2022-11-09 15:44:31,575 -   train_loss = 0.8773
2022-11-09 15:45:03,518 - ***** Epoch: 7: Eval results *****
2022-11-09 15:45:03,518 -   best_eval_score = 0.6945
2022-11-09 15:45:03,518 -   eval_score = 0.6945
2022-11-09 15:45:03,518 -   train_loss = 0.8407
2022-11-09 15:45:37,089 - EarlyStopping counter: 1 out of 4
2022-11-09 15:45:37,089 - ***** Epoch: 8: Eval results *****
2022-11-09 15:45:37,089 -   best_eval_score = 0.6945
2022-11-09 15:45:37,089 -   eval_score = 0.6823
2022-11-09 15:45:37,090 -   train_loss = 0.8164
2022-11-09 15:46:12,036 - EarlyStopping counter: 2 out of 4
2022-11-09 15:46:12,036 - ***** Epoch: 9: Eval results *****
2022-11-09 15:46:12,036 -   best_eval_score = 0.6945
2022-11-09 15:46:12,036 -   eval_score = 0.6721
2022-11-09 15:46:12,036 -   train_loss = 0.8031
2022-11-09 15:46:45,422 - EarlyStopping counter: 3 out of 4
2022-11-09 15:46:45,422 - ***** Epoch: 10: Eval results *****
2022-11-09 15:46:45,422 -   best_eval_score = 0.6945
2022-11-09 15:46:45,422 -   eval_score = 0.672
2022-11-09 15:46:45,422 -   train_loss = 0.8068
2022-11-09 15:47:18,629 - EarlyStopping counter: 4 out of 4
2022-11-09 15:47:18,629 - ***** Epoch: 11: Eval results *****
2022-11-09 15:47:18,629 -   best_eval_score = 0.6945
2022-11-09 15:47:18,629 -   eval_score = 0.6745
2022-11-09 15:47:18,629 -   train_loss = 0.8062
2022-11-09 15:47:18,630 - EarlyStopping at epoch 11
2022-11-09 15:47:18,630 - Trained models are saved in outputs\nmfir_MIntRec_multi-class_2022-11-09-15-40-28\models
2022-11-09 15:47:19,506 - Training is finished...
2022-11-09 15:47:19,507 - Testing begins...
2022-11-09 15:47:22,206 - ***** Test: Confusion Matrix *****
2022-11-09 15:47:22,209 - [[33  1  0  0  7  0  2  2  0  3  1  0  6  2  0  0  0  0  0  0]
 [ 0 38  0  1  0  0  1  0  0  0  1  0  1  1  0  0  0  0  0  0]
 [ 1  0 26  0  0  0  0  0  0  0  0  0  0  0  0  0  0  0  0  0]
 [ 0  1  0 24  0  0  0  0  0  0  0  0  0  0  0  0  0  0  0  0]
 [ 3  0  0  0 13  0  2  0  0  0  0  1  1  2  1  0  0  0  0  0]
 [ 0  0  0  0  0 11  0  0  0  0  1  0  0  0  0  0  0  0  0  0]
 [ 2  0  0  0  2  0  2  1  3  0  0  1  1  0  0  0  0  0  0  0]
 [ 2  0  0  0  0  0  0  5  1  0  1  0  1  0  0  0  0  0  0  0]
 [ 1  0  0  0  0  0  0  2  5  0  0  0  0  1  0  1  0  0  0  0]
 [ 1  0  0  0  0  0  0  0  0  4  1  0  0  0  0  2  0  2  0  0]
 [ 1  0  0  0  0  0  2  1  0  0 14  0  0  0  0  0  0  0  0  0]
 [ 0  0  0  0  0  0  1  0  1  0  0 16  0  0  0  0  0  0  0  1]
 [ 2  1  0  1  1  2  1  0  0  0  1  1 36  3  4  2  1  0  0  1]
 [ 0  1  0  0  0  0  1  0  0  0  1  1  2 18  1  0  0  0  0  0]
 [ 0  0  0  0  1  0  0  0  0  0  0  0  2  2 15  0  1  0  0  1]
 [ 0  1  0  0  0  0  1  0  3  0  0  0  2  0  0 13  0  0  0  1]
 [ 0  0  0  0  0  0  0  0  0  0  0  0  3  0  1  0 13  0  0  0]
 [ 0  0  0  0  0  0  0  0  0  1  1  0  1  0  0  0  0 12  0  0]
 [ 0  0  0  0  0  0  0  0  0  0  0  0  1  0  0  1  0  0 10  0]
 [ 0  0  0  0  0  0  0  0  0  0  0  0  0  1  1  0  0  0  0  8]]
2022-11-09 15:47:22,209 - ***** Evaluation results *****
2022-11-09 15:47:22,210 -   acc = 0.7101
2022-11-09 15:47:22,210 -   f1 = 0.6898
2022-11-09 15:47:22,210 -   prec = 0.69
2022-11-09 15:47:22,210 -   rec = 0.6952
2022-11-09 15:47:22,212 - Testing is finished...
2022-11-09 15:47:22,212 - Multimodal intent recognition is finished...
2022-11-09 15:47:22,212 - Results are saved in results\nmfir_bert.csv
