2022-11-05 11:07:44,331 - ============================== Params ==============================
2022-11-05 11:07:44,331 - logger_name: nmfir_MIntRec_multi-class_2022-11-05-11-07-44
2022-11-05 11:07:44,331 - dataset: MIntRec
2022-11-05 11:07:44,331 - data_mode: multi-class
2022-11-05 11:07:44,331 - method: nmfir
2022-11-05 11:07:44,331 - text_backbone: bert-base-uncased
2022-11-05 11:07:44,331 - seed: 0
2022-11-05 11:07:44,331 - num_workers: 0
2022-11-05 11:07:44,331 - gpu_id: 0
2022-11-05 11:07:44,331 - data_path: MIA-datasets
2022-11-05 11:07:44,331 - train: True
2022-11-05 11:07:44,331 - tune: False
2022-11-05 11:07:44,331 - save_model: True
2022-11-05 11:07:44,332 - save_results: True
2022-11-05 11:07:44,332 - log_path: logs
2022-11-05 11:07:44,332 - cache_path: cache
2022-11-05 11:07:44,332 - video_data_path: video_data
2022-11-05 11:07:44,332 - audio_data_path: audio_data
2022-11-05 11:07:44,332 - video_feats_path: video_feats.pkl
2022-11-05 11:07:44,332 - audio_feats_path: audio_feats.pkl
2022-11-05 11:07:44,332 - results_path: results
2022-11-05 11:07:44,332 - output_path: outputs
2022-11-05 11:07:44,332 - model_path: models
2022-11-05 11:07:44,332 - config_file_name: nmfir_bert
2022-11-05 11:07:44,332 - results_file_name: nmfir_bert.csv
2022-11-05 11:07:44,332 - padding_mode: zero
2022-11-05 11:07:44,332 - padding_loc: end
2022-11-05 11:07:44,332 - need_aligned: False
2022-11-05 11:07:44,332 - eval_monitor: f1
2022-11-05 11:07:44,332 - train_batch_size: 6
2022-11-05 11:07:44,332 - eval_batch_size: 6
2022-11-05 11:07:44,332 - test_batch_size: 4
2022-11-05 11:07:44,332 - wait_patience: 4
2022-11-05 11:07:44,332 - num_train_epochs: 100
2022-11-05 11:07:44,332 - rnncell: lstm
2022-11-05 11:07:44,332 - use_cmd_sim: False
2022-11-05 11:07:44,332 - reverse_grad_weight: 0.8
2022-11-05 11:07:44,332 - hidden_size: 256
2022-11-05 11:07:44,332 - dropout_rate: 0.1
2022-11-05 11:07:44,332 - diff_weight: 0.7
2022-11-05 11:07:44,332 - sim_weight: 0.7
2022-11-05 11:07:44,332 - recon_weight: 0.6
2022-11-05 11:07:44,332 - lr: 3e-05
2022-11-05 11:07:44,332 - grad_clip: -1.0
2022-11-05 11:07:44,332 - gamma: 0.5
2022-11-05 11:07:44,332 - common_hyper_param: {'common_param': {'padding_mode': 'zero', 'padding_loc': 'end', 'need_aligned': False, 'eval_monitor': 'f1', 'train_batch_size': 6, 'eval_batch_size': 6, 'test_batch_size': 4, 'wait_patience': 4}, 'hyper_param': {'num_train_epochs': 100, 'rnncell': 'lstm', 'use_cmd_sim': False, 'reverse_grad_weight': 0.8, 'hidden_size': 256, 'dropout_rate': 0.1, 'diff_weight': 0.7, 'sim_weight': 0.7, 'recon_weight': 0.6, 'lr': 3e-05, 'grad_clip': -1.0, 'gamma': 0.5}}
2022-11-05 11:07:44,332 - pred_output_path: outputs\nmfir_MIntRec_multi-class_2022-11-05-11-07-44
2022-11-05 11:07:44,332 - model_output_path: outputs\nmfir_MIntRec_multi-class_2022-11-05-11-07-44\models
2022-11-05 11:07:44,332 - ============================== End Params ==============================
2022-11-05 11:07:44,335 - Generate Text Features Begin...
2022-11-05 11:08:00,793 - Generate Text Features Finished...
2022-11-05 11:08:00,793 - Load Video Features Begin...
2022-11-05 11:08:01,336 - Load Video Features Finished...
2022-11-05 11:08:01,725 - Load Audio Features Begin...
2022-11-05 11:08:02,463 - Load Audio Features Finished...
2022-11-05 11:08:19,747 - Multimodal intent recognition begins...
2022-11-05 11:08:19,750 - Training begins...
2022-11-05 11:08:56,282 - ***** Epoch: 1: Eval results *****
2022-11-05 11:08:56,293 -   best_eval_score = 0.4166
2022-11-05 11:08:56,293 -   eval_score = 0.4166
2022-11-05 11:08:56,293 -   train_loss = 3.3116
2022-11-05 11:09:27,203 - ***** Epoch: 2: Eval results *****
2022-11-05 11:09:27,204 -   best_eval_score = 0.5806
2022-11-05 11:09:27,204 -   eval_score = 0.5806
2022-11-05 11:09:27,204 -   train_loss = 1.9552
2022-11-05 11:09:58,655 - ***** Epoch: 3: Eval results *****
2022-11-05 11:09:58,655 -   best_eval_score = 0.6338
2022-11-05 11:09:58,655 -   eval_score = 0.6338
2022-11-05 11:09:58,655 -   train_loss = 1.4024
2022-11-05 11:10:30,624 - ***** Epoch: 4: Eval results *****
2022-11-05 11:10:30,625 -   best_eval_score = 0.6524
2022-11-05 11:10:30,625 -   eval_score = 0.6524
2022-11-05 11:10:30,625 -   train_loss = 1.1392
2022-11-05 11:11:07,135 - ***** Epoch: 5: Eval results *****
2022-11-05 11:11:07,135 -   best_eval_score = 0.6637
2022-11-05 11:11:07,135 -   eval_score = 0.6637
2022-11-05 11:11:07,135 -   train_loss = 1.008
2022-11-05 11:11:42,254 - ***** Epoch: 6: Eval results *****
2022-11-05 11:11:42,254 -   best_eval_score = 0.6702
2022-11-05 11:11:42,254 -   eval_score = 0.6702
2022-11-05 11:11:42,254 -   train_loss = 0.8873
2022-11-05 11:12:15,795 - ***** Epoch: 7: Eval results *****
2022-11-05 11:12:15,795 -   best_eval_score = 0.6791
2022-11-05 11:12:15,795 -   eval_score = 0.6791
2022-11-05 11:12:15,795 -   train_loss = 0.8474
2022-11-05 11:12:48,151 - ***** Epoch: 8: Eval results *****
2022-11-05 11:12:48,151 -   best_eval_score = 0.6816
2022-11-05 11:12:48,151 -   eval_score = 0.6816
2022-11-05 11:12:48,151 -   train_loss = 0.8194
2022-11-05 11:13:20,880 - EarlyStopping counter: 1 out of 4
2022-11-05 11:13:20,880 - ***** Epoch: 9: Eval results *****
2022-11-05 11:13:20,880 -   best_eval_score = 0.6816
2022-11-05 11:13:20,880 -   eval_score = 0.6753
2022-11-05 11:13:20,880 -   train_loss = 0.8176
2022-11-05 11:13:52,089 - EarlyStopping counter: 2 out of 4
2022-11-05 11:13:52,089 - ***** Epoch: 10: Eval results *****
2022-11-05 11:13:52,089 -   best_eval_score = 0.6816
2022-11-05 11:13:52,089 -   eval_score = 0.6761
2022-11-05 11:13:52,089 -   train_loss = 0.8007
2022-11-05 11:14:24,320 - EarlyStopping counter: 3 out of 4
2022-11-05 11:14:24,320 - ***** Epoch: 11: Eval results *****
2022-11-05 11:14:24,320 -   best_eval_score = 0.6816
2022-11-05 11:14:24,320 -   eval_score = 0.6731
2022-11-05 11:14:24,320 -   train_loss = 0.7916
2022-11-05 11:14:57,276 - EarlyStopping counter: 4 out of 4
2022-11-05 11:14:57,276 - ***** Epoch: 12: Eval results *****
2022-11-05 11:14:57,276 -   best_eval_score = 0.6816
2022-11-05 11:14:57,276 -   eval_score = 0.6756
2022-11-05 11:14:57,276 -   train_loss = 0.7903
2022-11-05 11:14:57,276 - EarlyStopping at epoch 12
2022-11-05 11:14:57,276 - Trained models are saved in outputs\nmfir_MIntRec_multi-class_2022-11-05-11-07-44\models
2022-11-05 11:14:58,203 - Training is finished...
2022-11-05 11:14:58,203 - Testing begins...
2022-11-05 11:15:01,125 - ***** Test: Confusion Matrix *****
2022-11-05 11:15:01,130 - [[32  2  0  0  7  0  1  1  2  4  0  0  6  2  0  0  0  0  0  0]
 [ 0 37  0  1  0  0  2  0  0  0  0  0  2  1  0  0  0  0  0  0]
 [ 1  0 26  0  0  0  0  0  0  0  0  0  0  0  0  0  0  0  0  0]
 [ 0  0  0 25  0  0  0  0  0  0  0  0  0  0  0  0  0  0  0  0]
 [ 2  0  0  0 15  0  3  0  1  1  0  1  0  0  0  0  0  0  0  0]
 [ 0  0  0  0  0 12  0  0  0  0  0  0  0  0  0  0  0  0  0  0]
 [ 2  1  0  0  1  0  2  0  4  0  0  0  1  0  1  0  0  0  0  0]
 [ 4  0  0  0  0  1  0  4  1  0  0  0  0  0  0  0  0  0  0  0]
 [ 0  0  0  0  0  0  1  2  6  0  0  0  0  1  0  0  0  0  0  0]
 [ 1  0  0  0  0  0  1  0  0  3  1  0  0  0  0  3  0  1  0  0]
 [ 2  0  0  0  0  0  0  0  0  1 15  0  0  0  0  0  0  0  0  0]
 [ 0  0  0  0  0  0  2  0  0  0  0 17  0  0  0  0  0  0  0  0]
 [ 3  0  0  1  1  0  1  0  4  0  1  0 39  1  4  1  0  1  0  0]
 [ 0  0  0  0  0  0  1  0  0  0  1  1  0 22  0  0  0  0  0  0]
 [ 0  0  1  0  1  0  0  0  1  0  0  0  1  4 12  0  1  0  0  1]
 [ 0  0  0  0  0  0  0  0  3  0  0  0  2  1  1 14  0  0  0  0]
 [ 0  0  0  0  0  0  0  0  0  0  0  0  3  0  1  0 13  0  0  0]
 [ 0  0  0  0  0  0  0  0  0  1  0  0  1  0  0  0  0 13  0  0]
 [ 0  0  0  0  0  0  0  0  0  0  0  0  2  0  0  1  0  0  9  0]
 [ 0  0  0  0  0  0  0  0  0  0  0  0  1  1  1  0  0  0  0  7]]
2022-11-05 11:15:01,131 - ***** Evaluation results *****
2022-11-05 11:15:01,131 -   acc = 0.7258
2022-11-05 11:15:01,131 -   f1 = 0.7046
2022-11-05 11:15:01,131 -   prec = 0.719
2022-11-05 11:15:01,131 -   rec = 0.7045
2022-11-05 11:15:01,134 - Testing is finished...
2022-11-05 11:15:01,134 - Multimodal intent recognition is finished...
2022-11-05 11:15:01,134 - Results are saved in results\nmfir_bert.csv
