2022-11-05 16:09:53,495 - ============================== Params ==============================
2022-11-05 16:09:53,496 - logger_name: nmfir_MIntRec_binary-class_2022-11-05-16-09-53
2022-11-05 16:09:53,496 - dataset: MIntRec
2022-11-05 16:09:53,496 - data_mode: binary-class
2022-11-05 16:09:53,496 - method: nmfir
2022-11-05 16:09:53,496 - text_backbone: bert-base-uncased
2022-11-05 16:09:53,496 - seed: 0
2022-11-05 16:09:53,496 - num_workers: 0
2022-11-05 16:09:53,496 - gpu_id: 0
2022-11-05 16:09:53,496 - data_path: MIA-datasets
2022-11-05 16:09:53,496 - train: True
2022-11-05 16:09:53,496 - tune: False
2022-11-05 16:09:53,496 - save_model: True
2022-11-05 16:09:53,496 - save_results: True
2022-11-05 16:09:53,496 - log_path: logs
2022-11-05 16:09:53,496 - cache_path: cache
2022-11-05 16:09:53,496 - video_data_path: video_data
2022-11-05 16:09:53,496 - audio_data_path: audio_data
2022-11-05 16:09:53,496 - video_feats_path: video_feats.pkl
2022-11-05 16:09:53,496 - audio_feats_path: audio_feats.pkl
2022-11-05 16:09:53,496 - results_path: results
2022-11-05 16:09:53,496 - output_path: outputs
2022-11-05 16:09:53,496 - model_path: models
2022-11-05 16:09:53,496 - config_file_name: nmfir_bert_bi
2022-11-05 16:09:53,496 - results_file_name: nmfir_bert_bi.csv
2022-11-05 16:09:53,496 - padding_mode: zero
2022-11-05 16:09:53,496 - padding_loc: end
2022-11-05 16:09:53,496 - need_aligned: False
2022-11-05 16:09:53,496 - eval_monitor: f1
2022-11-05 16:09:53,496 - train_batch_size: 6
2022-11-05 16:09:53,496 - eval_batch_size: 6
2022-11-05 16:09:53,496 - test_batch_size: 4
2022-11-05 16:09:53,496 - wait_patience: 4
2022-11-05 16:09:53,496 - num_train_epochs: 100
2022-11-05 16:09:53,497 - rnncell: lstm
2022-11-05 16:09:53,497 - use_cmd_sim: False
2022-11-05 16:09:53,497 - reverse_grad_weight: 0.8
2022-11-05 16:09:53,497 - hidden_size: 256
2022-11-05 16:09:53,497 - dropout_rate: 0.1
2022-11-05 16:09:53,497 - diff_weight: 0.7
2022-11-05 16:09:53,497 - sim_weight: 0.7
2022-11-05 16:09:53,497 - recon_weight: 0.6
2022-11-05 16:09:53,497 - lr: 3e-05
2022-11-05 16:09:53,497 - grad_clip: -1
2022-11-05 16:09:53,497 - gamma: 0.5
2022-11-05 16:09:53,497 - common_hyper_param: {'common_param': {'padding_mode': 'zero', 'padding_loc': 'end', 'need_aligned': False, 'eval_monitor': 'f1', 'train_batch_size': 6, 'eval_batch_size': 6, 'test_batch_size': 4, 'wait_patience': 4}, 'hyper_param': {'num_train_epochs': 100, 'rnncell': 'lstm', 'use_cmd_sim': False, 'reverse_grad_weight': 0.8, 'hidden_size': 256, 'dropout_rate': 0.1, 'diff_weight': 0.7, 'sim_weight': 0.7, 'recon_weight': 0.6, 'lr': 3e-05, 'grad_clip': -1, 'gamma': 0.5}}
2022-11-05 16:09:53,497 - pred_output_path: outputs\nmfir_MIntRec_binary-class_2022-11-05-16-09-53
2022-11-05 16:09:53,497 - model_output_path: outputs\nmfir_MIntRec_binary-class_2022-11-05-16-09-53\models
2022-11-05 16:09:53,497 - ============================== End Params ==============================
2022-11-05 16:09:53,508 - Generate Text Features Begin...
2022-11-05 16:10:09,847 - Generate Text Features Finished...
2022-11-05 16:10:09,848 - Load Video Features Begin...
2022-11-05 16:10:10,320 - Load Video Features Finished...
2022-11-05 16:10:10,673 - Load Audio Features Begin...
2022-11-05 16:10:11,372 - Load Audio Features Finished...
2022-11-05 16:10:28,865 - Multimodal intent recognition begins...
2022-11-05 16:10:28,868 - Training begins...
2022-11-05 16:11:05,723 - ***** Epoch: 1: Eval results *****
2022-11-05 16:11:05,731 -   best_eval_score = 0.8889
2022-11-05 16:11:05,731 -   eval_score = 0.8889
2022-11-05 16:11:05,731 -   train_loss = 1.4127
2022-11-05 16:11:37,810 - EarlyStopping counter: 1 out of 4
2022-11-05 16:11:37,810 - ***** Epoch: 2: Eval results *****
2022-11-05 16:11:37,811 -   best_eval_score = 0.8889
2022-11-05 16:11:37,811 -   eval_score = 0.882
2022-11-05 16:11:37,811 -   train_loss = 0.9922
2022-11-05 16:12:09,686 - ***** Epoch: 3: Eval results *****
2022-11-05 16:12:09,686 -   best_eval_score = 0.9106
2022-11-05 16:12:09,686 -   eval_score = 0.9106
2022-11-05 16:12:09,688 -   train_loss = 0.8671
2022-11-05 16:12:41,377 - EarlyStopping counter: 1 out of 4
2022-11-05 16:12:41,378 - ***** Epoch: 4: Eval results *****
2022-11-05 16:12:41,378 -   best_eval_score = 0.9106
2022-11-05 16:12:41,378 -   eval_score = 0.9022
2022-11-05 16:12:41,378 -   train_loss = 0.8247
2022-11-05 16:13:14,233 - EarlyStopping counter: 2 out of 4
2022-11-05 16:13:14,233 - ***** Epoch: 5: Eval results *****
2022-11-05 16:13:14,233 -   best_eval_score = 0.9106
2022-11-05 16:13:14,233 -   eval_score = 0.9019
2022-11-05 16:13:14,233 -   train_loss = 0.8159
2022-11-05 16:13:47,789 - EarlyStopping counter: 3 out of 4
2022-11-05 16:13:47,790 - ***** Epoch: 6: Eval results *****
2022-11-05 16:13:47,790 -   best_eval_score = 0.9106
2022-11-05 16:13:47,790 -   eval_score = 0.9068
2022-11-05 16:13:47,790 -   train_loss = 0.7991
2022-11-05 16:14:22,291 - EarlyStopping counter: 4 out of 4
2022-11-05 16:14:22,291 - ***** Epoch: 7: Eval results *****
2022-11-05 16:14:22,291 -   best_eval_score = 0.9106
2022-11-05 16:14:22,291 -   eval_score = 0.9065
2022-11-05 16:14:22,291 -   train_loss = 0.7978
2022-11-05 16:14:22,291 - EarlyStopping at epoch 7
2022-11-05 16:14:22,291 - Trained models are saved in outputs\nmfir_MIntRec_binary-class_2022-11-05-16-09-53\models
2022-11-05 16:14:23,234 - Training is finished...
2022-11-05 16:14:23,234 - Testing begins...
2022-11-05 16:14:25,983 - ***** Test: Confusion Matrix *****
2022-11-05 16:14:25,985 - [[219  29]
 [ 28 169]]
2022-11-05 16:14:25,986 - ***** Evaluation results *****
2022-11-05 16:14:25,986 -   acc = 0.8719
2022-11-05 16:14:25,986 -   f1 = 0.8703
2022-11-05 16:14:25,986 -   prec = 0.8701
2022-11-05 16:14:25,986 -   rec = 0.8705
2022-11-05 16:14:25,989 - Testing is finished...
2022-11-05 16:14:25,989 - Multimodal intent recognition is finished...
2022-11-05 16:14:25,989 - Results are saved in results\nmfir_bert_bi.csv
