2022-11-09 15:48:09,408 - ============================== Params ==============================
2022-11-09 15:48:09,408 - logger_name: nmfir_MIntRec_multi-class_2022-11-09-15-48-09
2022-11-09 15:48:09,408 - dataset: MIntRec
2022-11-09 15:48:09,408 - data_mode: multi-class
2022-11-09 15:48:09,408 - method: nmfir
2022-11-09 15:48:09,408 - text_backbone: bert-base-uncased
2022-11-09 15:48:09,408 - seed: 0
2022-11-09 15:48:09,408 - num_workers: 0
2022-11-09 15:48:09,408 - gpu_id: 0
2022-11-09 15:48:09,408 - data_path: MIA-datasets
2022-11-09 15:48:09,408 - train: True
2022-11-09 15:48:09,408 - tune: False
2022-11-09 15:48:09,408 - save_model: True
2022-11-09 15:48:09,408 - save_results: True
2022-11-09 15:48:09,408 - log_path: logs
2022-11-09 15:48:09,408 - cache_path: cache
2022-11-09 15:48:09,408 - video_data_path: video_data
2022-11-09 15:48:09,409 - audio_data_path: audio_data
2022-11-09 15:48:09,409 - video_feats_path: video_feats.pkl
2022-11-09 15:48:09,409 - audio_feats_path: audio_feats.pkl
2022-11-09 15:48:09,409 - results_path: results
2022-11-09 15:48:09,409 - output_path: outputs
2022-11-09 15:48:09,409 - model_path: models
2022-11-09 15:48:09,409 - config_file_name: nmfir_bert
2022-11-09 15:48:09,409 - results_file_name: nmfir_bert.csv
2022-11-09 15:48:09,409 - padding_mode: zero
2022-11-09 15:48:09,409 - padding_loc: end
2022-11-09 15:48:09,409 - need_aligned: False
2022-11-09 15:48:09,409 - eval_monitor: f1
2022-11-09 15:48:09,409 - train_batch_size: 6
2022-11-09 15:48:09,409 - eval_batch_size: 6
2022-11-09 15:48:09,409 - test_batch_size: 4
2022-11-09 15:48:09,409 - wait_patience: 4
2022-11-09 15:48:09,409 - num_train_epochs: 100
2022-11-09 15:48:09,409 - use_cmd_sim: True
2022-11-09 15:48:09,409 - reverse_grad_weight: 0.8
2022-11-09 15:48:09,409 - hidden_size: 256
2022-11-09 15:48:09,409 - dropout_rate: 0.1
2022-11-09 15:48:09,409 - diff_weight: 0.7
2022-11-09 15:48:09,409 - sim_weight: 0.7
2022-11-09 15:48:09,409 - recon_weight: 0.6
2022-11-09 15:48:09,409 - lr: 3e-05
2022-11-09 15:48:09,409 - grad_clip: -1.0
2022-11-09 15:48:09,409 - gamma: 0.5
2022-11-09 15:48:09,409 - common_hyper_param: {'common_param': {'padding_mode': 'zero', 'padding_loc': 'end', 'need_aligned': False, 'eval_monitor': 'f1', 'train_batch_size': 6, 'eval_batch_size': 6, 'test_batch_size': 4, 'wait_patience': 4}, 'hyper_param': {'num_train_epochs': 100, 'use_cmd_sim': True, 'reverse_grad_weight': 0.8, 'hidden_size': 256, 'dropout_rate': 0.1, 'diff_weight': 0.7, 'sim_weight': 0.7, 'recon_weight': 0.6, 'lr': 3e-05, 'grad_clip': -1.0, 'gamma': 0.5}}
2022-11-09 15:48:09,409 - pred_output_path: outputs\nmfir_MIntRec_multi-class_2022-11-09-15-48-09
2022-11-09 15:48:09,409 - model_output_path: outputs\nmfir_MIntRec_multi-class_2022-11-09-15-48-09\models
2022-11-09 15:48:09,409 - ============================== End Params ==============================
2022-11-09 15:48:09,414 - Generate Text Features Begin...
2022-11-09 15:48:25,921 - Generate Text Features Finished...
2022-11-09 15:48:25,921 - Load Video Features Begin...
2022-11-09 15:48:26,322 - Load Video Features Finished...
2022-11-09 15:48:26,704 - Load Audio Features Begin...
2022-11-09 15:48:27,446 - Load Audio Features Finished...
2022-11-09 15:48:49,676 - Multimodal intent recognition begins...
2022-11-09 15:48:49,679 - Training begins...
2022-11-09 15:49:35,739 - ***** Epoch: 1: Eval results *****
2022-11-09 15:49:35,751 -   best_eval_score = 0.4527
2022-11-09 15:49:35,751 -   eval_score = 0.4527
2022-11-09 15:49:35,751 -   train_loss = 3.0997
2022-11-09 15:50:11,210 - ***** Epoch: 2: Eval results *****
2022-11-09 15:50:11,210 -   best_eval_score = 0.6059
2022-11-09 15:50:11,211 -   eval_score = 0.6059
2022-11-09 15:50:11,211 -   train_loss = 1.5405
2022-11-09 15:50:46,044 - ***** Epoch: 3: Eval results *****
2022-11-09 15:50:46,044 -   best_eval_score = 0.6211
2022-11-09 15:50:46,044 -   eval_score = 0.6211
2022-11-09 15:50:46,044 -   train_loss = 0.8184
2022-11-09 15:51:21,481 - ***** Epoch: 4: Eval results *****
2022-11-09 15:51:21,482 -   best_eval_score = 0.6538
2022-11-09 15:51:21,489 -   eval_score = 0.6538
2022-11-09 15:51:21,489 -   train_loss = 0.4816
2022-11-09 15:51:55,385 - EarlyStopping counter: 1 out of 4
2022-11-09 15:51:55,385 - ***** Epoch: 5: Eval results *****
2022-11-09 15:51:55,385 -   best_eval_score = 0.6538
2022-11-09 15:51:55,386 -   eval_score = 0.6448
2022-11-09 15:51:55,386 -   train_loss = 0.2992
2022-11-09 15:52:30,868 - EarlyStopping counter: 2 out of 4
2022-11-09 15:52:30,868 - ***** Epoch: 6: Eval results *****
2022-11-09 15:52:30,868 -   best_eval_score = 0.6538
2022-11-09 15:52:30,868 -   eval_score = 0.6437
2022-11-09 15:52:30,868 -   train_loss = 0.2107
2022-11-09 15:53:09,335 - ***** Epoch: 7: Eval results *****
2022-11-09 15:53:09,335 -   best_eval_score = 0.6695
2022-11-09 15:53:09,335 -   eval_score = 0.6695
2022-11-09 15:53:09,335 -   train_loss = 0.1454
2022-11-09 15:53:47,844 - EarlyStopping counter: 1 out of 4
2022-11-09 15:53:47,844 - ***** Epoch: 8: Eval results *****
2022-11-09 15:53:47,844 -   best_eval_score = 0.6695
2022-11-09 15:53:47,844 -   eval_score = 0.6641
2022-11-09 15:53:47,844 -   train_loss = 0.1268
2022-11-09 15:54:23,361 - ***** Epoch: 9: Eval results *****
2022-11-09 15:54:23,361 -   best_eval_score = 0.6716
2022-11-09 15:54:23,361 -   eval_score = 0.6716
2022-11-09 15:54:23,361 -   train_loss = 0.1182
2022-11-09 15:54:57,335 - EarlyStopping counter: 1 out of 4
2022-11-09 15:54:57,336 - ***** Epoch: 10: Eval results *****
2022-11-09 15:54:57,336 -   best_eval_score = 0.6716
2022-11-09 15:54:57,336 -   eval_score = 0.6673
2022-11-09 15:54:57,336 -   train_loss = 0.111
2022-11-09 15:55:31,104 - ***** Epoch: 11: Eval results *****
2022-11-09 15:55:31,104 -   best_eval_score = 0.6724
2022-11-09 15:55:31,104 -   eval_score = 0.6724
2022-11-09 15:55:31,104 -   train_loss = 0.1055
2022-11-09 15:56:04,733 - EarlyStopping counter: 1 out of 4
2022-11-09 15:56:04,739 - ***** Epoch: 12: Eval results *****
2022-11-09 15:56:04,739 -   best_eval_score = 0.6724
2022-11-09 15:56:04,739 -   eval_score = 0.6695
2022-11-09 15:56:04,740 -   train_loss = 0.1026
2022-11-09 15:56:38,209 - EarlyStopping counter: 2 out of 4
2022-11-09 15:56:38,209 - ***** Epoch: 13: Eval results *****
2022-11-09 15:56:38,209 -   best_eval_score = 0.6724
2022-11-09 15:56:38,209 -   eval_score = 0.6692
2022-11-09 15:56:38,209 -   train_loss = 0.098
2022-11-09 15:57:10,852 - EarlyStopping counter: 3 out of 4
2022-11-09 15:57:10,852 - ***** Epoch: 14: Eval results *****
2022-11-09 15:57:10,852 -   best_eval_score = 0.6724
2022-11-09 15:57:10,852 -   eval_score = 0.6674
2022-11-09 15:57:10,852 -   train_loss = 0.0981
2022-11-09 15:57:43,352 - EarlyStopping counter: 4 out of 4
2022-11-09 15:57:43,352 - ***** Epoch: 15: Eval results *****
2022-11-09 15:57:43,352 -   best_eval_score = 0.6724
2022-11-09 15:57:43,352 -   eval_score = 0.6671
2022-11-09 15:57:43,352 -   train_loss = 0.0969
2022-11-09 15:57:43,352 - EarlyStopping at epoch 15
2022-11-09 15:57:43,353 - Trained models are saved in outputs\nmfir_MIntRec_multi-class_2022-11-09-15-48-09\models
2022-11-09 15:57:44,181 - Training is finished...
2022-11-09 15:57:44,181 - Testing begins...
2022-11-09 15:57:46,982 - ***** Test: Confusion Matrix *****
2022-11-09 15:57:46,986 - [[35  0  0  0  8  0  0  0  1  5  0  0  6  2  0  0  0  0  0  0]
 [ 0 40  0  1  0  0  0  0  1  0  0  0  1  0  0  0  0  0  0  0]
 [ 0  0 27  0  0  0  0  0  0  0  0  0  0  0  0  0  0  0  0  0]
 [ 0  0  0 25  0  0  0  0  0  0  0  0  0  0  0  0  0  0  0  0]
 [ 1  0  0  0 13  0  2  0  0  1  0  1  1  2  1  0  0  1  0  0]
 [ 0  0  0  0  0 11  0  0  0  0  0  0  0  0  0  0  1  0  0  0]
 [ 2  0  0  0  1  0  1  1  4  1  0  1  1  0  0  0  0  0  0  0]
 [ 3  1  0  0  0  0  0  5  0  1  0  0  0  0  0  0  0  0  0  0]
 [ 2  0  0  0  0  0  2  2  2  0  0  0  0  1  0  1  0  0  0  0]
 [ 1  0  0  0  0  0  0  1  0  3  0  0  0  0  0  3  0  2  0  0]
 [ 1  0  0  0  0  0  1  0  0  3 13  0  0  0  0  0  0  0  0  0]
 [ 0  0  0  0  0  0  1  0  0  0  0 17  0  0  0  0  0  0  0  1]
 [ 4  3  0  1  1  0  2  0  0  0  0  0 41  3  1  0  1  0  0  0]
 [ 1  1  0  0  0  0  2  0  0  0  2  1  0 17  1  0  0  0  0  0]
 [ 0  0  0  0  1  0  0  0  0  0  0  0  1  3 13  0  1  0  0  3]
 [ 0  0  0  0  0  0  0  0  1  0  0  0  3  0  0 16  0  0  0  1]
 [ 1  0  0  0  0  0  0  0  0  0  0  0  2  0  1  0 13  0  0  0]
 [ 0  0  0  0  0  0  0  0  0  1  1  0  1  0  0  0  0 12  0  0]
 [ 0  0  0  0  0  0  0  0  0  0  0  0  1  0  0  1  0  0 10  0]
 [ 1  0  0  0  0  0  0  0  0  0  0  0  0  1  1  0  0  0  0  7]]
2022-11-09 15:57:46,986 - ***** Evaluation results *****
2022-11-09 15:57:46,987 -   acc = 0.7213
2022-11-09 15:57:46,987 -   f1 = 0.6805
2022-11-09 15:57:46,987 -   prec = 0.6867
2022-11-09 15:57:46,987 -   rec = 0.6788
2022-11-09 15:57:46,989 - Testing is finished...
2022-11-09 15:57:46,989 - Multimodal intent recognition is finished...
2022-11-09 15:57:46,989 - Results are saved in results\nmfir_bert.csv
