2022-11-05 16:52:22,948 - ============================== Params ==============================
2022-11-05 16:52:22,948 - logger_name: nmfir_MIntRec_binary-class_2022-11-05-16-52-22
2022-11-05 16:52:22,949 - dataset: MIntRec
2022-11-05 16:52:22,949 - data_mode: binary-class
2022-11-05 16:52:22,949 - method: nmfir
2022-11-05 16:52:22,949 - text_backbone: bert-base-uncased
2022-11-05 16:52:22,949 - seed: 0
2022-11-05 16:52:22,949 - num_workers: 0
2022-11-05 16:52:22,949 - gpu_id: 0
2022-11-05 16:52:22,949 - data_path: MIA-datasets
2022-11-05 16:52:22,949 - train: True
2022-11-05 16:52:22,949 - tune: False
2022-11-05 16:52:22,949 - save_model: True
2022-11-05 16:52:22,949 - save_results: True
2022-11-05 16:52:22,949 - log_path: logs
2022-11-05 16:52:22,949 - cache_path: cache
2022-11-05 16:52:22,949 - video_data_path: video_data
2022-11-05 16:52:22,949 - audio_data_path: audio_data
2022-11-05 16:52:22,949 - video_feats_path: video_feats.pkl
2022-11-05 16:52:22,949 - audio_feats_path: audio_feats.pkl
2022-11-05 16:52:22,949 - results_path: results
2022-11-05 16:52:22,949 - output_path: outputs
2022-11-05 16:52:22,949 - model_path: models
2022-11-05 16:52:22,949 - config_file_name: nmfir_bert_bi
2022-11-05 16:52:22,949 - results_file_name: nmfir_bert_bi.csv
2022-11-05 16:52:22,949 - padding_mode: zero
2022-11-05 16:52:22,949 - padding_loc: end
2022-11-05 16:52:22,949 - need_aligned: False
2022-11-05 16:52:22,949 - eval_monitor: f1
2022-11-05 16:52:22,949 - train_batch_size: 6
2022-11-05 16:52:22,949 - eval_batch_size: 6
2022-11-05 16:52:22,949 - test_batch_size: 4
2022-11-05 16:52:22,949 - wait_patience: 4
2022-11-05 16:52:22,949 - num_train_epochs: 100
2022-11-05 16:52:22,949 - rnncell: lstm
2022-11-05 16:52:22,949 - use_cmd_sim: False
2022-11-05 16:52:22,949 - reverse_grad_weight: 0.8
2022-11-05 16:52:22,949 - hidden_size: 256
2022-11-05 16:52:22,949 - dropout_rate: 0.2
2022-11-05 16:52:22,949 - diff_weight: 0.7
2022-11-05 16:52:22,950 - sim_weight: 0.7
2022-11-05 16:52:22,950 - recon_weight: 0.6
2022-11-05 16:52:22,950 - lr: 3e-05
2022-11-05 16:52:22,950 - grad_clip: -1
2022-11-05 16:52:22,950 - gamma: 0.5
2022-11-05 16:52:22,950 - common_hyper_param: {'common_param': {'padding_mode': 'zero', 'padding_loc': 'end', 'need_aligned': False, 'eval_monitor': 'f1', 'train_batch_size': 6, 'eval_batch_size': 6, 'test_batch_size': 4, 'wait_patience': 4}, 'hyper_param': {'num_train_epochs': 100, 'rnncell': 'lstm', 'use_cmd_sim': False, 'reverse_grad_weight': 0.8, 'hidden_size': 256, 'dropout_rate': 0.2, 'diff_weight': 0.7, 'sim_weight': 0.7, 'recon_weight': 0.6, 'lr': 3e-05, 'grad_clip': -1, 'gamma': 0.5}}
2022-11-05 16:52:22,950 - pred_output_path: outputs\nmfir_MIntRec_binary-class_2022-11-05-16-52-22
2022-11-05 16:52:22,950 - model_output_path: outputs\nmfir_MIntRec_binary-class_2022-11-05-16-52-22\models
2022-11-05 16:52:22,950 - ============================== End Params ==============================
2022-11-05 16:52:22,954 - Generate Text Features Begin...
2022-11-05 16:52:39,104 - Generate Text Features Finished...
2022-11-05 16:52:39,104 - Load Video Features Begin...
2022-11-05 16:52:39,508 - Load Video Features Finished...
2022-11-05 16:52:39,860 - Load Audio Features Begin...
2022-11-05 16:52:40,961 - Load Audio Features Finished...
2022-11-05 16:53:00,277 - Multimodal intent recognition begins...
2022-11-05 16:53:00,279 - Training begins...
2022-11-05 16:53:38,371 - ***** Epoch: 1: Eval results *****
2022-11-05 16:53:38,383 -   best_eval_score = 0.9021
2022-11-05 16:53:38,383 -   eval_score = 0.9021
2022-11-05 16:53:38,383 -   train_loss = 1.4203
2022-11-05 16:54:10,248 - EarlyStopping counter: 1 out of 4
2022-11-05 16:54:10,248 - ***** Epoch: 2: Eval results *****
2022-11-05 16:54:10,248 -   best_eval_score = 0.9021
2022-11-05 16:54:10,248 -   eval_score = 0.8627
2022-11-05 16:54:10,248 -   train_loss = 0.989
2022-11-05 16:54:41,869 - EarlyStopping counter: 2 out of 4
2022-11-05 16:54:41,870 - ***** Epoch: 3: Eval results *****
2022-11-05 16:54:41,870 -   best_eval_score = 0.9021
2022-11-05 16:54:41,870 -   eval_score = 0.8819
2022-11-05 16:54:41,870 -   train_loss = 0.8554
2022-11-05 16:55:13,267 - EarlyStopping counter: 3 out of 4
2022-11-05 16:55:13,268 - ***** Epoch: 4: Eval results *****
2022-11-05 16:55:13,268 -   best_eval_score = 0.9021
2022-11-05 16:55:13,268 -   eval_score = 0.8995
2022-11-05 16:55:13,268 -   train_loss = 0.8248
2022-11-05 16:55:44,398 - EarlyStopping counter: 4 out of 4
2022-11-05 16:55:44,398 - ***** Epoch: 5: Eval results *****
2022-11-05 16:55:44,398 -   best_eval_score = 0.9021
2022-11-05 16:55:44,398 -   eval_score = 0.8988
2022-11-05 16:55:44,398 -   train_loss = 0.8168
2022-11-05 16:55:44,398 - EarlyStopping at epoch 5
2022-11-05 16:55:44,398 - Trained models are saved in outputs\nmfir_MIntRec_binary-class_2022-11-05-16-52-22\models
2022-11-05 16:55:45,174 - Training is finished...
2022-11-05 16:55:45,175 - Testing begins...
2022-11-05 16:55:47,720 - ***** Test: Confusion Matrix *****
2022-11-05 16:55:47,722 - [[212  36]
 [ 31 166]]
2022-11-05 16:55:47,722 - ***** Evaluation results *****
2022-11-05 16:55:47,723 -   acc = 0.8494
2022-11-05 16:55:47,723 -   f1 = 0.8478
2022-11-05 16:55:47,723 -   prec = 0.8471
2022-11-05 16:55:47,723 -   rec = 0.8487
2022-11-05 16:55:47,724 - Testing is finished...
2022-11-05 16:55:47,724 - Multimodal intent recognition is finished...
2022-11-05 16:55:47,724 - Results are saved in results\nmfir_bert_bi.csv
