2022-11-18 12:03:21,720 - ============================== Params ==============================
2022-11-18 12:03:21,720 - logger_name: nmfir_MIntRec_multi-class_2022-11-18-12-03-21
2022-11-18 12:03:21,720 - dataset: MIntRec
2022-11-18 12:03:21,720 - data_mode: multi-class
2022-11-18 12:03:21,720 - method: nmfir
2022-11-18 12:03:21,720 - text_backbone: bert-base-uncased
2022-11-18 12:03:21,720 - seed: 0
2022-11-18 12:03:21,720 - num_workers: 0
2022-11-18 12:03:21,720 - gpu_id: 0
2022-11-18 12:03:21,720 - data_path: MIA-datasets
2022-11-18 12:03:21,720 - train: True
2022-11-18 12:03:21,720 - tune: False
2022-11-18 12:03:21,720 - save_model: True
2022-11-18 12:03:21,720 - save_results: True
2022-11-18 12:03:21,720 - log_path: logs
2022-11-18 12:03:21,720 - cache_path: cache
2022-11-18 12:03:21,720 - video_data_path: video_data
2022-11-18 12:03:21,720 - audio_data_path: audio_data
2022-11-18 12:03:21,720 - video_feats_path: video_feats.pkl
2022-11-18 12:03:21,720 - audio_feats_path: audio_feats.pkl
2022-11-18 12:03:21,720 - results_path: results
2022-11-18 12:03:21,720 - output_path: outputs
2022-11-18 12:03:21,720 - model_path: models
2022-11-18 12:03:21,721 - config_file_name: nmfir_bert
2022-11-18 12:03:21,721 - results_file_name: nmfir_bert.csv
2022-11-18 12:03:21,721 - padding_mode: zero
2022-11-18 12:03:21,721 - padding_loc: end
2022-11-18 12:03:21,721 - need_aligned: False
2022-11-18 12:03:21,721 - eval_monitor: f1
2022-11-18 12:03:21,721 - train_batch_size: 6
2022-11-18 12:03:21,721 - eval_batch_size: 6
2022-11-18 12:03:21,721 - test_batch_size: 4
2022-11-18 12:03:21,721 - wait_patience: 4
2022-11-18 12:03:21,721 - num_train_epochs: 100
2022-11-18 12:03:21,721 - use_cmd_sim: False
2022-11-18 12:03:21,721 - reverse_grad_weight: 0.8
2022-11-18 12:03:21,721 - hidden_size: 256
2022-11-18 12:03:21,721 - dropout_rate: 0.1
2022-11-18 12:03:21,721 - diff_weight: 0.7
2022-11-18 12:03:21,721 - sim_weight: 0.7
2022-11-18 12:03:21,721 - recon_weight: 0.6
2022-11-18 12:03:21,721 - lr: 3e-05
2022-11-18 12:03:21,721 - grad_clip: -1.0
2022-11-18 12:03:21,721 - gamma: 0.5
2022-11-18 12:03:21,721 - common_hyper_param: {'common_param': {'padding_mode': 'zero', 'padding_loc': 'end', 'need_aligned': False, 'eval_monitor': 'f1', 'train_batch_size': 6, 'eval_batch_size': 6, 'test_batch_size': 4, 'wait_patience': 4}, 'hyper_param': {'num_train_epochs': 100, 'use_cmd_sim': False, 'reverse_grad_weight': 0.8, 'hidden_size': 256, 'dropout_rate': 0.1, 'diff_weight': 0.7, 'sim_weight': 0.7, 'recon_weight': 0.6, 'lr': 3e-05, 'grad_clip': -1.0, 'gamma': 0.5}}
2022-11-18 12:03:21,721 - pred_output_path: outputs\nmfir_MIntRec_multi-class_2022-11-18-12-03-21
2022-11-18 12:03:21,721 - model_output_path: outputs\nmfir_MIntRec_multi-class_2022-11-18-12-03-21\models
2022-11-18 12:03:21,721 - ============================== End Params ==============================
2022-11-18 12:03:21,724 - Generate Text Features Begin...
2022-11-18 12:03:37,760 - Generate Text Features Finished...
2022-11-18 12:03:37,761 - Load Video Features Begin...
2022-11-18 12:03:38,186 - Load Video Features Finished...
2022-11-18 12:03:38,539 - Load Audio Features Begin...
2022-11-18 12:03:39,252 - Load Audio Features Finished...
2022-11-18 12:03:50,194 - Multimodal intent recognition begins...
2022-11-18 12:03:50,197 - Training begins...
2022-11-18 12:04:03,168 - ***** Epoch: 1: Eval results *****
2022-11-18 12:04:03,175 -   best_eval_score = 0.0301
2022-11-18 12:04:03,175 -   eval_score = 0.0301
2022-11-18 12:04:03,175 -   train_loss = 4.1128
2022-11-18 12:04:11,554 - ***** Epoch: 2: Eval results *****
2022-11-18 12:04:11,554 -   best_eval_score = 0.1686
2022-11-18 12:04:11,554 -   eval_score = 0.1686
2022-11-18 12:04:11,554 -   train_loss = 3.5049
2022-11-18 12:04:19,953 - ***** Epoch: 3: Eval results *****
2022-11-18 12:04:19,953 -   best_eval_score = 0.3707
2022-11-18 12:04:19,953 -   eval_score = 0.3707
2022-11-18 12:04:19,953 -   train_loss = 2.748
2022-11-18 12:04:28,173 - ***** Epoch: 4: Eval results *****
2022-11-18 12:04:28,173 -   best_eval_score = 0.4581
2022-11-18 12:04:28,174 -   eval_score = 0.4581
2022-11-18 12:04:28,174 -   train_loss = 2.0764
2022-11-18 12:04:36,532 - ***** Epoch: 5: Eval results *****
2022-11-18 12:04:36,532 -   best_eval_score = 0.4933
2022-11-18 12:04:36,532 -   eval_score = 0.4933
2022-11-18 12:04:36,532 -   train_loss = 1.6675
2022-11-18 12:04:44,837 - ***** Epoch: 6: Eval results *****
2022-11-18 12:04:44,838 -   best_eval_score = 0.509
2022-11-18 12:04:44,838 -   eval_score = 0.509
2022-11-18 12:04:44,838 -   train_loss = 1.3806
2022-11-18 12:04:53,020 - ***** Epoch: 7: Eval results *****
2022-11-18 12:04:53,020 -   best_eval_score = 0.5317
2022-11-18 12:04:53,020 -   eval_score = 0.5317
2022-11-18 12:04:53,020 -   train_loss = 1.1892
2022-11-18 12:05:01,150 - EarlyStopping counter: 1 out of 4
2022-11-18 12:05:01,150 - ***** Epoch: 8: Eval results *****
2022-11-18 12:05:01,150 -   best_eval_score = 0.5317
2022-11-18 12:05:01,150 -   eval_score = 0.5286
2022-11-18 12:05:01,150 -   train_loss = 1.0754
2022-11-18 12:05:09,240 - ***** Epoch: 9: Eval results *****
2022-11-18 12:05:09,240 -   best_eval_score = 0.5346
2022-11-18 12:05:09,240 -   eval_score = 0.5346
2022-11-18 12:05:09,240 -   train_loss = 1.0042
2022-11-18 12:05:17,334 - ***** Epoch: 10: Eval results *****
2022-11-18 12:05:17,334 -   best_eval_score = 0.5409
2022-11-18 12:05:17,334 -   eval_score = 0.5409
2022-11-18 12:05:17,334 -   train_loss = 0.9879
2022-11-18 12:05:25,371 - EarlyStopping counter: 1 out of 4
2022-11-18 12:05:25,371 - ***** Epoch: 11: Eval results *****
2022-11-18 12:05:25,371 -   best_eval_score = 0.5409
2022-11-18 12:05:25,371 -   eval_score = 0.5373
2022-11-18 12:05:25,371 -   train_loss = 0.9735
2022-11-18 12:05:33,330 - EarlyStopping counter: 2 out of 4
2022-11-18 12:05:33,330 - ***** Epoch: 12: Eval results *****
2022-11-18 12:05:33,330 -   best_eval_score = 0.5409
2022-11-18 12:05:33,330 -   eval_score = 0.5375
2022-11-18 12:05:33,330 -   train_loss = 0.9646
2022-11-18 12:05:41,498 - EarlyStopping counter: 3 out of 4
2022-11-18 12:05:41,498 - ***** Epoch: 13: Eval results *****
2022-11-18 12:05:41,498 -   best_eval_score = 0.5409
2022-11-18 12:05:41,498 -   eval_score = 0.5395
2022-11-18 12:05:41,498 -   train_loss = 0.9608
2022-11-18 12:05:49,527 - EarlyStopping counter: 4 out of 4
2022-11-18 12:05:49,527 - ***** Epoch: 14: Eval results *****
2022-11-18 12:05:49,527 -   best_eval_score = 0.5409
2022-11-18 12:05:49,527 -   eval_score = 0.5367
2022-11-18 12:05:49,527 -   train_loss = 0.9539
2022-11-18 12:05:49,528 - EarlyStopping at epoch 14
2022-11-18 12:05:49,528 - Trained models are saved in outputs\nmfir_MIntRec_multi-class_2022-11-18-12-03-21\models
2022-11-18 12:05:50,298 - Training is finished...
2022-11-18 12:05:50,299 - Testing begins...
2022-11-18 12:05:52,595 - ***** Test: Confusion Matrix *****
2022-11-18 12:05:52,598 - [[30  3  0  0  5  1  3  0  0  1  0  1 12  1  0  0  0  0  0  0]
 [ 1 37  0  1  0  2  0  0  0  0  0  0  2  0  0  0  0  0  0  0]
 [ 1  0 25  0  0  0  0  0  0  0  0  0  1  0  0  0  0  0  0  0]
 [ 0  1  0 23  0  0  0  0  0  0  0  0  0  1  0  0  0  0  0  0]
 [ 5  1  0  0  7  0  3  0  0  0  0  1  2  3  1  0  0  0  0  0]
 [ 0  2  0  0  0 10  0  0  0  0  0  0  0  0  0  0  0  0  0  0]
 [ 3  0  0  0  2  1  2  0  0  0  0  0  3  0  1  0  0  0  0  0]
 [ 4  0  0  0  0  0  0  0  0  0  1  0  2  0  0  2  0  0  0  1]
 [ 4  1  0  0  1  0  0  0  0  0  0  0  3  1  0  0  0  0  0  0]
 [ 1  0  0  0  1  0  1  0  0  3  0  0  0  0  0  2  1  1  0  0]
 [ 1  0  0  0  0  0  1  0  0  1 13  0  1  0  0  0  0  1  0  0]
 [ 0  0  0  0  0  0  0  0  0  0  0 19  0  0  0  0  0  0  0  0]
 [ 4  1  0  0  0  0  1  1  0  0  0  1 46  2  1  0  0  0  0  0]
 [ 0  1  0  0  0  0  5  0  0  0  0  1  1 17  0  0  0  0  0  0]
 [ 0  0  0  0  0  0  0  0  0  0  0  0  6  5  9  0  1  0  0  1]
 [ 0  0  0  0  0  0  0  0  0  0  0  0  8  1  1 11  0  0  0  0]
 [ 0  0  0  0  0  0  0  0  0  0  0  0  5  1  0  0 11  0  0  0]
 [ 0  0  0  0  0  0  1  0  0  0  1  0  2  4  0  0  0  7  0  0]
 [ 0  1  0  0  0  1  0  0  0  0  0  1  2  0  1  1  0  0  5  0]
 [ 0  0  0  0  0  0  0  0  0  0  0  1  1  2  0  0  0  0  1  5]]
2022-11-18 12:05:52,598 - ***** Evaluation results *****
2022-11-18 12:05:52,598 -   acc = 0.6292
2022-11-18 12:05:52,598 -   f1 = 0.5618
2022-11-18 12:05:52,598 -   prec = 0.6078
2022-11-18 12:05:52,598 -   rec = 0.5505
2022-11-18 12:05:52,601 - Testing is finished...
2022-11-18 12:05:52,602 - Multimodal intent recognition is finished...
2022-11-18 12:05:52,602 - Results are saved in results\nmfir_bert.csv
