2022-11-09 20:30:10,505 - ============================== Params ==============================
2022-11-09 20:30:10,505 - logger_name: nmfir_MIntRec_multi-class_2022-11-09-20-30-10
2022-11-09 20:30:10,505 - dataset: MIntRec
2022-11-09 20:30:10,505 - data_mode: multi-class
2022-11-09 20:30:10,505 - method: nmfir
2022-11-09 20:30:10,505 - text_backbone: bert-base-uncased
2022-11-09 20:30:10,505 - seed: 0
2022-11-09 20:30:10,505 - num_workers: 0
2022-11-09 20:30:10,505 - gpu_id: 0
2022-11-09 20:30:10,505 - data_path: MIA-datasets
2022-11-09 20:30:10,505 - train: True
2022-11-09 20:30:10,505 - tune: False
2022-11-09 20:30:10,505 - save_model: True
2022-11-09 20:30:10,506 - save_results: True
2022-11-09 20:30:10,506 - log_path: logs
2022-11-09 20:30:10,506 - cache_path: cache
2022-11-09 20:30:10,506 - video_data_path: video_data
2022-11-09 20:30:10,506 - audio_data_path: audio_data
2022-11-09 20:30:10,506 - video_feats_path: video_feats.pkl
2022-11-09 20:30:10,506 - audio_feats_path: audio_feats.pkl
2022-11-09 20:30:10,506 - results_path: results
2022-11-09 20:30:10,506 - output_path: outputs
2022-11-09 20:30:10,506 - model_path: models
2022-11-09 20:30:10,506 - config_file_name: nmfir_bert
2022-11-09 20:30:10,506 - results_file_name: nmfir_bert.csv
2022-11-09 20:30:10,506 - padding_mode: zero
2022-11-09 20:30:10,506 - padding_loc: end
2022-11-09 20:30:10,506 - need_aligned: False
2022-11-09 20:30:10,506 - eval_monitor: f1
2022-11-09 20:30:10,506 - train_batch_size: 6
2022-11-09 20:30:10,506 - eval_batch_size: 6
2022-11-09 20:30:10,506 - test_batch_size: 4
2022-11-09 20:30:10,506 - wait_patience: 4
2022-11-09 20:30:10,506 - num_train_epochs: 100
2022-11-09 20:30:10,506 - use_cmd_sim: False
2022-11-09 20:30:10,506 - reverse_grad_weight: 0.8
2022-11-09 20:30:10,506 - hidden_size: 256
2022-11-09 20:30:10,506 - dropout_rate: 0.1
2022-11-09 20:30:10,506 - diff_weight: 0.7
2022-11-09 20:30:10,506 - sim_weight: 0.7
2022-11-09 20:30:10,506 - recon_weight: 0.6
2022-11-09 20:30:10,506 - lr: 3e-05
2022-11-09 20:30:10,506 - grad_clip: -1.0
2022-11-09 20:30:10,506 - gamma: 0.5
2022-11-09 20:30:10,506 - common_hyper_param: {'common_param': {'padding_mode': 'zero', 'padding_loc': 'end', 'need_aligned': False, 'eval_monitor': 'f1', 'train_batch_size': 6, 'eval_batch_size': 6, 'test_batch_size': 4, 'wait_patience': 4}, 'hyper_param': {'num_train_epochs': 100, 'use_cmd_sim': False, 'reverse_grad_weight': 0.8, 'hidden_size': 256, 'dropout_rate': 0.1, 'diff_weight': 0.7, 'sim_weight': 0.7, 'recon_weight': 0.6, 'lr': 3e-05, 'grad_clip': -1.0, 'gamma': 0.5}}
2022-11-09 20:30:10,506 - pred_output_path: outputs\nmfir_MIntRec_multi-class_2022-11-09-20-30-10
2022-11-09 20:30:10,506 - model_output_path: outputs\nmfir_MIntRec_multi-class_2022-11-09-20-30-10\models
2022-11-09 20:30:10,506 - ============================== End Params ==============================
2022-11-09 20:30:10,510 - Generate Text Features Begin...
2022-11-09 20:30:29,259 - Generate Text Features Finished...
2022-11-09 20:30:29,259 - Load Video Features Begin...
2022-11-09 20:30:29,730 - Load Video Features Finished...
2022-11-09 20:30:30,326 - Load Audio Features Begin...
2022-11-09 20:30:31,393 - Load Audio Features Finished...
2022-11-09 20:30:48,569 - Multimodal intent recognition begins...
2022-11-09 20:30:48,570 - Training begins...
2022-11-09 20:31:36,819 - ***** Epoch: 1: Eval results *****
2022-11-09 20:31:36,829 -   best_eval_score = 0.4267
2022-11-09 20:31:36,829 -   eval_score = 0.4267
2022-11-09 20:31:36,829 -   train_loss = 3.3285
2022-11-09 20:32:19,018 - ***** Epoch: 2: Eval results *****
2022-11-09 20:32:19,018 -   best_eval_score = 0.6208
2022-11-09 20:32:19,018 -   eval_score = 0.6208
2022-11-09 20:32:19,018 -   train_loss = 1.9555
2022-11-09 20:33:03,271 - ***** Epoch: 3: Eval results *****
2022-11-09 20:33:03,271 -   best_eval_score = 0.6344
2022-11-09 20:33:03,271 -   eval_score = 0.6344
2022-11-09 20:33:03,271 -   train_loss = 1.4163
2022-11-09 20:33:53,114 - ***** Epoch: 4: Eval results *****
2022-11-09 20:33:53,114 -   best_eval_score = 0.6478
2022-11-09 20:33:53,114 -   eval_score = 0.6478
2022-11-09 20:33:53,114 -   train_loss = 1.177
2022-11-09 20:34:37,704 - ***** Epoch: 5: Eval results *****
2022-11-09 20:34:37,704 -   best_eval_score = 0.6688
2022-11-09 20:34:37,704 -   eval_score = 0.6688
2022-11-09 20:34:37,704 -   train_loss = 1.0356
2022-11-09 20:35:22,013 - EarlyStopping counter: 1 out of 4
2022-11-09 20:35:22,013 - ***** Epoch: 6: Eval results *****
2022-11-09 20:35:22,013 -   best_eval_score = 0.6688
2022-11-09 20:35:22,013 -   eval_score = 0.6636
2022-11-09 20:35:22,013 -   train_loss = 0.8866
2022-11-09 20:36:08,427 - EarlyStopping counter: 2 out of 4
2022-11-09 20:36:08,427 - ***** Epoch: 7: Eval results *****
2022-11-09 20:36:08,427 -   best_eval_score = 0.6688
2022-11-09 20:36:08,427 -   eval_score = 0.6625
2022-11-09 20:36:08,427 -   train_loss = 0.8484
2022-11-09 20:36:50,336 - EarlyStopping counter: 3 out of 4
2022-11-09 20:36:50,337 - ***** Epoch: 8: Eval results *****
2022-11-09 20:36:50,337 -   best_eval_score = 0.6688
2022-11-09 20:36:50,337 -   eval_score = 0.6627
2022-11-09 20:36:50,337 -   train_loss = 0.8327
2022-11-09 20:37:32,107 - EarlyStopping counter: 4 out of 4
2022-11-09 20:37:32,107 - ***** Epoch: 9: Eval results *****
2022-11-09 20:37:32,107 -   best_eval_score = 0.6688
2022-11-09 20:37:32,107 -   eval_score = 0.6685
2022-11-09 20:37:32,108 -   train_loss = 0.8274
2022-11-09 20:37:32,108 - EarlyStopping at epoch 9
2022-11-09 20:37:32,108 - Trained models are saved in outputs\nmfir_MIntRec_multi-class_2022-11-09-20-30-10\models
2022-11-09 20:37:33,141 - Training is finished...
2022-11-09 20:37:33,141 - Testing begins...
2022-11-09 20:37:36,656 - ***** Test: Confusion Matrix *****
2022-11-09 20:37:36,662 - [[35  3  0  0  4  0  0  0  1  3  0  0 10  1  0  0  0  0  0  0]
 [ 0 38  0  0  0  0  0  0  1  0  0  0  3  1  0  0  0  0  0  0]
 [ 0  0 27  0  0  0  0  0  0  0  0  0  0  0  0  0  0  0  0  0]
 [ 0  0  0 25  0  0  0  0  0  0  0  0  0  0  0  0  0  0  0  0]
 [ 7  0  0  0  8  0  1  0  0  0  0  1  3  1  1  0  0  1  0  0]
 [ 0  0  0  0  0 12  0  0  0  0  0  0  0  0  0  0  0  0  0  0]
 [ 2  2  0  0  2  0  1  0  0  2  0  0  1  0  1  1  0  0  0  0]
 [ 2  1  0  0  0  1  0  5  0  0  0  0  1  0  0  0  0  0  0  0]
 [ 2  0  0  0  0  0  0  4  2  0  0  0  0  1  0  1  0  0  0  0]
 [ 1  0  0  0  0  0  0  0  0  3  0  0  1  0  0  2  0  3  0  0]
 [ 1  1  0  0  0  1  0  0  0  1 13  0  0  0  1  0  0  0  0  0]
 [ 0  0  0  0  0  0  2  0  0  0  0 16  0  0  0  0  0  0  0  1]
 [ 2  1  0  0  1  0  0  0  0  0  1  0 39  3  8  0  1  0  0  1]
 [ 0  0  0  0  0  0  0  0  0  0  2  1  0 18  3  0  1  0  0  0]
 [ 0  0  0  0  0  0  0  0  0  0  0  0  1  2 16  0  2  0  0  1]
 [ 0  1  0  1  1  0  0  1  0  0  0  0  4  0  1 11  0  0  0  1]
 [ 1  0  0  0  0  0  0  0  0  0  0  0  2  0  1  0 13  0  0  0]
 [ 0  0  0  0  0  0  0  0  0  1  1  0  1  0  0  0  0 12  0  0]
 [ 0  0  0  0  0  0  0  0  0  0  0  0  3  0  0  1  0  0  7  1]
 [ 0  0  0  0  0  0  0  0  0  0  0  0  0  1  1  0  1  0  0  7]]
2022-11-09 20:37:36,663 - ***** Evaluation results *****
2022-11-09 20:37:36,663 -   acc = 0.6921
2022-11-09 20:37:36,663 -   f1 = 0.6489
2022-11-09 20:37:36,663 -   prec = 0.6714
2022-11-09 20:37:36,663 -   rec = 0.6498
2022-11-09 20:37:36,665 - Testing is finished...
2022-11-09 20:37:36,665 - Multimodal intent recognition is finished...
2022-11-09 20:37:36,665 - Results are saved in results\nmfir_bert.csv
