2022-11-18 13:52:29,116 - ============================== Params ==============================
2022-11-18 13:52:29,116 - logger_name: nmfir_MIntRec_multi-class_2022-11-18-13-52-29
2022-11-18 13:52:29,116 - dataset: MIntRec
2022-11-18 13:52:29,116 - data_mode: multi-class
2022-11-18 13:52:29,116 - method: nmfir
2022-11-18 13:52:29,116 - text_backbone: bert-base-uncased
2022-11-18 13:52:29,116 - seed: 0
2022-11-18 13:52:29,117 - num_workers: 0
2022-11-18 13:52:29,117 - gpu_id: 0
2022-11-18 13:52:29,117 - data_path: MIA-datasets
2022-11-18 13:52:29,117 - train: True
2022-11-18 13:52:29,117 - tune: False
2022-11-18 13:52:29,117 - save_model: True
2022-11-18 13:52:29,117 - save_results: True
2022-11-18 13:52:29,117 - log_path: logs
2022-11-18 13:52:29,117 - cache_path: cache
2022-11-18 13:52:29,117 - video_data_path: video_data
2022-11-18 13:52:29,117 - audio_data_path: audio_data
2022-11-18 13:52:29,117 - video_feats_path: video_feats.pkl
2022-11-18 13:52:29,117 - audio_feats_path: audio_feats.pkl
2022-11-18 13:52:29,117 - results_path: results
2022-11-18 13:52:29,117 - output_path: outputs
2022-11-18 13:52:29,117 - model_path: models
2022-11-18 13:52:29,117 - config_file_name: nmfir_bert
2022-11-18 13:52:29,117 - results_file_name: nmfir_bert.csv
2022-11-18 13:52:29,117 - padding_mode: zero
2022-11-18 13:52:29,117 - padding_loc: end
2022-11-18 13:52:29,117 - need_aligned: False
2022-11-18 13:52:29,117 - eval_monitor: f1
2022-11-18 13:52:29,117 - train_batch_size: 6
2022-11-18 13:52:29,117 - eval_batch_size: 6
2022-11-18 13:52:29,117 - test_batch_size: 4
2022-11-18 13:52:29,117 - wait_patience: 4
2022-11-18 13:52:29,117 - num_train_epochs: 100
2022-11-18 13:52:29,117 - use_cmd_sim: False
2022-11-18 13:52:29,117 - reverse_grad_weight: 0.8
2022-11-18 13:52:29,117 - hidden_size: 256
2022-11-18 13:52:29,117 - dropout_rate: 0.1
2022-11-18 13:52:29,117 - diff_weight: 0.7
2022-11-18 13:52:29,117 - sim_weight: 0.7
2022-11-18 13:52:29,117 - recon_weight: 0.6
2022-11-18 13:52:29,117 - lr: 3e-05
2022-11-18 13:52:29,117 - grad_clip: -1.0
2022-11-18 13:52:29,117 - gamma: 0.5
2022-11-18 13:52:29,118 - common_hyper_param: {'common_param': {'padding_mode': 'zero', 'padding_loc': 'end', 'need_aligned': False, 'eval_monitor': 'f1', 'train_batch_size': 6, 'eval_batch_size': 6, 'test_batch_size': 4, 'wait_patience': 4}, 'hyper_param': {'num_train_epochs': 100, 'use_cmd_sim': False, 'reverse_grad_weight': 0.8, 'hidden_size': 256, 'dropout_rate': 0.1, 'diff_weight': 0.7, 'sim_weight': 0.7, 'recon_weight': 0.6, 'lr': 3e-05, 'grad_clip': -1.0, 'gamma': 0.5}}
2022-11-18 13:52:29,118 - pred_output_path: outputs\nmfir_MIntRec_multi-class_2022-11-18-13-52-29
2022-11-18 13:52:29,118 - model_output_path: outputs\nmfir_MIntRec_multi-class_2022-11-18-13-52-29\models
2022-11-18 13:52:29,118 - ============================== End Params ==============================
2022-11-18 13:52:29,121 - Generate Text Features Begin...
2022-11-18 13:52:46,047 - Generate Text Features Finished...
2022-11-18 13:52:46,047 - Load Video Features Begin...
2022-11-18 13:52:46,445 - Load Video Features Finished...
2022-11-18 13:52:46,857 - Load Audio Features Begin...
2022-11-18 13:52:47,624 - Load Audio Features Finished...
2022-11-18 13:52:58,879 - Multimodal intent recognition begins...
2022-11-18 13:52:58,879 - Training begins...
2022-11-18 13:53:08,675 - ***** Epoch: 1: Eval results *****
2022-11-18 13:53:08,677 -   best_eval_score = 0.0114
2022-11-18 13:53:08,677 -   eval_score = 0.0114
2022-11-18 13:53:08,677 -   train_loss = 4.3058
2022-11-18 13:53:14,223 - ***** Epoch: 2: Eval results *****
2022-11-18 13:53:14,223 -   best_eval_score = 0.0211
2022-11-18 13:53:14,223 -   eval_score = 0.0211
2022-11-18 13:53:14,223 -   train_loss = 3.9755
2022-11-18 13:53:19,571 - ***** Epoch: 3: Eval results *****
2022-11-18 13:53:19,571 -   best_eval_score = 0.026
2022-11-18 13:53:19,571 -   eval_score = 0.026
2022-11-18 13:53:19,571 -   train_loss = 3.7467
2022-11-18 13:53:24,987 - ***** Epoch: 4: Eval results *****
2022-11-18 13:53:24,987 -   best_eval_score = 0.0283
2022-11-18 13:53:24,994 -   eval_score = 0.0283
2022-11-18 13:53:24,994 -   train_loss = 3.4505
2022-11-18 13:53:30,421 - ***** Epoch: 5: Eval results *****
2022-11-18 13:53:30,421 -   best_eval_score = 0.0283
2022-11-18 13:53:30,421 -   eval_score = 0.0283
2022-11-18 13:53:30,421 -   train_loss = 3.0931
2022-11-18 13:53:36,271 - EarlyStopping counter: 1 out of 4
2022-11-18 13:53:36,271 - ***** Epoch: 6: Eval results *****
2022-11-18 13:53:36,271 -   best_eval_score = 0.0283
2022-11-18 13:53:36,271 -   eval_score = 0.0211
2022-11-18 13:53:36,271 -   train_loss = 2.6746
2022-11-18 13:53:41,711 - EarlyStopping counter: 2 out of 4
2022-11-18 13:53:41,712 - ***** Epoch: 7: Eval results *****
2022-11-18 13:53:41,712 -   best_eval_score = 0.0283
2022-11-18 13:53:41,712 -   eval_score = 0.0272
2022-11-18 13:53:41,712 -   train_loss = 2.3236
2022-11-18 13:53:47,111 - EarlyStopping counter: 3 out of 4
2022-11-18 13:53:47,112 - ***** Epoch: 8: Eval results *****
2022-11-18 13:53:47,112 -   best_eval_score = 0.0283
2022-11-18 13:53:47,112 -   eval_score = 0.0281
2022-11-18 13:53:47,112 -   train_loss = 2.1117
2022-11-18 13:53:52,645 - EarlyStopping counter: 4 out of 4
2022-11-18 13:53:52,645 - ***** Epoch: 9: Eval results *****
2022-11-18 13:53:52,645 -   best_eval_score = 0.0283
2022-11-18 13:53:52,645 -   eval_score = 0.0262
2022-11-18 13:53:52,645 -   train_loss = 2.0286
2022-11-18 13:53:52,645 - EarlyStopping at epoch 9
2022-11-18 13:53:52,645 - Trained models are saved in outputs\nmfir_MIntRec_multi-class_2022-11-18-13-52-29\models
2022-11-18 13:53:53,441 - Training is finished...
2022-11-18 13:53:53,441 - Testing begins...
2022-11-18 13:53:55,797 - ***** Test: Confusion Matrix *****
2022-11-18 13:53:55,798 - [[17  2  0  0  0  0  0  0  0  0  0  0 17 10  0 11  0  0  0  0]
 [ 9  0  0  0  0  0  0  0  0  0  0  0 31  2  0  1  0  0  0  0]
 [ 1  0  0  0  0  0  0  0  0  0  0  0 25  0  0  1  0  0  0  0]
 [ 2  0  0  0  0  0  1  0  0  0  0  0 19  3  0  0  0  0  0  0]
 [ 3  0  0  0  0  0  0  0  0  0  0  0 15  1  0  4  0  0  0  0]
 [ 6  0  0  0  0  0  0  0  0  0  0  0  6  0  0  0  0  0  0  0]
 [ 2  0  0  1  0  0  0  0  0  0  0  0  7  0  0  2  0  0  0  0]
 [ 8  0  0  0  0  0  0  0  0  0  0  0  1  1  0  0  0  0  0  0]
 [ 8  0  0  0  0  0  0  0  0  0  0  0  1  1  0  0  0  0  0  0]
 [ 4  2  0  0  0  0  0  0  0  0  0  0  3  1  0  0  0  0  0  0]
 [ 3  0  0  1  0  0  0  0  0  0  0  0 14  0  0  0  0  0  0  0]
 [ 2  3  0  0  0  0  0  0  0  0  0  0 12  2  0  0  0  0  0  0]
 [14  3  0  1  0  0  0  0  0  0  0  1 34  2  0  2  0  0  0  0]
 [ 5  0  0  0  0  0  0  0  0  0  0  0 18  2  0  0  0  0  0  0]
 [ 0  0  0  0  0  0  0  0  0  0  0  0 21  1  0  0  0  0  0  0]
 [ 7  2  0  0  0  0  0  0  0  0  0  0  8  1  0  3  0  0  0  0]
 [ 4  0  0  0  0  0  0  0  0  0  0  1 12  0  0  0  0  0  0  0]
 [ 1  1  0  0  0  0  0  0  0  0  0  0 10  1  0  2  0  0  0  0]
 [ 0  1  0  0  0  0  0  0  0  0  0  0  5  0  0  6  0  0  0  0]
 [ 2  1  0  0  0  0  0  0  0  0  0  0  7  0  0  0  0  0  0  0]]
2022-11-18 13:53:55,798 - ***** Evaluation results *****
2022-11-18 13:53:55,798 -   acc = 0.1258
2022-11-18 13:53:55,798 -   f1 = 0.0309
2022-11-18 13:53:55,798 -   prec = 0.0233
2022-11-18 13:53:55,799 -   rec = 0.0559
2022-11-18 13:53:55,801 - Testing is finished...
2022-11-18 13:53:55,802 - Multimodal intent recognition is finished...
2022-11-18 13:53:55,802 - Results are saved in results\nmfir_bert.csv
