2022-11-10 09:54:08,025 - ============================== Params ==============================
2022-11-10 09:54:08,026 - logger_name: nmfir_MIntRec_multi-class_2022-11-10-09-54-08
2022-11-10 09:54:08,026 - dataset: MIntRec
2022-11-10 09:54:08,026 - data_mode: multi-class
2022-11-10 09:54:08,026 - method: nmfir
2022-11-10 09:54:08,026 - text_backbone: bert-base-uncased
2022-11-10 09:54:08,026 - seed: 0
2022-11-10 09:54:08,026 - num_workers: 0
2022-11-10 09:54:08,026 - gpu_id: 0
2022-11-10 09:54:08,026 - data_path: MIA-datasets
2022-11-10 09:54:08,026 - train: True
2022-11-10 09:54:08,026 - tune: False
2022-11-10 09:54:08,026 - save_model: True
2022-11-10 09:54:08,026 - save_results: True
2022-11-10 09:54:08,026 - log_path: logs
2022-11-10 09:54:08,026 - cache_path: cache
2022-11-10 09:54:08,026 - video_data_path: video_data
2022-11-10 09:54:08,026 - audio_data_path: audio_data
2022-11-10 09:54:08,026 - video_feats_path: video_feats.pkl
2022-11-10 09:54:08,026 - audio_feats_path: audio_feats.pkl
2022-11-10 09:54:08,026 - results_path: results
2022-11-10 09:54:08,026 - output_path: outputs
2022-11-10 09:54:08,026 - model_path: models
2022-11-10 09:54:08,026 - config_file_name: nmfir_bert
2022-11-10 09:54:08,026 - results_file_name: nmfir_bert.csv
2022-11-10 09:54:08,026 - padding_mode: zero
2022-11-10 09:54:08,026 - padding_loc: end
2022-11-10 09:54:08,026 - need_aligned: False
2022-11-10 09:54:08,026 - eval_monitor: f1
2022-11-10 09:54:08,026 - train_batch_size: 6
2022-11-10 09:54:08,026 - eval_batch_size: 6
2022-11-10 09:54:08,026 - test_batch_size: 4
2022-11-10 09:54:08,026 - wait_patience: 4
2022-11-10 09:54:08,026 - num_train_epochs: 100
2022-11-10 09:54:08,026 - use_cmd_sim: False
2022-11-10 09:54:08,027 - reverse_grad_weight: 0.8
2022-11-10 09:54:08,027 - hidden_size: 256
2022-11-10 09:54:08,027 - dropout_rate: 0.1
2022-11-10 09:54:08,027 - diff_weight: 0
2022-11-10 09:54:08,027 - sim_weight: 0.7
2022-11-10 09:54:08,027 - recon_weight: 0.6
2022-11-10 09:54:08,027 - lr: 3e-05
2022-11-10 09:54:08,027 - grad_clip: -1.0
2022-11-10 09:54:08,027 - gamma: 0.5
2022-11-10 09:54:08,027 - common_hyper_param: {'common_param': {'padding_mode': 'zero', 'padding_loc': 'end', 'need_aligned': False, 'eval_monitor': 'f1', 'train_batch_size': 6, 'eval_batch_size': 6, 'test_batch_size': 4, 'wait_patience': 4}, 'hyper_param': {'num_train_epochs': 100, 'use_cmd_sim': False, 'reverse_grad_weight': 0.8, 'hidden_size': 256, 'dropout_rate': 0.1, 'diff_weight': 0, 'sim_weight': 0.7, 'recon_weight': 0.6, 'lr': 3e-05, 'grad_clip': -1.0, 'gamma': 0.5}}
2022-11-10 09:54:08,027 - pred_output_path: outputs\nmfir_MIntRec_multi-class_2022-11-10-09-54-08
2022-11-10 09:54:08,027 - model_output_path: outputs\nmfir_MIntRec_multi-class_2022-11-10-09-54-08\models
2022-11-10 09:54:08,027 - ============================== End Params ==============================
2022-11-10 09:54:08,031 - Generate Text Features Begin...
2022-11-10 09:54:24,672 - Generate Text Features Finished...
2022-11-10 09:54:24,673 - Load Video Features Begin...
2022-11-10 09:54:25,078 - Load Video Features Finished...
2022-11-10 09:54:25,497 - Load Audio Features Begin...
2022-11-10 09:54:26,281 - Load Audio Features Finished...
2022-11-10 09:54:42,553 - Multimodal intent recognition begins...
2022-11-10 09:54:42,554 - Training begins...
2022-11-10 09:55:18,366 - ***** Epoch: 1: Eval results *****
2022-11-10 09:55:18,375 -   best_eval_score = 0.3921
2022-11-10 09:55:18,375 -   eval_score = 0.3921
2022-11-10 09:55:18,375 -   train_loss = 3.311
2022-11-10 09:55:50,448 - ***** Epoch: 2: Eval results *****
2022-11-10 09:55:50,448 -   best_eval_score = 0.6107
2022-11-10 09:55:50,448 -   eval_score = 0.6107
2022-11-10 09:55:50,448 -   train_loss = 1.9598
2022-11-10 09:56:22,976 - ***** Epoch: 3: Eval results *****
2022-11-10 09:56:22,976 -   best_eval_score = 0.6541
2022-11-10 09:56:22,977 -   eval_score = 0.6541
2022-11-10 09:56:22,977 -   train_loss = 1.3924
2022-11-10 09:56:54,857 - ***** Epoch: 4: Eval results *****
2022-11-10 09:56:54,857 -   best_eval_score = 0.6591
2022-11-10 09:56:54,863 -   eval_score = 0.6591
2022-11-10 09:56:54,863 -   train_loss = 1.1267
2022-11-10 09:57:27,357 - EarlyStopping counter: 1 out of 4
2022-11-10 09:57:27,357 - ***** Epoch: 5: Eval results *****
2022-11-10 09:57:27,357 -   best_eval_score = 0.6591
2022-11-10 09:57:27,357 -   eval_score = 0.6393
2022-11-10 09:57:27,357 -   train_loss = 0.9722
2022-11-10 09:57:59,898 - EarlyStopping counter: 2 out of 4
2022-11-10 09:57:59,898 - ***** Epoch: 6: Eval results *****
2022-11-10 09:57:59,899 -   best_eval_score = 0.6591
2022-11-10 09:57:59,899 -   eval_score = 0.6562
2022-11-10 09:57:59,899 -   train_loss = 0.8828
2022-11-10 09:58:32,941 - EarlyStopping counter: 3 out of 4
2022-11-10 09:58:32,941 - ***** Epoch: 7: Eval results *****
2022-11-10 09:58:32,941 -   best_eval_score = 0.6591
2022-11-10 09:58:32,941 -   eval_score = 0.6549
2022-11-10 09:58:32,941 -   train_loss = 0.856
2022-11-10 09:59:06,390 - EarlyStopping counter: 4 out of 4
2022-11-10 09:59:06,390 - ***** Epoch: 8: Eval results *****
2022-11-10 09:59:06,390 -   best_eval_score = 0.6591
2022-11-10 09:59:06,390 -   eval_score = 0.6569
2022-11-10 09:59:06,390 -   train_loss = 0.8461
2022-11-10 09:59:06,391 - EarlyStopping at epoch 8
2022-11-10 09:59:06,391 - Trained models are saved in outputs\nmfir_MIntRec_multi-class_2022-11-10-09-54-08\models
2022-11-10 09:59:07,434 - Training is finished...
2022-11-10 09:59:07,434 - Testing begins...
2022-11-10 09:59:09,956 - ***** Test: Confusion Matrix *****
2022-11-10 09:59:09,960 - [[24  0  0  0 16  0  1  1  0  3  0  0 10  2  0  0  0  0  0  0]
 [ 0 36  0  1  1  0  0  1  1  0  1  0  2  0  0  0  0  0  0  0]
 [ 1  0 26  0  0  0  0  0  0  0  0  0  0  0  0  0  0  0  0  0]
 [ 0  0  0 25  0  0  0  0  0  0  0  0  0  0  0  0  0  0  0  0]
 [ 1  0  0  0 16  0  1  0  0  0  0  1  1  1  1  0  0  1  0  0]
 [ 0  0  0  0  0 11  0  0  0  0  0  0  1  0  0  0  0  0  0  0]
 [ 0  0  0  0  6  0  0  1  1  0  0  0  2  0  0  1  1  0  0  0]
 [ 3  0  0  0  1  0  0  4  1  0  0  0  1  0  0  0  0  0  0  0]
 [ 1  0  0  0  1  0  0  2  3  0  0  0  0  2  0  1  0  0  0  0]
 [ 1  0  0  0  0  0  0  0  0  4  0  0  0  0  0  2  1  2  0  0]
 [ 1  0  0  0  0  0  0  1  0  1 15  0  0  0  0  0  0  0  0  0]
 [ 0  0  0  0  0  0  0  0  0  0  0 18  0  0  0  0  0  0  0  1]
 [ 2  0  0  1  0  0  1  1  1  1  0  0 43  1  4  0  1  1  0  0]
 [ 0  0  0  0  1  0  0  0  0  0  1  1  2 18  1  0  0  0  0  1]
 [ 0  0  0  0  1  0  0  0  0  0  0  0  2  1 16  0  1  0  0  1]
 [ 0  0  0  0  0  0  0  0  0  0  0  0  9  0  0 11  0  0  0  1]
 [ 0  0  0  0  0  0  0  0  0  0  0  0  3  0  1  0 13  0  0  0]
 [ 0  0  0  0  0  0  0  0  0  0  0  0  1  0  0  0  0 14  0  0]
 [ 0  0  0  0  0  0  0  0  0  0  0  0  2  0  0  0  0  0 10  0]
 [ 0  0  0  0  0  0  0  0  0  0  0  0  0  1  1  0  0  0  1  7]]
2022-11-10 09:59:09,960 - ***** Evaluation results *****
2022-11-10 09:59:09,961 -   acc = 0.7056
2022-11-10 09:59:09,961 -   f1 = 0.6776
2022-11-10 09:59:09,961 -   prec = 0.6874
2022-11-10 09:59:09,961 -   rec = 0.6836
2022-11-10 09:59:09,963 - Testing is finished...
2022-11-10 09:59:09,963 - Multimodal intent recognition is finished...
2022-11-10 09:59:09,963 - Results are saved in results\nmfir_bert.csv
