2022-11-05 17:25:17,635 - ============================== Params ==============================
2022-11-05 17:25:17,635 - logger_name: nmfir_MIntRec_binary-class_2022-11-05-17-25-17
2022-11-05 17:25:17,635 - dataset: MIntRec
2022-11-05 17:25:17,635 - data_mode: binary-class
2022-11-05 17:25:17,635 - method: nmfir
2022-11-05 17:25:17,635 - text_backbone: bert-base-uncased
2022-11-05 17:25:17,635 - seed: 0
2022-11-05 17:25:17,635 - num_workers: 0
2022-11-05 17:25:17,635 - gpu_id: 0
2022-11-05 17:25:17,635 - data_path: MIA-datasets
2022-11-05 17:25:17,635 - train: True
2022-11-05 17:25:17,635 - tune: False
2022-11-05 17:25:17,635 - save_model: True
2022-11-05 17:25:17,635 - save_results: True
2022-11-05 17:25:17,635 - log_path: logs
2022-11-05 17:25:17,636 - cache_path: cache
2022-11-05 17:25:17,636 - video_data_path: video_data
2022-11-05 17:25:17,636 - audio_data_path: audio_data
2022-11-05 17:25:17,636 - video_feats_path: video_feats.pkl
2022-11-05 17:25:17,636 - audio_feats_path: audio_feats.pkl
2022-11-05 17:25:17,636 - results_path: results
2022-11-05 17:25:17,636 - output_path: outputs
2022-11-05 17:25:17,636 - model_path: models
2022-11-05 17:25:17,636 - config_file_name: nmfir_bert_bi
2022-11-05 17:25:17,636 - results_file_name: nmfir_bert_bi.csv
2022-11-05 17:25:17,636 - padding_mode: zero
2022-11-05 17:25:17,636 - padding_loc: end
2022-11-05 17:25:17,636 - need_aligned: False
2022-11-05 17:25:17,636 - eval_monitor: f1
2022-11-05 17:25:17,636 - train_batch_size: 6
2022-11-05 17:25:17,636 - eval_batch_size: 6
2022-11-05 17:25:17,636 - test_batch_size: 4
2022-11-05 17:25:17,636 - wait_patience: 4
2022-11-05 17:25:17,636 - num_train_epochs: 100
2022-11-05 17:25:17,636 - use_cmd_sim: False
2022-11-05 17:25:17,636 - reverse_grad_weight: 0.8
2022-11-05 17:25:17,636 - hidden_size: 256
2022-11-05 17:25:17,636 - dropout_rate: 0
2022-11-05 17:25:17,636 - diff_weight: 0.2
2022-11-05 17:25:17,636 - sim_weight: 0.2
2022-11-05 17:25:17,636 - recon_weight: 0.2
2022-11-05 17:25:17,636 - lr: 2e-05
2022-11-05 17:25:17,636 - grad_clip: -1
2022-11-05 17:25:17,636 - gamma: 0.3
2022-11-05 17:25:17,636 - common_hyper_param: {'common_param': {'padding_mode': 'zero', 'padding_loc': 'end', 'need_aligned': False, 'eval_monitor': 'f1', 'train_batch_size': 6, 'eval_batch_size': 6, 'test_batch_size': 4, 'wait_patience': 4}, 'hyper_param': {'num_train_epochs': 100, 'use_cmd_sim': False, 'reverse_grad_weight': 0.8, 'hidden_size': 256, 'dropout_rate': 0, 'diff_weight': 0.2, 'sim_weight': 0.2, 'recon_weight': 0.2, 'lr': 2e-05, 'grad_clip': -1, 'gamma': 0.3}}
2022-11-05 17:25:17,636 - pred_output_path: outputs\nmfir_MIntRec_binary-class_2022-11-05-17-25-17
2022-11-05 17:25:17,636 - model_output_path: outputs\nmfir_MIntRec_binary-class_2022-11-05-17-25-17\models
2022-11-05 17:25:17,636 - ============================== End Params ==============================
2022-11-05 17:25:17,640 - Generate Text Features Begin...
2022-11-05 17:25:33,853 - Generate Text Features Finished...
2022-11-05 17:25:33,860 - Load Video Features Begin...
2022-11-05 17:25:34,255 - Load Video Features Finished...
2022-11-05 17:25:34,654 - Load Audio Features Begin...
2022-11-05 17:25:35,365 - Load Audio Features Finished...
2022-11-05 17:25:51,287 - Multimodal intent recognition begins...
2022-11-05 17:25:51,289 - Training begins...
2022-11-05 17:26:34,021 - ***** Epoch: 1: Eval results *****
2022-11-05 17:26:34,037 -   best_eval_score = 0.8757
2022-11-05 17:26:34,037 -   eval_score = 0.8757
2022-11-05 17:26:34,037 -   train_loss = 0.7282
2022-11-05 17:27:12,023 - ***** Epoch: 2: Eval results *****
2022-11-05 17:27:12,023 -   best_eval_score = 0.8877
2022-11-05 17:27:12,023 -   eval_score = 0.8877
2022-11-05 17:27:12,023 -   train_loss = 0.3923
2022-11-05 17:27:47,566 - EarlyStopping counter: 1 out of 4
2022-11-05 17:27:47,566 - ***** Epoch: 3: Eval results *****
2022-11-05 17:27:47,566 -   best_eval_score = 0.8877
2022-11-05 17:27:47,566 -   eval_score = 0.8803
2022-11-05 17:27:47,566 -   train_loss = 0.2919
2022-11-05 17:28:20,953 - ***** Epoch: 4: Eval results *****
2022-11-05 17:28:20,953 -   best_eval_score = 0.8909
2022-11-05 17:28:20,954 -   eval_score = 0.8909
2022-11-05 17:28:20,954 -   train_loss = 0.2663
2022-11-05 17:28:53,818 - EarlyStopping counter: 1 out of 4
2022-11-05 17:28:53,818 - ***** Epoch: 5: Eval results *****
2022-11-05 17:28:53,818 -   best_eval_score = 0.8909
2022-11-05 17:28:53,818 -   eval_score = 0.8861
2022-11-05 17:28:53,818 -   train_loss = 0.2436
2022-11-05 17:29:31,747 - EarlyStopping counter: 2 out of 4
2022-11-05 17:29:31,747 - ***** Epoch: 6: Eval results *****
2022-11-05 17:29:31,747 -   best_eval_score = 0.8909
2022-11-05 17:29:31,747 -   eval_score = 0.8861
2022-11-05 17:29:31,747 -   train_loss = 0.2445
2022-11-05 17:30:10,029 - EarlyStopping counter: 3 out of 4
2022-11-05 17:30:10,029 - ***** Epoch: 7: Eval results *****
2022-11-05 17:30:10,029 -   best_eval_score = 0.8909
2022-11-05 17:30:10,029 -   eval_score = 0.8861
2022-11-05 17:30:10,029 -   train_loss = 0.2454
2022-11-05 17:30:46,592 - EarlyStopping counter: 4 out of 4
2022-11-05 17:30:46,592 - ***** Epoch: 8: Eval results *****
2022-11-05 17:30:46,592 -   best_eval_score = 0.8909
2022-11-05 17:30:46,592 -   eval_score = 0.8884
2022-11-05 17:30:46,592 -   train_loss = 0.2457
2022-11-05 17:30:46,592 - EarlyStopping at epoch 8
2022-11-05 17:30:46,592 - Trained models are saved in outputs\nmfir_MIntRec_binary-class_2022-11-05-17-25-17\models
2022-11-05 17:30:47,541 - Training is finished...
2022-11-05 17:30:47,541 - Testing begins...
2022-11-05 17:30:51,076 - ***** Test: Confusion Matrix *****
2022-11-05 17:30:51,076 - [[217  31]
 [ 22 175]]
2022-11-05 17:30:51,076 - ***** Evaluation results *****
2022-11-05 17:30:51,076 -   acc = 0.8809
2022-11-05 17:30:51,076 -   f1 = 0.8798
2022-11-05 17:30:51,076 -   prec = 0.8787
2022-11-05 17:30:51,076 -   rec = 0.8817
2022-11-05 17:30:51,076 - Testing is finished...
2022-11-05 17:30:51,076 - Multimodal intent recognition is finished...
2022-11-05 17:30:51,076 - Results are saved in results\nmfir_bert_bi.csv
