2022-11-05 17:48:45,502 - ============================== Params ==============================
2022-11-05 17:48:45,502 - logger_name: nmfir_MIntRec_binary-class_2022-11-05-17-48-45
2022-11-05 17:48:45,502 - dataset: MIntRec
2022-11-05 17:48:45,502 - data_mode: binary-class
2022-11-05 17:48:45,502 - method: nmfir
2022-11-05 17:48:45,502 - text_backbone: bert-base-uncased
2022-11-05 17:48:45,502 - seed: 0
2022-11-05 17:48:45,502 - num_workers: 0
2022-11-05 17:48:45,502 - gpu_id: 0
2022-11-05 17:48:45,502 - data_path: MIA-datasets
2022-11-05 17:48:45,502 - train: True
2022-11-05 17:48:45,502 - tune: False
2022-11-05 17:48:45,502 - save_model: True
2022-11-05 17:48:45,502 - save_results: True
2022-11-05 17:48:45,502 - log_path: logs
2022-11-05 17:48:45,502 - cache_path: cache
2022-11-05 17:48:45,503 - video_data_path: video_data
2022-11-05 17:48:45,503 - audio_data_path: audio_data
2022-11-05 17:48:45,503 - video_feats_path: video_feats.pkl
2022-11-05 17:48:45,503 - audio_feats_path: audio_feats.pkl
2022-11-05 17:48:45,503 - results_path: results
2022-11-05 17:48:45,503 - output_path: outputs
2022-11-05 17:48:45,503 - model_path: models
2022-11-05 17:48:45,503 - config_file_name: nmfir_bert_bi
2022-11-05 17:48:45,503 - results_file_name: nmfir_bert_bi.csv
2022-11-05 17:48:45,503 - padding_mode: zero
2022-11-05 17:48:45,503 - padding_loc: end
2022-11-05 17:48:45,503 - need_aligned: False
2022-11-05 17:48:45,503 - eval_monitor: f1
2022-11-05 17:48:45,503 - train_batch_size: 6
2022-11-05 17:48:45,503 - eval_batch_size: 6
2022-11-05 17:48:45,503 - test_batch_size: 4
2022-11-05 17:48:45,503 - wait_patience: 4
2022-11-05 17:48:45,503 - num_train_epochs: 100
2022-11-05 17:48:45,503 - use_cmd_sim: False
2022-11-05 17:48:45,503 - reverse_grad_weight: 0.8
2022-11-05 17:48:45,503 - hidden_size: 256
2022-11-05 17:48:45,503 - dropout_rate: 0
2022-11-05 17:48:45,503 - diff_weight: 0.2
2022-11-05 17:48:45,503 - sim_weight: 0.2
2022-11-05 17:48:45,503 - recon_weight: 0.6
2022-11-05 17:48:45,503 - lr: 2e-05
2022-11-05 17:48:45,503 - grad_clip: -1
2022-11-05 17:48:45,503 - gamma: 0.3
2022-11-05 17:48:45,503 - common_hyper_param: {'common_param': {'padding_mode': 'zero', 'padding_loc': 'end', 'need_aligned': False, 'eval_monitor': 'f1', 'train_batch_size': 6, 'eval_batch_size': 6, 'test_batch_size': 4, 'wait_patience': 4}, 'hyper_param': {'num_train_epochs': 100, 'use_cmd_sim': False, 'reverse_grad_weight': 0.8, 'hidden_size': 256, 'dropout_rate': 0, 'diff_weight': 0.2, 'sim_weight': 0.2, 'recon_weight': 0.6, 'lr': 2e-05, 'grad_clip': -1, 'gamma': 0.3}}
2022-11-05 17:48:45,503 - pred_output_path: outputs\nmfir_MIntRec_binary-class_2022-11-05-17-48-45
2022-11-05 17:48:45,503 - model_output_path: outputs\nmfir_MIntRec_binary-class_2022-11-05-17-48-45\models
2022-11-05 17:48:45,503 - ============================== End Params ==============================
2022-11-05 17:48:45,507 - Generate Text Features Begin...
2022-11-05 17:49:01,784 - Generate Text Features Finished...
2022-11-05 17:49:01,791 - Load Video Features Begin...
2022-11-05 17:49:02,211 - Load Video Features Finished...
2022-11-05 17:49:02,612 - Load Audio Features Begin...
2022-11-05 17:49:03,344 - Load Audio Features Finished...
2022-11-05 17:49:21,527 - Multimodal intent recognition begins...
2022-11-05 17:49:21,530 - Training begins...
2022-11-05 17:49:57,824 - ***** Epoch: 1: Eval results *****
2022-11-05 17:49:57,832 -   best_eval_score = 0.8673
2022-11-05 17:49:57,832 -   eval_score = 0.8673
2022-11-05 17:49:57,832 -   train_loss = 0.8878
2022-11-05 17:50:31,758 - ***** Epoch: 2: Eval results *****
2022-11-05 17:50:31,759 -   best_eval_score = 0.8822
2022-11-05 17:50:31,759 -   eval_score = 0.8822
2022-11-05 17:50:31,759 -   train_loss = 0.4138
2022-11-05 17:51:05,529 - EarlyStopping counter: 1 out of 4
2022-11-05 17:51:05,529 - ***** Epoch: 3: Eval results *****
2022-11-05 17:51:05,529 -   best_eval_score = 0.8822
2022-11-05 17:51:05,529 -   eval_score = 0.8584
2022-11-05 17:51:05,529 -   train_loss = 0.2825
2022-11-05 17:51:38,777 - ***** Epoch: 4: Eval results *****
2022-11-05 17:51:38,778 -   best_eval_score = 0.9114
2022-11-05 17:51:38,778 -   eval_score = 0.9114
2022-11-05 17:51:38,778 -   train_loss = 0.2512
2022-11-05 17:52:12,084 - ***** Epoch: 5: Eval results *****
2022-11-05 17:52:12,084 -   best_eval_score = 0.9135
2022-11-05 17:52:12,084 -   eval_score = 0.9135
2022-11-05 17:52:12,084 -   train_loss = 0.2564
2022-11-05 17:52:44,968 - EarlyStopping counter: 1 out of 4
2022-11-05 17:52:44,969 - ***** Epoch: 6: Eval results *****
2022-11-05 17:52:44,969 -   best_eval_score = 0.9135
2022-11-05 17:52:44,969 -   eval_score = 0.911
2022-11-05 17:52:44,969 -   train_loss = 0.2608
2022-11-05 17:53:17,272 - EarlyStopping counter: 2 out of 4
2022-11-05 17:53:17,272 - ***** Epoch: 7: Eval results *****
2022-11-05 17:53:17,272 -   best_eval_score = 0.9135
2022-11-05 17:53:17,272 -   eval_score = 0.911
2022-11-05 17:53:17,272 -   train_loss = 0.2613
2022-11-05 17:53:49,603 - EarlyStopping counter: 3 out of 4
2022-11-05 17:53:49,603 - ***** Epoch: 8: Eval results *****
2022-11-05 17:53:49,603 -   best_eval_score = 0.9135
2022-11-05 17:53:49,603 -   eval_score = 0.911
2022-11-05 17:53:49,603 -   train_loss = 0.2618
2022-11-05 17:54:23,725 - EarlyStopping counter: 4 out of 4
2022-11-05 17:54:23,725 - ***** Epoch: 9: Eval results *****
2022-11-05 17:54:23,725 -   best_eval_score = 0.9135
2022-11-05 17:54:23,725 -   eval_score = 0.9111
2022-11-05 17:54:23,725 -   train_loss = 0.2624
2022-11-05 17:54:23,725 - EarlyStopping at epoch 9
2022-11-05 17:54:23,725 - Trained models are saved in outputs\nmfir_MIntRec_binary-class_2022-11-05-17-48-45\models
2022-11-05 17:54:24,519 - Training is finished...
2022-11-05 17:54:24,519 - Testing begins...
2022-11-05 17:54:27,152 - ***** Test: Confusion Matrix *****
2022-11-05 17:54:27,155 - [[219  29]
 [ 24 173]]
2022-11-05 17:54:27,155 - ***** Evaluation results *****
2022-11-05 17:54:27,155 -   acc = 0.8809
2022-11-05 17:54:27,155 -   f1 = 0.8796
2022-11-05 17:54:27,155 -   prec = 0.8788
2022-11-05 17:54:27,155 -   rec = 0.8806
2022-11-05 17:54:27,158 - Testing is finished...
2022-11-05 17:54:27,158 - Multimodal intent recognition is finished...
2022-11-05 17:54:27,158 - Results are saved in results\nmfir_bert_bi.csv
