2023-03-14 14:45:19,847 - ============================== Params ==============================
2023-03-14 14:45:19,847 - logger_name: nmfir_MIntRec_multi-class_2023-03-14-14-45-19
2023-03-14 14:45:19,847 - dataset: MIntRec
2023-03-14 14:45:19,847 - data_mode: multi-class
2023-03-14 14:45:19,847 - method: nmfir
2023-03-14 14:45:19,847 - text_backbone: bert-base-uncased
2023-03-14 14:45:19,847 - seed: 0
2023-03-14 14:45:19,847 - num_workers: 0
2023-03-14 14:45:19,847 - gpu_id: 0
2023-03-14 14:45:19,847 - data_path: MIA-datasets
2023-03-14 14:45:19,848 - train: True
2023-03-14 14:45:19,848 - tune: False
2023-03-14 14:45:19,848 - save_model: True
2023-03-14 14:45:19,848 - save_results: True
2023-03-14 14:45:19,848 - log_path: logs
2023-03-14 14:45:19,848 - cache_path: cache
2023-03-14 14:45:19,848 - video_data_path: video_data
2023-03-14 14:45:19,848 - audio_data_path: audio_data
2023-03-14 14:45:19,848 - video_feats_path: video_feats.pkl
2023-03-14 14:45:19,848 - audio_feats_path: audio_feats.pkl
2023-03-14 14:45:19,848 - results_path: results
2023-03-14 14:45:19,848 - output_path: outputs
2023-03-14 14:45:19,848 - model_path: models
2023-03-14 14:45:19,848 - config_file_name: nmfir_bert
2023-03-14 14:45:19,848 - results_file_name: nmfir_bert.csv
2023-03-14 14:45:19,848 - padding_mode: zero
2023-03-14 14:45:19,848 - padding_loc: end
2023-03-14 14:45:19,848 - need_aligned: False
2023-03-14 14:45:19,848 - eval_monitor: f1
2023-03-14 14:45:19,848 - train_batch_size: 6
2023-03-14 14:45:19,848 - eval_batch_size: 6
2023-03-14 14:45:19,848 - test_batch_size: 4
2023-03-14 14:45:19,848 - wait_patience: 4
2023-03-14 14:45:19,848 - num_train_epochs: 100
2023-03-14 14:45:19,848 - use_cmd_sim: False
2023-03-14 14:45:19,848 - reverse_grad_weight: 0.8
2023-03-14 14:45:19,848 - hidden_size: 256
2023-03-14 14:45:19,848 - dropout_rate: 0.1
2023-03-14 14:45:19,848 - diff_weight: 0.7
2023-03-14 14:45:19,848 - sim_weight: 0.7
2023-03-14 14:45:19,848 - recon_weight: 0.7
2023-03-14 14:45:19,848 - lr: 3e-05
2023-03-14 14:45:19,848 - grad_clip: -1.0
2023-03-14 14:45:19,848 - gamma: 0.5
2023-03-14 14:45:19,848 - common_hyper_param: {'common_param': {'padding_mode': 'zero', 'padding_loc': 'end', 'need_aligned': False, 'eval_monitor': 'f1', 'train_batch_size': 6, 'eval_batch_size': 6, 'test_batch_size': 4, 'wait_patience': 4}, 'hyper_param': {'num_train_epochs': 100, 'use_cmd_sim': False, 'reverse_grad_weight': 0.8, 'hidden_size': 256, 'dropout_rate': 0.1, 'diff_weight': 0.7, 'sim_weight': 0.7, 'recon_weight': 0.7, 'lr': 3e-05, 'grad_clip': -1.0, 'gamma': 0.5}}
2023-03-14 14:45:19,848 - pred_output_path: outputs\nmfir_MIntRec_multi-class_2023-03-14-14-45-19
2023-03-14 14:45:19,848 - model_output_path: outputs\nmfir_MIntRec_multi-class_2023-03-14-14-45-19\models
2023-03-14 14:45:19,848 - ============================== End Params ==============================
2023-03-14 14:45:19,854 - Generate Text Features Begin...
2023-03-14 14:45:37,930 - Generate Text Features Finished...
2023-03-14 14:45:37,930 - Load Video Features Begin...
2023-03-14 14:45:38,230 - Load Video Features Finished...
2023-03-14 14:45:38,864 - Load Audio Features Begin...
2023-03-14 14:45:39,950 - Load Audio Features Finished...
2023-03-14 14:46:02,038 - Multimodal intent recognition begins...
2023-03-14 14:46:02,069 - Training begins...
2023-03-14 14:46:47,201 - ***** Epoch: 1: Eval results *****
2023-03-14 14:46:47,220 -   best_eval_score = 0.4044
2023-03-14 14:46:47,220 -   eval_score = 0.4044
2023-03-14 14:46:47,220 -   train_loss = 3.3521
2023-03-14 14:47:25,390 - ***** Epoch: 2: Eval results *****
2023-03-14 14:47:25,390 -   best_eval_score = 0.5882
2023-03-14 14:47:25,390 -   eval_score = 0.5882
2023-03-14 14:47:25,390 -   train_loss = 1.9608
2023-03-14 14:48:02,030 - ***** Epoch: 3: Eval results *****
2023-03-14 14:48:02,030 -   best_eval_score = 0.6242
2023-03-14 14:48:02,030 -   eval_score = 0.6242
2023-03-14 14:48:02,030 -   train_loss = 1.399
2023-03-14 14:48:38,680 - ***** Epoch: 4: Eval results *****
2023-03-14 14:48:38,680 -   best_eval_score = 0.6884
2023-03-14 14:48:38,680 -   eval_score = 0.6884
2023-03-14 14:48:38,680 -   train_loss = 1.1266
2023-03-14 14:49:15,462 - EarlyStopping counter: 1 out of 4
2023-03-14 14:49:15,462 - ***** Epoch: 5: Eval results *****
2023-03-14 14:49:15,462 -   best_eval_score = 0.6884
2023-03-14 14:49:15,462 -   eval_score = 0.6429
2023-03-14 14:49:15,462 -   train_loss = 0.9844
2023-03-14 14:49:55,980 - EarlyStopping counter: 2 out of 4
2023-03-14 14:49:55,980 - ***** Epoch: 6: Eval results *****
2023-03-14 14:49:55,980 -   best_eval_score = 0.6884
2023-03-14 14:49:55,980 -   eval_score = 0.6812
2023-03-14 14:49:55,980 -   train_loss = 0.8881
2023-03-14 14:50:32,717 - EarlyStopping counter: 3 out of 4
2023-03-14 14:50:32,717 - ***** Epoch: 7: Eval results *****
2023-03-14 14:50:32,717 -   best_eval_score = 0.6884
2023-03-14 14:50:32,717 -   eval_score = 0.6801
2023-03-14 14:50:32,717 -   train_loss = 0.8553
2023-03-14 14:51:14,790 - EarlyStopping counter: 4 out of 4
2023-03-14 14:51:14,790 - ***** Epoch: 8: Eval results *****
2023-03-14 14:51:14,790 -   best_eval_score = 0.6884
2023-03-14 14:51:14,790 -   eval_score = 0.6868
2023-03-14 14:51:14,790 -   train_loss = 0.8475
2023-03-14 14:51:14,790 - EarlyStopping at epoch 8
2023-03-14 14:51:14,790 - Trained models are saved in outputs\nmfir_MIntRec_multi-class_2023-03-14-14-45-19\models
2023-03-14 14:51:15,890 - Training is finished...
2023-03-14 14:51:15,890 - Testing begins...
2023-03-14 14:51:19,906 - ***** Test: Confusion Matrix *****
2023-03-14 14:51:19,910 - [[28  2  0  0  5  0  1  2  1  5  0  0 11  1  0  0  0  0  0  1]
 [ 0 37  0  1  0  1  2  0  0  0  0  0  2  0  0  0  0  0  0  0]
 [ 1  0 26  0  0  0  0  0  0  0  0  0  0  0  0  0  0  0  0  0]
 [ 0  0  0 25  0  0  0  0  0  0  0  0  0  0  0  0  0  0  0  0]
 [ 1  0  0  0 13  0  2  1  0  1  0  1  3  0  1  0  0  0  0  0]
 [ 0  0  0  0  0 12  0  0  0  0  0  0  0  0  0  0  0  0  0  0]
 [ 2  0  0  0  1  0  2  1  1  1  0  0  1  0  0  2  0  0  0  1]
 [ 3  0  0  0  0  0  0  5  0  1  0  0  1  0  0  0  0  0  0  0]
 [ 0  0  0  0  0  0  0  4  1  0  0  0  1  1  0  2  0  0  0  1]
 [ 1  0  0  0  0  0  1  0  0  5  1  0  0  0  0  1  0  1  0  0]
 [ 1  0  0  0  0  1  0  0  0  3 12  0  0  0  0  0  0  1  0  0]
 [ 0  0  0  0  0  0  0  0  0  0  0 18  0  0  0  0  0  0  0  1]
 [ 1  1  0  1  0  0  0  1  0  2  1  0 43  2  3  1  0  1  0  0]
 [ 0  0  0  0  0  0  1  1  0  0  1  1  2 18  1  0  0  0  0  0]
 [ 0  0  0  0  0  0  0  0  0  0  0  0  3  2 15  0  1  0  0  1]
 [ 0  0  0  0  0  0  0  1  0  0  0  0  6  0  0 13  0  0  0  1]
 [ 0  0  0  0  0  0  0  0  0  0  0  0  7  0  0  0 10  0  0  0]
 [ 0  0  0  0  0  0  0  0  0  2  1  0  2  0  0  0  0 10  0  0]
 [ 0  0  0  0  0  0  0  0  0  0  0  0  1  0  0  0  0  0 11  0]
 [ 0  0  0  0  0  0  0  0  0  0  0  0  0  1  1  0  0  0  0  8]]
2023-03-14 14:51:19,910 - ***** Evaluation results *****
2023-03-14 14:51:19,910 -   acc = 0.7011
2023-03-14 14:51:19,910 -   f1 = 0.6695
2023-03-14 14:51:19,910 -   prec = 0.6892
2023-03-14 14:51:19,910 -   rec = 0.6754
2023-03-14 14:51:19,910 - Testing is finished...
2023-03-14 14:51:19,910 - Multimodal intent recognition is finished...
2023-03-14 14:51:19,910 - Results are saved in results\nmfir_bert.csv
