2022-11-29 11:41:43,159 - ============================== Params ==============================
2022-11-29 11:41:43,159 - logger_name: nmfir_MIntRec_multi-class_2022-11-29-11-41-43
2022-11-29 11:41:43,159 - dataset: MIntRec
2022-11-29 11:41:43,159 - data_mode: multi-class
2022-11-29 11:41:43,159 - method: nmfir
2022-11-29 11:41:43,159 - text_backbone: bert-base-uncased
2022-11-29 11:41:43,160 - seed: 0
2022-11-29 11:41:43,160 - num_workers: 0
2022-11-29 11:41:43,160 - gpu_id: 0
2022-11-29 11:41:43,160 - data_path: MIA-datasets
2022-11-29 11:41:43,160 - train: True
2022-11-29 11:41:43,160 - tune: False
2022-11-29 11:41:43,160 - save_model: True
2022-11-29 11:41:43,160 - save_results: True
2022-11-29 11:41:43,160 - log_path: logs
2022-11-29 11:41:43,160 - cache_path: cache
2022-11-29 11:41:43,160 - video_data_path: video_data
2022-11-29 11:41:43,160 - audio_data_path: audio_data
2022-11-29 11:41:43,160 - video_feats_path: video_feats.pkl
2022-11-29 11:41:43,161 - audio_feats_path: audio_feats.pkl
2022-11-29 11:41:43,161 - results_path: results
2022-11-29 11:41:43,161 - output_path: outputs
2022-11-29 11:41:43,161 - model_path: models
2022-11-29 11:41:43,161 - config_file_name: nmfir_bert
2022-11-29 11:41:43,161 - results_file_name: nmfir_bert.csv
2022-11-29 11:41:43,161 - padding_mode: zero
2022-11-29 11:41:43,161 - padding_loc: end
2022-11-29 11:41:43,161 - need_aligned: False
2022-11-29 11:41:43,161 - eval_monitor: f1
2022-11-29 11:41:43,161 - train_batch_size: 6
2022-11-29 11:41:43,161 - eval_batch_size: 6
2022-11-29 11:41:43,161 - test_batch_size: 4
2022-11-29 11:41:43,161 - wait_patience: 4
2022-11-29 11:41:43,161 - num_train_epochs: 100
2022-11-29 11:41:43,161 - use_cmd_sim: False
2022-11-29 11:41:43,161 - reverse_grad_weight: 0.8
2022-11-29 11:41:43,161 - hidden_size: 256
2022-11-29 11:41:43,161 - dropout_rate: 0.1
2022-11-29 11:41:43,161 - diff_weight: 0.7
2022-11-29 11:41:43,161 - sim_weight: 0.7
2022-11-29 11:41:43,161 - recon_weight: 0.6
2022-11-29 11:41:43,162 - lr: 3e-05
2022-11-29 11:41:43,162 - grad_clip: -1.0
2022-11-29 11:41:43,162 - gamma: 0.5
2022-11-29 11:41:43,162 - common_hyper_param: {'common_param': {'padding_mode': 'zero', 'padding_loc': 'end', 'need_aligned': False, 'eval_monitor': 'f1', 'train_batch_size': 6, 'eval_batch_size': 6, 'test_batch_size': 4, 'wait_patience': 4}, 'hyper_param': {'num_train_epochs': 100, 'use_cmd_sim': False, 'reverse_grad_weight': 0.8, 'hidden_size': 256, 'dropout_rate': 0.1, 'diff_weight': 0.7, 'sim_weight': 0.7, 'recon_weight': 0.6, 'lr': 3e-05, 'grad_clip': -1.0, 'gamma': 0.5}}
2022-11-29 11:41:43,162 - pred_output_path: outputs\nmfir_MIntRec_multi-class_2022-11-29-11-41-43
2022-11-29 11:41:43,162 - model_output_path: outputs\nmfir_MIntRec_multi-class_2022-11-29-11-41-43\models
2022-11-29 11:41:43,162 - ============================== End Params ==============================
2022-11-29 11:41:43,165 - Generate Text Features Begin...
2022-11-29 11:41:59,483 - Generate Text Features Finished...
2022-11-29 11:41:59,484 - Load Video Features Begin...
2022-11-29 11:42:00,412 - Load Video Features Finished...
2022-11-29 11:42:00,798 - Load Audio Features Begin...
2022-11-29 11:42:05,118 - Load Audio Features Finished...
2022-11-29 11:42:22,411 - Multimodal intent recognition begins...
2022-11-29 11:42:22,413 - Training begins...
2022-11-29 11:43:04,793 - ***** Epoch: 1: Eval results *****
2022-11-29 11:43:04,808 -   best_eval_score = 0.4121
2022-11-29 11:43:04,808 -   eval_score = 0.4121
2022-11-29 11:43:04,808 -   train_loss = 3.3126
2022-11-29 11:43:40,313 - ***** Epoch: 2: Eval results *****
2022-11-29 11:43:40,313 -   best_eval_score = 0.6013
2022-11-29 11:43:40,313 -   eval_score = 0.6013
2022-11-29 11:43:40,313 -   train_loss = 1.9416
2022-11-29 11:44:16,950 - ***** Epoch: 3: Eval results *****
2022-11-29 11:44:16,950 -   best_eval_score = 0.6424
2022-11-29 11:44:16,950 -   eval_score = 0.6424
2022-11-29 11:44:16,950 -   train_loss = 1.3903
2022-11-29 11:44:53,481 - ***** Epoch: 4: Eval results *****
2022-11-29 11:44:53,481 -   best_eval_score = 0.6753
2022-11-29 11:44:53,481 -   eval_score = 0.6753
2022-11-29 11:44:53,481 -   train_loss = 1.1206
2022-11-29 11:45:28,404 - EarlyStopping counter: 1 out of 4
2022-11-29 11:45:28,404 - ***** Epoch: 5: Eval results *****
2022-11-29 11:45:28,404 -   best_eval_score = 0.6753
2022-11-29 11:45:28,404 -   eval_score = 0.65
2022-11-29 11:45:28,404 -   train_loss = 0.9912
2022-11-29 11:46:03,748 - ***** Epoch: 6: Eval results *****
2022-11-29 11:46:03,748 -   best_eval_score = 0.6755
2022-11-29 11:46:03,748 -   eval_score = 0.6755
2022-11-29 11:46:03,748 -   train_loss = 0.8919
2022-11-29 11:46:40,904 - ***** Epoch: 7: Eval results *****
2022-11-29 11:46:40,904 -   best_eval_score = 0.6869
2022-11-29 11:46:40,904 -   eval_score = 0.6869
2022-11-29 11:46:40,904 -   train_loss = 0.8517
2022-11-29 11:47:17,333 - EarlyStopping counter: 1 out of 4
2022-11-29 11:47:17,333 - ***** Epoch: 8: Eval results *****
2022-11-29 11:47:17,333 -   best_eval_score = 0.6869
2022-11-29 11:47:17,333 -   eval_score = 0.674
2022-11-29 11:47:17,333 -   train_loss = 0.8368
2022-11-29 11:47:52,297 - EarlyStopping counter: 2 out of 4
2022-11-29 11:47:52,297 - ***** Epoch: 9: Eval results *****
2022-11-29 11:47:52,297 -   best_eval_score = 0.6869
2022-11-29 11:47:52,297 -   eval_score = 0.6639
2022-11-29 11:47:52,297 -   train_loss = 0.8256
2022-11-29 11:48:31,500 - EarlyStopping counter: 3 out of 4
2022-11-29 11:48:31,500 - ***** Epoch: 10: Eval results *****
2022-11-29 11:48:31,500 -   best_eval_score = 0.6869
2022-11-29 11:48:31,500 -   eval_score = 0.6688
2022-11-29 11:48:31,500 -   train_loss = 0.8158
2022-11-29 11:49:11,854 - EarlyStopping counter: 4 out of 4
2022-11-29 11:49:11,854 - ***** Epoch: 11: Eval results *****
2022-11-29 11:49:11,854 -   best_eval_score = 0.6869
2022-11-29 11:49:11,854 -   eval_score = 0.6635
2022-11-29 11:49:11,854 -   train_loss = 0.8125
2022-11-29 11:49:11,854 - EarlyStopping at epoch 11
2022-11-29 11:49:11,854 - Trained models are saved in outputs\nmfir_MIntRec_multi-class_2022-11-29-11-41-43\models
2022-11-29 11:49:13,005 - Training is finished...
2022-11-29 11:49:13,005 - Testing begins...
2022-11-29 11:49:17,401 - ***** Test: Confusion Matrix *****
2022-11-29 11:49:17,407 - [[35  1  0  0  5  0  2  1  3  4  0  0  5  1  0  0  0  0  0  0]
 [ 0 39  0  1  0  0  1  0  2  0  0  0  0  0  0  0  0  0  0  0]
 [ 1  0 26  0  0  0  0  0  0  0  0  0  0  0  0  0  0  0  0  0]
 [ 0  0  0 25  0  0  0  0  0  0  0  0  0  0  0  0  0  0  0  0]
 [ 3  0  0  0 11  0  5  0  0  0  0  1  2  0  1  0  0  0  0  0]
 [ 0  0  0  0  0 12  0  0  0  0  0  0  0  0  0  0  0  0  0  0]
 [ 2  0  0  0  1  0  1  1  5  0  0  0  1  0  0  0  1  0  0  0]
 [ 4  1  0  0  0  0  0  3  1  0  1  0  0  0  0  0  0  0  0  0]
 [ 0  0  0  0  0  0  0  2  6  0  0  0  0  2  0  0  0  0  0  0]
 [ 1  0  0  0  0  0  0  1  0  3  0  0  0  0  0  3  0  2  0  0]
 [ 2  0  0  0  0  0  1  1  0  0 13  0  0  0  0  0  0  1  0  0]
 [ 0  0  0  0  0  0  1  0  0  0  0 17  0  0  0  0  0  0  0  1]
 [ 1  1  0  0  0  0  1  3  3  1  1  1 37  4  3  1  0  0  0  0]
 [ 0  0  0  0  0  0  2  1  1  0  2  1  0 17  1  0  0  0  0  0]
 [ 0  0  0  0  1  0  1  0  1  0  0  0  1  2 14  0  1  0  0  1]
 [ 0  1  0  0  0  0  0  1  2  0  0  0  3  1  1 12  0  0  0  0]
 [ 0  0  0  0  0  0  0  0  0  0  0  0  4  0  1  0 12  0  0  0]
 [ 0  0  0  0  0  0  0  0  0  1  0  0  1  0  0  0  0 13  0  0]
 [ 0  0  0  0  0  0  0  0  0  0  0  0  1  0  0  1  0  0 10  0]
 [ 0  0  0  0  0  0  0  0  0  0  0  0  1  1  1  0  1  0  0  6]]
2022-11-29 11:49:17,407 - ***** Evaluation results *****
2022-11-29 11:49:17,408 -   acc = 0.7011
2022-11-29 11:49:17,408 -   f1 = 0.6701
2022-11-29 11:49:17,408 -   prec = 0.6823
2022-11-29 11:49:17,408 -   rec = 0.6703
2022-11-29 11:49:17,411 - Testing is finished...
2022-11-29 11:49:17,411 - Multimodal intent recognition is finished...
2022-11-29 11:49:17,411 - Results are saved in results\nmfir_bert.csv
