2022-11-29 13:27:07,092 - ============================== Params ==============================
2022-11-29 13:27:07,092 - logger_name: nmfir_MIntRec_multi-class_2022-11-29-13-27-07
2022-11-29 13:27:07,092 - dataset: MIntRec
2022-11-29 13:27:07,092 - data_mode: multi-class
2022-11-29 13:27:07,092 - method: nmfir
2022-11-29 13:27:07,092 - text_backbone: bert-base-uncased
2022-11-29 13:27:07,092 - seed: 0
2022-11-29 13:27:07,093 - num_workers: 0
2022-11-29 13:27:07,093 - gpu_id: 0
2022-11-29 13:27:07,093 - data_path: MIA-datasets
2022-11-29 13:27:07,093 - train: True
2022-11-29 13:27:07,093 - tune: False
2022-11-29 13:27:07,093 - save_model: True
2022-11-29 13:27:07,093 - save_results: True
2022-11-29 13:27:07,093 - log_path: logs
2022-11-29 13:27:07,093 - cache_path: cache
2022-11-29 13:27:07,093 - video_data_path: video_data
2022-11-29 13:27:07,093 - audio_data_path: audio_data
2022-11-29 13:27:07,093 - video_feats_path: video_feats.pkl
2022-11-29 13:27:07,093 - audio_feats_path: audio_feats.pkl
2022-11-29 13:27:07,093 - results_path: results
2022-11-29 13:27:07,093 - output_path: outputs
2022-11-29 13:27:07,093 - model_path: models
2022-11-29 13:27:07,093 - config_file_name: nmfir_bert
2022-11-29 13:27:07,093 - results_file_name: nmfir_bert.csv
2022-11-29 13:27:07,093 - padding_mode: zero
2022-11-29 13:27:07,093 - padding_loc: end
2022-11-29 13:27:07,093 - need_aligned: False
2022-11-29 13:27:07,093 - eval_monitor: f1
2022-11-29 13:27:07,093 - train_batch_size: 6
2022-11-29 13:27:07,093 - eval_batch_size: 6
2022-11-29 13:27:07,093 - test_batch_size: 4
2022-11-29 13:27:07,093 - wait_patience: 4
2022-11-29 13:27:07,093 - num_train_epochs: 100
2022-11-29 13:27:07,093 - use_cmd_sim: False
2022-11-29 13:27:07,093 - reverse_grad_weight: 0.8
2022-11-29 13:27:07,093 - hidden_size: 256
2022-11-29 13:27:07,093 - dropout_rate: 0.1
2022-11-29 13:27:07,093 - diff_weight: 0.7
2022-11-29 13:27:07,093 - sim_weight: 0.7
2022-11-29 13:27:07,093 - recon_weight: 0.6
2022-11-29 13:27:07,093 - lr: 3e-05
2022-11-29 13:27:07,093 - grad_clip: -1.0
2022-11-29 13:27:07,093 - gamma: 0.5
2022-11-29 13:27:07,093 - common_hyper_param: {'common_param': {'padding_mode': 'zero', 'padding_loc': 'end', 'need_aligned': False, 'eval_monitor': 'f1', 'train_batch_size': 6, 'eval_batch_size': 6, 'test_batch_size': 4, 'wait_patience': 4}, 'hyper_param': {'num_train_epochs': 100, 'use_cmd_sim': False, 'reverse_grad_weight': 0.8, 'hidden_size': 256, 'dropout_rate': 0.1, 'diff_weight': 0.7, 'sim_weight': 0.7, 'recon_weight': 0.6, 'lr': 3e-05, 'grad_clip': -1.0, 'gamma': 0.5}}
2022-11-29 13:27:07,093 - pred_output_path: outputs\nmfir_MIntRec_multi-class_2022-11-29-13-27-07
2022-11-29 13:27:07,093 - model_output_path: outputs\nmfir_MIntRec_multi-class_2022-11-29-13-27-07\models
2022-11-29 13:27:07,093 - ============================== End Params ==============================
2022-11-29 13:27:07,097 - Generate Text Features Begin...
2022-11-29 13:27:23,168 - Generate Text Features Finished...
2022-11-29 13:27:23,168 - Load Video Features Begin...
2022-11-29 13:27:27,411 - Load Video Features Finished...
