2022-11-18 09:46:11,090 - ============================== Params ==============================
2022-11-18 09:46:11,090 - logger_name: nmfir_MIntRec_multi-class_2022-11-18-09-46-11
2022-11-18 09:46:11,090 - dataset: MIntRec
2022-11-18 09:46:11,090 - data_mode: multi-class
2022-11-18 09:46:11,090 - method: nmfir
2022-11-18 09:46:11,091 - text_backbone: bert-base-uncased
2022-11-18 09:46:11,091 - seed: 0
2022-11-18 09:46:11,091 - num_workers: 0
2022-11-18 09:46:11,091 - gpu_id: 0
2022-11-18 09:46:11,091 - data_path: MIA-datasets
2022-11-18 09:46:11,091 - train: True
2022-11-18 09:46:11,091 - tune: False
2022-11-18 09:46:11,091 - save_model: True
2022-11-18 09:46:11,091 - save_results: True
2022-11-18 09:46:11,091 - log_path: logs
2022-11-18 09:46:11,091 - cache_path: cache
2022-11-18 09:46:11,091 - video_data_path: video_data
2022-11-18 09:46:11,091 - audio_data_path: audio_data
2022-11-18 09:46:11,091 - video_feats_path: video_feats.pkl
2022-11-18 09:46:11,091 - audio_feats_path: audio_feats.pkl
2022-11-18 09:46:11,091 - results_path: results
2022-11-18 09:46:11,091 - output_path: outputs
2022-11-18 09:46:11,091 - model_path: models
2022-11-18 09:46:11,091 - config_file_name: nmfir_bert
2022-11-18 09:46:11,091 - results_file_name: nmfir_bert.csv
2022-11-18 09:46:11,091 - padding_mode: zero
2022-11-18 09:46:11,091 - padding_loc: end
2022-11-18 09:46:11,091 - need_aligned: False
2022-11-18 09:46:11,091 - eval_monitor: f1
2022-11-18 09:46:11,091 - train_batch_size: 6
2022-11-18 09:46:11,091 - eval_batch_size: 6
2022-11-18 09:46:11,091 - test_batch_size: 4
2022-11-18 09:46:11,091 - wait_patience: 4
2022-11-18 09:46:11,091 - num_train_epochs: 100
2022-11-18 09:46:11,091 - use_cmd_sim: False
2022-11-18 09:46:11,091 - reverse_grad_weight: 0.8
2022-11-18 09:46:11,091 - hidden_size: 256
2022-11-18 09:46:11,091 - dropout_rate: 0.1
2022-11-18 09:46:11,091 - diff_weight: 0.7
2022-11-18 09:46:11,091 - sim_weight: 0.7
2022-11-18 09:46:11,091 - recon_weight: 0.6
2022-11-18 09:46:11,091 - lr: 3e-05
2022-11-18 09:46:11,091 - grad_clip: -1.0
2022-11-18 09:46:11,091 - gamma: 0.5
2022-11-18 09:46:11,091 - common_hyper_param: {'common_param': {'padding_mode': 'zero', 'padding_loc': 'end', 'need_aligned': False, 'eval_monitor': 'f1', 'train_batch_size': 6, 'eval_batch_size': 6, 'test_batch_size': 4, 'wait_patience': 4}, 'hyper_param': {'num_train_epochs': 100, 'use_cmd_sim': False, 'reverse_grad_weight': 0.8, 'hidden_size': 256, 'dropout_rate': 0.1, 'diff_weight': 0.7, 'sim_weight': 0.7, 'recon_weight': 0.6, 'lr': 3e-05, 'grad_clip': -1.0, 'gamma': 0.5}}
2022-11-18 09:46:11,091 - pred_output_path: outputs\nmfir_MIntRec_multi-class_2022-11-18-09-46-11
2022-11-18 09:46:11,092 - model_output_path: outputs\nmfir_MIntRec_multi-class_2022-11-18-09-46-11\models
2022-11-18 09:46:11,092 - ============================== End Params ==============================
2022-11-18 09:46:11,095 - Generate Text Features Begin...
2022-11-18 09:46:28,066 - Generate Text Features Finished...
2022-11-18 09:46:28,066 - Load Video Features Begin...
2022-11-18 09:46:28,519 - Load Video Features Finished...
2022-11-18 09:46:29,052 - Load Audio Features Begin...
2022-11-18 09:46:30,055 - Load Audio Features Finished...
2022-11-18 09:46:48,572 - Multimodal intent recognition begins...
2022-11-18 09:46:48,572 - Training begins...
2022-11-18 09:47:34,462 - ***** Epoch: 1: Eval results *****
2022-11-18 09:47:34,478 -   best_eval_score = 0.4166
2022-11-18 09:47:34,478 -   eval_score = 0.4166
2022-11-18 09:47:34,478 -   train_loss = 3.3116
2022-11-18 09:48:10,886 - ***** Epoch: 2: Eval results *****
2022-11-18 09:48:10,886 -   best_eval_score = 0.5806
2022-11-18 09:48:10,886 -   eval_score = 0.5806
2022-11-18 09:48:10,886 -   train_loss = 1.9552
2022-11-18 09:48:45,137 - ***** Epoch: 3: Eval results *****
2022-11-18 09:48:45,137 -   best_eval_score = 0.6338
2022-11-18 09:48:45,137 -   eval_score = 0.6338
2022-11-18 09:48:45,137 -   train_loss = 1.4024
2022-11-18 09:49:22,853 - ***** Epoch: 4: Eval results *****
2022-11-18 09:49:22,853 -   best_eval_score = 0.6524
2022-11-18 09:49:22,853 -   eval_score = 0.6524
2022-11-18 09:49:22,853 -   train_loss = 1.1392
2022-11-18 09:49:58,928 - ***** Epoch: 5: Eval results *****
2022-11-18 09:49:58,928 -   best_eval_score = 0.6637
2022-11-18 09:49:58,928 -   eval_score = 0.6637
2022-11-18 09:49:58,928 -   train_loss = 1.008
2022-11-18 09:50:33,194 - ***** Epoch: 6: Eval results *****
2022-11-18 09:50:33,194 -   best_eval_score = 0.6702
2022-11-18 09:50:33,194 -   eval_score = 0.6702
2022-11-18 09:50:33,194 -   train_loss = 0.8873
2022-11-18 09:51:09,051 - ***** Epoch: 7: Eval results *****
2022-11-18 09:51:09,051 -   best_eval_score = 0.6791
2022-11-18 09:51:09,051 -   eval_score = 0.6791
2022-11-18 09:51:09,051 -   train_loss = 0.8474
2022-11-18 09:51:47,293 - ***** Epoch: 8: Eval results *****
2022-11-18 09:51:47,293 -   best_eval_score = 0.6816
2022-11-18 09:51:47,293 -   eval_score = 0.6816
2022-11-18 09:51:47,293 -   train_loss = 0.8194
2022-11-18 09:52:25,582 - EarlyStopping counter: 1 out of 4
2022-11-18 09:52:25,582 - ***** Epoch: 9: Eval results *****
2022-11-18 09:52:25,582 -   best_eval_score = 0.6816
2022-11-18 09:52:25,582 -   eval_score = 0.6753
2022-11-18 09:52:25,582 -   train_loss = 0.8176
2022-11-18 09:53:05,660 - EarlyStopping counter: 2 out of 4
2022-11-18 09:53:05,660 - ***** Epoch: 10: Eval results *****
2022-11-18 09:53:05,660 -   best_eval_score = 0.6816
2022-11-18 09:53:05,660 -   eval_score = 0.6761
2022-11-18 09:53:05,660 -   train_loss = 0.8007
2022-11-18 09:53:37,819 - EarlyStopping counter: 3 out of 4
2022-11-18 09:53:37,820 - ***** Epoch: 11: Eval results *****
2022-11-18 09:53:37,820 -   best_eval_score = 0.6816
2022-11-18 09:53:37,820 -   eval_score = 0.6731
2022-11-18 09:53:37,820 -   train_loss = 0.7916
2022-11-18 09:54:10,363 - EarlyStopping counter: 4 out of 4
2022-11-18 09:54:10,363 - ***** Epoch: 12: Eval results *****
2022-11-18 09:54:10,363 -   best_eval_score = 0.6816
2022-11-18 09:54:10,363 -   eval_score = 0.6756
2022-11-18 09:54:10,363 -   train_loss = 0.7903
2022-11-18 09:54:10,363 - EarlyStopping at epoch 12
2022-11-18 09:54:10,364 - Trained models are saved in outputs\nmfir_MIntRec_multi-class_2022-11-18-09-46-11\models
2022-11-18 09:54:11,286 - Training is finished...
2022-11-18 09:54:11,287 - Testing begins...
2022-11-18 09:54:14,259 - ***** Test: Confusion Matrix *****
2022-11-18 09:54:14,263 - [[32  2  0  0  7  0  1  1  2  4  0  0  6  2  0  0  0  0  0  0]
 [ 0 37  0  1  0  0  2  0  0  0  0  0  2  1  0  0  0  0  0  0]
 [ 1  0 26  0  0  0  0  0  0  0  0  0  0  0  0  0  0  0  0  0]
 [ 0  0  0 25  0  0  0  0  0  0  0  0  0  0  0  0  0  0  0  0]
 [ 2  0  0  0 15  0  3  0  1  1  0  1  0  0  0  0  0  0  0  0]
 [ 0  0  0  0  0 12  0  0  0  0  0  0  0  0  0  0  0  0  0  0]
 [ 2  1  0  0  1  0  2  0  4  0  0  0  1  0  1  0  0  0  0  0]
 [ 4  0  0  0  0  1  0  4  1  0  0  0  0  0  0  0  0  0  0  0]
 [ 0  0  0  0  0  0  1  2  6  0  0  0  0  1  0  0  0  0  0  0]
 [ 1  0  0  0  0  0  1  0  0  3  1  0  0  0  0  3  0  1  0  0]
 [ 2  0  0  0  0  0  0  0  0  1 15  0  0  0  0  0  0  0  0  0]
 [ 0  0  0  0  0  0  2  0  0  0  0 17  0  0  0  0  0  0  0  0]
 [ 3  0  0  1  1  0  1  0  4  0  1  0 39  1  4  1  0  1  0  0]
 [ 0  0  0  0  0  0  1  0  0  0  1  1  0 22  0  0  0  0  0  0]
 [ 0  0  1  0  1  0  0  0  1  0  0  0  1  4 12  0  1  0  0  1]
 [ 0  0  0  0  0  0  0  0  3  0  0  0  2  1  1 14  0  0  0  0]
 [ 0  0  0  0  0  0  0  0  0  0  0  0  3  0  1  0 13  0  0  0]
 [ 0  0  0  0  0  0  0  0  0  1  0  0  1  0  0  0  0 13  0  0]
 [ 0  0  0  0  0  0  0  0  0  0  0  0  2  0  0  1  0  0  9  0]
 [ 0  0  0  0  0  0  0  0  0  0  0  0  1  1  1  0  0  0  0  7]]
2022-11-18 09:54:14,264 - ***** Evaluation results *****
2022-11-18 09:54:14,264 -   acc = 0.7258
2022-11-18 09:54:14,264 -   f1 = 0.7046
2022-11-18 09:54:14,264 -   prec = 0.719
2022-11-18 09:54:14,264 -   rec = 0.7045
2022-11-18 09:54:14,268 - Testing is finished...
2022-11-18 09:54:14,268 - Multimodal intent recognition is finished...
2022-11-18 09:54:14,268 - Results are saved in results\nmfir_bert.csv
