2022-11-18 11:57:47,010 - ============================== Params ==============================
2022-11-18 11:57:47,010 - logger_name: nmfir_MIntRec_multi-class_2022-11-18-11-57-47
2022-11-18 11:57:47,010 - dataset: MIntRec
2022-11-18 11:57:47,010 - data_mode: multi-class
2022-11-18 11:57:47,010 - method: nmfir
2022-11-18 11:57:47,010 - text_backbone: bert-base-uncased
2022-11-18 11:57:47,010 - seed: 0
2022-11-18 11:57:47,010 - num_workers: 0
2022-11-18 11:57:47,010 - gpu_id: 0
2022-11-18 11:57:47,010 - data_path: MIA-datasets
2022-11-18 11:57:47,010 - train: True
2022-11-18 11:57:47,011 - tune: False
2022-11-18 11:57:47,011 - save_model: True
2022-11-18 11:57:47,011 - save_results: True
2022-11-18 11:57:47,011 - log_path: logs
2022-11-18 11:57:47,011 - cache_path: cache
2022-11-18 11:57:47,011 - video_data_path: video_data
2022-11-18 11:57:47,011 - audio_data_path: audio_data
2022-11-18 11:57:47,011 - video_feats_path: video_feats.pkl
2022-11-18 11:57:47,011 - audio_feats_path: audio_feats.pkl
2022-11-18 11:57:47,011 - results_path: results
2022-11-18 11:57:47,011 - output_path: outputs
2022-11-18 11:57:47,011 - model_path: models
2022-11-18 11:57:47,011 - config_file_name: nmfir_bert
2022-11-18 11:57:47,011 - results_file_name: nmfir_bert.csv
2022-11-18 11:57:47,011 - padding_mode: zero
2022-11-18 11:57:47,011 - padding_loc: end
2022-11-18 11:57:47,011 - need_aligned: False
2022-11-18 11:57:47,011 - eval_monitor: f1
2022-11-18 11:57:47,011 - train_batch_size: 6
2022-11-18 11:57:47,011 - eval_batch_size: 6
2022-11-18 11:57:47,011 - test_batch_size: 4
2022-11-18 11:57:47,011 - wait_patience: 4
2022-11-18 11:57:47,011 - num_train_epochs: 100
2022-11-18 11:57:47,011 - use_cmd_sim: False
2022-11-18 11:57:47,011 - reverse_grad_weight: 0.8
2022-11-18 11:57:47,011 - hidden_size: 256
2022-11-18 11:57:47,011 - dropout_rate: 0.1
2022-11-18 11:57:47,011 - diff_weight: 0.7
2022-11-18 11:57:47,011 - sim_weight: 0.7
2022-11-18 11:57:47,011 - recon_weight: 0.6
2022-11-18 11:57:47,011 - lr: 3e-05
2022-11-18 11:57:47,011 - grad_clip: -1.0
2022-11-18 11:57:47,011 - gamma: 0.5
2022-11-18 11:57:47,011 - common_hyper_param: {'common_param': {'padding_mode': 'zero', 'padding_loc': 'end', 'need_aligned': False, 'eval_monitor': 'f1', 'train_batch_size': 6, 'eval_batch_size': 6, 'test_batch_size': 4, 'wait_patience': 4}, 'hyper_param': {'num_train_epochs': 100, 'use_cmd_sim': False, 'reverse_grad_weight': 0.8, 'hidden_size': 256, 'dropout_rate': 0.1, 'diff_weight': 0.7, 'sim_weight': 0.7, 'recon_weight': 0.6, 'lr': 3e-05, 'grad_clip': -1.0, 'gamma': 0.5}}
2022-11-18 11:57:47,011 - pred_output_path: outputs\nmfir_MIntRec_multi-class_2022-11-18-11-57-47
2022-11-18 11:57:47,011 - model_output_path: outputs\nmfir_MIntRec_multi-class_2022-11-18-11-57-47\models
2022-11-18 11:57:47,011 - ============================== End Params ==============================
2022-11-18 11:57:47,015 - Generate Text Features Begin...
2022-11-18 11:58:03,483 - Generate Text Features Finished...
2022-11-18 11:58:03,484 - Load Video Features Begin...
2022-11-18 11:58:03,914 - Load Video Features Finished...
2022-11-18 11:58:04,437 - Load Audio Features Begin...
2022-11-18 11:58:05,246 - Load Audio Features Finished...
2022-11-18 11:58:16,021 - Multimodal intent recognition begins...
2022-11-18 11:58:16,022 - Training begins...
2022-11-18 11:58:25,543 - ***** Epoch: 1: Eval results *****
2022-11-18 11:58:25,544 -   best_eval_score = 0.0114
2022-11-18 11:58:25,544 -   eval_score = 0.0114
2022-11-18 11:58:25,544 -   train_loss = 4.2739
2022-11-18 11:58:30,668 - ***** Epoch: 2: Eval results *****
2022-11-18 11:58:30,668 -   best_eval_score = 0.0607
2022-11-18 11:58:30,668 -   eval_score = 0.0607
2022-11-18 11:58:30,668 -   train_loss = 3.8667
2022-11-18 11:58:35,865 - ***** Epoch: 3: Eval results *****
2022-11-18 11:58:35,865 -   best_eval_score = 0.1745
2022-11-18 11:58:35,865 -   eval_score = 0.1745
2022-11-18 11:58:35,865 -   train_loss = 3.4753
2022-11-18 11:58:40,992 - ***** Epoch: 4: Eval results *****
2022-11-18 11:58:40,992 -   best_eval_score = 0.2096
2022-11-18 11:58:40,993 -   eval_score = 0.2096
2022-11-18 11:58:40,993 -   train_loss = 2.998
2022-11-18 11:58:46,144 - ***** Epoch: 5: Eval results *****
2022-11-18 11:58:46,144 -   best_eval_score = 0.248
2022-11-18 11:58:46,144 -   eval_score = 0.248
2022-11-18 11:58:46,144 -   train_loss = 2.5349
2022-11-18 11:58:51,289 - ***** Epoch: 6: Eval results *****
2022-11-18 11:58:51,289 -   best_eval_score = 0.3125
2022-11-18 11:58:51,289 -   eval_score = 0.3125
2022-11-18 11:58:51,289 -   train_loss = 2.1226
2022-11-18 11:58:56,419 - ***** Epoch: 7: Eval results *****
2022-11-18 11:58:56,419 -   best_eval_score = 0.3458
2022-11-18 11:58:56,419 -   eval_score = 0.3458
2022-11-18 11:58:56,419 -   train_loss = 1.8319
2022-11-18 11:59:01,607 - ***** Epoch: 8: Eval results *****
2022-11-18 11:59:01,607 -   best_eval_score = 0.3691
2022-11-18 11:59:01,607 -   eval_score = 0.3691
2022-11-18 11:59:01,607 -   train_loss = 1.6214
2022-11-18 11:59:06,818 - ***** Epoch: 9: Eval results *****
2022-11-18 11:59:06,819 -   best_eval_score = 0.4023
2022-11-18 11:59:06,819 -   eval_score = 0.4023
2022-11-18 11:59:06,819 -   train_loss = 1.4747
2022-11-18 11:59:11,986 - ***** Epoch: 10: Eval results *****
2022-11-18 11:59:11,986 -   best_eval_score = 0.4483
2022-11-18 11:59:11,986 -   eval_score = 0.4483
2022-11-18 11:59:11,986 -   train_loss = 1.3451
2022-11-18 11:59:17,324 - ***** Epoch: 11: Eval results *****
2022-11-18 11:59:17,324 -   best_eval_score = 0.4569
2022-11-18 11:59:17,324 -   eval_score = 0.4569
2022-11-18 11:59:17,324 -   train_loss = 1.2405
2022-11-18 11:59:22,525 - ***** Epoch: 12: Eval results *****
2022-11-18 11:59:22,525 -   best_eval_score = 0.4642
2022-11-18 11:59:22,525 -   eval_score = 0.4642
2022-11-18 11:59:22,525 -   train_loss = 1.1685
2022-11-18 11:59:27,766 - ***** Epoch: 13: Eval results *****
2022-11-18 11:59:27,766 -   best_eval_score = 0.4694
2022-11-18 11:59:27,766 -   eval_score = 0.4694
2022-11-18 11:59:27,766 -   train_loss = 1.1043
2022-11-18 11:59:33,138 - ***** Epoch: 14: Eval results *****
2022-11-18 11:59:33,138 -   best_eval_score = 0.4718
2022-11-18 11:59:33,138 -   eval_score = 0.4718
2022-11-18 11:59:33,138 -   train_loss = 1.0571
2022-11-18 11:59:38,458 - EarlyStopping counter: 1 out of 4
2022-11-18 11:59:38,458 - ***** Epoch: 15: Eval results *****
2022-11-18 11:59:38,458 -   best_eval_score = 0.4718
2022-11-18 11:59:38,458 -   eval_score = 0.4668
2022-11-18 11:59:38,458 -   train_loss = 1.0196
2022-11-18 11:59:43,678 - EarlyStopping counter: 2 out of 4
2022-11-18 11:59:43,679 - ***** Epoch: 16: Eval results *****
2022-11-18 11:59:43,679 -   best_eval_score = 0.4718
2022-11-18 11:59:43,679 -   eval_score = 0.4717
2022-11-18 11:59:43,679 -   train_loss = 0.9904
2022-11-18 11:59:48,995 - EarlyStopping counter: 3 out of 4
2022-11-18 11:59:48,995 - ***** Epoch: 17: Eval results *****
2022-11-18 11:59:48,995 -   best_eval_score = 0.4718
2022-11-18 11:59:48,995 -   eval_score = 0.4654
2022-11-18 11:59:48,995 -   train_loss = 0.9822
2022-11-18 11:59:54,282 - EarlyStopping counter: 4 out of 4
2022-11-18 11:59:54,283 - ***** Epoch: 18: Eval results *****
2022-11-18 11:59:54,283 -   best_eval_score = 0.4718
2022-11-18 11:59:54,283 -   eval_score = 0.4672
2022-11-18 11:59:54,283 -   train_loss = 0.979
2022-11-18 11:59:54,283 - EarlyStopping at epoch 18
2022-11-18 11:59:54,283 - Trained models are saved in outputs\nmfir_MIntRec_multi-class_2022-11-18-11-57-47\models
2022-11-18 11:59:55,108 - Training is finished...
2022-11-18 11:59:55,108 - Testing begins...
2022-11-18 11:59:57,373 - ***** Test: Confusion Matrix *****
2022-11-18 11:59:57,375 - [[33  5  0  0  0  2  2  0  0  1  1  0 10  3  0  0  0  0  0  0]
 [ 1 37  0  2  0  0  0  0  0  0  0  0  2  0  1  0  0  0  0  0]
 [ 0  0 23  0  0  0  0  0  0  0  1  0  1  0  0  1  1  0  0  0]
 [ 0  2  0 23  0  0  0  0  0  0  0  0  0  0  0  0  0  0  0  0]
 [ 7  0  0  0  3  0  5  0  0  0  0  1  4  1  1  0  0  1  0  0]
 [ 0  2  0  0  0  9  0  0  0  0  1  0  0  0  0  0  0  0  0  0]
 [ 4  0  0  0  1  0  2  0  0  0  0  0  4  0  1  0  0  0  0  0]
 [ 4  1  0  0  0  0  0  0  0  0  1  0  3  0  0  1  0  0  0  0]
 [ 2  1  0  0  0  0  0  0  0  0  0  0  4  2  1  0  0  0  0  0]
 [ 2  0  0  0  0  0  2  0  0  2  0  0  0  0  1  3  0  0  0  0]
 [ 2  0  0  0  0  0  1  0  0  1 13  0  1  0  0  0  0  0  0  0]
 [ 1  0  0  0  0  0  1  0  0  0  0 17  0  0  0  0  0  0  0  0]
 [ 7  1  0  2  0  0  0  0  0  0  2  0 39  3  2  1  0  0  0  0]
 [ 2  1  0  0  0  0  1  0  0  0  1  1  1 16  2  0  0  0  0  0]
 [ 1  0  0  0  0  0  0  0  0  0  0  0  3  3 15  0  0  0  0  0]
 [ 0  2  0  0  0  0  0  0  0  0  0  0  5  1  0 13  0  0  0  0]
 [ 3  0  0  0  0  0  0  0  0  0  2  0  1  3  4  1  3  0  0  0]
 [ 1  0  1  1  0  0  4  0  0  0  2  0  2  1  0  0  1  1  1  0]
 [ 0  1  0  3  0  0  0  0  0  0  0  0  1  0  0  2  0  0  5  0]
 [ 2  0  0  0  0  0  0  0  0  0  0  0  3  3  1  0  1  0  0  0]]
2022-11-18 11:59:57,375 - ***** Evaluation results *****
2022-11-18 11:59:57,375 -   acc = 0.5708
2022-11-18 11:59:57,375 -   f1 = 0.4574
2022-11-18 11:59:57,375 -   prec = 0.5161
2022-11-18 11:59:57,375 -   rec = 0.468
2022-11-18 11:59:57,378 - Testing is finished...
2022-11-18 11:59:57,378 - Multimodal intent recognition is finished...
2022-11-18 11:59:57,378 - Results are saved in results\nmfir_bert.csv
