2023-03-13 21:34:30,559 - ============================== Params ==============================
2023-03-13 21:34:30,559 - logger_name: nmfir_MIntRec_multi-class_2023-03-13-21-34-30
2023-03-13 21:34:30,559 - dataset: MIntRec
2023-03-13 21:34:30,559 - data_mode: multi-class
2023-03-13 21:34:30,559 - method: nmfir
2023-03-13 21:34:30,559 - text_backbone: bert-base-uncased
2023-03-13 21:34:30,559 - seed: 0
2023-03-13 21:34:30,559 - num_workers: 0
2023-03-13 21:34:30,559 - gpu_id: 0
2023-03-13 21:34:30,559 - data_path: MIA-datasets
2023-03-13 21:34:30,559 - train: True
2023-03-13 21:34:30,559 - tune: False
2023-03-13 21:34:30,559 - save_model: True
2023-03-13 21:34:30,559 - save_results: True
2023-03-13 21:34:30,559 - log_path: logs
2023-03-13 21:34:30,559 - cache_path: cache
2023-03-13 21:34:30,559 - video_data_path: video_data
2023-03-13 21:34:30,559 - audio_data_path: audio_data
2023-03-13 21:34:30,559 - video_feats_path: video_feats.pkl
2023-03-13 21:34:30,559 - audio_feats_path: audio_feats.pkl
2023-03-13 21:34:30,559 - results_path: results
2023-03-13 21:34:30,559 - output_path: outputs
2023-03-13 21:34:30,559 - model_path: models
2023-03-13 21:34:30,559 - config_file_name: nmfir_bert
2023-03-13 21:34:30,559 - results_file_name: nmfir_bert.csv
2023-03-13 21:34:30,559 - padding_mode: zero
2023-03-13 21:34:30,559 - padding_loc: end
2023-03-13 21:34:30,559 - need_aligned: False
2023-03-13 21:34:30,559 - eval_monitor: f1
2023-03-13 21:34:30,559 - train_batch_size: 6
2023-03-13 21:34:30,559 - eval_batch_size: 6
2023-03-13 21:34:30,560 - test_batch_size: 4
2023-03-13 21:34:30,560 - wait_patience: 4
2023-03-13 21:34:30,560 - num_train_epochs: 100
2023-03-13 21:34:30,560 - use_cmd_sim: False
2023-03-13 21:34:30,560 - reverse_grad_weight: 0.8
2023-03-13 21:34:30,560 - hidden_size: 256
2023-03-13 21:34:30,560 - dropout_rate: 0.1
2023-03-13 21:34:30,560 - diff_weight: 0.3
2023-03-13 21:34:30,560 - sim_weight: 0.5
2023-03-13 21:34:30,560 - recon_weight: 0.5
2023-03-13 21:34:30,560 - lr: 3e-05
2023-03-13 21:34:30,560 - grad_clip: -1.0
2023-03-13 21:34:30,560 - gamma: 0.5
2023-03-13 21:34:30,560 - common_hyper_param: {'common_param': {'padding_mode': 'zero', 'padding_loc': 'end', 'need_aligned': False, 'eval_monitor': 'f1', 'train_batch_size': 6, 'eval_batch_size': 6, 'test_batch_size': 4, 'wait_patience': 4}, 'hyper_param': {'num_train_epochs': 100, 'use_cmd_sim': False, 'reverse_grad_weight': 0.8, 'hidden_size': 256, 'dropout_rate': 0.1, 'diff_weight': 0.3, 'sim_weight': 0.5, 'recon_weight': 0.5, 'lr': 3e-05, 'grad_clip': -1.0, 'gamma': 0.5}}
2023-03-13 21:34:30,560 - pred_output_path: outputs\nmfir_MIntRec_multi-class_2023-03-13-21-34-30
2023-03-13 21:34:30,560 - model_output_path: outputs\nmfir_MIntRec_multi-class_2023-03-13-21-34-30\models
2023-03-13 21:34:30,560 - ============================== End Params ==============================
2023-03-13 21:34:30,564 - Generate Text Features Begin...
2023-03-13 21:35:01,137 - Generate Text Features Finished...
2023-03-13 21:35:01,137 - Load Video Features Begin...
2023-03-13 21:35:01,575 - Load Video Features Finished...
2023-03-13 21:35:01,975 - Load Audio Features Begin...
2023-03-13 21:35:02,727 - Load Audio Features Finished...
2023-03-13 21:35:25,182 - Multimodal intent recognition begins...
2023-03-13 21:35:25,187 - Training begins...
2023-03-13 21:36:03,908 - ***** Epoch: 1: Eval results *****
2023-03-13 21:36:03,936 -   best_eval_score = 0.3751
2023-03-13 21:36:03,936 -   eval_score = 0.3751
2023-03-13 21:36:03,936 -   train_loss = 3.0475
2023-03-13 21:36:38,196 - ***** Epoch: 2: Eval results *****
2023-03-13 21:36:38,197 -   best_eval_score = 0.6011
2023-03-13 21:36:38,197 -   eval_score = 0.6011
2023-03-13 21:36:38,197 -   train_loss = 1.7153
2023-03-13 21:37:09,961 - ***** Epoch: 3: Eval results *****
2023-03-13 21:37:09,962 -   best_eval_score = 0.6524
2023-03-13 21:37:09,962 -   eval_score = 0.6524
2023-03-13 21:37:09,962 -   train_loss = 1.1578
2023-03-13 21:37:42,257 - ***** Epoch: 4: Eval results *****
2023-03-13 21:37:42,257 -   best_eval_score = 0.6715
2023-03-13 21:37:42,258 -   eval_score = 0.6715
2023-03-13 21:37:42,259 -   train_loss = 0.9104
2023-03-13 21:38:14,797 - EarlyStopping counter: 1 out of 4
2023-03-13 21:38:14,797 - ***** Epoch: 5: Eval results *****
2023-03-13 21:38:14,797 -   best_eval_score = 0.6715
2023-03-13 21:38:14,797 -   eval_score = 0.6257
2023-03-13 21:38:14,797 -   train_loss = 0.7584
2023-03-13 21:38:46,670 - EarlyStopping counter: 2 out of 4
2023-03-13 21:38:46,670 - ***** Epoch: 6: Eval results *****
2023-03-13 21:38:46,670 -   best_eval_score = 0.6715
2023-03-13 21:38:46,670 -   eval_score = 0.659
2023-03-13 21:38:46,670 -   train_loss = 0.6601
2023-03-13 21:39:19,421 - ***** Epoch: 7: Eval results *****
2023-03-13 21:39:19,421 -   best_eval_score = 0.6748
2023-03-13 21:39:19,421 -   eval_score = 0.6748
2023-03-13 21:39:19,421 -   train_loss = 0.6304
2023-03-13 21:39:55,577 - EarlyStopping counter: 1 out of 4
2023-03-13 21:39:55,577 - ***** Epoch: 8: Eval results *****
2023-03-13 21:39:55,577 -   best_eval_score = 0.6748
2023-03-13 21:39:55,577 -   eval_score = 0.668
2023-03-13 21:39:55,577 -   train_loss = 0.6235
2023-03-13 21:40:34,693 - EarlyStopping counter: 2 out of 4
2023-03-13 21:40:34,693 - ***** Epoch: 9: Eval results *****
2023-03-13 21:40:34,693 -   best_eval_score = 0.6748
2023-03-13 21:40:34,693 -   eval_score = 0.6704
2023-03-13 21:40:34,693 -   train_loss = 0.6214
2023-03-13 21:41:13,687 - EarlyStopping counter: 3 out of 4
2023-03-13 21:41:13,687 - ***** Epoch: 10: Eval results *****
2023-03-13 21:41:13,687 -   best_eval_score = 0.6748
2023-03-13 21:41:13,687 -   eval_score = 0.6742
2023-03-13 21:41:13,687 -   train_loss = 0.6173
2023-03-13 21:41:48,960 - EarlyStopping counter: 4 out of 4
2023-03-13 21:41:48,960 - ***** Epoch: 11: Eval results *****
2023-03-13 21:41:48,960 -   best_eval_score = 0.6748
2023-03-13 21:41:48,960 -   eval_score = 0.6713
2023-03-13 21:41:48,960 -   train_loss = 0.6162
2023-03-13 21:41:48,960 - EarlyStopping at epoch 11
2023-03-13 21:41:48,960 - Trained models are saved in outputs\nmfir_MIntRec_multi-class_2023-03-13-21-34-30\models
2023-03-13 21:41:49,802 - Training is finished...
2023-03-13 21:41:49,802 - Testing begins...
2023-03-13 21:41:52,983 - ***** Test: Confusion Matrix *****
2023-03-13 21:41:52,983 - [[33  2  0  0  7  0  1  1  2  2  1  0  6  2  0  0  0  0  0  0]
 [ 0 38  0  1  0  0  3  0  0  0  0  0  1  0  0  0  0  0  0  0]
 [ 1  0 26  0  0  0  0  0  0  0  0  0  0  0  0  0  0  0  0  0]
 [ 0  0  0 25  0  0  0  0  0  0  0  0  0  0  0  0  0  0  0  0]
 [ 5  0  0  0 12  0  2  0  0  0  0  2  1  0  1  0  0  0  0  0]
 [ 0  0  0  0  0 12  0  0  0  0  0  0  0  0  0  0  0  0  0  0]
 [ 1  0  0  0  2  0  1  1  5  0  0  0  1  0  1  0  0  0  0  0]
 [ 3  0  0  0  0  0  0  6  1  0  0  0  0  0  0  0  0  0  0  0]
 [ 1  0  0  0  0  0  0  2  5  0  0  0  0  1  0  1  0  0  0  0]
 [ 1  0  0  0  0  0  1  1  0  3  0  0  0  0  0  3  0  1  0  0]
 [ 1  0  0  0  0  0  0  1  0  1 14  0  0  0  1  0  0  0  0  0]
 [ 0  0  0  0  0  0  0  0  0  0  0 18  0  0  0  0  0  0  0  1]
 [ 3  1  0  1  1  0  1  2  2  0  0  1 36  3  4  1  1  0  0  0]
 [ 0  0  0  0  0  0  2  0  0  0  1  1  1 18  1  0  1  0  0  0]
 [ 0  0  0  0  1  0  0  0  1  0  0  0  0  3 15  0  1  0  0  1]
 [ 0  1  0  0  0  0  0  0  0  0  0  0  4  1  1 14  0  0  0  0]
 [ 0  0  0  0  0  0  0  0  0  0  0  0  2  0  1  0 14  0  0  0]
 [ 0  0  0  0  0  0  0  0  0  1  0  0  2  0  0  0  0 12  0  0]
 [ 0  0  0  0  0  0  0  0  0  0  0  0  3  0  0  1  0  0  8  0]
 [ 0  0  0  0  0  0  0  0  0  0  0  0  0  1  1  0  1  0  0  7]]
2023-03-13 21:41:52,999 - ***** Evaluation results *****
2023-03-13 21:41:52,999 -   acc = 0.7124
2023-03-13 21:41:52,999 -   f1 = 0.6904
2023-03-13 21:41:52,999 -   prec = 0.6994
2023-03-13 21:41:52,999 -   rec = 0.6923
2023-03-13 21:41:52,999 - Testing is finished...
2023-03-13 21:41:52,999 - Multimodal intent recognition is finished...
2023-03-13 21:41:52,999 - Results are saved in results\nmfir_bert.csv
