2022-11-29 10:34:14,138 - ============================== Params ==============================
2022-11-29 10:34:14,138 - logger_name: nmfir_MIntRec_multi-class_2022-11-29-10-34-14
2022-11-29 10:34:14,138 - dataset: MIntRec
2022-11-29 10:34:14,138 - data_mode: multi-class
2022-11-29 10:34:14,138 - method: nmfir
2022-11-29 10:34:14,138 - text_backbone: bert-base-uncased
2022-11-29 10:34:14,138 - seed: 0
2022-11-29 10:34:14,138 - num_workers: 0
2022-11-29 10:34:14,138 - gpu_id: 0
2022-11-29 10:34:14,138 - data_path: MIA-datasets
2022-11-29 10:34:14,138 - train: True
2022-11-29 10:34:14,138 - tune: False
2022-11-29 10:34:14,138 - save_model: True
2022-11-29 10:34:14,138 - save_results: True
2022-11-29 10:34:14,138 - log_path: logs
2022-11-29 10:34:14,138 - cache_path: cache
2022-11-29 10:34:14,138 - video_data_path: video_data
2022-11-29 10:34:14,138 - audio_data_path: audio_data
2022-11-29 10:34:14,138 - video_feats_path: video_feats.pkl
2022-11-29 10:34:14,138 - audio_feats_path: audio_feats.pkl
2022-11-29 10:34:14,138 - results_path: results
2022-11-29 10:34:14,138 - output_path: outputs
2022-11-29 10:34:14,138 - model_path: models
2022-11-29 10:34:14,139 - config_file_name: nmfir_bert
2022-11-29 10:34:14,139 - results_file_name: nmfir_bert.csv
2022-11-29 10:34:14,140 - padding_mode: zero
2022-11-29 10:34:14,140 - padding_loc: end
2022-11-29 10:34:14,140 - need_aligned: False
2022-11-29 10:34:14,140 - eval_monitor: f1
2022-11-29 10:34:14,140 - train_batch_size: 6
2022-11-29 10:34:14,140 - eval_batch_size: 6
2022-11-29 10:34:14,140 - test_batch_size: 4
2022-11-29 10:34:14,140 - wait_patience: 4
2022-11-29 10:34:14,140 - num_train_epochs: 100
2022-11-29 10:34:14,140 - use_cmd_sim: False
2022-11-29 10:34:14,140 - reverse_grad_weight: 0.8
2022-11-29 10:34:14,140 - hidden_size: 256
2022-11-29 10:34:14,140 - dropout_rate: 0.1
2022-11-29 10:34:14,140 - diff_weight: 0.7
2022-11-29 10:34:14,140 - sim_weight: 0.7
2022-11-29 10:34:14,140 - recon_weight: 0.6
2022-11-29 10:34:14,140 - lr: 3e-05
2022-11-29 10:34:14,140 - grad_clip: -1.0
2022-11-29 10:34:14,140 - gamma: 0.5
2022-11-29 10:34:14,140 - common_hyper_param: {'common_param': {'padding_mode': 'zero', 'padding_loc': 'end', 'need_aligned': False, 'eval_monitor': 'f1', 'train_batch_size': 6, 'eval_batch_size': 6, 'test_batch_size': 4, 'wait_patience': 4}, 'hyper_param': {'num_train_epochs': 100, 'use_cmd_sim': False, 'reverse_grad_weight': 0.8, 'hidden_size': 256, 'dropout_rate': 0.1, 'diff_weight': 0.7, 'sim_weight': 0.7, 'recon_weight': 0.6, 'lr': 3e-05, 'grad_clip': -1.0, 'gamma': 0.5}}
2022-11-29 10:34:14,140 - pred_output_path: outputs\nmfir_MIntRec_multi-class_2022-11-29-10-34-14
2022-11-29 10:34:14,140 - model_output_path: outputs\nmfir_MIntRec_multi-class_2022-11-29-10-34-14\models
2022-11-29 10:34:14,140 - ============================== End Params ==============================
2022-11-29 10:34:14,144 - Generate Text Features Begin...
2022-11-29 10:34:29,988 - Generate Text Features Finished...
2022-11-29 10:34:29,988 - Load Video Features Begin...
2022-11-29 10:34:31,319 - Load Video Features Finished...
2022-11-29 10:34:31,978 - Load Audio Features Begin...
2022-11-29 10:34:39,129 - Load Audio Features Finished...
2022-11-29 10:34:58,984 - Multimodal intent recognition begins...
2022-11-29 10:34:58,984 - Training begins...
2022-11-29 10:35:39,924 - ***** Epoch: 1: Eval results *****
2022-11-29 10:35:39,947 -   best_eval_score = 0.3963
2022-11-29 10:35:39,947 -   eval_score = 0.3963
2022-11-29 10:35:39,947 -   train_loss = 3.358
2022-11-29 10:36:16,455 - ***** Epoch: 2: Eval results *****
2022-11-29 10:36:16,455 -   best_eval_score = 0.606
2022-11-29 10:36:16,455 -   eval_score = 0.606
2022-11-29 10:36:16,455 -   train_loss = 1.9711
2022-11-29 10:36:53,135 - ***** Epoch: 3: Eval results *****
2022-11-29 10:36:53,135 -   best_eval_score = 0.6337
2022-11-29 10:36:53,135 -   eval_score = 0.6337
2022-11-29 10:36:53,135 -   train_loss = 1.4152
2022-11-29 10:37:29,247 - ***** Epoch: 4: Eval results *****
2022-11-29 10:37:29,247 -   best_eval_score = 0.6741
2022-11-29 10:37:29,248 -   eval_score = 0.6741
2022-11-29 10:37:29,248 -   train_loss = 1.1508
2022-11-29 10:38:04,343 - EarlyStopping counter: 1 out of 4
2022-11-29 10:38:04,343 - ***** Epoch: 5: Eval results *****
2022-11-29 10:38:04,343 -   best_eval_score = 0.6741
2022-11-29 10:38:04,343 -   eval_score = 0.6549
2022-11-29 10:38:04,343 -   train_loss = 1.0051
2022-11-29 10:38:41,889 - EarlyStopping counter: 2 out of 4
2022-11-29 10:38:41,889 - ***** Epoch: 6: Eval results *****
2022-11-29 10:38:41,889 -   best_eval_score = 0.6741
2022-11-29 10:38:41,889 -   eval_score = 0.6513
2022-11-29 10:38:41,889 -   train_loss = 0.8858
2022-11-29 10:39:17,014 - EarlyStopping counter: 3 out of 4
2022-11-29 10:39:17,014 - ***** Epoch: 7: Eval results *****
2022-11-29 10:39:17,014 -   best_eval_score = 0.6741
2022-11-29 10:39:17,014 -   eval_score = 0.6601
2022-11-29 10:39:17,014 -   train_loss = 0.8526
2022-11-29 10:39:52,257 - EarlyStopping counter: 4 out of 4
2022-11-29 10:39:52,257 - ***** Epoch: 8: Eval results *****
2022-11-29 10:39:52,257 -   best_eval_score = 0.6741
2022-11-29 10:39:52,257 -   eval_score = 0.6539
2022-11-29 10:39:52,257 -   train_loss = 0.846
2022-11-29 10:39:52,257 - EarlyStopping at epoch 8
2022-11-29 10:39:52,257 - Trained models are saved in outputs\nmfir_MIntRec_multi-class_2022-11-29-10-34-14\models
2022-11-29 10:39:53,158 - Training is finished...
2022-11-29 10:39:53,158 - Testing begins...
2022-11-29 10:39:56,237 - ***** Test: Confusion Matrix *****
2022-11-29 10:39:56,253 - [[31  1  0  0 11  0  2  1  0  2  1  0  6  1  0  0  0  0  0  1]
 [ 0 36  0  1  0  0  1  1  1  0  0  0  2  1  0  0  0  0  0  0]
 [ 1  0 26  0  0  0  0  0  0  0  0  0  0  0  0  0  0  0  0  0]
 [ 0  0  0 25  0  0  0  0  0  0  0  0  0  0  0  0  0  0  0  0]
 [ 1  0  0  0 17  0  1  0  0  0  0  1  0  1  1  0  0  1  0  0]
 [ 0  0  0  0  0 12  0  0  0  0  0  0  0  0  0  0  0  0  0  0]
 [ 1  0  0  0  4  0  1  1  2  0  0  0  1  0  0  0  0  1  0  1]
 [ 3  0  0  0  0  0  0  4  1  1  0  0  1  0  0  0  0  0  0  0]
 [ 1  0  0  0  1  0  0  3  1  0  0  0  0  2  0  1  0  0  0  1]
 [ 1  0  0  0  0  0  0  0  0  4  0  0  0  0  0  2  0  3  0  0]
 [ 1  0  0  0  0  0  0  1  0  0 16  0  0  0  0  0  0  0  0  0]
 [ 0  0  0  0  0  0  2  0  0  0  0 15  0  0  0  0  0  0  1  1]
 [ 3  1  0  1  0  0  1  0  0  0  1  0 41  3  5  0  0  0  0  1]
 [ 0  0  0  0  1  0  0  0  0  0  1  1  0 21  0  0  0  0  0  1]
 [ 0  0  0  0  0  0  0  0  0  0  0  0  0  2 16  0  1  0  0  3]
 [ 0  0  0  0  0  0  0  0  0  0  0  0  9  0  1 10  0  0  0  1]
 [ 0  0  0  0  0  0  0  0  0  0  0  0  5  0  1  0 10  0  0  1]
 [ 0  0  0  0  0  0  0  0  0  1  1  0  1  0  0  0  0 12  0  0]
 [ 0  0  0  0  0  0  0  0  0  0  0  0  2  0  0  1  0  0  9  0]
 [ 0  0  0  0  0  0  0  0  0  0  0  0  0  0  1  0  0  0  0  9]]
2022-11-29 10:39:56,253 - ***** Evaluation results *****
2022-11-29 10:39:56,253 -   acc = 0.7101
2022-11-29 10:39:56,253 -   f1 = 0.6661
2022-11-29 10:39:56,253 -   prec = 0.6782
2022-11-29 10:39:56,253 -   rec = 0.6773
2022-11-29 10:39:56,253 - Testing is finished...
2022-11-29 10:39:56,253 - Multimodal intent recognition is finished...
2022-11-29 10:39:56,253 - Results are saved in results\nmfir_bert.csv
