2022-11-18 12:52:51,221 - ============================== Params ==============================
2022-11-18 12:52:51,221 - logger_name: nmfir_MIntRec_multi-class_2022-11-18-12-52-51
2022-11-18 12:52:51,221 - dataset: MIntRec
2022-11-18 12:52:51,221 - data_mode: multi-class
2022-11-18 12:52:51,221 - method: nmfir
2022-11-18 12:52:51,221 - text_backbone: bert-base-uncased
2022-11-18 12:52:51,221 - seed: 0
2022-11-18 12:52:51,221 - num_workers: 0
2022-11-18 12:52:51,221 - gpu_id: 0
2022-11-18 12:52:51,221 - data_path: MIA-datasets
2022-11-18 12:52:51,221 - train: True
2022-11-18 12:52:51,221 - tune: False
2022-11-18 12:52:51,221 - save_model: True
2022-11-18 12:52:51,222 - save_results: True
2022-11-18 12:52:51,222 - log_path: logs
2022-11-18 12:52:51,222 - cache_path: cache
2022-11-18 12:52:51,222 - video_data_path: video_data
2022-11-18 12:52:51,222 - audio_data_path: audio_data
2022-11-18 12:52:51,222 - video_feats_path: video_feats.pkl
2022-11-18 12:52:51,222 - audio_feats_path: audio_feats.pkl
2022-11-18 12:52:51,222 - results_path: results
2022-11-18 12:52:51,222 - output_path: outputs
2022-11-18 12:52:51,222 - model_path: models
2022-11-18 12:52:51,222 - config_file_name: nmfir_bert
2022-11-18 12:52:51,222 - results_file_name: nmfir_bert.csv
2022-11-18 12:52:51,222 - padding_mode: zero
2022-11-18 12:52:51,222 - padding_loc: end
2022-11-18 12:52:51,222 - need_aligned: False
2022-11-18 12:52:51,222 - eval_monitor: f1
2022-11-18 12:52:51,222 - train_batch_size: 6
2022-11-18 12:52:51,222 - eval_batch_size: 6
2022-11-18 12:52:51,222 - test_batch_size: 4
2022-11-18 12:52:51,222 - wait_patience: 4
2022-11-18 12:52:51,222 - num_train_epochs: 100
2022-11-18 12:52:51,222 - use_cmd_sim: False
2022-11-18 12:52:51,222 - reverse_grad_weight: 0.8
2022-11-18 12:52:51,222 - hidden_size: 256
2022-11-18 12:52:51,222 - dropout_rate: 0.1
2022-11-18 12:52:51,222 - diff_weight: 0.7
2022-11-18 12:52:51,222 - sim_weight: 0.7
2022-11-18 12:52:51,222 - recon_weight: 0.6
2022-11-18 12:52:51,222 - lr: 3e-05
2022-11-18 12:52:51,222 - grad_clip: -1.0
2022-11-18 12:52:51,222 - gamma: 0.5
2022-11-18 12:52:51,222 - common_hyper_param: {'common_param': {'padding_mode': 'zero', 'padding_loc': 'end', 'need_aligned': False, 'eval_monitor': 'f1', 'train_batch_size': 6, 'eval_batch_size': 6, 'test_batch_size': 4, 'wait_patience': 4}, 'hyper_param': {'num_train_epochs': 100, 'use_cmd_sim': False, 'reverse_grad_weight': 0.8, 'hidden_size': 256, 'dropout_rate': 0.1, 'diff_weight': 0.7, 'sim_weight': 0.7, 'recon_weight': 0.6, 'lr': 3e-05, 'grad_clip': -1.0, 'gamma': 0.5}}
2022-11-18 12:52:51,222 - pred_output_path: outputs\nmfir_MIntRec_multi-class_2022-11-18-12-52-51
2022-11-18 12:52:51,222 - model_output_path: outputs\nmfir_MIntRec_multi-class_2022-11-18-12-52-51\models
2022-11-18 12:52:51,222 - ============================== End Params ==============================
2022-11-18 12:52:51,226 - Generate Text Features Begin...
2022-11-18 12:53:07,161 - Generate Text Features Finished...
2022-11-18 12:53:07,161 - Load Video Features Begin...
2022-11-18 12:53:07,358 - Load Video Features Finished...
2022-11-18 12:53:07,708 - Load Audio Features Begin...
2022-11-18 12:53:08,460 - Load Audio Features Finished...
2022-11-18 12:53:23,917 - Multimodal intent recognition begins...
2022-11-18 12:53:23,917 - Training begins...
2022-11-18 12:53:55,999 - ***** Epoch: 1: Eval results *****
2022-11-18 12:53:55,999 -   best_eval_score = 0.4299
2022-11-18 12:53:55,999 -   eval_score = 0.4299
2022-11-18 12:53:55,999 -   train_loss = 3.5652
2022-11-18 12:54:22,386 - ***** Epoch: 2: Eval results *****
2022-11-18 12:54:22,386 -   best_eval_score = 0.552
2022-11-18 12:54:22,386 -   eval_score = 0.552
2022-11-18 12:54:22,386 -   train_loss = 2.1923
2022-11-18 12:54:46,466 - ***** Epoch: 3: Eval results *****
2022-11-18 12:54:46,466 -   best_eval_score = 0.5902
2022-11-18 12:54:46,466 -   eval_score = 0.5902
2022-11-18 12:54:46,466 -   train_loss = 1.5075
2022-11-18 12:55:08,929 - ***** Epoch: 4: Eval results *****
2022-11-18 12:55:08,929 -   best_eval_score = 0.6668
2022-11-18 12:55:08,929 -   eval_score = 0.6668
2022-11-18 12:55:08,929 -   train_loss = 1.2009
2022-11-18 12:55:31,566 - ***** Epoch: 5: Eval results *****
2022-11-18 12:55:31,566 -   best_eval_score = 0.6805
2022-11-18 12:55:31,566 -   eval_score = 0.6805
2022-11-18 12:55:31,566 -   train_loss = 1.0558
2022-11-18 12:55:57,401 - EarlyStopping counter: 1 out of 4
2022-11-18 12:55:57,401 - ***** Epoch: 6: Eval results *****
2022-11-18 12:55:57,401 -   best_eval_score = 0.6805
2022-11-18 12:55:57,401 -   eval_score = 0.6698
2022-11-18 12:55:57,401 -   train_loss = 0.9531
2022-11-18 12:56:24,367 - ***** Epoch: 7: Eval results *****
2022-11-18 12:56:24,368 -   best_eval_score = 0.6963
2022-11-18 12:56:24,368 -   eval_score = 0.6963
2022-11-18 12:56:24,368 -   train_loss = 0.8702
2022-11-18 12:56:49,136 - EarlyStopping counter: 1 out of 4
2022-11-18 12:56:49,136 - ***** Epoch: 8: Eval results *****
2022-11-18 12:56:49,137 -   best_eval_score = 0.6963
2022-11-18 12:56:49,137 -   eval_score = 0.6813
2022-11-18 12:56:49,137 -   train_loss = 0.8414
2022-11-18 12:57:13,619 - EarlyStopping counter: 2 out of 4
2022-11-18 12:57:13,619 - ***** Epoch: 9: Eval results *****
2022-11-18 12:57:13,620 -   best_eval_score = 0.6963
2022-11-18 12:57:13,620 -   eval_score = 0.6823
2022-11-18 12:57:13,620 -   train_loss = 0.8365
2022-11-18 12:57:37,078 - EarlyStopping counter: 3 out of 4
2022-11-18 12:57:37,078 - ***** Epoch: 10: Eval results *****
2022-11-18 12:57:37,078 -   best_eval_score = 0.6963
2022-11-18 12:57:37,078 -   eval_score = 0.6842
2022-11-18 12:57:37,078 -   train_loss = 0.8342
2022-11-18 12:57:59,654 - EarlyStopping counter: 4 out of 4
2022-11-18 12:57:59,654 - ***** Epoch: 11: Eval results *****
2022-11-18 12:57:59,654 -   best_eval_score = 0.6963
2022-11-18 12:57:59,654 -   eval_score = 0.6827
2022-11-18 12:57:59,654 -   train_loss = 0.835
2022-11-18 12:57:59,655 - EarlyStopping at epoch 11
2022-11-18 12:57:59,655 - Trained models are saved in outputs\nmfir_MIntRec_multi-class_2022-11-18-12-52-51\models
2022-11-18 12:58:00,425 - Training is finished...
2022-11-18 12:58:00,425 - Testing begins...
2022-11-18 12:58:02,897 - ***** Test: Confusion Matrix *****
2022-11-18 12:58:02,900 - [[28  1  0  0  7  0  4  2  2  2  1  0  7  2  0  1  0  0  0  0]
 [ 0 37  0  1  0  1  2  0  0  0  0  0  1  1  0  0  0  0  0  0]
 [ 1  0 26  0  0  0  0  0  0  0  0  0  0  0  0  0  0  0  0  0]
 [ 1  0  0 24  0  0  0  0  0  0  0  0  0  0  0  0  0  0  0  0]
 [ 1  0  0  0 13  0  5  0  1  0  0  1  0  2  0  0  0  0  0  0]
 [ 0  0  0  0  0 12  0  0  0  0  0  0  0  0  0  0  0  0  0  0]
 [ 1  0  0  0  3  0  2  0  4  0  0  0  1  0  1  0  0  0  0  0]
 [ 3  0  0  0  0  1  0  5  1  0  0  0  0  0  0  0  0  0  0  0]
 [ 0  0  0  0  0  0  1  3  3  0  0  0  1  1  0  1  0  0  0  0]
 [ 1  0  0  0  0  0  1  0  1  3  0  0  0  0  0  3  0  1  0  0]
 [ 1  0  0  0  0  0  1  1  0  2 11  0  0  1  0  0  0  1  0  0]
 [ 0  0  0  0  0  0  2  0  0  0  0 15  0  0  0  0  0  0  1  1]
 [ 3  1  0  0  0  0  1  0  0  1  0  0 42  1  4  3  1  0  0  0]
 [ 0  0  0  0  0  0  0  0  0  0  1  1  1 21  0  1  0  0  0  0]
 [ 0  0  0  0  0  0  0  0  0  0  0  0  4  2 15  0  1  0  0  0]
 [ 0  1  0  0  1  0  0  0  0  0  0  0  5  1  1 12  0  0  0  0]
 [ 1  0  0  0  0  0  0  0  0  0  0  0  1  0  1  0 14  0  0  0]
 [ 0  0  0  0  0  0  0  0  0  1  1  0  2  1  0  0  0 10  0  0]
 [ 0  0  0  0  0  0  0  0  0  0  0  0  2  0  0  1  0  0  9  0]
 [ 0  0  0  0  0  0  0  0  0  0  0  0  0  1  1  0  1  0  0  7]]
2022-11-18 12:58:02,901 - ***** Evaluation results *****
2022-11-18 12:58:02,901 -   acc = 0.6944
2022-11-18 12:58:02,901 -   f1 = 0.6685
2022-11-18 12:58:02,901 -   prec = 0.6826
2022-11-18 12:58:02,901 -   rec = 0.6639
2022-11-18 12:58:02,906 - Testing is finished...
2022-11-18 12:58:02,906 - Multimodal intent recognition is finished...
2022-11-18 12:58:02,906 - Results are saved in results\nmfir_bert.csv
