2022-11-10 10:07:28,710 - ============================== Params ==============================
2022-11-10 10:07:28,710 - logger_name: nmfir_MIntRec_multi-class_2022-11-10-10-07-28
2022-11-10 10:07:28,710 - dataset: MIntRec
2022-11-10 10:07:28,710 - data_mode: multi-class
2022-11-10 10:07:28,710 - method: nmfir
2022-11-10 10:07:28,711 - text_backbone: bert-base-uncased
2022-11-10 10:07:28,711 - seed: 0
2022-11-10 10:07:28,711 - num_workers: 0
2022-11-10 10:07:28,711 - gpu_id: 0
2022-11-10 10:07:28,711 - data_path: MIA-datasets
2022-11-10 10:07:28,711 - train: True
2022-11-10 10:07:28,711 - tune: False
2022-11-10 10:07:28,711 - save_model: True
2022-11-10 10:07:28,711 - save_results: True
2022-11-10 10:07:28,711 - log_path: logs
2022-11-10 10:07:28,711 - cache_path: cache
2022-11-10 10:07:28,711 - video_data_path: video_data
2022-11-10 10:07:28,711 - audio_data_path: audio_data
2022-11-10 10:07:28,711 - video_feats_path: video_feats.pkl
2022-11-10 10:07:28,711 - audio_feats_path: audio_feats.pkl
2022-11-10 10:07:28,711 - results_path: results
2022-11-10 10:07:28,711 - output_path: outputs
2022-11-10 10:07:28,711 - model_path: models
2022-11-10 10:07:28,711 - config_file_name: nmfir_bert
2022-11-10 10:07:28,711 - results_file_name: nmfir_bert.csv
2022-11-10 10:07:28,711 - padding_mode: zero
2022-11-10 10:07:28,711 - padding_loc: end
2022-11-10 10:07:28,711 - need_aligned: False
2022-11-10 10:07:28,711 - eval_monitor: f1
2022-11-10 10:07:28,711 - train_batch_size: 6
2022-11-10 10:07:28,711 - eval_batch_size: 6
2022-11-10 10:07:28,711 - test_batch_size: 4
2022-11-10 10:07:28,711 - wait_patience: 4
2022-11-10 10:07:28,711 - num_train_epochs: 100
2022-11-10 10:07:28,711 - use_cmd_sim: False
2022-11-10 10:07:28,712 - reverse_grad_weight: 0.8
2022-11-10 10:07:28,712 - hidden_size: 256
2022-11-10 10:07:28,712 - dropout_rate: 0.1
2022-11-10 10:07:28,712 - diff_weight: 0.7
2022-11-10 10:07:28,712 - sim_weight: 0.7
2022-11-10 10:07:28,712 - recon_weight: 0
2022-11-10 10:07:28,712 - lr: 3e-05
2022-11-10 10:07:28,712 - grad_clip: -1.0
2022-11-10 10:07:28,712 - gamma: 0.5
2022-11-10 10:07:28,712 - common_hyper_param: {'common_param': {'padding_mode': 'zero', 'padding_loc': 'end', 'need_aligned': False, 'eval_monitor': 'f1', 'train_batch_size': 6, 'eval_batch_size': 6, 'test_batch_size': 4, 'wait_patience': 4}, 'hyper_param': {'num_train_epochs': 100, 'use_cmd_sim': False, 'reverse_grad_weight': 0.8, 'hidden_size': 256, 'dropout_rate': 0.1, 'diff_weight': 0.7, 'sim_weight': 0.7, 'recon_weight': 0, 'lr': 3e-05, 'grad_clip': -1.0, 'gamma': 0.5}}
2022-11-10 10:07:28,712 - pred_output_path: outputs\nmfir_MIntRec_multi-class_2022-11-10-10-07-28
2022-11-10 10:07:28,712 - model_output_path: outputs\nmfir_MIntRec_multi-class_2022-11-10-10-07-28\models
2022-11-10 10:07:28,712 - ============================== End Params ==============================
2022-11-10 10:07:28,717 - Generate Text Features Begin...
2022-11-10 10:07:47,703 - Generate Text Features Finished...
2022-11-10 10:07:47,703 - Load Video Features Begin...
2022-11-10 10:07:48,172 - Load Video Features Finished...
2022-11-10 10:07:48,578 - Load Audio Features Begin...
2022-11-10 10:07:49,344 - Load Audio Features Finished...
2022-11-10 10:08:08,251 - Multimodal intent recognition begins...
2022-11-10 10:08:08,251 - Training begins...
2022-11-10 10:08:46,744 - ***** Epoch: 1: Eval results *****
2022-11-10 10:08:46,744 -   best_eval_score = 0.3944
2022-11-10 10:08:46,744 -   eval_score = 0.3944
2022-11-10 10:08:46,744 -   train_loss = 2.9774
2022-11-10 10:09:19,458 - ***** Epoch: 2: Eval results *****
2022-11-10 10:09:19,458 -   best_eval_score = 0.5856
2022-11-10 10:09:19,458 -   eval_score = 0.5856
2022-11-10 10:09:19,458 -   train_loss = 1.8272
2022-11-10 10:09:52,885 - ***** Epoch: 3: Eval results *****
2022-11-10 10:09:52,885 -   best_eval_score = 0.6081
2022-11-10 10:09:52,885 -   eval_score = 0.6081
2022-11-10 10:09:52,885 -   train_loss = 1.3211
2022-11-10 10:10:24,765 - ***** Epoch: 4: Eval results *****
2022-11-10 10:10:24,765 -   best_eval_score = 0.6422
2022-11-10 10:10:24,765 -   eval_score = 0.6422
2022-11-10 10:10:24,765 -   train_loss = 1.0717
2022-11-10 10:10:57,049 - ***** Epoch: 5: Eval results *****
2022-11-10 10:10:57,049 -   best_eval_score = 0.6591
2022-11-10 10:10:57,049 -   eval_score = 0.6591
2022-11-10 10:10:57,049 -   train_loss = 0.9675
2022-11-10 10:11:29,133 - ***** Epoch: 6: Eval results *****
2022-11-10 10:11:29,133 -   best_eval_score = 0.6966
2022-11-10 10:11:29,133 -   eval_score = 0.6966
2022-11-10 10:11:29,133 -   train_loss = 0.8675
2022-11-10 10:12:02,142 - EarlyStopping counter: 1 out of 4
2022-11-10 10:12:02,143 - ***** Epoch: 7: Eval results *****
2022-11-10 10:12:02,143 -   best_eval_score = 0.6966
2022-11-10 10:12:02,143 -   eval_score = 0.688
2022-11-10 10:12:02,143 -   train_loss = 0.8193
2022-11-10 10:12:35,470 - EarlyStopping counter: 2 out of 4
2022-11-10 10:12:35,470 - ***** Epoch: 8: Eval results *****
2022-11-10 10:12:35,470 -   best_eval_score = 0.6966
2022-11-10 10:12:35,470 -   eval_score = 0.6812
2022-11-10 10:12:35,471 -   train_loss = 0.8006
2022-11-10 10:13:07,599 - EarlyStopping counter: 3 out of 4
2022-11-10 10:13:07,599 - ***** Epoch: 9: Eval results *****
2022-11-10 10:13:07,599 -   best_eval_score = 0.6966
2022-11-10 10:13:07,599 -   eval_score = 0.6822
2022-11-10 10:13:07,599 -   train_loss = 0.7938
2022-11-10 10:13:39,128 - EarlyStopping counter: 4 out of 4
2022-11-10 10:13:39,128 - ***** Epoch: 10: Eval results *****
2022-11-10 10:13:39,128 -   best_eval_score = 0.6966
2022-11-10 10:13:39,128 -   eval_score = 0.6866
2022-11-10 10:13:39,128 -   train_loss = 0.7908
2022-11-10 10:13:39,128 - EarlyStopping at epoch 10
2022-11-10 10:13:39,129 - Trained models are saved in outputs\nmfir_MIntRec_multi-class_2022-11-10-10-07-28\models
2022-11-10 10:13:40,075 - Training is finished...
2022-11-10 10:13:40,075 - Testing begins...
2022-11-10 10:13:42,825 - ***** Test: Confusion Matrix *****
2022-11-10 10:13:42,831 - [[34  2  0  0  5  0  2  4  4  2  1  0  3  0  0  0  0  0  0  0]
 [ 0 35  0  0  0  2  2  0  0  0  0  0  3  1  0  0  0  0  0  0]
 [ 1  0 26  0  0  0  0  0  0  0  0  0  0  0  0  0  0  0  0  0]
 [ 0  0  0 25  0  0  0  0  0  0  0  0  0  0  0  0  0  0  0  0]
 [ 2  1  0  0 11  0  3  0  2  0  0  1  0  2  1  0  0  0  0  0]
 [ 0  0  0  0  0 12  0  0  0  0  0  0  0  0  0  0  0  0  0  0]
 [ 1  1  0  0  2  0  1  0  5  0  0  1  1  0  0  0  0  0  0  0]
 [ 3  0  0  0  0  0  1  5  1  0  0  0  0  0  0  0  0  0  0  0]
 [ 0  0  0  0  0  0  1  2  5  0  0  0  0  1  0  1  0  0  0  0]
 [ 1  0  0  0  0  0  1  0  0  5  1  0  0  0  0  1  0  1  0  0]
 [ 1  0  0  0  0  0  1  1  0  0 14  0  0  0  0  0  0  1  0  0]
 [ 0  0  0  0  0  0  2  0  0  0  0 15  0  0  0  0  0  0  0  2]
 [ 3  1  0  1  1  0  3  1  2  0  0  0 33  5  3  1  1  0  0  2]
 [ 0  1  0  0  0  0  1  0  0  0  1  1  0 21  0  0  0  0  0  0]
 [ 0  0  1  0  1  0  0  0  0  0  0  0  3  5 10  0  1  0  0  1]
 [ 0  1  0  0  0  0  0  1  3  0  0  0  2  1  0 13  0  0  0  0]
 [ 1  0  0  0  0  0  0  0  0  0  0  0  3  0  0  0 12  0  0  1]
 [ 1  0  0  0  0  0  0  0  0  1  0  0  1  0  0  0  0 12  0  0]
 [ 0  0  0  0  0  0  0  0  0  0  0  0  1  0  0  2  1  0  8  0]
 [ 0  0  0  0  0  0  0  0  0  0  0  0  1  1  1  0  0  0  0  7]]
2022-11-10 10:13:42,831 - ***** Evaluation results *****
2022-11-10 10:13:42,831 -   acc = 0.6831
2022-11-10 10:13:42,831 -   f1 = 0.6647
2022-11-10 10:13:42,831 -   prec = 0.6797
2022-11-10 10:13:42,831 -   rec = 0.6684
2022-11-10 10:13:42,834 - Testing is finished...
2022-11-10 10:13:42,834 - Multimodal intent recognition is finished...
2022-11-10 10:13:42,834 - Results are saved in results\nmfir_bert.csv
