2022-11-05 19:42:27,674 - ============================== Params ==============================
2022-11-05 19:42:27,674 - logger_name: nmfir_MIntRec_binary-class_2022-11-05-19-42-27
2022-11-05 19:42:27,674 - dataset: MIntRec
2022-11-05 19:42:27,674 - data_mode: binary-class
2022-11-05 19:42:27,674 - method: nmfir
2022-11-05 19:42:27,674 - text_backbone: bert-base-uncased
2022-11-05 19:42:27,674 - seed: 0
2022-11-05 19:42:27,674 - num_workers: 0
2022-11-05 19:42:27,674 - gpu_id: 0
2022-11-05 19:42:27,674 - data_path: MIA-datasets
2022-11-05 19:42:27,674 - train: True
2022-11-05 19:42:27,674 - tune: False
2022-11-05 19:42:27,674 - save_model: True
2022-11-05 19:42:27,674 - save_results: True
2022-11-05 19:42:27,675 - log_path: logs
2022-11-05 19:42:27,675 - cache_path: cache
2022-11-05 19:42:27,675 - video_data_path: video_data
2022-11-05 19:42:27,675 - audio_data_path: audio_data
2022-11-05 19:42:27,675 - video_feats_path: video_feats.pkl
2022-11-05 19:42:27,675 - audio_feats_path: audio_feats.pkl
2022-11-05 19:42:27,675 - results_path: results
2022-11-05 19:42:27,675 - output_path: outputs
2022-11-05 19:42:27,675 - model_path: models
2022-11-05 19:42:27,675 - config_file_name: nmfir_bert_bi
2022-11-05 19:42:27,675 - results_file_name: nmfir_bert_bi.csv
2022-11-05 19:42:27,675 - padding_mode: zero
2022-11-05 19:42:27,675 - padding_loc: end
2022-11-05 19:42:27,675 - need_aligned: False
2022-11-05 19:42:27,675 - eval_monitor: f1
2022-11-05 19:42:27,675 - train_batch_size: 6
2022-11-05 19:42:27,675 - eval_batch_size: 6
2022-11-05 19:42:27,675 - test_batch_size: 4
2022-11-05 19:42:27,675 - wait_patience: 4
2022-11-05 19:42:27,675 - num_train_epochs: 100
2022-11-05 19:42:27,675 - use_cmd_sim: False
2022-11-05 19:42:27,675 - reverse_grad_weight: 0.8
2022-11-05 19:42:27,675 - hidden_size: 256
2022-11-05 19:42:27,675 - dropout_rate: 0
2022-11-05 19:42:27,675 - diff_weight: 0.25
2022-11-05 19:42:27,675 - sim_weight: 0.25
2022-11-05 19:42:27,675 - recon_weight: 0.4
2022-11-05 19:42:27,675 - lr: 2e-05
2022-11-05 19:42:27,675 - grad_clip: -1
2022-11-05 19:42:27,675 - gamma: 0.3
2022-11-05 19:42:27,675 - common_hyper_param: {'common_param': {'padding_mode': 'zero', 'padding_loc': 'end', 'need_aligned': False, 'eval_monitor': 'f1', 'train_batch_size': 6, 'eval_batch_size': 6, 'test_batch_size': 4, 'wait_patience': 4}, 'hyper_param': {'num_train_epochs': 100, 'use_cmd_sim': False, 'reverse_grad_weight': 0.8, 'hidden_size': 256, 'dropout_rate': 0, 'diff_weight': 0.25, 'sim_weight': 0.25, 'recon_weight': 0.4, 'lr': 2e-05, 'grad_clip': -1, 'gamma': 0.3}}
2022-11-05 19:42:27,675 - pred_output_path: outputs\nmfir_MIntRec_binary-class_2022-11-05-19-42-27
2022-11-05 19:42:27,675 - model_output_path: outputs\nmfir_MIntRec_binary-class_2022-11-05-19-42-27\models
2022-11-05 19:42:27,675 - ============================== End Params ==============================
2022-11-05 19:42:27,679 - Generate Text Features Begin...
2022-11-05 19:42:43,871 - Generate Text Features Finished...
2022-11-05 19:42:43,872 - Load Video Features Begin...
2022-11-05 19:42:44,267 - Load Video Features Finished...
2022-11-05 19:42:44,616 - Load Audio Features Begin...
2022-11-05 19:42:45,305 - Load Audio Features Finished...
2022-11-05 19:43:02,435 - Multimodal intent recognition begins...
2022-11-05 19:43:02,436 - Training begins...
2022-11-05 19:43:38,302 - ***** Epoch: 1: Eval results *****
2022-11-05 19:43:38,308 -   best_eval_score = 0.8894
2022-11-05 19:43:38,308 -   eval_score = 0.8894
2022-11-05 19:43:38,309 -   train_loss = 0.8742
2022-11-05 19:44:09,906 - ***** Epoch: 2: Eval results *****
2022-11-05 19:44:09,907 -   best_eval_score = 0.8932
2022-11-05 19:44:09,907 -   eval_score = 0.8932
2022-11-05 19:44:09,907 -   train_loss = 0.4683
2022-11-05 19:44:40,607 - EarlyStopping counter: 1 out of 4
2022-11-05 19:44:40,608 - ***** Epoch: 3: Eval results *****
2022-11-05 19:44:40,608 -   best_eval_score = 0.8932
2022-11-05 19:44:40,608 -   eval_score = 0.882
2022-11-05 19:44:40,608 -   train_loss = 0.3313
2022-11-05 19:45:11,586 - ***** Epoch: 4: Eval results *****
2022-11-05 19:45:11,586 -   best_eval_score = 0.9
2022-11-05 19:45:11,586 -   eval_score = 0.9
2022-11-05 19:45:11,586 -   train_loss = 0.3217
2022-11-05 19:45:42,816 - ***** Epoch: 5: Eval results *****
2022-11-05 19:45:42,816 -   best_eval_score = 0.909
2022-11-05 19:45:42,816 -   eval_score = 0.909
2022-11-05 19:45:42,816 -   train_loss = 0.3115
2022-11-05 19:46:16,287 - ***** Epoch: 6: Eval results *****
2022-11-05 19:46:16,287 -   best_eval_score = 0.9091
2022-11-05 19:46:16,287 -   eval_score = 0.9091
2022-11-05 19:46:16,287 -   train_loss = 0.3136
2022-11-05 19:46:52,454 - ***** Epoch: 7: Eval results *****
2022-11-05 19:46:52,454 -   best_eval_score = 0.9159
2022-11-05 19:46:52,454 -   eval_score = 0.9159
2022-11-05 19:46:52,454 -   train_loss = 0.3211
2022-11-05 19:47:26,963 - ***** Epoch: 8: Eval results *****
2022-11-05 19:47:26,963 -   best_eval_score = 0.9226
2022-11-05 19:47:26,963 -   eval_score = 0.9226
2022-11-05 19:47:26,963 -   train_loss = 0.3103
2022-11-05 19:47:59,335 - EarlyStopping counter: 1 out of 4
2022-11-05 19:47:59,336 - ***** Epoch: 9: Eval results *****
2022-11-05 19:47:59,336 -   best_eval_score = 0.9226
2022-11-05 19:47:59,336 -   eval_score = 0.9131
2022-11-05 19:47:59,336 -   train_loss = 0.3001
2022-11-05 19:48:32,446 - EarlyStopping counter: 2 out of 4
2022-11-05 19:48:32,446 - ***** Epoch: 10: Eval results *****
2022-11-05 19:48:32,446 -   best_eval_score = 0.9226
2022-11-05 19:48:32,446 -   eval_score = 0.9201
2022-11-05 19:48:32,446 -   train_loss = 0.2951
2022-11-05 19:49:04,672 - EarlyStopping counter: 3 out of 4
2022-11-05 19:49:04,672 - ***** Epoch: 11: Eval results *****
2022-11-05 19:49:04,672 -   best_eval_score = 0.9226
2022-11-05 19:49:04,672 -   eval_score = 0.9201
2022-11-05 19:49:04,672 -   train_loss = 0.2939
2022-11-05 19:49:37,680 - EarlyStopping counter: 4 out of 4
2022-11-05 19:49:37,680 - ***** Epoch: 12: Eval results *****
2022-11-05 19:49:37,680 -   best_eval_score = 0.9226
2022-11-05 19:49:37,680 -   eval_score = 0.9201
2022-11-05 19:49:37,680 -   train_loss = 0.2936
2022-11-05 19:49:37,680 - EarlyStopping at epoch 12
2022-11-05 19:49:37,680 - Trained models are saved in outputs\nmfir_MIntRec_binary-class_2022-11-05-19-42-27\models
2022-11-05 19:49:38,531 - Training is finished...
2022-11-05 19:49:38,531 - Testing begins...
2022-11-05 19:49:41,338 - ***** Test: Confusion Matrix *****
2022-11-05 19:49:41,340 - [[220  28]
 [ 22 175]]
2022-11-05 19:49:41,340 - ***** Evaluation results *****
2022-11-05 19:49:41,340 -   acc = 0.8876
2022-11-05 19:49:41,340 -   f1 = 0.8865
2022-11-05 19:49:41,340 -   prec = 0.8856
2022-11-05 19:49:41,340 -   rec = 0.8877
2022-11-05 19:49:41,342 - Testing is finished...
2022-11-05 19:49:41,342 - Multimodal intent recognition is finished...
2022-11-05 19:49:41,343 - Results are saved in results\nmfir_bert_bi.csv
