2022-11-18 12:45:11,046 - ============================== Params ==============================
2022-11-18 12:45:11,046 - logger_name: nmfir_MIntRec_multi-class_2022-11-18-12-45-11
2022-11-18 12:45:11,046 - dataset: MIntRec
2022-11-18 12:45:11,046 - data_mode: multi-class
2022-11-18 12:45:11,046 - method: nmfir
2022-11-18 12:45:11,046 - text_backbone: bert-base-uncased
2022-11-18 12:45:11,046 - seed: 0
2022-11-18 12:45:11,046 - num_workers: 0
2022-11-18 12:45:11,046 - gpu_id: 0
2022-11-18 12:45:11,046 - data_path: MIA-datasets
2022-11-18 12:45:11,046 - train: True
2022-11-18 12:45:11,046 - tune: False
2022-11-18 12:45:11,046 - save_model: True
2022-11-18 12:45:11,046 - save_results: True
2022-11-18 12:45:11,046 - log_path: logs
2022-11-18 12:45:11,046 - cache_path: cache
2022-11-18 12:45:11,046 - video_data_path: video_data
2022-11-18 12:45:11,046 - audio_data_path: audio_data
2022-11-18 12:45:11,046 - video_feats_path: video_feats.pkl
2022-11-18 12:45:11,046 - audio_feats_path: audio_feats.pkl
2022-11-18 12:45:11,046 - results_path: results
2022-11-18 12:45:11,047 - output_path: outputs
2022-11-18 12:45:11,047 - model_path: models
2022-11-18 12:45:11,047 - config_file_name: nmfir_bert
2022-11-18 12:45:11,047 - results_file_name: nmfir_bert.csv
2022-11-18 12:45:11,047 - padding_mode: zero
2022-11-18 12:45:11,047 - padding_loc: end
2022-11-18 12:45:11,047 - need_aligned: False
2022-11-18 12:45:11,047 - eval_monitor: f1
2022-11-18 12:45:11,047 - train_batch_size: 6
2022-11-18 12:45:11,047 - eval_batch_size: 6
2022-11-18 12:45:11,047 - test_batch_size: 4
2022-11-18 12:45:11,047 - wait_patience: 4
2022-11-18 12:45:11,047 - num_train_epochs: 100
2022-11-18 12:45:11,047 - use_cmd_sim: False
2022-11-18 12:45:11,047 - reverse_grad_weight: 0.8
2022-11-18 12:45:11,047 - hidden_size: 256
2022-11-18 12:45:11,047 - dropout_rate: 0.1
2022-11-18 12:45:11,047 - diff_weight: 0.7
2022-11-18 12:45:11,047 - sim_weight: 0.7
2022-11-18 12:45:11,047 - recon_weight: 0.6
2022-11-18 12:45:11,047 - lr: 3e-05
2022-11-18 12:45:11,047 - grad_clip: -1.0
2022-11-18 12:45:11,047 - gamma: 0.5
2022-11-18 12:45:11,047 - common_hyper_param: {'common_param': {'padding_mode': 'zero', 'padding_loc': 'end', 'need_aligned': False, 'eval_monitor': 'f1', 'train_batch_size': 6, 'eval_batch_size': 6, 'test_batch_size': 4, 'wait_patience': 4}, 'hyper_param': {'num_train_epochs': 100, 'use_cmd_sim': False, 'reverse_grad_weight': 0.8, 'hidden_size': 256, 'dropout_rate': 0.1, 'diff_weight': 0.7, 'sim_weight': 0.7, 'recon_weight': 0.6, 'lr': 3e-05, 'grad_clip': -1.0, 'gamma': 0.5}}
2022-11-18 12:45:11,047 - pred_output_path: outputs\nmfir_MIntRec_multi-class_2022-11-18-12-45-11
2022-11-18 12:45:11,047 - model_output_path: outputs\nmfir_MIntRec_multi-class_2022-11-18-12-45-11\models
2022-11-18 12:45:11,047 - ============================== End Params ==============================
2022-11-18 12:45:11,050 - Generate Text Features Begin...
2022-11-18 12:45:29,585 - Generate Text Features Finished...
2022-11-18 12:45:29,585 - Load Video Features Begin...
2022-11-18 12:45:29,970 - Load Video Features Finished...
2022-11-18 12:45:30,332 - Load Audio Features Begin...
2022-11-18 12:45:31,071 - Load Audio Features Finished...
2022-11-18 12:45:49,975 - Multimodal intent recognition begins...
2022-11-18 12:45:49,975 - Training begins...
2022-11-18 12:46:21,092 - ***** Epoch: 1: Eval results *****
2022-11-18 12:46:21,092 -   best_eval_score = 0.4077
2022-11-18 12:46:21,092 -   eval_score = 0.4077
2022-11-18 12:46:21,092 -   train_loss = 3.3768
2022-11-18 12:46:46,243 - ***** Epoch: 2: Eval results *****
2022-11-18 12:46:46,243 -   best_eval_score = 0.5648
2022-11-18 12:46:46,243 -   eval_score = 0.5648
2022-11-18 12:46:46,243 -   train_loss = 2.0704
2022-11-18 12:47:13,209 - ***** Epoch: 3: Eval results *****
2022-11-18 12:47:13,209 -   best_eval_score = 0.6002
2022-11-18 12:47:13,209 -   eval_score = 0.6002
2022-11-18 12:47:13,209 -   train_loss = 1.4693
2022-11-18 12:47:42,240 - ***** Epoch: 4: Eval results *****
2022-11-18 12:47:42,240 -   best_eval_score = 0.6594
2022-11-18 12:47:42,240 -   eval_score = 0.6594
2022-11-18 12:47:42,240 -   train_loss = 1.1755
2022-11-18 12:48:11,018 - ***** Epoch: 5: Eval results *****
2022-11-18 12:48:11,018 -   best_eval_score = 0.671
2022-11-18 12:48:11,018 -   eval_score = 0.671
2022-11-18 12:48:11,018 -   train_loss = 1.0101
2022-11-18 12:48:39,934 - EarlyStopping counter: 1 out of 4
2022-11-18 12:48:39,934 - ***** Epoch: 6: Eval results *****
2022-11-18 12:48:39,934 -   best_eval_score = 0.671
2022-11-18 12:48:39,934 -   eval_score = 0.6471
2022-11-18 12:48:39,934 -   train_loss = 0.9146
2022-11-18 12:49:08,769 - EarlyStopping counter: 2 out of 4
2022-11-18 12:49:08,769 - ***** Epoch: 7: Eval results *****
2022-11-18 12:49:08,769 -   best_eval_score = 0.671
2022-11-18 12:49:08,769 -   eval_score = 0.6636
2022-11-18 12:49:08,769 -   train_loss = 0.8585
2022-11-18 12:49:38,740 - EarlyStopping counter: 3 out of 4
2022-11-18 12:49:38,740 - ***** Epoch: 8: Eval results *****
2022-11-18 12:49:38,740 -   best_eval_score = 0.671
2022-11-18 12:49:38,740 -   eval_score = 0.6626
2022-11-18 12:49:38,740 -   train_loss = 0.8409
2022-11-18 12:50:07,555 - EarlyStopping counter: 4 out of 4
2022-11-18 12:50:07,555 - ***** Epoch: 9: Eval results *****
2022-11-18 12:50:07,555 -   best_eval_score = 0.671
2022-11-18 12:50:07,555 -   eval_score = 0.6699
2022-11-18 12:50:07,555 -   train_loss = 0.8315
2022-11-18 12:50:07,555 - EarlyStopping at epoch 9
2022-11-18 12:50:07,555 - Trained models are saved in outputs\nmfir_MIntRec_multi-class_2022-11-18-12-45-11\models
2022-11-18 12:50:08,434 - Training is finished...
2022-11-18 12:50:08,434 - Testing begins...
2022-11-18 12:50:11,087 - ***** Test: Confusion Matrix *****
2022-11-18 12:50:11,087 - [[29  1  0  0 14  0  0  1  0  3  0  0  6  2  0  1  0  0  0  0]
 [ 0 35  0  1  0  2  0  0  2  0  0  0  2  1  0  0  0  0  0  0]
 [ 1  0 26  0  0  0  0  0  0  0  0  0  0  0  0  0  0  0  0  0]
 [ 0  0  0 25  0  0  0  0  0  0  0  0  0  0  0  0  0  0  0  0]
 [ 1  0  0  0 17  0  1  0  1  0  0  1  0  0  1  0  0  1  0  0]
 [ 0  0  0  0  0 12  0  0  0  0  0  0  0  0  0  0  0  0  0  0]
 [ 1  0  0  0  5  0  1  0  3  0  0  0  1  0  1  0  0  0  0  0]
 [ 3  0  0  0  0  0  0  5  1  1  0  0  0  0  0  0  0  0  0  0]
 [ 1  0  0  0  1  0  0  3  3  0  0  0  0  1  0  1  0  0  0  0]
 [ 1  0  0  0  1  0  0  0  0  3  0  0  0  0  0  3  0  2  0  0]
 [ 1  0  0  0  0  0  1  1  0  2 12  0  0  0  1  0  0  0  0  0]
 [ 0  0  0  0  1  0  1  0  0  0  0 16  0  0  0  0  0  0  1  0]
 [ 2  0  0  0  1  0  0  1  4  0  1  0 36  2  8  1  1  0  0  0]
 [ 0  0  0  0  1  0  0  1  0  0  1  1  0 19  1  1  0  0  0  0]
 [ 0  0  0  0  1  0  0  0  1  0  0  0  0  2 17  0  0  0  0  1]
 [ 0  0  0  0  0  0  0  1  1  0  0  0  3  0  2 14  0  0  0  0]
 [ 1  0  0  0  0  0  0  0  0  0  0  0  2  0  5  0  9  0  0  0]
 [ 0  0  0  0  0  0  0  0  0  1  0  0  1  0  1  0  0 12  0  0]
 [ 0  0  0  0  0  0  0  0  0  0  0  0  2  0  0  1  0  0  9  0]
 [ 0  0  0  0  0  0  0  0  0  0  0  0  0  1  1  0  0  0  0  8]]
2022-11-18 12:50:11,087 - ***** Evaluation results *****
2022-11-18 12:50:11,087 -   acc = 0.6921
2022-11-18 12:50:11,087 -   f1 = 0.6654
2022-11-18 12:50:11,087 -   prec = 0.6851
2022-11-18 12:50:11,087 -   rec = 0.6714
2022-11-18 12:50:11,087 - Testing is finished...
2022-11-18 12:50:11,087 - Multimodal intent recognition is finished...
2022-11-18 12:50:11,087 - Results are saved in results\nmfir_bert.csv
