2022-11-05 17:17:59,438 - ============================== Params ==============================
2022-11-05 17:17:59,439 - logger_name: nmfir_MIntRec_binary-class_2022-11-05-17-17-59
2022-11-05 17:17:59,439 - dataset: MIntRec
2022-11-05 17:17:59,439 - data_mode: binary-class
2022-11-05 17:17:59,439 - method: nmfir
2022-11-05 17:17:59,439 - text_backbone: bert-base-uncased
2022-11-05 17:17:59,439 - seed: 0
2022-11-05 17:17:59,439 - num_workers: 0
2022-11-05 17:17:59,439 - gpu_id: 0
2022-11-05 17:17:59,439 - data_path: MIA-datasets
2022-11-05 17:17:59,439 - train: True
2022-11-05 17:17:59,439 - tune: False
2022-11-05 17:17:59,439 - save_model: True
2022-11-05 17:17:59,439 - save_results: True
2022-11-05 17:17:59,439 - log_path: logs
2022-11-05 17:17:59,439 - cache_path: cache
2022-11-05 17:17:59,439 - video_data_path: video_data
2022-11-05 17:17:59,439 - audio_data_path: audio_data
2022-11-05 17:17:59,439 - video_feats_path: video_feats.pkl
2022-11-05 17:17:59,439 - audio_feats_path: audio_feats.pkl
2022-11-05 17:17:59,439 - results_path: results
2022-11-05 17:17:59,439 - output_path: outputs
2022-11-05 17:17:59,439 - model_path: models
2022-11-05 17:17:59,439 - config_file_name: nmfir_bert_bi
2022-11-05 17:17:59,439 - results_file_name: nmfir_bert_bi.csv
2022-11-05 17:17:59,439 - padding_mode: zero
2022-11-05 17:17:59,439 - padding_loc: end
2022-11-05 17:17:59,439 - need_aligned: False
2022-11-05 17:17:59,440 - eval_monitor: f1
2022-11-05 17:17:59,440 - train_batch_size: 6
2022-11-05 17:17:59,440 - eval_batch_size: 6
2022-11-05 17:17:59,440 - test_batch_size: 4
2022-11-05 17:17:59,440 - wait_patience: 4
2022-11-05 17:17:59,440 - num_train_epochs: 100
2022-11-05 17:17:59,440 - use_cmd_sim: False
2022-11-05 17:17:59,440 - reverse_grad_weight: 0.8
2022-11-05 17:17:59,440 - hidden_size: 256
2022-11-05 17:17:59,440 - dropout_rate: 0
2022-11-05 17:17:59,440 - diff_weight: 0.3
2022-11-05 17:17:59,440 - sim_weight: 0.3
2022-11-05 17:17:59,440 - recon_weight: 0.4
2022-11-05 17:17:59,440 - lr: 2e-05
2022-11-05 17:17:59,440 - grad_clip: -1
2022-11-05 17:17:59,440 - gamma: 0.3
2022-11-05 17:17:59,440 - common_hyper_param: {'common_param': {'padding_mode': 'zero', 'padding_loc': 'end', 'need_aligned': False, 'eval_monitor': 'f1', 'train_batch_size': 6, 'eval_batch_size': 6, 'test_batch_size': 4, 'wait_patience': 4}, 'hyper_param': {'num_train_epochs': 100, 'use_cmd_sim': False, 'reverse_grad_weight': 0.8, 'hidden_size': 256, 'dropout_rate': 0, 'diff_weight': 0.3, 'sim_weight': 0.3, 'recon_weight': 0.4, 'lr': 2e-05, 'grad_clip': -1, 'gamma': 0.3}}
2022-11-05 17:17:59,440 - pred_output_path: outputs\nmfir_MIntRec_binary-class_2022-11-05-17-17-59
2022-11-05 17:17:59,440 - model_output_path: outputs\nmfir_MIntRec_binary-class_2022-11-05-17-17-59\models
2022-11-05 17:17:59,440 - ============================== End Params ==============================
2022-11-05 17:17:59,444 - Generate Text Features Begin...
2022-11-05 17:18:15,872 - Generate Text Features Finished...
2022-11-05 17:18:15,872 - Load Video Features Begin...
2022-11-05 17:18:16,298 - Load Video Features Finished...
2022-11-05 17:18:16,894 - Load Audio Features Begin...
2022-11-05 17:18:17,919 - Load Audio Features Finished...
2022-11-05 17:18:36,778 - Multimodal intent recognition begins...
2022-11-05 17:18:36,783 - Training begins...
2022-11-05 17:19:13,963 - ***** Epoch: 1: Eval results *****
2022-11-05 17:19:13,972 -   best_eval_score = 0.8913
2022-11-05 17:19:13,972 -   eval_score = 0.8913
2022-11-05 17:19:13,972 -   train_loss = 0.9318
2022-11-05 17:19:47,172 - EarlyStopping counter: 1 out of 4
2022-11-05 17:19:47,172 - ***** Epoch: 2: Eval results *****
2022-11-05 17:19:47,173 -   best_eval_score = 0.8913
2022-11-05 17:19:47,173 -   eval_score = 0.8761
2022-11-05 17:19:47,173 -   train_loss = 0.5192
2022-11-05 17:20:19,850 - ***** Epoch: 3: Eval results *****
2022-11-05 17:20:19,851 -   best_eval_score = 0.9067
2022-11-05 17:20:19,851 -   eval_score = 0.9067
2022-11-05 17:20:19,851 -   train_loss = 0.3798
2022-11-05 17:20:51,267 - ***** Epoch: 4: Eval results *****
2022-11-05 17:20:51,267 -   best_eval_score = 0.9082
2022-11-05 17:20:51,267 -   eval_score = 0.9082
2022-11-05 17:20:51,267 -   train_loss = 0.3618
2022-11-05 17:21:27,020 - ***** Epoch: 5: Eval results *****
2022-11-05 17:21:27,020 -   best_eval_score = 0.913
2022-11-05 17:21:27,020 -   eval_score = 0.913
2022-11-05 17:21:27,020 -   train_loss = 0.3586
2022-11-05 17:22:04,716 - EarlyStopping counter: 1 out of 4
2022-11-05 17:22:04,716 - ***** Epoch: 6: Eval results *****
2022-11-05 17:22:04,716 -   best_eval_score = 0.913
2022-11-05 17:22:04,716 -   eval_score = 0.9086
2022-11-05 17:22:04,716 -   train_loss = 0.3666
2022-11-05 17:22:42,424 - EarlyStopping counter: 2 out of 4
2022-11-05 17:22:42,424 - ***** Epoch: 7: Eval results *****
2022-11-05 17:22:42,424 -   best_eval_score = 0.913
2022-11-05 17:22:42,424 -   eval_score = 0.9082
2022-11-05 17:22:42,424 -   train_loss = 0.3625
2022-11-05 17:23:20,544 - EarlyStopping counter: 3 out of 4
2022-11-05 17:23:20,544 - ***** Epoch: 8: Eval results *****
2022-11-05 17:23:20,544 -   best_eval_score = 0.913
2022-11-05 17:23:20,544 -   eval_score = 0.9105
2022-11-05 17:23:20,544 -   train_loss = 0.3629
2022-11-05 17:23:59,268 - EarlyStopping counter: 4 out of 4
2022-11-05 17:23:59,268 - ***** Epoch: 9: Eval results *****
2022-11-05 17:23:59,268 -   best_eval_score = 0.913
2022-11-05 17:23:59,268 -   eval_score = 0.9105
2022-11-05 17:23:59,268 -   train_loss = 0.3634
2022-11-05 17:23:59,268 - EarlyStopping at epoch 9
2022-11-05 17:23:59,268 - Trained models are saved in outputs\nmfir_MIntRec_binary-class_2022-11-05-17-17-59\models
2022-11-05 17:24:00,275 - Training is finished...
2022-11-05 17:24:00,275 - Testing begins...
2022-11-05 17:24:04,113 - ***** Test: Confusion Matrix *****
2022-11-05 17:24:04,117 - [[225  23]
 [ 28 169]]
2022-11-05 17:24:04,117 - ***** Evaluation results *****
2022-11-05 17:24:04,117 -   acc = 0.8854
2022-11-05 17:24:04,117 -   f1 = 0.8835
2022-11-05 17:24:04,117 -   prec = 0.8848
2022-11-05 17:24:04,118 -   rec = 0.8826
2022-11-05 17:24:04,120 - Testing is finished...
2022-11-05 17:24:04,120 - Multimodal intent recognition is finished...
2022-11-05 17:24:04,120 - Results are saved in results\nmfir_bert_bi.csv
