2022-11-05 17:02:05,690 - ============================== Params ==============================
2022-11-05 17:02:05,690 - logger_name: nmfir_MIntRec_binary-class_2022-11-05-17-02-05
2022-11-05 17:02:05,690 - dataset: MIntRec
2022-11-05 17:02:05,690 - data_mode: binary-class
2022-11-05 17:02:05,690 - method: nmfir
2022-11-05 17:02:05,690 - text_backbone: bert-base-uncased
2022-11-05 17:02:05,690 - seed: 0
2022-11-05 17:02:05,690 - num_workers: 0
2022-11-05 17:02:05,690 - gpu_id: 0
2022-11-05 17:02:05,691 - data_path: MIA-datasets
2022-11-05 17:02:05,691 - train: True
2022-11-05 17:02:05,691 - tune: False
2022-11-05 17:02:05,691 - save_model: True
2022-11-05 17:02:05,691 - save_results: True
2022-11-05 17:02:05,691 - log_path: logs
2022-11-05 17:02:05,691 - cache_path: cache
2022-11-05 17:02:05,691 - video_data_path: video_data
2022-11-05 17:02:05,691 - audio_data_path: audio_data
2022-11-05 17:02:05,691 - video_feats_path: video_feats.pkl
2022-11-05 17:02:05,691 - audio_feats_path: audio_feats.pkl
2022-11-05 17:02:05,691 - results_path: results
2022-11-05 17:02:05,691 - output_path: outputs
2022-11-05 17:02:05,691 - model_path: models
2022-11-05 17:02:05,691 - config_file_name: nmfir_bert_bi
2022-11-05 17:02:05,691 - results_file_name: nmfir_bert_bi.csv
2022-11-05 17:02:05,691 - padding_mode: zero
2022-11-05 17:02:05,691 - padding_loc: end
2022-11-05 17:02:05,691 - need_aligned: False
2022-11-05 17:02:05,691 - eval_monitor: f1
2022-11-05 17:02:05,691 - train_batch_size: 6
2022-11-05 17:02:05,692 - eval_batch_size: 6
2022-11-05 17:02:05,692 - test_batch_size: 4
2022-11-05 17:02:05,692 - wait_patience: 4
2022-11-05 17:02:05,692 - num_train_epochs: 100
2022-11-05 17:02:05,692 - rnncell: lstm
2022-11-05 17:02:05,692 - use_cmd_sim: False
2022-11-05 17:02:05,692 - reverse_grad_weight: 0.8
2022-11-05 17:02:05,692 - hidden_size: 256
2022-11-05 17:02:05,692 - dropout_rate: 0
2022-11-05 17:02:05,692 - diff_weight: 0.7
2022-11-05 17:02:05,692 - sim_weight: 0.7
2022-11-05 17:02:05,692 - recon_weight: 0.6
2022-11-05 17:02:05,692 - lr: 2e-05
2022-11-05 17:02:05,692 - grad_clip: -1
2022-11-05 17:02:05,692 - gamma: 0.3
2022-11-05 17:02:05,692 - common_hyper_param: {'common_param': {'padding_mode': 'zero', 'padding_loc': 'end', 'need_aligned': False, 'eval_monitor': 'f1', 'train_batch_size': 6, 'eval_batch_size': 6, 'test_batch_size': 4, 'wait_patience': 4}, 'hyper_param': {'num_train_epochs': 100, 'rnncell': 'lstm', 'use_cmd_sim': False, 'reverse_grad_weight': 0.8, 'hidden_size': 256, 'dropout_rate': 0, 'diff_weight': 0.7, 'sim_weight': 0.7, 'recon_weight': 0.6, 'lr': 2e-05, 'grad_clip': -1, 'gamma': 0.3}}
2022-11-05 17:02:05,692 - pred_output_path: outputs\nmfir_MIntRec_binary-class_2022-11-05-17-02-05
2022-11-05 17:02:05,692 - model_output_path: outputs\nmfir_MIntRec_binary-class_2022-11-05-17-02-05\models
2022-11-05 17:02:05,692 - ============================== End Params ==============================
2022-11-05 17:02:05,697 - Generate Text Features Begin...
2022-11-05 17:02:22,044 - Generate Text Features Finished...
2022-11-05 17:02:22,045 - Load Video Features Begin...
2022-11-05 17:02:22,261 - Load Video Features Finished...
2022-11-05 17:02:22,651 - Load Audio Features Begin...
2022-11-05 17:02:23,394 - Load Audio Features Finished...
2022-11-05 17:02:44,796 - Multimodal intent recognition begins...
2022-11-05 17:02:44,796 - Training begins...
2022-11-05 17:03:22,600 - ***** Epoch: 1: Eval results *****
2022-11-05 17:03:22,607 -   best_eval_score = 0.8517
2022-11-05 17:03:22,607 -   eval_score = 0.8517
2022-11-05 17:03:22,607 -   train_loss = 1.4807
2022-11-05 17:03:53,890 - ***** Epoch: 2: Eval results *****
2022-11-05 17:03:53,891 -   best_eval_score = 0.8939
2022-11-05 17:03:53,891 -   eval_score = 0.8939
2022-11-05 17:03:53,891 -   train_loss = 0.983
2022-11-05 17:04:27,930 - EarlyStopping counter: 1 out of 4
2022-11-05 17:04:27,930 - ***** Epoch: 3: Eval results *****
2022-11-05 17:04:27,930 -   best_eval_score = 0.8939
2022-11-05 17:04:27,930 -   eval_score = 0.8762
2022-11-05 17:04:27,931 -   train_loss = 0.847
2022-11-05 17:05:03,110 - ***** Epoch: 4: Eval results *****
2022-11-05 17:05:03,110 -   best_eval_score = 0.9133
2022-11-05 17:05:03,110 -   eval_score = 0.9133
2022-11-05 17:05:03,110 -   train_loss = 0.8146
2022-11-05 17:05:37,912 - EarlyStopping counter: 1 out of 4
2022-11-05 17:05:37,912 - ***** Epoch: 5: Eval results *****
2022-11-05 17:05:37,912 -   best_eval_score = 0.9133
2022-11-05 17:05:37,912 -   eval_score = 0.8769
2022-11-05 17:05:37,912 -   train_loss = 0.8091
2022-11-05 17:06:10,302 - EarlyStopping counter: 2 out of 4
2022-11-05 17:06:10,302 - ***** Epoch: 6: Eval results *****
2022-11-05 17:06:10,302 -   best_eval_score = 0.9133
2022-11-05 17:06:10,302 -   eval_score = 0.9019
2022-11-05 17:06:10,302 -   train_loss = 0.8035
2022-11-05 17:06:48,227 - EarlyStopping counter: 3 out of 4
2022-11-05 17:06:48,227 - ***** Epoch: 7: Eval results *****
2022-11-05 17:06:48,227 -   best_eval_score = 0.9133
2022-11-05 17:06:48,227 -   eval_score = 0.9019
2022-11-05 17:06:48,227 -   train_loss = 0.8031
2022-11-05 17:07:25,987 - EarlyStopping counter: 4 out of 4
2022-11-05 17:07:25,987 - ***** Epoch: 8: Eval results *****
2022-11-05 17:07:25,987 -   best_eval_score = 0.9133
2022-11-05 17:07:25,987 -   eval_score = 0.9019
2022-11-05 17:07:25,987 -   train_loss = 0.8031
2022-11-05 17:07:25,994 - EarlyStopping at epoch 8
2022-11-05 17:07:25,995 - Trained models are saved in outputs\nmfir_MIntRec_binary-class_2022-11-05-17-02-05\models
2022-11-05 17:07:26,985 - Training is finished...
2022-11-05 17:07:26,985 - Testing begins...
2022-11-05 17:07:31,189 - ***** Test: Confusion Matrix *****
2022-11-05 17:07:31,194 - [[218  30]
 [ 24 173]]
2022-11-05 17:07:31,194 - ***** Evaluation results *****
2022-11-05 17:07:31,194 -   acc = 0.8787
2022-11-05 17:07:31,194 -   f1 = 0.8774
2022-11-05 17:07:31,194 -   prec = 0.8765
2022-11-05 17:07:31,194 -   rec = 0.8786
2022-11-05 17:07:31,196 - Testing is finished...
2022-11-05 17:07:31,197 - Multimodal intent recognition is finished...
2022-11-05 17:07:31,197 - Results are saved in results\nmfir_bert_bi.csv
