2022-11-18 09:35:31,897 - ============================== Params ==============================
2022-11-18 09:35:31,897 - logger_name: nmfir_MIntRec_multi-class_2022-11-18-09-35-31
2022-11-18 09:35:31,897 - dataset: MIntRec
2022-11-18 09:35:31,897 - data_mode: multi-class
2022-11-18 09:35:31,897 - method: nmfir
2022-11-18 09:35:31,897 - text_backbone: bert-base-uncased
2022-11-18 09:35:31,898 - seed: 0
2022-11-18 09:35:31,898 - num_workers: 0
2022-11-18 09:35:31,898 - gpu_id: 0
2022-11-18 09:35:31,898 - data_path: MIA-datasets
2022-11-18 09:35:31,898 - train: True
2022-11-18 09:35:31,898 - tune: False
2022-11-18 09:35:31,898 - save_model: True
2022-11-18 09:35:31,898 - save_results: True
2022-11-18 09:35:31,898 - log_path: logs
2022-11-18 09:35:31,898 - cache_path: cache
2022-11-18 09:35:31,898 - video_data_path: video_data
2022-11-18 09:35:31,898 - audio_data_path: audio_data
2022-11-18 09:35:31,898 - video_feats_path: video_feats.pkl
2022-11-18 09:35:31,898 - audio_feats_path: audio_feats.pkl
2022-11-18 09:35:31,898 - results_path: results
2022-11-18 09:35:31,898 - output_path: outputs
2022-11-18 09:35:31,898 - model_path: models
2022-11-18 09:35:31,898 - config_file_name: nmfir_bert
2022-11-18 09:35:31,898 - results_file_name: nmfir_bert.csv
2022-11-18 09:35:31,898 - padding_mode: zero
2022-11-18 09:35:31,898 - padding_loc: end
2022-11-18 09:35:31,898 - need_aligned: False
2022-11-18 09:35:31,898 - eval_monitor: f1
2022-11-18 09:35:31,898 - train_batch_size: 6
2022-11-18 09:35:31,898 - eval_batch_size: 6
2022-11-18 09:35:31,898 - test_batch_size: 4
2022-11-18 09:35:31,898 - wait_patience: 4
2022-11-18 09:35:31,898 - num_train_epochs: 100
2022-11-18 09:35:31,898 - use_cmd_sim: False
2022-11-18 09:35:31,898 - reverse_grad_weight: 0.8
2022-11-18 09:35:31,898 - hidden_size: 256
2022-11-18 09:35:31,898 - dropout_rate: 0.1
2022-11-18 09:35:31,898 - diff_weight: 0.7
2022-11-18 09:35:31,898 - sim_weight: 0.7
2022-11-18 09:35:31,898 - recon_weight: 0.6
2022-11-18 09:35:31,898 - lr: 3e-05
2022-11-18 09:35:31,898 - grad_clip: -1.0
2022-11-18 09:35:31,898 - gamma: 0.5
2022-11-18 09:35:31,898 - common_hyper_param: {'common_param': {'padding_mode': 'zero', 'padding_loc': 'end', 'need_aligned': False, 'eval_monitor': 'f1', 'train_batch_size': 6, 'eval_batch_size': 6, 'test_batch_size': 4, 'wait_patience': 4}, 'hyper_param': {'num_train_epochs': 100, 'use_cmd_sim': False, 'reverse_grad_weight': 0.8, 'hidden_size': 256, 'dropout_rate': 0.1, 'diff_weight': 0.7, 'sim_weight': 0.7, 'recon_weight': 0.6, 'lr': 3e-05, 'grad_clip': -1.0, 'gamma': 0.5}}
2022-11-18 09:35:31,899 - pred_output_path: outputs\nmfir_MIntRec_multi-class_2022-11-18-09-35-31
2022-11-18 09:35:31,899 - model_output_path: outputs\nmfir_MIntRec_multi-class_2022-11-18-09-35-31\models
2022-11-18 09:35:31,899 - ============================== End Params ==============================
2022-11-18 09:35:31,911 - Generate Text Features Begin...
2022-11-18 09:35:47,756 - Generate Text Features Finished...
2022-11-18 09:35:47,756 - Load Video Features Begin...
2022-11-18 09:35:48,083 - Load Video Features Finished...
2022-11-18 09:35:48,493 - Load Audio Features Begin...
2022-11-18 09:35:49,282 - Load Audio Features Finished...
2022-11-18 09:36:08,793 - Multimodal intent recognition begins...
2022-11-18 09:36:08,797 - Training begins...
2022-11-18 09:36:46,548 - ***** Epoch: 1: Eval results *****
2022-11-18 09:36:46,571 -   best_eval_score = 0.4081
2022-11-18 09:36:46,571 -   eval_score = 0.4081
2022-11-18 09:36:46,571 -   train_loss = 3.3113
2022-11-18 09:37:19,275 - ***** Epoch: 2: Eval results *****
2022-11-18 09:37:19,275 -   best_eval_score = 0.5714
2022-11-18 09:37:19,275 -   eval_score = 0.5714
2022-11-18 09:37:19,275 -   train_loss = 1.9633
2022-11-18 09:37:52,745 - ***** Epoch: 3: Eval results *****
2022-11-18 09:37:52,745 -   best_eval_score = 0.65
2022-11-18 09:37:52,745 -   eval_score = 0.65
2022-11-18 09:37:52,745 -   train_loss = 1.392
2022-11-18 09:38:27,623 - EarlyStopping counter: 1 out of 4
2022-11-18 09:38:27,623 - ***** Epoch: 4: Eval results *****
2022-11-18 09:38:27,623 -   best_eval_score = 0.65
2022-11-18 09:38:27,623 -   eval_score = 0.6282
2022-11-18 09:38:27,623 -   train_loss = 1.1724
2022-11-18 09:39:02,114 - ***** Epoch: 5: Eval results *****
2022-11-18 09:39:02,114 -   best_eval_score = 0.6583
2022-11-18 09:39:02,114 -   eval_score = 0.6583
2022-11-18 09:39:02,114 -   train_loss = 0.9772
2022-11-18 09:39:37,323 - ***** Epoch: 6: Eval results *****
2022-11-18 09:39:37,339 -   best_eval_score = 0.6588
2022-11-18 09:39:37,339 -   eval_score = 0.6588
2022-11-18 09:39:37,339 -   train_loss = 0.9038
2022-11-18 09:40:12,519 - ***** Epoch: 7: Eval results *****
2022-11-18 09:40:12,519 -   best_eval_score = 0.6744
2022-11-18 09:40:12,519 -   eval_score = 0.6744
2022-11-18 09:40:12,519 -   train_loss = 0.8555
2022-11-18 09:40:47,531 - ***** Epoch: 8: Eval results *****
2022-11-18 09:40:47,531 -   best_eval_score = 0.6843
2022-11-18 09:40:47,531 -   eval_score = 0.6843
2022-11-18 09:40:47,531 -   train_loss = 0.8306
2022-11-18 09:41:24,824 - EarlyStopping counter: 1 out of 4
2022-11-18 09:41:24,824 - ***** Epoch: 9: Eval results *****
2022-11-18 09:41:24,824 -   best_eval_score = 0.6843
2022-11-18 09:41:24,824 -   eval_score = 0.6784
2022-11-18 09:41:24,824 -   train_loss = 0.827
2022-11-18 09:41:58,273 - EarlyStopping counter: 2 out of 4
2022-11-18 09:41:58,273 - ***** Epoch: 10: Eval results *****
2022-11-18 09:41:58,273 -   best_eval_score = 0.6843
2022-11-18 09:41:58,273 -   eval_score = 0.6789
2022-11-18 09:41:58,273 -   train_loss = 0.8263
2022-11-18 09:42:34,190 - EarlyStopping counter: 3 out of 4
2022-11-18 09:42:34,190 - ***** Epoch: 11: Eval results *****
2022-11-18 09:42:34,190 -   best_eval_score = 0.6843
2022-11-18 09:42:34,190 -   eval_score = 0.6742
2022-11-18 09:42:34,190 -   train_loss = 0.8236
2022-11-18 09:43:12,469 - EarlyStopping counter: 4 out of 4
2022-11-18 09:43:12,469 - ***** Epoch: 12: Eval results *****
2022-11-18 09:43:12,469 -   best_eval_score = 0.6843
2022-11-18 09:43:12,469 -   eval_score = 0.67
2022-11-18 09:43:12,469 -   train_loss = 0.8227
2022-11-18 09:43:12,469 - EarlyStopping at epoch 12
2022-11-18 09:43:12,469 - Trained models are saved in outputs\nmfir_MIntRec_multi-class_2022-11-18-09-35-31\models
2022-11-18 09:43:13,458 - Training is finished...
2022-11-18 09:43:13,458 - Testing begins...
2022-11-18 09:43:17,352 - ***** Test: Confusion Matrix *****
2022-11-18 09:43:17,368 - [[33  2  0  0  8  0  1  1  1  4  0  0  4  3  0  0  0  0  0  0]
 [ 0 37  0  1  0  0  1  0  1  0  0  0  2  1  0  0  0  0  0  0]
 [ 1  0 26  0  0  0  0  0  0  0  0  0  0  0  0  0  0  0  0  0]
 [ 0  0  0 25  0  0  0  0  0  0  0  0  0  0  0  0  0  0  0  0]
 [ 1  0  0  0 16  0  2  0  0  0  0  1  0  2  1  0  0  0  0  0]
 [ 0  0  0  0  0 12  0  0  0  0  0  0  0  0  0  0  0  0  0  0]
 [ 1  1  0  0  3  0  2  0  3  0  0  0  1  0  0  0  0  0  0  1]
 [ 4  0  0  0  0  0  0  5  1  0  0  0  0  0  0  0  0  0  0  0]
 [ 1  0  0  0  0  0  0  2  4  0  0  0  0  2  0  1  0  0  0  0]
 [ 1  0  0  0  0  0  0  0  1  3  1  0  0  0  0  3  0  1  0  0]
 [ 1  0  0  0  0  0  0  1  0  1 15  0  0  0  0  0  0  0  0  0]
 [ 0  0  0  0  0  0  1  0  0  0  0 16  0  0  0  0  0  0  1  1]
 [ 2  0  0  1  1  0  1  2  0  0  0  1 41  3  2  2  1  0  0  0]
 [ 0  0  0  0  0  0  1  1  0  0  1  1  0 21  0  0  0  0  0  0]
 [ 0  0  0  0  1  0  0  0  0  0  0  0  1  3 14  0  1  0  0  2]
 [ 0  0  0  0  0  0  0  1  1  0  0  0  7  0  0 11  0  0  0  1]
 [ 0  0  0  0  0  0  0  0  0  0  0  0  3  0  1  0 13  0  0  0]
 [ 0  0  0  0  0  0  0  0  0  1  0  0  2  0  0  0  0 12  0  0]
 [ 0  0  0  0  0  0  0  0  0  0  0  0  2  0  0  1  0  0  9  0]
 [ 0  0  0  0  0  0  0  0  0  0  0  0  0  1  1  0  1  0  0  7]]
2022-11-18 09:43:17,368 - ***** Evaluation results *****
2022-11-18 09:43:17,368 -   acc = 0.7236
2022-11-18 09:43:17,368 -   f1 = 0.691
2022-11-18 09:43:17,368 -   prec = 0.6967
2022-11-18 09:43:17,368 -   rec = 0.6937
2022-11-18 09:43:17,377 - Testing is finished...
2022-11-18 09:43:17,377 - Multimodal intent recognition is finished...
2022-11-18 09:43:17,377 - Results are saved in results\nmfir_bert.csv
