2022-11-09 11:14:34,691 - Generate Text Features Begin...
2022-11-09 11:14:52,096 - Generate Text Features Finished...
2022-11-09 11:14:52,097 - Load Video Features Begin...
2022-11-09 11:14:52,497 - Load Video Features Finished...
2022-11-09 11:14:52,855 - Load Audio Features Begin...
2022-11-09 11:14:53,545 - Load Audio Features Finished...
2022-11-09 11:15:32,359 - ***** Test: Confusion Matrix *****
2022-11-09 11:15:32,363 - [[57  0  0  0  0  0  0  0  0  0  0  0  0  0  0  0  0  0  0  0]
 [43  0  0  0  0  0  0  0  0  0  0  0  0  0  0  0  0  0  0  0]
 [27  0  0  0  0  0  0  0  0  0  0  0  0  0  0  0  0  0  0  0]
 [25  0  0  0  0  0  0  0  0  0  0  0  0  0  0  0  0  0  0  0]
 [24  0  0  0  0  0  0  0  0  0  0  0  0  0  0  0  0  0  0  0]
 [12  0  0  0  0  0  0  0  0  0  0  0  0  0  0  0  0  0  0  0]
 [12  0  0  0  0  0  0  0  0  0  0  0  0  0  0  0  0  0  0  0]
 [10  0  0  0  0  0  0  0  0  0  0  0  0  0  0  0  0  0  0  0]
 [10  0  0  0  0  0  0  0  0  0  0  0  0  0  0  0  0  0  0  0]
 [10  0  0  0  0  0  0  0  0  0  0  0  0  0  0  0  0  0  0  0]
 [18  0  0  0  0  0  0  0  0  0  0  0  0  0  0  0  0  0  0  0]
 [19  0  0  0  0  0  0  0  0  0  0  0  0  0  0  0  0  0  0  0]
 [57  0  0  0  0  0  0  0  0  0  0  0  0  0  0  0  0  0  0  0]
 [24  0  0  0  0  0  0  0  0  0  0  0  0  0  0  0  0  0  0  0]
 [22  0  0  0  0  0  0  0  0  0  0  0  0  0  0  0  0  0  0  0]
 [21  0  0  0  0  0  0  0  0  0  0  0  0  0  0  0  0  0  0  0]
 [17  0  0  0  0  0  0  0  0  0  0  0  0  0  0  0  0  0  0  0]
 [15  0  0  0  0  0  0  0  0  0  0  0  0  0  0  0  0  0  0  0]
 [12  0  0  0  0  0  0  0  0  0  0  0  0  0  0  0  0  0  0  0]
 [10  0  0  0  0  0  0  0  0  0  0  0  0  0  0  0  0  0  0  0]]
2022-11-09 11:15:32,369 - ***** Evaluation results *****
2022-11-09 11:15:32,370 -   acc = 0.1281
2022-11-09 11:15:32,370 -   f1 = 0.0114
2022-11-09 11:15:32,370 -   prec = 0.0064
2022-11-09 11:15:32,370 -   rec = 0.05
2022-11-09 11:15:32,372 - ***** Epoch: 1: Eval results *****
2022-11-09 11:15:32,372 -   best_eval_score = 0.0114
2022-11-09 11:15:32,373 -   eval_score = 0.0114
2022-11-09 11:15:32,373 -   train_loss = 2.8681
2022-11-09 11:15:50,936 - ***** Test: Confusion Matrix *****
2022-11-09 11:15:50,936 - [[ 0  0  0  0  0  0  0  0  0  0  0  0 57  0  0  0  0  0  0  0]
 [ 0  0  0  0  0  0  0  0  0  0  0  0 43  0  0  0  0  0  0  0]
 [ 0  0  0  0  0  0  0  0  0  0  0  0 27  0  0  0  0  0  0  0]
 [ 0  0  0  0  0  0  0  0  0  0  0  0 25  0  0  0  0  0  0  0]
 [ 0  0  0  0  0  0  0  0  0  0  0  0 24  0  0  0  0  0  0  0]
 [ 0  0  0  0  0  0  0  0  0  0  0  0 12  0  0  0  0  0  0  0]
 [ 0  0  0  0  0  0  0  0  0  0  0  0 12  0  0  0  0  0  0  0]
 [ 0  0  0  0  0  0  0  0  0  0  0  0 10  0  0  0  0  0  0  0]
 [ 0  0  0  0  0  0  0  0  0  0  0  0 10  0  0  0  0  0  0  0]
 [ 0  0  0  0  0  0  0  0  0  0  0  0 10  0  0  0  0  0  0  0]
 [ 0  0  0  0  0  0  0  0  0  0  0  0 18  0  0  0  0  0  0  0]
 [ 0  0  0  0  0  0  0  0  0  0  0  0 19  0  0  0  0  0  0  0]
 [ 0  0  0  0  0  0  0  0  0  0  0  0 57  0  0  0  0  0  0  0]
 [ 0  0  0  0  0  0  0  0  0  0  0  0 24  0  0  0  0  0  0  0]
 [ 0  0  0  0  0  0  0  0  0  0  0  0 22  0  0  0  0  0  0  0]
 [ 0  0  0  0  0  0  0  0  0  0  0  0 21  0  0  0  0  0  0  0]
 [ 0  0  0  0  0  0  0  0  0  0  0  0 17  0  0  0  0  0  0  0]
 [ 0  0  0  0  0  0  0  0  0  0  0  0 15  0  0  0  0  0  0  0]
 [ 0  0  0  0  0  0  0  0  0  0  0  0 12  0  0  0  0  0  0  0]
 [ 0  0  0  0  0  0  0  0  0  0  0  0 10  0  0  0  0  0  0  0]]
2022-11-09 11:15:50,936 - ***** Evaluation results *****
2022-11-09 11:15:50,936 -   acc = 0.1281
2022-11-09 11:15:50,936 -   f1 = 0.0114
2022-11-09 11:15:50,936 -   prec = 0.0064
2022-11-09 11:15:50,936 -   rec = 0.05
2022-11-09 11:15:50,937 - EarlyStopping counter: 1 out of 4
2022-11-09 11:15:50,937 - ***** Epoch: 2: Eval results *****
2022-11-09 11:15:50,937 -   best_eval_score = 0.0114
2022-11-09 11:15:50,937 -   eval_score = 0.0114
2022-11-09 11:15:50,937 -   train_loss = 2.851
2022-11-09 11:16:09,722 - ***** Test: Confusion Matrix *****
2022-11-09 11:16:09,723 - [[ 0  0  0  0  0  0  0  0  0  0  0  0 57  0  0  0  0  0  0  0]
 [ 0  0  0  0  0  0  0  0  0  0  0  0 43  0  0  0  0  0  0  0]
 [ 0  0  0  0  0  0  0  0  0  0  0  0 27  0  0  0  0  0  0  0]
 [ 0  0  0  0  0  0  0  0  0  0  0  0 25  0  0  0  0  0  0  0]
 [ 0  0  0  0  0  0  0  0  0  0  0  0 24  0  0  0  0  0  0  0]
 [ 0  0  0  0  0  0  0  0  0  0  0  0 12  0  0  0  0  0  0  0]
 [ 0  0  0  0  0  0  0  0  0  0  0  0 12  0  0  0  0  0  0  0]
 [ 0  0  0  0  0  0  0  0  0  0  0  0 10  0  0  0  0  0  0  0]
 [ 0  0  0  0  0  0  0  0  0  0  0  0 10  0  0  0  0  0  0  0]
 [ 0  0  0  0  0  0  0  0  0  0  0  0 10  0  0  0  0  0  0  0]
 [ 0  0  0  0  0  0  0  0  0  0  0  0 18  0  0  0  0  0  0  0]
 [ 0  0  0  0  0  0  0  0  0  0  0  0 19  0  0  0  0  0  0  0]
 [ 0  0  0  0  0  0  0  0  0  0  0  0 57  0  0  0  0  0  0  0]
 [ 0  0  0  0  0  0  0  0  0  0  0  0 24  0  0  0  0  0  0  0]
 [ 0  0  0  0  0  0  0  0  0  0  0  0 22  0  0  0  0  0  0  0]
 [ 0  0  0  0  0  0  0  0  0  0  0  0 21  0  0  0  0  0  0  0]
 [ 0  0  0  0  0  0  0  0  0  0  0  0 17  0  0  0  0  0  0  0]
 [ 0  0  0  0  0  0  0  0  0  0  0  0 15  0  0  0  0  0  0  0]
 [ 0  0  0  0  0  0  0  0  0  0  0  0 12  0  0  0  0  0  0  0]
 [ 0  0  0  0  0  0  0  0  0  0  0  0 10  0  0  0  0  0  0  0]]
2022-11-09 11:16:09,723 - ***** Evaluation results *****
2022-11-09 11:16:09,723 -   acc = 0.1281
2022-11-09 11:16:09,723 -   f1 = 0.0114
2022-11-09 11:16:09,723 -   prec = 0.0064
2022-11-09 11:16:09,723 -   rec = 0.05
2022-11-09 11:16:09,723 - EarlyStopping counter: 2 out of 4
2022-11-09 11:16:09,723 - ***** Epoch: 3: Eval results *****
2022-11-09 11:16:09,723 -   best_eval_score = 0.0114
2022-11-09 11:16:09,723 -   eval_score = 0.0114
2022-11-09 11:16:09,723 -   train_loss = 2.8426
2022-11-09 11:16:28,554 - ***** Test: Confusion Matrix *****
2022-11-09 11:16:28,558 - [[57  0  0  0  0  0  0  0  0  0  0  0  0  0  0  0  0  0  0  0]
 [43  0  0  0  0  0  0  0  0  0  0  0  0  0  0  0  0  0  0  0]
 [27  0  0  0  0  0  0  0  0  0  0  0  0  0  0  0  0  0  0  0]
 [25  0  0  0  0  0  0  0  0  0  0  0  0  0  0  0  0  0  0  0]
 [24  0  0  0  0  0  0  0  0  0  0  0  0  0  0  0  0  0  0  0]
 [12  0  0  0  0  0  0  0  0  0  0  0  0  0  0  0  0  0  0  0]
 [12  0  0  0  0  0  0  0  0  0  0  0  0  0  0  0  0  0  0  0]
 [10  0  0  0  0  0  0  0  0  0  0  0  0  0  0  0  0  0  0  0]
 [10  0  0  0  0  0  0  0  0  0  0  0  0  0  0  0  0  0  0  0]
 [10  0  0  0  0  0  0  0  0  0  0  0  0  0  0  0  0  0  0  0]
 [18  0  0  0  0  0  0  0  0  0  0  0  0  0  0  0  0  0  0  0]
 [19  0  0  0  0  0  0  0  0  0  0  0  0  0  0  0  0  0  0  0]
 [57  0  0  0  0  0  0  0  0  0  0  0  0  0  0  0  0  0  0  0]
 [24  0  0  0  0  0  0  0  0  0  0  0  0  0  0  0  0  0  0  0]
 [22  0  0  0  0  0  0  0  0  0  0  0  0  0  0  0  0  0  0  0]
 [21  0  0  0  0  0  0  0  0  0  0  0  0  0  0  0  0  0  0  0]
 [17  0  0  0  0  0  0  0  0  0  0  0  0  0  0  0  0  0  0  0]
 [15  0  0  0  0  0  0  0  0  0  0  0  0  0  0  0  0  0  0  0]
 [12  0  0  0  0  0  0  0  0  0  0  0  0  0  0  0  0  0  0  0]
 [10  0  0  0  0  0  0  0  0  0  0  0  0  0  0  0  0  0  0  0]]
2022-11-09 11:16:28,558 - ***** Evaluation results *****
2022-11-09 11:16:28,558 -   acc = 0.1281
2022-11-09 11:16:28,558 -   f1 = 0.0114
2022-11-09 11:16:28,558 -   prec = 0.0064
2022-11-09 11:16:28,558 -   rec = 0.05
2022-11-09 11:16:28,558 - EarlyStopping counter: 3 out of 4
2022-11-09 11:16:28,558 - ***** Epoch: 4: Eval results *****
2022-11-09 11:16:28,558 -   best_eval_score = 0.0114
2022-11-09 11:16:28,558 -   eval_score = 0.0114
2022-11-09 11:16:28,558 -   train_loss = 2.8376
2022-11-09 11:16:47,486 - ***** Test: Confusion Matrix *****
2022-11-09 11:16:47,487 - [[57  0  0  0  0  0  0  0  0  0  0  0  0  0  0  0  0  0  0  0]
 [43  0  0  0  0  0  0  0  0  0  0  0  0  0  0  0  0  0  0  0]
 [27  0  0  0  0  0  0  0  0  0  0  0  0  0  0  0  0  0  0  0]
 [25  0  0  0  0  0  0  0  0  0  0  0  0  0  0  0  0  0  0  0]
 [24  0  0  0  0  0  0  0  0  0  0  0  0  0  0  0  0  0  0  0]
 [12  0  0  0  0  0  0  0  0  0  0  0  0  0  0  0  0  0  0  0]
 [12  0  0  0  0  0  0  0  0  0  0  0  0  0  0  0  0  0  0  0]
 [10  0  0  0  0  0  0  0  0  0  0  0  0  0  0  0  0  0  0  0]
 [10  0  0  0  0  0  0  0  0  0  0  0  0  0  0  0  0  0  0  0]
 [10  0  0  0  0  0  0  0  0  0  0  0  0  0  0  0  0  0  0  0]
 [18  0  0  0  0  0  0  0  0  0  0  0  0  0  0  0  0  0  0  0]
 [19  0  0  0  0  0  0  0  0  0  0  0  0  0  0  0  0  0  0  0]
 [57  0  0  0  0  0  0  0  0  0  0  0  0  0  0  0  0  0  0  0]
 [24  0  0  0  0  0  0  0  0  0  0  0  0  0  0  0  0  0  0  0]
 [22  0  0  0  0  0  0  0  0  0  0  0  0  0  0  0  0  0  0  0]
 [21  0  0  0  0  0  0  0  0  0  0  0  0  0  0  0  0  0  0  0]
 [17  0  0  0  0  0  0  0  0  0  0  0  0  0  0  0  0  0  0  0]
 [15  0  0  0  0  0  0  0  0  0  0  0  0  0  0  0  0  0  0  0]
 [12  0  0  0  0  0  0  0  0  0  0  0  0  0  0  0  0  0  0  0]
 [10  0  0  0  0  0  0  0  0  0  0  0  0  0  0  0  0  0  0  0]]
2022-11-09 11:16:47,487 - ***** Evaluation results *****
2022-11-09 11:16:47,487 -   acc = 0.1281
2022-11-09 11:16:47,487 -   f1 = 0.0114
2022-11-09 11:16:47,487 -   prec = 0.0064
2022-11-09 11:16:47,487 -   rec = 0.05
2022-11-09 11:16:47,487 - EarlyStopping counter: 4 out of 4
2022-11-09 11:16:47,487 - ***** Epoch: 5: Eval results *****
2022-11-09 11:16:47,487 -   best_eval_score = 0.0114
2022-11-09 11:16:47,487 -   eval_score = 0.0114
2022-11-09 11:16:47,487 -   train_loss = 2.8397
2022-11-09 11:16:47,487 - EarlyStopping at epoch 5
