2022-11-16 20:29:28,281 - ============================== Params ==============================
2022-11-16 20:29:28,282 - logger_name: text_MIntRec_multi-class_2022-11-16-20-29-28
2022-11-16 20:29:28,282 - dataset: MIntRec
2022-11-16 20:29:28,282 - data_mode: multi-class
2022-11-16 20:29:28,282 - method: text
2022-11-16 20:29:28,282 - text_backbone: bert-base-uncased
2022-11-16 20:29:28,282 - seed: 0
2022-11-16 20:29:28,282 - num_workers: 0
2022-11-16 20:29:28,282 - gpu_id: 0
2022-11-16 20:29:28,282 - data_path: MIA-datasets
2022-11-16 20:29:28,282 - train: True
2022-11-16 20:29:28,282 - tune: False
2022-11-16 20:29:28,282 - save_model: True
2022-11-16 20:29:28,282 - save_results: True
2022-11-16 20:29:28,282 - log_path: logs
2022-11-16 20:29:28,282 - cache_path: cache
2022-11-16 20:29:28,282 - video_data_path: video_data
2022-11-16 20:29:28,282 - audio_data_path: audio_data
2022-11-16 20:29:28,282 - video_feats_path: video_feats.pkl
2022-11-16 20:29:28,282 - audio_feats_path: audio_feats.pkl
2022-11-16 20:29:28,282 - results_path: results
2022-11-16 20:29:28,282 - output_path: outputs
2022-11-16 20:29:28,282 - model_path: models
2022-11-16 20:29:28,282 - config_file_name: text_bert
2022-11-16 20:29:28,282 - results_file_name: text_bert.csv
2022-11-16 20:29:28,282 - padding_mode: zero
2022-11-16 20:29:28,282 - padding_loc: end
2022-11-16 20:29:28,282 - eval_monitor: f1
2022-11-16 20:29:28,282 - train_batch_size: 6
2022-11-16 20:29:28,282 - eval_batch_size: 6
2022-11-16 20:29:28,282 - test_batch_size: 6
2022-11-16 20:29:28,282 - wait_patience: 4
2022-11-16 20:29:28,282 - num_train_epochs: 100
2022-11-16 20:29:28,283 - warmup_proportion: 0.1
2022-11-16 20:29:28,283 - lr: 2e-05
2022-11-16 20:29:28,283 - weight_decay: 0.1
2022-11-16 20:29:28,283 - common_hyper_param: {'common_param': {'padding_mode': 'zero', 'padding_loc': 'end', 'eval_monitor': 'f1', 'train_batch_size': 6, 'eval_batch_size': 6, 'test_batch_size': 6, 'wait_patience': 4}, 'hyper_param': {'num_train_epochs': 100, 'warmup_proportion': 0.1, 'lr': 2e-05, 'weight_decay': 0.1}}
2022-11-16 20:29:28,283 - pred_output_path: outputs\text_MIntRec_multi-class_2022-11-16-20-29-28
2022-11-16 20:29:28,283 - model_output_path: outputs\text_MIntRec_multi-class_2022-11-16-20-29-28\models
2022-11-16 20:29:28,283 - ============================== End Params ==============================
2022-11-16 20:29:28,286 - Generate Text Features Begin...
2022-11-16 20:29:52,321 - Generate Text Features Finished...
2022-11-16 20:29:52,321 - Load Video Features Begin...
2022-11-16 20:29:52,744 - Load Video Features Finished...
2022-11-16 20:29:53,198 - Load Audio Features Begin...
2022-11-16 20:29:54,060 - Load Audio Features Finished...
2022-11-16 20:30:15,053 - Multimodal intent recognition begins...
2022-11-16 20:30:15,053 - Training begins...
