2022-11-16 20:27:18,408 - ============================== Params ==============================
2022-11-16 20:27:18,409 - logger_name: text_MIntRec_multi-class_2022-11-16-20-27-18
2022-11-16 20:27:18,409 - dataset: MIntRec
2022-11-16 20:27:18,409 - data_mode: multi-class
2022-11-16 20:27:18,409 - method: text
2022-11-16 20:27:18,409 - text_backbone: bert-base-uncased
2022-11-16 20:27:18,409 - seed: 0
2022-11-16 20:27:18,409 - num_workers: 0
2022-11-16 20:27:18,409 - gpu_id: 0
2022-11-16 20:27:18,409 - data_path: MIA-datasets
2022-11-16 20:27:18,409 - train: True
2022-11-16 20:27:18,409 - tune: False
2022-11-16 20:27:18,409 - save_model: True
2022-11-16 20:27:18,409 - save_results: True
2022-11-16 20:27:18,409 - log_path: logs
2022-11-16 20:27:18,409 - cache_path: cache
2022-11-16 20:27:18,409 - video_data_path: video_data
2022-11-16 20:27:18,409 - audio_data_path: audio_data
2022-11-16 20:27:18,409 - video_feats_path: video_feats.pkl
2022-11-16 20:27:18,409 - audio_feats_path: audio_feats.pkl
2022-11-16 20:27:18,409 - results_path: results
2022-11-16 20:27:18,409 - output_path: outputs
2022-11-16 20:27:18,409 - model_path: models
2022-11-16 20:27:18,409 - config_file_name: text_bert
2022-11-16 20:27:18,409 - results_file_name: text_bert.csv
2022-11-16 20:27:18,409 - padding_mode: zero
2022-11-16 20:27:18,409 - padding_loc: end
2022-11-16 20:27:18,409 - eval_monitor: f1
2022-11-16 20:27:18,409 - train_batch_size: 8
2022-11-16 20:27:18,409 - eval_batch_size: 8
2022-11-16 20:27:18,409 - test_batch_size: 8
2022-11-16 20:27:18,409 - wait_patience: 8
2022-11-16 20:27:18,409 - num_train_epochs: 100
2022-11-16 20:27:18,409 - warmup_proportion: 0.1
2022-11-16 20:27:18,410 - lr: 2e-05
2022-11-16 20:27:18,410 - weight_decay: 0.1
2022-11-16 20:27:18,410 - common_hyper_param: {'common_param': {'padding_mode': 'zero', 'padding_loc': 'end', 'eval_monitor': 'f1', 'train_batch_size': 8, 'eval_batch_size': 8, 'test_batch_size': 8, 'wait_patience': 8}, 'hyper_param': {'num_train_epochs': 100, 'warmup_proportion': 0.1, 'lr': 2e-05, 'weight_decay': 0.1}}
2022-11-16 20:27:18,410 - pred_output_path: outputs\text_MIntRec_multi-class_2022-11-16-20-27-18
2022-11-16 20:27:18,410 - model_output_path: outputs\text_MIntRec_multi-class_2022-11-16-20-27-18\models
2022-11-16 20:27:18,410 - ============================== End Params ==============================
2022-11-16 20:27:18,413 - Generate Text Features Begin...
2022-11-16 20:28:01,109 - Generate Text Features Finished...
2022-11-16 20:28:01,110 - Load Video Features Begin...
2022-11-16 20:28:02,124 - Load Video Features Finished...
2022-11-16 20:28:02,704 - Load Audio Features Begin...
2022-11-16 20:28:03,847 - Load Audio Features Finished...
2022-11-16 20:28:28,620 - Multimodal intent recognition begins...
2022-11-16 20:28:28,624 - Training begins...
