2022-11-16 20:25:21,182 - ============================== Params ==============================
2022-11-16 20:25:21,182 - logger_name: text_MIntRec_multi-class_2022-11-16-20-25-21
2022-11-16 20:25:21,182 - dataset: MIntRec
2022-11-16 20:25:21,182 - data_mode: multi-class
2022-11-16 20:25:21,182 - method: text
2022-11-16 20:25:21,182 - text_backbone: bert-base-uncased
2022-11-16 20:25:21,182 - seed: 0
2022-11-16 20:25:21,182 - num_workers: 0
2022-11-16 20:25:21,182 - gpu_id: 0
2022-11-16 20:25:21,182 - data_path: MIA-datasets
2022-11-16 20:25:21,183 - train: True
2022-11-16 20:25:21,183 - tune: False
2022-11-16 20:25:21,183 - save_model: True
2022-11-16 20:25:21,183 - save_results: True
2022-11-16 20:25:21,183 - log_path: logs
2022-11-16 20:25:21,183 - cache_path: cache
2022-11-16 20:25:21,183 - video_data_path: video_data
2022-11-16 20:25:21,183 - audio_data_path: audio_data
2022-11-16 20:25:21,183 - video_feats_path: video_feats.pkl
2022-11-16 20:25:21,183 - audio_feats_path: audio_feats.pkl
2022-11-16 20:25:21,183 - results_path: results
2022-11-16 20:25:21,183 - output_path: outputs
2022-11-16 20:25:21,183 - model_path: models
2022-11-16 20:25:21,183 - config_file_name: text_bert
2022-11-16 20:25:21,183 - results_file_name: text_bert.csv
2022-11-16 20:25:21,183 - padding_mode: zero
2022-11-16 20:25:21,183 - padding_loc: end
2022-11-16 20:25:21,183 - eval_monitor: f1
2022-11-16 20:25:21,183 - train_batch_size: 16
2022-11-16 20:25:21,183 - eval_batch_size: 8
2022-11-16 20:25:21,183 - test_batch_size: 8
2022-11-16 20:25:21,183 - wait_patience: 8
2022-11-16 20:25:21,183 - num_train_epochs: 100
2022-11-16 20:25:21,183 - warmup_proportion: 0.1
2022-11-16 20:25:21,183 - lr: 2e-05
2022-11-16 20:25:21,183 - weight_decay: 0.1
2022-11-16 20:25:21,183 - common_hyper_param: {'common_param': {'padding_mode': 'zero', 'padding_loc': 'end', 'eval_monitor': 'f1', 'train_batch_size': 16, 'eval_batch_size': 8, 'test_batch_size': 8, 'wait_patience': 8}, 'hyper_param': {'num_train_epochs': 100, 'warmup_proportion': 0.1, 'lr': 2e-05, 'weight_decay': 0.1}}
2022-11-16 20:25:21,183 - pred_output_path: outputs\text_MIntRec_multi-class_2022-11-16-20-25-21
2022-11-16 20:25:21,183 - model_output_path: outputs\text_MIntRec_multi-class_2022-11-16-20-25-21\models
2022-11-16 20:25:21,183 - ============================== End Params ==============================
2022-11-16 20:25:21,196 - Generate Text Features Begin...
